The system is: Linux - 5.4.0-1043-azure - x86_64
Compiling the C compiler identification source file "CMakeCCompilerId.c" succeeded.
Compiler: /opt/rh/devtoolset-8/root/usr/bin/cc 
Build flags: 
Id flags: 

The output was:
0


Compilation of the C compiler identification source "CMakeCCompilerId.c" produced "a.out"

The C compiler identification is GNU, found in "/tmp/pip-req-build-ryh6hra7/openjpeg/src/openjpeg/build/CMakeFiles/2.8.12.2/CompilerIdC/a.out"

Compiling the CXX compiler identification source file "CMakeCXXCompilerId.cpp" succeeded.
Compiler: /opt/rh/devtoolset-8/root/usr/bin/c++ 
Build flags: 
Id flags: 

The output was:
0


Compilation of the CXX compiler identification source "CMakeCXXCompilerId.cpp" produced "a.out"

The CXX compiler identification is GNU, found in "/tmp/pip-req-build-ryh6hra7/openjpeg/src/openjpeg/build/CMakeFiles/2.8.12.2/CompilerIdCXX/a.out"

Determining if the C compiler works passed with the following output:
Change Dir: /tmp/pip-req-build-ryh6hra7/openjpeg/src/openjpeg/build/CMakeFiles/CMakeTmp

Run Build Command:/usr/bin/gmake "cmTryCompileExec4082429089/fast"
/usr/bin/gmake -f CMakeFiles/cmTryCompileExec4082429089.dir/build.make CMakeFiles/cmTryCompileExec4082429089.dir/build
gmake[1]: Entering directory `/tmp/pip-req-build-ryh6hra7/openjpeg/src/openjpeg/build/CMakeFiles/CMakeTmp'
/usr/bin/cmake -E cmake_progress_report /tmp/pip-req-build-ryh6hra7/openjpeg/src/openjpeg/build/CMakeFiles/CMakeTmp/CMakeFiles 1
Building C object CMakeFiles/cmTryCompileExec4082429089.dir/testCCompiler.c.o
/opt/rh/devtoolset-8/root/usr/bin/cc    -o CMakeFiles/cmTryCompileExec4082429089.dir/testCCompiler.c.o   -c /tmp/pip-req-build-ryh6hra7/openjpeg/src/openjpeg/build/CMakeFiles/CMakeTmp/testCCompiler.c
Linking C executable cmTryCompileExec4082429089
/usr/bin/cmake -E cmake_link_script CMakeFiles/cmTryCompileExec4082429089.dir/link.txt --verbose=1
/opt/rh/devtoolset-8/root/usr/bin/cc       CMakeFiles/cmTryCompileExec4082429089.dir/testCCompiler.c.o  -o cmTryCompileExec4082429089 -rdynamic 
gmake[1]: Leaving directory `/tmp/pip-req-build-ryh6hra7/openjpeg/src/openjpeg/build/CMakeFiles/CMakeTmp'


Detecting C compiler ABI info compiled with the following output:
Change Dir: /tmp/pip-req-build-ryh6hra7/openjpeg/src/openjpeg/build/CMakeFiles/CMakeTmp

Run Build Command:/usr/bin/gmake "cmTryCompileExec3661796933/fast"
/usr/bin/gmake -f CMakeFiles/cmTryCompileExec3661796933.dir/build.make CMakeFiles/cmTryCompileExec3661796933.dir/build
gmake[1]: Entering directory `/tmp/pip-req-build-ryh6hra7/openjpeg/src/openjpeg/build/CMakeFiles/CMakeTmp'
/usr/bin/cmake -E cmake_progress_report /tmp/pip-req-build-ryh6hra7/openjpeg/src/openjpeg/build/CMakeFiles/CMakeTmp/CMakeFiles 1
Building C object CMakeFiles/cmTryCompileExec3661796933.dir/CMakeCCompilerABI.c.o
/opt/rh/devtoolset-8/root/usr/bin/cc    -o CMakeFiles/cmTryCompileExec3661796933.dir/CMakeCCompilerABI.c.o   -c /usr/share/cmake/Modules/CMakeCCompilerABI.c
Linking C executable cmTryCompileExec3661796933
/usr/bin/cmake -E cmake_link_script CMakeFiles/cmTryCompileExec3661796933.dir/link.txt --verbose=1
/opt/rh/devtoolset-8/root/usr/bin/cc     -v CMakeFiles/cmTryCompileExec3661796933.dir/CMakeCCompilerABI.c.o  -o cmTryCompileExec3661796933 -rdynamic  
Using built-in specs.
COLLECT_GCC=/opt/rh/devtoolset-8/root/usr/bin/cc
COLLECT_LTO_WRAPPER=/opt/rh/devtoolset-8/root/usr/libexec/gcc/x86_64-redhat-linux/8/lto-wrapper
Target: x86_64-redhat-linux
Configured with: ../configure --enable-bootstrap --enable-languages=c,c++,fortran,lto --prefix=/opt/rh/devtoolset-8/root/usr --mandir=/opt/rh/devtoolset-8/root/usr/share/man --infodir=/opt/rh/devtoolset-8/root/usr/share/info --with-bugurl=http://bugzilla.redhat.com/bugzilla --enable-shared --enable-threads=posix --enable-checking=release --enable-multilib --with-system-zlib --enable-__cxa_atexit --disable-libunwind-exceptions --enable-gnu-unique-object --enable-linker-build-id --with-gcc-major-version-only --with-linker-hash-style=gnu --with-default-libstdcxx-abi=gcc4-compatible --enable-plugin --enable-initfini-array --with-isl=/builddir/build/BUILD/gcc-8.3.1-20190311/obj-x86_64-redhat-linux/isl-install --disable-libmpx --with-mpc=/builddir/build/BUILD/gcc-8.3.1-20190311/obj-x86_64-redhat-linux/mpc-install --with-tune=generic --with-arch_32=i686 --build=x86_64-redhat-linux
Thread model: posix
gcc version 8.3.1 20190311 (Red Hat 8.3.1-3) (GCC) 
COMPILER_PATH=/opt/rh/devtoolset-8/root/usr/libexec/gcc/x86_64-redhat-linux/8/:/opt/rh/devtoolset-8/root/usr/libexec/gcc/x86_64-redhat-linux/8/:/opt/rh/devtoolset-8/root/usr/libexec/gcc/x86_64-redhat-linux/:/opt/rh/devtoolset-8/root/usr/lib/gcc/x86_64-redhat-linux/8/:/opt/rh/devtoolset-8/root/usr/lib/gcc/x86_64-redhat-linux/
LIBRARY_PATH=/opt/rh/devtoolset-8/root/usr/lib/gcc/x86_64-redhat-linux/8/:/opt/rh/devtoolset-8/root/usr/lib/gcc/x86_64-redhat-linux/8/../../../../lib64/:/lib/../lib64/:/usr/lib/../lib64/:/opt/rh/devtoolset-8/root/usr/lib/gcc/x86_64-redhat-linux/8/../../../:/lib/:/usr/lib/
COLLECT_GCC_OPTIONS='-v' '-o' 'cmTryCompileExec3661796933' '-rdynamic' '-mtune=generic' '-march=x86-64'
 /opt/rh/devtoolset-8/root/usr/libexec/gcc/x86_64-redhat-linux/8/collect2 -plugin /opt/rh/devtoolset-8/root/usr/libexec/gcc/x86_64-redhat-linux/8/liblto_plugin.so -plugin-opt=/opt/rh/devtoolset-8/root/usr/libexec/gcc/x86_64-redhat-linux/8/lto-wrapper -plugin-opt=-fresolution=/tmp/ccOjJx9I.res -plugin-opt=-pass-through=-lgcc -plugin-opt=-pass-through=-lgcc_s -plugin-opt=-pass-through=-lc -plugin-opt=-pass-through=-lgcc -plugin-opt=-pass-through=-lgcc_s --build-id --no-add-needed --eh-frame-hdr --hash-style=gnu -m elf_x86_64 -export-dynamic -dynamic-linker /lib64/ld-linux-x86-64.so.2 -o cmTryCompileExec3661796933 /usr/lib/../lib64/crt1.o /usr/lib/../lib64/crti.o /opt/rh/devtoolset-8/root/usr/lib/gcc/x86_64-redhat-linux/8/crtbegin.o -L/opt/rh/devtoolset-8/root/usr/lib/gcc/x86_64-redhat-linux/8 -L/opt/rh/devtoolset-8/root/usr/lib/gcc/x86_64-redhat-linux/8/../../../../lib64 -L/lib/../lib64 -L/usr/lib/../lib64 -L/opt/rh/devtoolset-8/root/usr/lib/gcc/x86_64-redhat-linux/8/../../.. CMakeFiles/cmTryCompileExec3661796933.dir/CMakeCCompilerABI.c.o -lgcc --as-needed -lgcc_s --no-as-needed -lc -lgcc --as-needed -lgcc_s --no-as-needed /opt/rh/devtoolset-8/root/usr/lib/gcc/x86_64-redhat-linux/8/crtend.o /usr/lib/../lib64/crtn.o
COLLECT_GCC_OPTIONS='-v' '-o' 'cmTryCompileExec3661796933' '-rdynamic' '-mtune=generic' '-march=x86-64'
gmake[1]: Leaving directory `/tmp/pip-req-build-ryh6hra7/openjpeg/src/openjpeg/build/CMakeFiles/CMakeTmp'


Parsed C implicit link information from above output:
  link line regex: [^( *|.*[/\])(ld|([^/\]+-)?ld|collect2)[^/\]*( |$)]
  ignore line: [Change Dir: /tmp/pip-req-build-ryh6hra7/openjpeg/src/openjpeg/build/CMakeFiles/CMakeTmp]
  ignore line: []
  ignore line: [Run Build Command:/usr/bin/gmake "cmTryCompileExec3661796933/fast"]
  ignore line: [/usr/bin/gmake -f CMakeFiles/cmTryCompileExec3661796933.dir/build.make CMakeFiles/cmTryCompileExec3661796933.dir/build]
  ignore line: [gmake[1]: Entering directory `/tmp/pip-req-build-ryh6hra7/openjpeg/src/openjpeg/build/CMakeFiles/CMakeTmp']
  ignore line: [/usr/bin/cmake -E cmake_progress_report /tmp/pip-req-build-ryh6hra7/openjpeg/src/openjpeg/build/CMakeFiles/CMakeTmp/CMakeFiles 1]
  ignore line: [Building C object CMakeFiles/cmTryCompileExec3661796933.dir/CMakeCCompilerABI.c.o]
  ignore line: [/opt/rh/devtoolset-8/root/usr/bin/cc    -o CMakeFiles/cmTryCompileExec3661796933.dir/CMakeCCompilerABI.c.o   -c /usr/share/cmake/Modules/CMakeCCompilerABI.c]
  ignore line: [Linking C executable cmTryCompileExec3661796933]
  ignore line: [/usr/bin/cmake -E cmake_link_script CMakeFiles/cmTryCompileExec3661796933.dir/link.txt --verbose=1]
  ignore line: [/opt/rh/devtoolset-8/root/usr/bin/cc     -v CMakeFiles/cmTryCompileExec3661796933.dir/CMakeCCompilerABI.c.o  -o cmTryCompileExec3661796933 -rdynamic  ]
  ignore line: [Using built-in specs.]
  ignore line: [COLLECT_GCC=/opt/rh/devtoolset-8/root/usr/bin/cc]
  ignore line: [COLLECT_LTO_WRAPPER=/opt/rh/devtoolset-8/root/usr/libexec/gcc/x86_64-redhat-linux/8/lto-wrapper]
  ignore line: [Target: x86_64-redhat-linux]
  ignore line: [Configured with: ../configure --enable-bootstrap --enable-languages=c,c++,fortran,lto --prefix=/opt/rh/devtoolset-8/root/usr --mandir=/opt/rh/devtoolset-8/root/usr/share/man --infodir=/opt/rh/devtoolset-8/root/usr/share/info --with-bugurl=http://bugzilla.redhat.com/bugzilla --enable-shared --enable-threads=posix --enable-checking=release --enable-multilib --with-system-zlib --enable-__cxa_atexit --disable-libunwind-exceptions --enable-gnu-unique-object --enable-linker-build-id --with-gcc-major-version-only --with-linker-hash-style=gnu --with-default-libstdcxx-abi=gcc4-compatible --enable-plugin --enable-initfini-array --with-isl=/builddir/build/BUILD/gcc-8.3.1-20190311/obj-x86_64-redhat-linux/isl-install --disable-libmpx --with-mpc=/builddir/build/BUILD/gcc-8.3.1-20190311/obj-x86_64-redhat-linux/mpc-install --with-tune=generic --with-arch_32=i686 --build=x86_64-redhat-linux]
  ignore line: [Thread model: posix]
  ignore line: [gcc version 8.3.1 20190311 (Red Hat 8.3.1-3) (GCC) ]
  ignore line: [COMPILER_PATH=/opt/rh/devtoolset-8/root/usr/libexec/gcc/x86_64-redhat-linux/8/:/opt/rh/devtoolset-8/root/usr/libexec/gcc/x86_64-redhat-linux/8/:/opt/rh/devtoolset-8/root/usr/libexec/gcc/x86_64-redhat-linux/:/opt/rh/devtoolset-8/root/usr/lib/gcc/x86_64-redhat-linux/8/:/opt/rh/devtoolset-8/root/usr/lib/gcc/x86_64-redhat-linux/]
  ignore line: [LIBRARY_PATH=/opt/rh/devtoolset-8/root/usr/lib/gcc/x86_64-redhat-linux/8/:/opt/rh/devtoolset-8/root/usr/lib/gcc/x86_64-redhat-linux/8/../../../../lib64/:/lib/../lib64/:/usr/lib/../lib64/:/opt/rh/devtoolset-8/root/usr/lib/gcc/x86_64-redhat-linux/8/../../../:/lib/:/usr/lib/]
  ignore line: [COLLECT_GCC_OPTIONS='-v' '-o' 'cmTryCompileExec3661796933' '-rdynamic' '-mtune=generic' '-march=x86-64']
  link line: [ /opt/rh/devtoolset-8/root/usr/libexec/gcc/x86_64-redhat-linux/8/collect2 -plugin /opt/rh/devtoolset-8/root/usr/libexec/gcc/x86_64-redhat-linux/8/liblto_plugin.so -plugin-opt=/opt/rh/devtoolset-8/root/usr/libexec/gcc/x86_64-redhat-linux/8/lto-wrapper -plugin-opt=-fresolution=/tmp/ccOjJx9I.res -plugin-opt=-pass-through=-lgcc -plugin-opt=-pass-through=-lgcc_s -plugin-opt=-pass-through=-lc -plugin-opt=-pass-through=-lgcc -plugin-opt=-pass-through=-lgcc_s --build-id --no-add-needed --eh-frame-hdr --hash-style=gnu -m elf_x86_64 -export-dynamic -dynamic-linker /lib64/ld-linux-x86-64.so.2 -o cmTryCompileExec3661796933 /usr/lib/../lib64/crt1.o /usr/lib/../lib64/crti.o /opt/rh/devtoolset-8/root/usr/lib/gcc/x86_64-redhat-linux/8/crtbegin.o -L/opt/rh/devtoolset-8/root/usr/lib/gcc/x86_64-redhat-linux/8 -L/opt/rh/devtoolset-8/root/usr/lib/gcc/x86_64-redhat-linux/8/../../../../lib64 -L/lib/../lib64 -L/usr/lib/../lib64 -L/opt/rh/devtoolset-8/root/usr/lib/gcc/x86_64-redhat-linux/8/../../.. CMakeFiles/cmTryCompileExec3661796933.dir/CMakeCCompilerABI.c.o -lgcc --as-needed -lgcc_s --no-as-needed -lc -lgcc --as-needed -lgcc_s --no-as-needed /opt/rh/devtoolset-8/root/usr/lib/gcc/x86_64-redhat-linux/8/crtend.o /usr/lib/../lib64/crtn.o]
    arg [/opt/rh/devtoolset-8/root/usr/libexec/gcc/x86_64-redhat-linux/8/collect2] ==> ignore
    arg [-plugin] ==> ignore
    arg [/opt/rh/devtoolset-8/root/usr/libexec/gcc/x86_64-redhat-linux/8/liblto_plugin.so] ==> ignore
    arg [-plugin-opt=/opt/rh/devtoolset-8/root/usr/libexec/gcc/x86_64-redhat-linux/8/lto-wrapper] ==> ignore
    arg [-plugin-opt=-fresolution=/tmp/ccOjJx9I.res] ==> ignore
    arg [-plugin-opt=-pass-through=-lgcc] ==> ignore
    arg [-plugin-opt=-pass-through=-lgcc_s] ==> ignore
    arg [-plugin-opt=-pass-through=-lc] ==> ignore
    arg [-plugin-opt=-pass-through=-lgcc] ==> ignore
    arg [-plugin-opt=-pass-through=-lgcc_s] ==> ignore
    arg [--build-id] ==> ignore
    arg [--no-add-needed] ==> ignore
    arg [--eh-frame-hdr] ==> ignore
    arg [--hash-style=gnu] ==> ignore
    arg [-m] ==> ignore
    arg [elf_x86_64] ==> ignore
    arg [-export-dynamic] ==> ignore
    arg [-dynamic-linker] ==> ignore
    arg [/lib64/ld-linux-x86-64.so.2] ==> ignore
    arg [-o] ==> ignore
    arg [cmTryCompileExec3661796933] ==> ignore
    arg [/usr/lib/../lib64/crt1.o] ==> ignore
    arg [/usr/lib/../lib64/crti.o] ==> ignore
    arg [/opt/rh/devtoolset-8/root/usr/lib/gcc/x86_64-redhat-linux/8/crtbegin.o] ==> ignore
    arg [-L/opt/rh/devtoolset-8/root/usr/lib/gcc/x86_64-redhat-linux/8] ==> dir [/opt/rh/devtoolset-8/root/usr/lib/gcc/x86_64-redhat-linux/8]
    arg [-L/opt/rh/devtoolset-8/root/usr/lib/gcc/x86_64-redhat-linux/8/../../../../lib64] ==> dir [/opt/rh/devtoolset-8/root/usr/lib/gcc/x86_64-redhat-linux/8/../../../../lib64]
    arg [-L/lib/../lib64] ==> dir [/lib/../lib64]
    arg [-L/usr/lib/../lib64] ==> dir [/usr/lib/../lib64]
    arg [-L/opt/rh/devtoolset-8/root/usr/lib/gcc/x86_64-redhat-linux/8/../../..] ==> dir [/opt/rh/devtoolset-8/root/usr/lib/gcc/x86_64-redhat-linux/8/../../..]
    arg [CMakeFiles/cmTryCompileExec3661796933.dir/CMakeCCompilerABI.c.o] ==> ignore
    arg [-lgcc] ==> lib [gcc]
    arg [--as-needed] ==> ignore
    arg [-lgcc_s] ==> lib [gcc_s]
    arg [--no-as-needed] ==> ignore
    arg [-lc] ==> lib [c]
    arg [-lgcc] ==> lib [gcc]
    arg [--as-needed] ==> ignore
    arg [-lgcc_s] ==> lib [gcc_s]
    arg [--no-as-needed] ==> ignore
    arg [/opt/rh/devtoolset-8/root/usr/lib/gcc/x86_64-redhat-linux/8/crtend.o] ==> ignore
    arg [/usr/lib/../lib64/crtn.o] ==> ignore
  remove lib [gcc]
  remove lib [gcc_s]
  remove lib [gcc]
  remove lib [gcc_s]
  collapse library dir [/opt/rh/devtoolset-8/root/usr/lib/gcc/x86_64-redhat-linux/8] ==> [/opt/rh/devtoolset-8/root/usr/lib/gcc/x86_64-redhat-linux/8]
  collapse library dir [/opt/rh/devtoolset-8/root/usr/lib/gcc/x86_64-redhat-linux/8/../../../../lib64] ==> [/opt/rh/devtoolset-8/root/usr/lib64]
  collapse library dir [/lib/../lib64] ==> [/lib64]
  collapse library dir [/usr/lib/../lib64] ==> [/usr/lib64]
  collapse library dir [/opt/rh/devtoolset-8/root/usr/lib/gcc/x86_64-redhat-linux/8/../../..] ==> [/opt/rh/devtoolset-8/root/usr/lib]
  implicit libs: [c]
  implicit dirs: [/opt/rh/devtoolset-8/root/usr/lib/gcc/x86_64-redhat-linux/8;/opt/rh/devtoolset-8/root/usr/lib64;/lib64;/usr/lib64;/opt/rh/devtoolset-8/root/usr/lib]
  implicit fwks: []


Determining if the CXX compiler works passed with the following output:
Change Dir: /tmp/pip-req-build-ryh6hra7/openjpeg/src/openjpeg/build/CMakeFiles/CMakeTmp

Run Build Command:/usr/bin/gmake "cmTryCompileExec4271377515/fast"
/usr/bin/gmake -f CMakeFiles/cmTryCompileExec4271377515.dir/build.make CMakeFiles/cmTryCompileExec4271377515.dir/build
gmake[1]: Entering directory `/tmp/pip-req-build-ryh6hra7/openjpeg/src/openjpeg/build/CMakeFiles/CMakeTmp'
/usr/bin/cmake -E cmake_progress_report /tmp/pip-req-build-ryh6hra7/openjpeg/src/openjpeg/build/CMakeFiles/CMakeTmp/CMakeFiles 1
Building CXX object CMakeFiles/cmTryCompileExec4271377515.dir/testCXXCompiler.cxx.o
/opt/rh/devtoolset-8/root/usr/bin/c++     -o CMakeFiles/cmTryCompileExec4271377515.dir/testCXXCompiler.cxx.o -c /tmp/pip-req-build-ryh6hra7/openjpeg/src/openjpeg/build/CMakeFiles/CMakeTmp/testCXXCompiler.cxx
Linking CXX executable cmTryCompileExec4271377515
/usr/bin/cmake -E cmake_link_script CMakeFiles/cmTryCompileExec4271377515.dir/link.txt --verbose=1
/opt/rh/devtoolset-8/root/usr/bin/c++        CMakeFiles/cmTryCompileExec4271377515.dir/testCXXCompiler.cxx.o  -o cmTryCompileExec4271377515 -rdynamic 
gmake[1]: Leaving directory `/tmp/pip-req-build-ryh6hra7/openjpeg/src/openjpeg/build/CMakeFiles/CMakeTmp'


Detecting CXX compiler ABI info compiled with the following output:
Change Dir: /tmp/pip-req-build-ryh6hra7/openjpeg/src/openjpeg/build/CMakeFiles/CMakeTmp

Run Build Command:/usr/bin/gmake "cmTryCompileExec1750246240/fast"
/usr/bin/gmake -f CMakeFiles/cmTryCompileExec1750246240.dir/build.make CMakeFiles/cmTryCompileExec1750246240.dir/build
gmake[1]: Entering directory `/tmp/pip-req-build-ryh6hra7/openjpeg/src/openjpeg/build/CMakeFiles/CMakeTmp'
/usr/bin/cmake -E cmake_progress_report /tmp/pip-req-build-ryh6hra7/openjpeg/src/openjpeg/build/CMakeFiles/CMakeTmp/CMakeFiles 1
Building CXX object CMakeFiles/cmTryCompileExec1750246240.dir/CMakeCXXCompilerABI.cpp.o
/opt/rh/devtoolset-8/root/usr/bin/c++     -o CMakeFiles/cmTryCompileExec1750246240.dir/CMakeCXXCompilerABI.cpp.o -c /usr/share/cmake/Modules/CMakeCXXCompilerABI.cpp
Linking CXX executable cmTryCompileExec1750246240
/usr/bin/cmake -E cmake_link_script CMakeFiles/cmTryCompileExec1750246240.dir/link.txt --verbose=1
/opt/rh/devtoolset-8/root/usr/bin/c++      -v CMakeFiles/cmTryCompileExec1750246240.dir/CMakeCXXCompilerABI.cpp.o  -o cmTryCompileExec1750246240 -rdynamic  
Using built-in specs.
COLLECT_GCC=/opt/rh/devtoolset-8/root/usr/bin/c++
COLLECT_LTO_WRAPPER=/opt/rh/devtoolset-8/root/usr/libexec/gcc/x86_64-redhat-linux/8/lto-wrapper
Target: x86_64-redhat-linux
Configured with: ../configure --enable-bootstrap --enable-languages=c,c++,fortran,lto --prefix=/opt/rh/devtoolset-8/root/usr --mandir=/opt/rh/devtoolset-8/root/usr/share/man --infodir=/opt/rh/devtoolset-8/root/usr/share/info --with-bugurl=http://bugzilla.redhat.com/bugzilla --enable-shared --enable-threads=posix --enable-checking=release --enable-multilib --with-system-zlib --enable-__cxa_atexit --disable-libunwind-exceptions --enable-gnu-unique-object --enable-linker-build-id --with-gcc-major-version-only --with-linker-hash-style=gnu --with-default-libstdcxx-abi=gcc4-compatible --enable-plugin --enable-initfini-array --with-isl=/builddir/build/BUILD/gcc-8.3.1-20190311/obj-x86_64-redhat-linux/isl-install --disable-libmpx --with-mpc=/builddir/build/BUILD/gcc-8.3.1-20190311/obj-x86_64-redhat-linux/mpc-install --with-tune=generic --with-arch_32=i686 --build=x86_64-redhat-linux
Thread model: posix
gcc version 8.3.1 20190311 (Red Hat 8.3.1-3) (GCC) 
COMPILER_PATH=/opt/rh/devtoolset-8/root/usr/libexec/gcc/x86_64-redhat-linux/8/:/opt/rh/devtoolset-8/root/usr/libexec/gcc/x86_64-redhat-linux/8/:/opt/rh/devtoolset-8/root/usr/libexec/gcc/x86_64-redhat-linux/:/opt/rh/devtoolset-8/root/usr/lib/gcc/x86_64-redhat-linux/8/:/opt/rh/devtoolset-8/root/usr/lib/gcc/x86_64-redhat-linux/
LIBRARY_PATH=/opt/rh/devtoolset-8/root/usr/lib/gcc/x86_64-redhat-linux/8/:/opt/rh/devtoolset-8/root/usr/lib/gcc/x86_64-redhat-linux/8/../../../../lib64/:/lib/../lib64/:/usr/lib/../lib64/:/opt/rh/devtoolset-8/root/usr/lib/gcc/x86_64-redhat-linux/8/../../../:/lib/:/usr/lib/
COLLECT_GCC_OPTIONS='-v' '-o' 'cmTryCompileExec1750246240' '-rdynamic' '-shared-libgcc' '-mtune=generic' '-march=x86-64'
 /opt/rh/devtoolset-8/root/usr/libexec/gcc/x86_64-redhat-linux/8/collect2 -plugin /opt/rh/devtoolset-8/root/usr/libexec/gcc/x86_64-redhat-linux/8/liblto_plugin.so -plugin-opt=/opt/rh/devtoolset-8/root/usr/libexec/gcc/x86_64-redhat-linux/8/lto-wrapper -plugin-opt=-fresolution=/tmp/ccDCU7IN.res -plugin-opt=-pass-through=-lgcc_s -plugin-opt=-pass-through=-lgcc -plugin-opt=-pass-through=-lc -plugin-opt=-pass-through=-lgcc_s -plugin-opt=-pass-through=-lgcc --build-id --no-add-needed --eh-frame-hdr --hash-style=gnu -m elf_x86_64 -export-dynamic -dynamic-linker /lib64/ld-linux-x86-64.so.2 -o cmTryCompileExec1750246240 /usr/lib/../lib64/crt1.o /usr/lib/../lib64/crti.o /opt/rh/devtoolset-8/root/usr/lib/gcc/x86_64-redhat-linux/8/crtbegin.o -L/opt/rh/devtoolset-8/root/usr/lib/gcc/x86_64-redhat-linux/8 -L/opt/rh/devtoolset-8/root/usr/lib/gcc/x86_64-redhat-linux/8/../../../../lib64 -L/lib/../lib64 -L/usr/lib/../lib64 -L/opt/rh/devtoolset-8/root/usr/lib/gcc/x86_64-redhat-linux/8/../../.. CMakeFiles/cmTryCompileExec1750246240.dir/CMakeCXXCompilerABI.cpp.o -lstdc++ -lm -lgcc_s -lgcc -lc -lgcc_s -lgcc /opt/rh/devtoolset-8/root/usr/lib/gcc/x86_64-redhat-linux/8/crtend.o /usr/lib/../lib64/crtn.o
COLLECT_GCC_OPTIONS='-v' '-o' 'cmTryCompileExec1750246240' '-rdynamic' '-shared-libgcc' '-mtune=generic' '-march=x86-64'
gmake[1]: Leaving directory `/tmp/pip-req-build-ryh6hra7/openjpeg/src/openjpeg/build/CMakeFiles/CMakeTmp'


Parsed CXX implicit link information from above output:
  link line regex: [^( *|.*[/\])(ld|([^/\]+-)?ld|collect2)[^/\]*( |$)]
  ignore line: [Change Dir: /tmp/pip-req-build-ryh6hra7/openjpeg/src/openjpeg/build/CMakeFiles/CMakeTmp]
  ignore line: []
  ignore line: [Run Build Command:/usr/bin/gmake "cmTryCompileExec1750246240/fast"]
  ignore line: [/usr/bin/gmake -f CMakeFiles/cmTryCompileExec1750246240.dir/build.make CMakeFiles/cmTryCompileExec1750246240.dir/build]
  ignore line: [gmake[1]: Entering directory `/tmp/pip-req-build-ryh6hra7/openjpeg/src/openjpeg/build/CMakeFiles/CMakeTmp']
  ignore line: [/usr/bin/cmake -E cmake_progress_report /tmp/pip-req-build-ryh6hra7/openjpeg/src/openjpeg/build/CMakeFiles/CMakeTmp/CMakeFiles 1]
  ignore line: [Building CXX object CMakeFiles/cmTryCompileExec1750246240.dir/CMakeCXXCompilerABI.cpp.o]
  ignore line: [/opt/rh/devtoolset-8/root/usr/bin/c++     -o CMakeFiles/cmTryCompileExec1750246240.dir/CMakeCXXCompilerABI.cpp.o -c /usr/share/cmake/Modules/CMakeCXXCompilerABI.cpp]
  ignore line: [Linking CXX executable cmTryCompileExec1750246240]
  ignore line: [/usr/bin/cmake -E cmake_link_script CMakeFiles/cmTryCompileExec1750246240.dir/link.txt --verbose=1]
  ignore line: [/opt/rh/devtoolset-8/root/usr/bin/c++      -v CMakeFiles/cmTryCompileExec1750246240.dir/CMakeCXXCompilerABI.cpp.o  -o cmTryCompileExec1750246240 -rdynamic  ]
  ignore line: [Using built-in specs.]
  ignore line: [COLLECT_GCC=/opt/rh/devtoolset-8/root/usr/bin/c++]
  ignore line: [COLLECT_LTO_WRAPPER=/opt/rh/devtoolset-8/root/usr/libexec/gcc/x86_64-redhat-linux/8/lto-wrapper]
  ignore line: [Target: x86_64-redhat-linux]
  ignore line: [Configured with: ../configure --enable-bootstrap --enable-languages=c,c++,fortran,lto --prefix=/opt/rh/devtoolset-8/root/usr --mandir=/opt/rh/devtoolset-8/root/usr/share/man --infodir=/opt/rh/devtoolset-8/root/usr/share/info --with-bugurl=http://bugzilla.redhat.com/bugzilla --enable-shared --enable-threads=posix --enable-checking=release --enable-multilib --with-system-zlib --enable-__cxa_atexit --disable-libunwind-exceptions --enable-gnu-unique-object --enable-linker-build-id --with-gcc-major-version-only --with-linker-hash-style=gnu --with-default-libstdcxx-abi=gcc4-compatible --enable-plugin --enable-initfini-array --with-isl=/builddir/build/BUILD/gcc-8.3.1-20190311/obj-x86_64-redhat-linux/isl-install --disable-libmpx --with-mpc=/builddir/build/BUILD/gcc-8.3.1-20190311/obj-x86_64-redhat-linux/mpc-install --with-tune=generic --with-arch_32=i686 --build=x86_64-redhat-linux]
  ignore line: [Thread model: posix]
  ignore line: [gcc version 8.3.1 20190311 (Red Hat 8.3.1-3) (GCC) ]
  ignore line: [COMPILER_PATH=/opt/rh/devtoolset-8/root/usr/libexec/gcc/x86_64-redhat-linux/8/:/opt/rh/devtoolset-8/root/usr/libexec/gcc/x86_64-redhat-linux/8/:/opt/rh/devtoolset-8/root/usr/libexec/gcc/x86_64-redhat-linux/:/opt/rh/devtoolset-8/root/usr/lib/gcc/x86_64-redhat-linux/8/:/opt/rh/devtoolset-8/root/usr/lib/gcc/x86_64-redhat-linux/]
  ignore line: [LIBRARY_PATH=/opt/rh/devtoolset-8/root/usr/lib/gcc/x86_64-redhat-linux/8/:/opt/rh/devtoolset-8/root/usr/lib/gcc/x86_64-redhat-linux/8/../../../../lib64/:/lib/../lib64/:/usr/lib/../lib64/:/opt/rh/devtoolset-8/root/usr/lib/gcc/x86_64-redhat-linux/8/../../../:/lib/:/usr/lib/]
  ignore line: [COLLECT_GCC_OPTIONS='-v' '-o' 'cmTryCompileExec1750246240' '-rdynamic' '-shared-libgcc' '-mtune=generic' '-march=x86-64']
  link line: [ /opt/rh/devtoolset-8/root/usr/libexec/gcc/x86_64-redhat-linux/8/collect2 -plugin /opt/rh/devtoolset-8/root/usr/libexec/gcc/x86_64-redhat-linux/8/liblto_plugin.so -plugin-opt=/opt/rh/devtoolset-8/root/usr/libexec/gcc/x86_64-redhat-linux/8/lto-wrapper -plugin-opt=-fresolution=/tmp/ccDCU7IN.res -plugin-opt=-pass-through=-lgcc_s -plugin-opt=-pass-through=-lgcc -plugin-opt=-pass-through=-lc -plugin-opt=-pass-through=-lgcc_s -plugin-opt=-pass-through=-lgcc --build-id --no-add-needed --eh-frame-hdr --hash-style=gnu -m elf_x86_64 -export-dynamic -dynamic-linker /lib64/ld-linux-x86-64.so.2 -o cmTryCompileExec1750246240 /usr/lib/../lib64/crt1.o /usr/lib/../lib64/crti.o /opt/rh/devtoolset-8/root/usr/lib/gcc/x86_64-redhat-linux/8/crtbegin.o -L/opt/rh/devtoolset-8/root/usr/lib/gcc/x86_64-redhat-linux/8 -L/opt/rh/devtoolset-8/root/usr/lib/gcc/x86_64-redhat-linux/8/../../../../lib64 -L/lib/../lib64 -L/usr/lib/../lib64 -L/opt/rh/devtoolset-8/root/usr/lib/gcc/x86_64-redhat-linux/8/../../.. CMakeFiles/cmTryCompileExec1750246240.dir/CMakeCXXCompilerABI.cpp.o -lstdc++ -lm -lgcc_s -lgcc -lc -lgcc_s -lgcc /opt/rh/devtoolset-8/root/usr/lib/gcc/x86_64-redhat-linux/8/crtend.o /usr/lib/../lib64/crtn.o]
    arg [/opt/rh/devtoolset-8/root/usr/libexec/gcc/x86_64-redhat-linux/8/collect2] ==> ignore
    arg [-plugin] ==> ignore
    arg [/opt/rh/devtoolset-8/root/usr/libexec/gcc/x86_64-redhat-linux/8/liblto_plugin.so] ==> ignore
    arg [-plugin-opt=/opt/rh/devtoolset-8/root/usr/libexec/gcc/x86_64-redhat-linux/8/lto-wrapper] ==> ignore
    arg [-plugin-opt=-fresolution=/tmp/ccDCU7IN.res] ==> ignore
    arg [-plugin-opt=-pass-through=-lgcc_s] ==> ignore
    arg [-plugin-opt=-pass-through=-lgcc] ==> ignore
    arg [-plugin-opt=-pass-through=-lc] ==> ignore
    arg [-plugin-opt=-pass-through=-lgcc_s] ==> ignore
    arg [-plugin-opt=-pass-through=-lgcc] ==> ignore
    arg [--build-id] ==> ignore
    arg [--no-add-needed] ==> ignore
    arg [--eh-frame-hdr] ==> ignore
    arg [--hash-style=gnu] ==> ignore
    arg [-m] ==> ignore
    arg [elf_x86_64] ==> ignore
    arg [-export-dynamic] ==> ignore
    arg [-dynamic-linker] ==> ignore
    arg [/lib64/ld-linux-x86-64.so.2] ==> ignore
    arg [-o] ==> ignore
    arg [cmTryCompileExec1750246240] ==> ignore
    arg [/usr/lib/../lib64/crt1.o] ==> ignore
    arg [/usr/lib/../lib64/crti.o] ==> ignore
    arg [/opt/rh/devtoolset-8/root/usr/lib/gcc/x86_64-redhat-linux/8/crtbegin.o] ==> ignore
    arg [-L/opt/rh/devtoolset-8/root/usr/lib/gcc/x86_64-redhat-linux/8] ==> dir [/opt/rh/devtoolset-8/root/usr/lib/gcc/x86_64-redhat-linux/8]
    arg [-L/opt/rh/devtoolset-8/root/usr/lib/gcc/x86_64-redhat-linux/8/../../../../lib64] ==> dir [/opt/rh/devtoolset-8/root/usr/lib/gcc/x86_64-redhat-linux/8/../../../../lib64]
    arg [-L/lib/../lib64] ==> dir [/lib/../lib64]
    arg [-L/usr/lib/../lib64] ==> dir [/usr/lib/../lib64]
    arg [-L/opt/rh/devtoolset-8/root/usr/lib/gcc/x86_64-redhat-linux/8/../../..] ==> dir [/opt/rh/devtoolset-8/root/usr/lib/gcc/x86_64-redhat-linux/8/../../..]
    arg [CMakeFiles/cmTryCompileExec1750246240.dir/CMakeCXXCompilerABI.cpp.o] ==> ignore
    arg [-lstdc++] ==> lib [stdc++]
    arg [-lm] ==> lib [m]
    arg [-lgcc_s] ==> lib [gcc_s]
    arg [-lgcc] ==> lib [gcc]
    arg [-lc] ==> lib [c]
    arg [-lgcc_s] ==> lib [gcc_s]
    arg [-lgcc] ==> lib [gcc]
    arg [/opt/rh/devtoolset-8/root/usr/lib/gcc/x86_64-redhat-linux/8/crtend.o] ==> ignore
    arg [/usr/lib/../lib64/crtn.o] ==> ignore
  remove lib [gcc_s]
  remove lib [gcc]
  remove lib [gcc_s]
  remove lib [gcc]
  collapse library dir [/opt/rh/devtoolset-8/root/usr/lib/gcc/x86_64-redhat-linux/8] ==> [/opt/rh/devtoolset-8/root/usr/lib/gcc/x86_64-redhat-linux/8]
  collapse library dir [/opt/rh/devtoolset-8/root/usr/lib/gcc/x86_64-redhat-linux/8/../../../../lib64] ==> [/opt/rh/devtoolset-8/root/usr/lib64]
  collapse library dir [/lib/../lib64] ==> [/lib64]
  collapse library dir [/usr/lib/../lib64] ==> [/usr/lib64]
  collapse library dir [/opt/rh/devtoolset-8/root/usr/lib/gcc/x86_64-redhat-linux/8/../../..] ==> [/opt/rh/devtoolset-8/root/usr/lib]
  implicit libs: [stdc++;m;c]
  implicit dirs: [/opt/rh/devtoolset-8/root/usr/lib/gcc/x86_64-redhat-linux/8;/opt/rh/devtoolset-8/root/usr/lib64;/lib64;/usr/lib64;/opt/rh/devtoolset-8/root/usr/lib]
  implicit fwks: []


Determining if the include file sys/types.h exists passed with the following output:
Change Dir: /tmp/pip-req-build-ryh6hra7/openjpeg/src/openjpeg/build/CMakeFiles/CMakeTmp

Run Build Command:/usr/bin/gmake "cmTryCompileExec2829357534/fast"
/usr/bin/gmake -f CMakeFiles/cmTryCompileExec2829357534.dir/build.make CMakeFiles/cmTryCompileExec2829357534.dir/build
gmake[1]: Entering directory `/tmp/pip-req-build-ryh6hra7/openjpeg/src/openjpeg/build/CMakeFiles/CMakeTmp'
/usr/bin/cmake -E cmake_progress_report /tmp/pip-req-build-ryh6hra7/openjpeg/src/openjpeg/build/CMakeFiles/CMakeTmp/CMakeFiles 1
Building C object CMakeFiles/cmTryCompileExec2829357534.dir/CheckIncludeFile.c.o
/opt/rh/devtoolset-8/root/usr/bin/cc    -o CMakeFiles/cmTryCompileExec2829357534.dir/CheckIncludeFile.c.o   -c /tmp/pip-req-build-ryh6hra7/openjpeg/src/openjpeg/build/CMakeFiles/CMakeTmp/CheckIncludeFile.c
Linking C executable cmTryCompileExec2829357534
/usr/bin/cmake -E cmake_link_script CMakeFiles/cmTryCompileExec2829357534.dir/link.txt --verbose=1
/opt/rh/devtoolset-8/root/usr/bin/cc       CMakeFiles/cmTryCompileExec2829357534.dir/CheckIncludeFile.c.o  -o cmTryCompileExec2829357534 -rdynamic 
gmake[1]: Leaving directory `/tmp/pip-req-build-ryh6hra7/openjpeg/src/openjpeg/build/CMakeFiles/CMakeTmp'


Determining if the include file stdint.h exists passed with the following output:
Change Dir: /tmp/pip-req-build-ryh6hra7/openjpeg/src/openjpeg/build/CMakeFiles/CMakeTmp

Run Build Command:/usr/bin/gmake "cmTryCompileExec1756346203/fast"
/usr/bin/gmake -f CMakeFiles/cmTryCompileExec1756346203.dir/build.make CMakeFiles/cmTryCompileExec1756346203.dir/build
gmake[1]: Entering directory `/tmp/pip-req-build-ryh6hra7/openjpeg/src/openjpeg/build/CMakeFiles/CMakeTmp'
/usr/bin/cmake -E cmake_progress_report /tmp/pip-req-build-ryh6hra7/openjpeg/src/openjpeg/build/CMakeFiles/CMakeTmp/CMakeFiles 1
Building C object CMakeFiles/cmTryCompileExec1756346203.dir/CheckIncludeFile.c.o
/opt/rh/devtoolset-8/root/usr/bin/cc    -o CMakeFiles/cmTryCompileExec1756346203.dir/CheckIncludeFile.c.o   -c /tmp/pip-req-build-ryh6hra7/openjpeg/src/openjpeg/build/CMakeFiles/CMakeTmp/CheckIncludeFile.c
Linking C executable cmTryCompileExec1756346203
/usr/bin/cmake -E cmake_link_script CMakeFiles/cmTryCompileExec1756346203.dir/link.txt --verbose=1
/opt/rh/devtoolset-8/root/usr/bin/cc       CMakeFiles/cmTryCompileExec1756346203.dir/CheckIncludeFile.c.o  -o cmTryCompileExec1756346203 -rdynamic 
gmake[1]: Leaving directory `/tmp/pip-req-build-ryh6hra7/openjpeg/src/openjpeg/build/CMakeFiles/CMakeTmp'


Determining if the include file stddef.h exists passed with the following output:
Change Dir: /tmp/pip-req-build-ryh6hra7/openjpeg/src/openjpeg/build/CMakeFiles/CMakeTmp

Run Build Command:/usr/bin/gmake "cmTryCompileExec2907213493/fast"
/usr/bin/gmake -f CMakeFiles/cmTryCompileExec2907213493.dir/build.make CMakeFiles/cmTryCompileExec2907213493.dir/build
gmake[1]: Entering directory `/tmp/pip-req-build-ryh6hra7/openjpeg/src/openjpeg/build/CMakeFiles/CMakeTmp'
/usr/bin/cmake -E cmake_progress_report /tmp/pip-req-build-ryh6hra7/openjpeg/src/openjpeg/build/CMakeFiles/CMakeTmp/CMakeFiles 1
Building C object CMakeFiles/cmTryCompileExec2907213493.dir/CheckIncludeFile.c.o
/opt/rh/devtoolset-8/root/usr/bin/cc    -o CMakeFiles/cmTryCompileExec2907213493.dir/CheckIncludeFile.c.o   -c /tmp/pip-req-build-ryh6hra7/openjpeg/src/openjpeg/build/CMakeFiles/CMakeTmp/CheckIncludeFile.c
Linking C executable cmTryCompileExec2907213493
/usr/bin/cmake -E cmake_link_script CMakeFiles/cmTryCompileExec2907213493.dir/link.txt --verbose=1
/opt/rh/devtoolset-8/root/usr/bin/cc       CMakeFiles/cmTryCompileExec2907213493.dir/CheckIncludeFile.c.o  -o cmTryCompileExec2907213493 -rdynamic 
gmake[1]: Leaving directory `/tmp/pip-req-build-ryh6hra7/openjpeg/src/openjpeg/build/CMakeFiles/CMakeTmp'


Determining size of unsigned short passed with the following output:
Change Dir: /tmp/pip-req-build-ryh6hra7/openjpeg/src/openjpeg/build/CMakeFiles/CMakeTmp

Run Build Command:/usr/bin/gmake "cmTryCompileExec3055554780/fast"
/usr/bin/gmake -f CMakeFiles/cmTryCompileExec3055554780.dir/build.make CMakeFiles/cmTryCompileExec3055554780.dir/build
gmake[1]: Entering directory `/tmp/pip-req-build-ryh6hra7/openjpeg/src/openjpeg/build/CMakeFiles/CMakeTmp'
/usr/bin/cmake -E cmake_progress_report /tmp/pip-req-build-ryh6hra7/openjpeg/src/openjpeg/build/CMakeFiles/CMakeTmp/CMakeFiles 1
Building C object CMakeFiles/cmTryCompileExec3055554780.dir/CMAKE_SIZEOF_UNSIGNED_SHORT.c.o
/opt/rh/devtoolset-8/root/usr/bin/cc    -o CMakeFiles/cmTryCompileExec3055554780.dir/CMAKE_SIZEOF_UNSIGNED_SHORT.c.o   -c /tmp/pip-req-build-ryh6hra7/openjpeg/src/openjpeg/build/CMakeFiles/CheckTypeSize/CMAKE_SIZEOF_UNSIGNED_SHORT.c
Linking C executable cmTryCompileExec3055554780
/usr/bin/cmake -E cmake_link_script CMakeFiles/cmTryCompileExec3055554780.dir/link.txt --verbose=1
/opt/rh/devtoolset-8/root/usr/bin/cc       CMakeFiles/cmTryCompileExec3055554780.dir/CMAKE_SIZEOF_UNSIGNED_SHORT.c.o  -o cmTryCompileExec3055554780 -rdynamic 
gmake[1]: Leaving directory `/tmp/pip-req-build-ryh6hra7/openjpeg/src/openjpeg/build/CMakeFiles/CMakeTmp'


Determining if the include file string.h exists passed with the following output:
Change Dir: /tmp/pip-req-build-ryh6hra7/openjpeg/src/openjpeg/build/CMakeFiles/CMakeTmp

Run Build Command:/usr/bin/gmake "cmTryCompileExec1098238976/fast"
/usr/bin/gmake -f CMakeFiles/cmTryCompileExec1098238976.dir/build.make CMakeFiles/cmTryCompileExec1098238976.dir/build
gmake[1]: Entering directory `/tmp/pip-req-build-ryh6hra7/openjpeg/src/openjpeg/build/CMakeFiles/CMakeTmp'
/usr/bin/cmake -E cmake_progress_report /tmp/pip-req-build-ryh6hra7/openjpeg/src/openjpeg/build/CMakeFiles/CMakeTmp/CMakeFiles 1
Building C object CMakeFiles/cmTryCompileExec1098238976.dir/CheckIncludeFile.c.o
/opt/rh/devtoolset-8/root/usr/bin/cc    -o CMakeFiles/cmTryCompileExec1098238976.dir/CheckIncludeFile.c.o   -c /tmp/pip-req-build-ryh6hra7/openjpeg/src/openjpeg/build/CMakeFiles/CMakeTmp/CheckIncludeFile.c
Linking C executable cmTryCompileExec1098238976
/usr/bin/cmake -E cmake_link_script CMakeFiles/cmTryCompileExec1098238976.dir/link.txt --verbose=1
/opt/rh/devtoolset-8/root/usr/bin/cc       CMakeFiles/cmTryCompileExec1098238976.dir/CheckIncludeFile.c.o  -o cmTryCompileExec1098238976 -rdynamic 
gmake[1]: Leaving directory `/tmp/pip-req-build-ryh6hra7/openjpeg/src/openjpeg/build/CMakeFiles/CMakeTmp'


Determining if the include file memory.h exists passed with the following output:
Change Dir: /tmp/pip-req-build-ryh6hra7/openjpeg/src/openjpeg/build/CMakeFiles/CMakeTmp

Run Build Command:/usr/bin/gmake "cmTryCompileExec3186342770/fast"
/usr/bin/gmake -f CMakeFiles/cmTryCompileExec3186342770.dir/build.make CMakeFiles/cmTryCompileExec3186342770.dir/build
gmake[1]: Entering directory `/tmp/pip-req-build-ryh6hra7/openjpeg/src/openjpeg/build/CMakeFiles/CMakeTmp'
/usr/bin/cmake -E cmake_progress_report /tmp/pip-req-build-ryh6hra7/openjpeg/src/openjpeg/build/CMakeFiles/CMakeTmp/CMakeFiles 1
Building C object CMakeFiles/cmTryCompileExec3186342770.dir/CheckIncludeFile.c.o
/opt/rh/devtoolset-8/root/usr/bin/cc    -o CMakeFiles/cmTryCompileExec3186342770.dir/CheckIncludeFile.c.o   -c /tmp/pip-req-build-ryh6hra7/openjpeg/src/openjpeg/build/CMakeFiles/CMakeTmp/CheckIncludeFile.c
Linking C executable cmTryCompileExec3186342770
/usr/bin/cmake -E cmake_link_script CMakeFiles/cmTryCompileExec3186342770.dir/link.txt --verbose=1
/opt/rh/devtoolset-8/root/usr/bin/cc       CMakeFiles/cmTryCompileExec3186342770.dir/CheckIncludeFile.c.o  -o cmTryCompileExec3186342770 -rdynamic 
gmake[1]: Leaving directory `/tmp/pip-req-build-ryh6hra7/openjpeg/src/openjpeg/build/CMakeFiles/CMakeTmp'


Determining if the include file stdlib.h exists passed with the following output:
Change Dir: /tmp/pip-req-build-ryh6hra7/openjpeg/src/openjpeg/build/CMakeFiles/CMakeTmp

Run Build Command:/usr/bin/gmake "cmTryCompileExec2189678995/fast"
/usr/bin/gmake -f CMakeFiles/cmTryCompileExec2189678995.dir/build.make CMakeFiles/cmTryCompileExec2189678995.dir/build
gmake[1]: Entering directory `/tmp/pip-req-build-ryh6hra7/openjpeg/src/openjpeg/build/CMakeFiles/CMakeTmp'
/usr/bin/cmake -E cmake_progress_report /tmp/pip-req-build-ryh6hra7/openjpeg/src/openjpeg/build/CMakeFiles/CMakeTmp/CMakeFiles 1
Building C object CMakeFiles/cmTryCompileExec2189678995.dir/CheckIncludeFile.c.o
/opt/rh/devtoolset-8/root/usr/bin/cc    -o CMakeFiles/cmTryCompileExec2189678995.dir/CheckIncludeFile.c.o   -c /tmp/pip-req-build-ryh6hra7/openjpeg/src/openjpeg/build/CMakeFiles/CMakeTmp/CheckIncludeFile.c
Linking C executable cmTryCompileExec2189678995
/usr/bin/cmake -E cmake_link_script CMakeFiles/cmTryCompileExec2189678995.dir/link.txt --verbose=1
/opt/rh/devtoolset-8/root/usr/bin/cc       CMakeFiles/cmTryCompileExec2189678995.dir/CheckIncludeFile.c.o  -o cmTryCompileExec2189678995 -rdynamic 
gmake[1]: Leaving directory `/tmp/pip-req-build-ryh6hra7/openjpeg/src/openjpeg/build/CMakeFiles/CMakeTmp'


Determining if the include file stdio.h exists passed with the following output:
Change Dir: /tmp/pip-req-build-ryh6hra7/openjpeg/src/openjpeg/build/CMakeFiles/CMakeTmp

Run Build Command:/usr/bin/gmake "cmTryCompileExec537929558/fast"
/usr/bin/gmake -f CMakeFiles/cmTryCompileExec537929558.dir/build.make CMakeFiles/cmTryCompileExec537929558.dir/build
gmake[1]: Entering directory `/tmp/pip-req-build-ryh6hra7/openjpeg/src/openjpeg/build/CMakeFiles/CMakeTmp'
/usr/bin/cmake -E cmake_progress_report /tmp/pip-req-build-ryh6hra7/openjpeg/src/openjpeg/build/CMakeFiles/CMakeTmp/CMakeFiles 1
Building C object CMakeFiles/cmTryCompileExec537929558.dir/CheckIncludeFile.c.o
/opt/rh/devtoolset-8/root/usr/bin/cc    -o CMakeFiles/cmTryCompileExec537929558.dir/CheckIncludeFile.c.o   -c /tmp/pip-req-build-ryh6hra7/openjpeg/src/openjpeg/build/CMakeFiles/CMakeTmp/CheckIncludeFile.c
Linking C executable cmTryCompileExec537929558
/usr/bin/cmake -E cmake_link_script CMakeFiles/cmTryCompileExec537929558.dir/link.txt --verbose=1
/opt/rh/devtoolset-8/root/usr/bin/cc       CMakeFiles/cmTryCompileExec537929558.dir/CheckIncludeFile.c.o  -o cmTryCompileExec537929558 -rdynamic 
gmake[1]: Leaving directory `/tmp/pip-req-build-ryh6hra7/openjpeg/src/openjpeg/build/CMakeFiles/CMakeTmp'


Determining if the include file math.h exists passed with the following output:
Change Dir: /tmp/pip-req-build-ryh6hra7/openjpeg/src/openjpeg/build/CMakeFiles/CMakeTmp

Run Build Command:/usr/bin/gmake "cmTryCompileExec2816410354/fast"
/usr/bin/gmake -f CMakeFiles/cmTryCompileExec2816410354.dir/build.make CMakeFiles/cmTryCompileExec2816410354.dir/build
gmake[1]: Entering directory `/tmp/pip-req-build-ryh6hra7/openjpeg/src/openjpeg/build/CMakeFiles/CMakeTmp'
/usr/bin/cmake -E cmake_progress_report /tmp/pip-req-build-ryh6hra7/openjpeg/src/openjpeg/build/CMakeFiles/CMakeTmp/CMakeFiles 1
Building C object CMakeFiles/cmTryCompileExec2816410354.dir/CheckIncludeFile.c.o
/opt/rh/devtoolset-8/root/usr/bin/cc    -o CMakeFiles/cmTryCompileExec2816410354.dir/CheckIncludeFile.c.o   -c /tmp/pip-req-build-ryh6hra7/openjpeg/src/openjpeg/build/CMakeFiles/CMakeTmp/CheckIncludeFile.c
Linking C executable cmTryCompileExec2816410354
/usr/bin/cmake -E cmake_link_script CMakeFiles/cmTryCompileExec2816410354.dir/link.txt --verbose=1
/opt/rh/devtoolset-8/root/usr/bin/cc       CMakeFiles/cmTryCompileExec2816410354.dir/CheckIncludeFile.c.o  -o cmTryCompileExec2816410354 -rdynamic 
gmake[1]: Leaving directory `/tmp/pip-req-build-ryh6hra7/openjpeg/src/openjpeg/build/CMakeFiles/CMakeTmp'


Determining if the include file float.h exists passed with the following output:
Change Dir: /tmp/pip-req-build-ryh6hra7/openjpeg/src/openjpeg/build/CMakeFiles/CMakeTmp

Run Build Command:/usr/bin/gmake "cmTryCompileExec1312505604/fast"
/usr/bin/gmake -f CMakeFiles/cmTryCompileExec1312505604.dir/build.make CMakeFiles/cmTryCompileExec1312505604.dir/build
gmake[1]: Entering directory `/tmp/pip-req-build-ryh6hra7/openjpeg/src/openjpeg/build/CMakeFiles/CMakeTmp'
/usr/bin/cmake -E cmake_progress_report /tmp/pip-req-build-ryh6hra7/openjpeg/src/openjpeg/build/CMakeFiles/CMakeTmp/CMakeFiles 1
Building C object CMakeFiles/cmTryCompileExec1312505604.dir/CheckIncludeFile.c.o
/opt/rh/devtoolset-8/root/usr/bin/cc    -o CMakeFiles/cmTryCompileExec1312505604.dir/CheckIncludeFile.c.o   -c /tmp/pip-req-build-ryh6hra7/openjpeg/src/openjpeg/build/CMakeFiles/CMakeTmp/CheckIncludeFile.c
Linking C executable cmTryCompileExec1312505604
/usr/bin/cmake -E cmake_link_script CMakeFiles/cmTryCompileExec1312505604.dir/link.txt --verbose=1
/opt/rh/devtoolset-8/root/usr/bin/cc       CMakeFiles/cmTryCompileExec1312505604.dir/CheckIncludeFile.c.o  -o cmTryCompileExec1312505604 -rdynamic 
gmake[1]: Leaving directory `/tmp/pip-req-build-ryh6hra7/openjpeg/src/openjpeg/build/CMakeFiles/CMakeTmp'


Determining if the include file time.h exists passed with the following output:
Change Dir: /tmp/pip-req-build-ryh6hra7/openjpeg/src/openjpeg/build/CMakeFiles/CMakeTmp

Run Build Command:/usr/bin/gmake "cmTryCompileExec3673676857/fast"
/usr/bin/gmake -f CMakeFiles/cmTryCompileExec3673676857.dir/build.make CMakeFiles/cmTryCompileExec3673676857.dir/build
gmake[1]: Entering directory `/tmp/pip-req-build-ryh6hra7/openjpeg/src/openjpeg/build/CMakeFiles/CMakeTmp'
/usr/bin/cmake -E cmake_progress_report /tmp/pip-req-build-ryh6hra7/openjpeg/src/openjpeg/build/CMakeFiles/CMakeTmp/CMakeFiles 1
Building C object CMakeFiles/cmTryCompileExec3673676857.dir/CheckIncludeFile.c.o
/opt/rh/devtoolset-8/root/usr/bin/cc    -o CMakeFiles/cmTryCompileExec3673676857.dir/CheckIncludeFile.c.o   -c /tmp/pip-req-build-ryh6hra7/openjpeg/src/openjpeg/build/CMakeFiles/CMakeTmp/CheckIncludeFile.c
Linking C executable cmTryCompileExec3673676857
/usr/bin/cmake -E cmake_link_script CMakeFiles/cmTryCompileExec3673676857.dir/link.txt --verbose=1
/opt/rh/devtoolset-8/root/usr/bin/cc       CMakeFiles/cmTryCompileExec3673676857.dir/CheckIncludeFile.c.o  -o cmTryCompileExec3673676857 -rdynamic 
gmake[1]: Leaving directory `/tmp/pip-req-build-ryh6hra7/openjpeg/src/openjpeg/build/CMakeFiles/CMakeTmp'


Determining if the include file stdarg.h exists passed with the following output:
Change Dir: /tmp/pip-req-build-ryh6hra7/openjpeg/src/openjpeg/build/CMakeFiles/CMakeTmp

Run Build Command:/usr/bin/gmake "cmTryCompileExec3936074898/fast"
/usr/bin/gmake -f CMakeFiles/cmTryCompileExec3936074898.dir/build.make CMakeFiles/cmTryCompileExec3936074898.dir/build
gmake[1]: Entering directory `/tmp/pip-req-build-ryh6hra7/openjpeg/src/openjpeg/build/CMakeFiles/CMakeTmp'
/usr/bin/cmake -E cmake_progress_report /tmp/pip-req-build-ryh6hra7/openjpeg/src/openjpeg/build/CMakeFiles/CMakeTmp/CMakeFiles 1
Building C object CMakeFiles/cmTryCompileExec3936074898.dir/CheckIncludeFile.c.o
/opt/rh/devtoolset-8/root/usr/bin/cc    -o CMakeFiles/cmTryCompileExec3936074898.dir/CheckIncludeFile.c.o   -c /tmp/pip-req-build-ryh6hra7/openjpeg/src/openjpeg/build/CMakeFiles/CMakeTmp/CheckIncludeFile.c
Linking C executable cmTryCompileExec3936074898
/usr/bin/cmake -E cmake_link_script CMakeFiles/cmTryCompileExec3936074898.dir/link.txt --verbose=1
/opt/rh/devtoolset-8/root/usr/bin/cc       CMakeFiles/cmTryCompileExec3936074898.dir/CheckIncludeFile.c.o  -o cmTryCompileExec3936074898 -rdynamic 
gmake[1]: Leaving directory `/tmp/pip-req-build-ryh6hra7/openjpeg/src/openjpeg/build/CMakeFiles/CMakeTmp'


Determining if the include file ctype.h exists passed with the following output:
Change Dir: /tmp/pip-req-build-ryh6hra7/openjpeg/src/openjpeg/build/CMakeFiles/CMakeTmp

Run Build Command:/usr/bin/gmake "cmTryCompileExec294794089/fast"
/usr/bin/gmake -f CMakeFiles/cmTryCompileExec294794089.dir/build.make CMakeFiles/cmTryCompileExec294794089.dir/build
gmake[1]: Entering directory `/tmp/pip-req-build-ryh6hra7/openjpeg/src/openjpeg/build/CMakeFiles/CMakeTmp'
/usr/bin/cmake -E cmake_progress_report /tmp/pip-req-build-ryh6hra7/openjpeg/src/openjpeg/build/CMakeFiles/CMakeTmp/CMakeFiles 1
Building C object CMakeFiles/cmTryCompileExec294794089.dir/CheckIncludeFile.c.o
/opt/rh/devtoolset-8/root/usr/bin/cc    -o CMakeFiles/cmTryCompileExec294794089.dir/CheckIncludeFile.c.o   -c /tmp/pip-req-build-ryh6hra7/openjpeg/src/openjpeg/build/CMakeFiles/CMakeTmp/CheckIncludeFile.c
Linking C executable cmTryCompileExec294794089
/usr/bin/cmake -E cmake_link_script CMakeFiles/cmTryCompileExec294794089.dir/link.txt --verbose=1
/opt/rh/devtoolset-8/root/usr/bin/cc       CMakeFiles/cmTryCompileExec294794089.dir/CheckIncludeFile.c.o  -o cmTryCompileExec294794089 -rdynamic 
gmake[1]: Leaving directory `/tmp/pip-req-build-ryh6hra7/openjpeg/src/openjpeg/build/CMakeFiles/CMakeTmp'


Determining if the include file assert.h exists passed with the following output:
Change Dir: /tmp/pip-req-build-ryh6hra7/openjpeg/src/openjpeg/build/CMakeFiles/CMakeTmp

Run Build Command:/usr/bin/gmake "cmTryCompileExec4073238927/fast"
/usr/bin/gmake -f CMakeFiles/cmTryCompileExec4073238927.dir/build.make CMakeFiles/cmTryCompileExec4073238927.dir/build
gmake[1]: Entering directory `/tmp/pip-req-build-ryh6hra7/openjpeg/src/openjpeg/build/CMakeFiles/CMakeTmp'
/usr/bin/cmake -E cmake_progress_report /tmp/pip-req-build-ryh6hra7/openjpeg/src/openjpeg/build/CMakeFiles/CMakeTmp/CMakeFiles 1
Building C object CMakeFiles/cmTryCompileExec4073238927.dir/CheckIncludeFile.c.o
/opt/rh/devtoolset-8/root/usr/bin/cc    -o CMakeFiles/cmTryCompileExec4073238927.dir/CheckIncludeFile.c.o   -c /tmp/pip-req-build-ryh6hra7/openjpeg/src/openjpeg/build/CMakeFiles/CMakeTmp/CheckIncludeFile.c
Linking C executable cmTryCompileExec4073238927
/usr/bin/cmake -E cmake_link_script CMakeFiles/cmTryCompileExec4073238927.dir/link.txt --verbose=1
/opt/rh/devtoolset-8/root/usr/bin/cc       CMakeFiles/cmTryCompileExec4073238927.dir/CheckIncludeFile.c.o  -o cmTryCompileExec4073238927 -rdynamic 
gmake[1]: Leaving directory `/tmp/pip-req-build-ryh6hra7/openjpeg/src/openjpeg/build/CMakeFiles/CMakeTmp'


Determining if the include file stdint.h exists passed with the following output:
Change Dir: /tmp/pip-req-build-ryh6hra7/openjpeg/src/openjpeg/build/CMakeFiles/CMakeTmp

Run Build Command:/usr/bin/gmake "cmTryCompileExec1548183733/fast"
/usr/bin/gmake -f CMakeFiles/cmTryCompileExec1548183733.dir/build.make CMakeFiles/cmTryCompileExec1548183733.dir/build
gmake[1]: Entering directory `/tmp/pip-req-build-ryh6hra7/openjpeg/src/openjpeg/build/CMakeFiles/CMakeTmp'
/usr/bin/cmake -E cmake_progress_report /tmp/pip-req-build-ryh6hra7/openjpeg/src/openjpeg/build/CMakeFiles/CMakeTmp/CMakeFiles 1
Building C object CMakeFiles/cmTryCompileExec1548183733.dir/CheckIncludeFile.c.o
/opt/rh/devtoolset-8/root/usr/bin/cc    -o CMakeFiles/cmTryCompileExec1548183733.dir/CheckIncludeFile.c.o   -c /tmp/pip-req-build-ryh6hra7/openjpeg/src/openjpeg/build/CMakeFiles/CMakeTmp/CheckIncludeFile.c
Linking C executable cmTryCompileExec1548183733
/usr/bin/cmake -E cmake_link_script CMakeFiles/cmTryCompileExec1548183733.dir/link.txt --verbose=1
/opt/rh/devtoolset-8/root/usr/bin/cc       CMakeFiles/cmTryCompileExec1548183733.dir/CheckIncludeFile.c.o  -o cmTryCompileExec1548183733 -rdynamic 
gmake[1]: Leaving directory `/tmp/pip-req-build-ryh6hra7/openjpeg/src/openjpeg/build/CMakeFiles/CMakeTmp'


Determining if the include file inttypes.h exists passed with the following output:
Change Dir: /tmp/pip-req-build-ryh6hra7/openjpeg/src/openjpeg/build/CMakeFiles/CMakeTmp

Run Build Command:/usr/bin/gmake "cmTryCompileExec2090496152/fast"
/usr/bin/gmake -f CMakeFiles/cmTryCompileExec2090496152.dir/build.make CMakeFiles/cmTryCompileExec2090496152.dir/build
gmake[1]: Entering directory `/tmp/pip-req-build-ryh6hra7/openjpeg/src/openjpeg/build/CMakeFiles/CMakeTmp'
/usr/bin/cmake -E cmake_progress_report /tmp/pip-req-build-ryh6hra7/openjpeg/src/openjpeg/build/CMakeFiles/CMakeTmp/CMakeFiles 1
Building C object CMakeFiles/cmTryCompileExec2090496152.dir/CheckIncludeFile.c.o
/opt/rh/devtoolset-8/root/usr/bin/cc    -o CMakeFiles/cmTryCompileExec2090496152.dir/CheckIncludeFile.c.o   -c /tmp/pip-req-build-ryh6hra7/openjpeg/src/openjpeg/build/CMakeFiles/CMakeTmp/CheckIncludeFile.c
Linking C executable cmTryCompileExec2090496152
/usr/bin/cmake -E cmake_link_script CMakeFiles/cmTryCompileExec2090496152.dir/link.txt --verbose=1
/opt/rh/devtoolset-8/root/usr/bin/cc       CMakeFiles/cmTryCompileExec2090496152.dir/CheckIncludeFile.c.o  -o cmTryCompileExec2090496152 -rdynamic 
gmake[1]: Leaving directory `/tmp/pip-req-build-ryh6hra7/openjpeg/src/openjpeg/build/CMakeFiles/CMakeTmp'


Determining if the include file strings.h exists passed with the following output:
Change Dir: /tmp/pip-req-build-ryh6hra7/openjpeg/src/openjpeg/build/CMakeFiles/CMakeTmp

Run Build Command:/usr/bin/gmake "cmTryCompileExec100374554/fast"
/usr/bin/gmake -f CMakeFiles/cmTryCompileExec100374554.dir/build.make CMakeFiles/cmTryCompileExec100374554.dir/build
gmake[1]: Entering directory `/tmp/pip-req-build-ryh6hra7/openjpeg/src/openjpeg/build/CMakeFiles/CMakeTmp'
/usr/bin/cmake -E cmake_progress_report /tmp/pip-req-build-ryh6hra7/openjpeg/src/openjpeg/build/CMakeFiles/CMakeTmp/CMakeFiles 1
Building C object CMakeFiles/cmTryCompileExec100374554.dir/CheckIncludeFile.c.o
/opt/rh/devtoolset-8/root/usr/bin/cc    -o CMakeFiles/cmTryCompileExec100374554.dir/CheckIncludeFile.c.o   -c /tmp/pip-req-build-ryh6hra7/openjpeg/src/openjpeg/build/CMakeFiles/CMakeTmp/CheckIncludeFile.c
Linking C executable cmTryCompileExec100374554
/usr/bin/cmake -E cmake_link_script CMakeFiles/cmTryCompileExec100374554.dir/link.txt --verbose=1
/opt/rh/devtoolset-8/root/usr/bin/cc       CMakeFiles/cmTryCompileExec100374554.dir/CheckIncludeFile.c.o  -o cmTryCompileExec100374554 -rdynamic 
gmake[1]: Leaving directory `/tmp/pip-req-build-ryh6hra7/openjpeg/src/openjpeg/build/CMakeFiles/CMakeTmp'


Determining if the include file sys/stat.h exists passed with the following output:
Change Dir: /tmp/pip-req-build-ryh6hra7/openjpeg/src/openjpeg/build/CMakeFiles/CMakeTmp

Run Build Command:/usr/bin/gmake "cmTryCompileExec1249022136/fast"
/usr/bin/gmake -f CMakeFiles/cmTryCompileExec1249022136.dir/build.make CMakeFiles/cmTryCompileExec1249022136.dir/build
gmake[1]: Entering directory `/tmp/pip-req-build-ryh6hra7/openjpeg/src/openjpeg/build/CMakeFiles/CMakeTmp'
/usr/bin/cmake -E cmake_progress_report /tmp/pip-req-build-ryh6hra7/openjpeg/src/openjpeg/build/CMakeFiles/CMakeTmp/CMakeFiles 1
Building C object CMakeFiles/cmTryCompileExec1249022136.dir/CheckIncludeFile.c.o
/opt/rh/devtoolset-8/root/usr/bin/cc    -o CMakeFiles/cmTryCompileExec1249022136.dir/CheckIncludeFile.c.o   -c /tmp/pip-req-build-ryh6hra7/openjpeg/src/openjpeg/build/CMakeFiles/CMakeTmp/CheckIncludeFile.c
Linking C executable cmTryCompileExec1249022136
/usr/bin/cmake -E cmake_link_script CMakeFiles/cmTryCompileExec1249022136.dir/link.txt --verbose=1
/opt/rh/devtoolset-8/root/usr/bin/cc       CMakeFiles/cmTryCompileExec1249022136.dir/CheckIncludeFile.c.o  -o cmTryCompileExec1249022136 -rdynamic 
gmake[1]: Leaving directory `/tmp/pip-req-build-ryh6hra7/openjpeg/src/openjpeg/build/CMakeFiles/CMakeTmp'


Determining if the include file unistd.h exists passed with the following output:
Change Dir: /tmp/pip-req-build-ryh6hra7/openjpeg/src/openjpeg/build/CMakeFiles/CMakeTmp

Run Build Command:/usr/bin/gmake "cmTryCompileExec3201500661/fast"
/usr/bin/gmake -f CMakeFiles/cmTryCompileExec3201500661.dir/build.make CMakeFiles/cmTryCompileExec3201500661.dir/build
gmake[1]: Entering directory `/tmp/pip-req-build-ryh6hra7/openjpeg/src/openjpeg/build/CMakeFiles/CMakeTmp'
/usr/bin/cmake -E cmake_progress_report /tmp/pip-req-build-ryh6hra7/openjpeg/src/openjpeg/build/CMakeFiles/CMakeTmp/CMakeFiles 1
Building C object CMakeFiles/cmTryCompileExec3201500661.dir/CheckIncludeFile.c.o
/opt/rh/devtoolset-8/root/usr/bin/cc    -o CMakeFiles/cmTryCompileExec3201500661.dir/CheckIncludeFile.c.o   -c /tmp/pip-req-build-ryh6hra7/openjpeg/src/openjpeg/build/CMakeFiles/CMakeTmp/CheckIncludeFile.c
Linking C executable cmTryCompileExec3201500661
/usr/bin/cmake -E cmake_link_script CMakeFiles/cmTryCompileExec3201500661.dir/link.txt --verbose=1
/opt/rh/devtoolset-8/root/usr/bin/cc       CMakeFiles/cmTryCompileExec3201500661.dir/CheckIncludeFile.c.o  -o cmTryCompileExec3201500661 -rdynamic 
gmake[1]: Leaving directory `/tmp/pip-req-build-ryh6hra7/openjpeg/src/openjpeg/build/CMakeFiles/CMakeTmp'


Determining if files malloc.h exist passed with the following output:
Change Dir: /tmp/pip-req-build-ryh6hra7/openjpeg/src/openjpeg/build/CMakeFiles/CMakeTmp

Run Build Command:/usr/bin/gmake "cmTryCompileExec3378160179/fast"
/usr/bin/gmake -f CMakeFiles/cmTryCompileExec3378160179.dir/build.make CMakeFiles/cmTryCompileExec3378160179.dir/build
gmake[1]: Entering directory `/tmp/pip-req-build-ryh6hra7/openjpeg/src/openjpeg/build/CMakeFiles/CMakeTmp'
/usr/bin/cmake -E cmake_progress_report /tmp/pip-req-build-ryh6hra7/openjpeg/src/openjpeg/build/CMakeFiles/CMakeTmp/CMakeFiles 1
Building C object CMakeFiles/cmTryCompileExec3378160179.dir/CheckIncludeFiles.c.o
/opt/rh/devtoolset-8/root/usr/bin/cc    -o CMakeFiles/cmTryCompileExec3378160179.dir/CheckIncludeFiles.c.o   -c /tmp/pip-req-build-ryh6hra7/openjpeg/src/openjpeg/build/CMakeFiles/CMakeTmp/CheckIncludeFiles.c
Linking C executable cmTryCompileExec3378160179
/usr/bin/cmake -E cmake_link_script CMakeFiles/cmTryCompileExec3378160179.dir/link.txt --verbose=1
/opt/rh/devtoolset-8/root/usr/bin/cc       CMakeFiles/cmTryCompileExec3378160179.dir/CheckIncludeFiles.c.o  -o cmTryCompileExec3378160179 -rdynamic 
gmake[1]: Leaving directory `/tmp/pip-req-build-ryh6hra7/openjpeg/src/openjpeg/build/CMakeFiles/CMakeTmp'


Determining if the posix_memalign exist passed with the following output:
Change Dir: /tmp/pip-req-build-ryh6hra7/openjpeg/src/openjpeg/build/CMakeFiles/CMakeTmp

Run Build Command:/usr/bin/gmake "cmTryCompileExec4100463928/fast"
/usr/bin/gmake -f CMakeFiles/cmTryCompileExec4100463928.dir/build.make CMakeFiles/cmTryCompileExec4100463928.dir/build
gmake[1]: Entering directory `/tmp/pip-req-build-ryh6hra7/openjpeg/src/openjpeg/build/CMakeFiles/CMakeTmp'
/usr/bin/cmake -E cmake_progress_report /tmp/pip-req-build-ryh6hra7/openjpeg/src/openjpeg/build/CMakeFiles/CMakeTmp/CMakeFiles 1
Building C object CMakeFiles/cmTryCompileExec4100463928.dir/CheckSymbolExists.c.o
/opt/rh/devtoolset-8/root/usr/bin/cc  -D_POSIX_C_SOURCE=200112L  -o CMakeFiles/cmTryCompileExec4100463928.dir/CheckSymbolExists.c.o   -c /tmp/pip-req-build-ryh6hra7/openjpeg/src/openjpeg/build/CMakeFiles/CMakeTmp/CheckSymbolExists.c
Linking C executable cmTryCompileExec4100463928
/usr/bin/cmake -E cmake_link_script CMakeFiles/cmTryCompileExec4100463928.dir/link.txt --verbose=1
/opt/rh/devtoolset-8/root/usr/bin/cc       CMakeFiles/cmTryCompileExec4100463928.dir/CheckSymbolExists.c.o  -o cmTryCompileExec4100463928 -rdynamic 
gmake[1]: Leaving directory `/tmp/pip-req-build-ryh6hra7/openjpeg/src/openjpeg/build/CMakeFiles/CMakeTmp'

File /tmp/pip-req-build-ryh6hra7/openjpeg/src/openjpeg/build/CMakeFiles/CMakeTmp/CheckSymbolExists.c:
/* */
#include <stdlib.h>

int main(int argc, char** argv)
{
  (void)argv;
#ifndef posix_memalign
  return ((int*)(&posix_memalign))[argc];
#else
  (void)argc;
  return 0;
#endif
}

Determining if the memalign exist passed with the following output:
Change Dir: /tmp/pip-req-build-ryh6hra7/openjpeg/src/openjpeg/build/CMakeFiles/CMakeTmp

Run Build Command:/usr/bin/gmake "cmTryCompileExec781078569/fast"
/usr/bin/gmake -f CMakeFiles/cmTryCompileExec781078569.dir/build.make CMakeFiles/cmTryCompileExec781078569.dir/build
gmake[1]: Entering directory `/tmp/pip-req-build-ryh6hra7/openjpeg/src/openjpeg/build/CMakeFiles/CMakeTmp'
/usr/bin/cmake -E cmake_progress_report /tmp/pip-req-build-ryh6hra7/openjpeg/src/openjpeg/build/CMakeFiles/CMakeTmp/CMakeFiles 1
Building C object CMakeFiles/cmTryCompileExec781078569.dir/CheckSymbolExists.c.o
/opt/rh/devtoolset-8/root/usr/bin/cc    -o CMakeFiles/cmTryCompileExec781078569.dir/CheckSymbolExists.c.o   -c /tmp/pip-req-build-ryh6hra7/openjpeg/src/openjpeg/build/CMakeFiles/CMakeTmp/CheckSymbolExists.c
Linking C executable cmTryCompileExec781078569
/usr/bin/cmake -E cmake_link_script CMakeFiles/cmTryCompileExec781078569.dir/link.txt --verbose=1
/opt/rh/devtoolset-8/root/usr/bin/cc       CMakeFiles/cmTryCompileExec781078569.dir/CheckSymbolExists.c.o  -o cmTryCompileExec781078569 -rdynamic 
gmake[1]: Leaving directory `/tmp/pip-req-build-ryh6hra7/openjpeg/src/openjpeg/build/CMakeFiles/CMakeTmp'

File /tmp/pip-req-build-ryh6hra7/openjpeg/src/openjpeg/build/CMakeFiles/CMakeTmp/CheckSymbolExists.c:
/* */
#include <malloc.h>

int main(int argc, char** argv)
{
  (void)argv;
#ifndef memalign
  return ((int*)(&memalign))[argc];
#else
  (void)argc;
  return 0;
#endif
}

