The system is: Linux - 5.4.0-1043-azure - i686
Compiling the C compiler identification source file "CMakeCCompilerId.c" succeeded.
Compiler: /opt/rh/devtoolset-8/root/usr/bin/cc 
Build flags: 
Id flags: 

The output was:
0


Compilation of the C compiler identification source "CMakeCCompilerId.c" produced "a.out"

The C compiler identification is GNU, found in "/tmp/pip-req-build-_kvnkoc1/openjpeg/src/openjpeg/build/CMakeFiles/2.8.12.2/CompilerIdC/a.out"

Compiling the CXX compiler identification source file "CMakeCXXCompilerId.cpp" succeeded.
Compiler: /opt/rh/devtoolset-8/root/usr/bin/c++ 
Build flags: 
Id flags: 

The output was:
0


Compilation of the CXX compiler identification source "CMakeCXXCompilerId.cpp" produced "a.out"

The CXX compiler identification is GNU, found in "/tmp/pip-req-build-_kvnkoc1/openjpeg/src/openjpeg/build/CMakeFiles/2.8.12.2/CompilerIdCXX/a.out"

Determining if the C compiler works passed with the following output:
Change Dir: /tmp/pip-req-build-_kvnkoc1/openjpeg/src/openjpeg/build/CMakeFiles/CMakeTmp

Run Build Command:/usr/bin/gmake "cmTryCompileExec3441691624/fast"
/usr/bin/gmake -f CMakeFiles/cmTryCompileExec3441691624.dir/build.make CMakeFiles/cmTryCompileExec3441691624.dir/build
gmake[1]: Entering directory `/tmp/pip-req-build-_kvnkoc1/openjpeg/src/openjpeg/build/CMakeFiles/CMakeTmp'
/usr/bin/cmake -E cmake_progress_report /tmp/pip-req-build-_kvnkoc1/openjpeg/src/openjpeg/build/CMakeFiles/CMakeTmp/CMakeFiles 1
Building C object CMakeFiles/cmTryCompileExec3441691624.dir/testCCompiler.c.o
/opt/rh/devtoolset-8/root/usr/bin/cc    -o CMakeFiles/cmTryCompileExec3441691624.dir/testCCompiler.c.o   -c /tmp/pip-req-build-_kvnkoc1/openjpeg/src/openjpeg/build/CMakeFiles/CMakeTmp/testCCompiler.c
Linking C executable cmTryCompileExec3441691624
/usr/bin/cmake -E cmake_link_script CMakeFiles/cmTryCompileExec3441691624.dir/link.txt --verbose=1
/opt/rh/devtoolset-8/root/usr/bin/cc       CMakeFiles/cmTryCompileExec3441691624.dir/testCCompiler.c.o  -o cmTryCompileExec3441691624 -rdynamic 
gmake[1]: Leaving directory `/tmp/pip-req-build-_kvnkoc1/openjpeg/src/openjpeg/build/CMakeFiles/CMakeTmp'


Detecting C compiler ABI info compiled with the following output:
Change Dir: /tmp/pip-req-build-_kvnkoc1/openjpeg/src/openjpeg/build/CMakeFiles/CMakeTmp

Run Build Command:/usr/bin/gmake "cmTryCompileExec1131797847/fast"
/usr/bin/gmake -f CMakeFiles/cmTryCompileExec1131797847.dir/build.make CMakeFiles/cmTryCompileExec1131797847.dir/build
gmake[1]: Entering directory `/tmp/pip-req-build-_kvnkoc1/openjpeg/src/openjpeg/build/CMakeFiles/CMakeTmp'
/usr/bin/cmake -E cmake_progress_report /tmp/pip-req-build-_kvnkoc1/openjpeg/src/openjpeg/build/CMakeFiles/CMakeTmp/CMakeFiles 1
Building C object CMakeFiles/cmTryCompileExec1131797847.dir/CMakeCCompilerABI.c.o
/opt/rh/devtoolset-8/root/usr/bin/cc    -o CMakeFiles/cmTryCompileExec1131797847.dir/CMakeCCompilerABI.c.o   -c /usr/share/cmake/Modules/CMakeCCompilerABI.c
Linking C executable cmTryCompileExec1131797847
/usr/bin/cmake -E cmake_link_script CMakeFiles/cmTryCompileExec1131797847.dir/link.txt --verbose=1
/opt/rh/devtoolset-8/root/usr/bin/cc     -v CMakeFiles/cmTryCompileExec1131797847.dir/CMakeCCompilerABI.c.o  -o cmTryCompileExec1131797847 -rdynamic  
Using built-in specs.
COLLECT_GCC=/opt/rh/devtoolset-8/root/usr/bin/cc
COLLECT_LTO_WRAPPER=/opt/rh/devtoolset-8/root/usr/libexec/gcc/i686-redhat-linux/8/lto-wrapper
Target: i686-redhat-linux
Configured with: ../configure --enable-bootstrap --enable-languages=c,c++,fortran,lto --prefix=/opt/rh/devtoolset-8/root/usr --mandir=/opt/rh/devtoolset-8/root/usr/share/man --infodir=/opt/rh/devtoolset-8/root/usr/share/info --with-bugurl=http://bugzilla.redhat.com/bugzilla --enable-shared --enable-threads=posix --enable-checking=release --enable-multilib --with-system-zlib --enable-__cxa_atexit --disable-libunwind-exceptions --enable-gnu-unique-object --enable-linker-build-id --with-gcc-major-version-only --with-linker-hash-style=gnu --with-default-libstdcxx-abi=gcc4-compatible --enable-plugin --enable-initfini-array --with-isl=/builddir/build/BUILD/gcc-8.3.1-20190311/obj-i686-redhat-linux/isl-install --disable-libmpx --with-mpc=/builddir/build/BUILD/gcc-8.3.1-20190311/obj-i686-redhat-linux/mpc-install --with-tune=generic --with-arch=i686 --build=i686-redhat-linux
Thread model: posix
gcc version 8.3.1 20190311 (Red Hat 8.3.1-3) (GCC) 
COMPILER_PATH=/opt/rh/devtoolset-8/root/usr/libexec/gcc/i686-redhat-linux/8/:/opt/rh/devtoolset-8/root/usr/libexec/gcc/i686-redhat-linux/8/:/opt/rh/devtoolset-8/root/usr/libexec/gcc/i686-redhat-linux/:/opt/rh/devtoolset-8/root/usr/lib/gcc/i686-redhat-linux/8/:/opt/rh/devtoolset-8/root/usr/lib/gcc/i686-redhat-linux/
LIBRARY_PATH=/opt/rh/devtoolset-8/root/usr/lib/gcc/i686-redhat-linux/8/:/opt/rh/devtoolset-8/root/usr/lib/gcc/i686-redhat-linux/8/../../../:/lib/:/usr/lib/
COLLECT_GCC_OPTIONS='-v' '-o' 'cmTryCompileExec1131797847' '-rdynamic' '-mtune=generic' '-march=i686'
 /opt/rh/devtoolset-8/root/usr/libexec/gcc/i686-redhat-linux/8/collect2 -plugin /opt/rh/devtoolset-8/root/usr/libexec/gcc/i686-redhat-linux/8/liblto_plugin.so -plugin-opt=/opt/rh/devtoolset-8/root/usr/libexec/gcc/i686-redhat-linux/8/lto-wrapper -plugin-opt=-fresolution=/tmp/cc40xE9C.res -plugin-opt=-pass-through=-lgcc -plugin-opt=-pass-through=-lgcc_s -plugin-opt=-pass-through=-lc -plugin-opt=-pass-through=-lgcc -plugin-opt=-pass-through=-lgcc_s --build-id --no-add-needed --eh-frame-hdr --hash-style=gnu -m elf_i386 -export-dynamic -dynamic-linker /lib/ld-linux.so.2 -o cmTryCompileExec1131797847 /usr/lib/crt1.o /usr/lib/crti.o /opt/rh/devtoolset-8/root/usr/lib/gcc/i686-redhat-linux/8/crtbegin.o -L/opt/rh/devtoolset-8/root/usr/lib/gcc/i686-redhat-linux/8 -L/opt/rh/devtoolset-8/root/usr/lib/gcc/i686-redhat-linux/8/../../.. CMakeFiles/cmTryCompileExec1131797847.dir/CMakeCCompilerABI.c.o -lgcc --as-needed -lgcc_s --no-as-needed -lc -lgcc --as-needed -lgcc_s --no-as-needed /opt/rh/devtoolset-8/root/usr/lib/gcc/i686-redhat-linux/8/crtend.o /usr/lib/crtn.o
COLLECT_GCC_OPTIONS='-v' '-o' 'cmTryCompileExec1131797847' '-rdynamic' '-mtune=generic' '-march=i686'
gmake[1]: Leaving directory `/tmp/pip-req-build-_kvnkoc1/openjpeg/src/openjpeg/build/CMakeFiles/CMakeTmp'


Parsed C implicit link information from above output:
  link line regex: [^( *|.*[/\])(ld|([^/\]+-)?ld|collect2)[^/\]*( |$)]
  ignore line: [Change Dir: /tmp/pip-req-build-_kvnkoc1/openjpeg/src/openjpeg/build/CMakeFiles/CMakeTmp]
  ignore line: []
  ignore line: [Run Build Command:/usr/bin/gmake "cmTryCompileExec1131797847/fast"]
  ignore line: [/usr/bin/gmake -f CMakeFiles/cmTryCompileExec1131797847.dir/build.make CMakeFiles/cmTryCompileExec1131797847.dir/build]
  ignore line: [gmake[1]: Entering directory `/tmp/pip-req-build-_kvnkoc1/openjpeg/src/openjpeg/build/CMakeFiles/CMakeTmp']
  ignore line: [/usr/bin/cmake -E cmake_progress_report /tmp/pip-req-build-_kvnkoc1/openjpeg/src/openjpeg/build/CMakeFiles/CMakeTmp/CMakeFiles 1]
  ignore line: [Building C object CMakeFiles/cmTryCompileExec1131797847.dir/CMakeCCompilerABI.c.o]
  ignore line: [/opt/rh/devtoolset-8/root/usr/bin/cc    -o CMakeFiles/cmTryCompileExec1131797847.dir/CMakeCCompilerABI.c.o   -c /usr/share/cmake/Modules/CMakeCCompilerABI.c]
  ignore line: [Linking C executable cmTryCompileExec1131797847]
  ignore line: [/usr/bin/cmake -E cmake_link_script CMakeFiles/cmTryCompileExec1131797847.dir/link.txt --verbose=1]
  ignore line: [/opt/rh/devtoolset-8/root/usr/bin/cc     -v CMakeFiles/cmTryCompileExec1131797847.dir/CMakeCCompilerABI.c.o  -o cmTryCompileExec1131797847 -rdynamic  ]
  ignore line: [Using built-in specs.]
  ignore line: [COLLECT_GCC=/opt/rh/devtoolset-8/root/usr/bin/cc]
  ignore line: [COLLECT_LTO_WRAPPER=/opt/rh/devtoolset-8/root/usr/libexec/gcc/i686-redhat-linux/8/lto-wrapper]
  ignore line: [Target: i686-redhat-linux]
  ignore line: [Configured with: ../configure --enable-bootstrap --enable-languages=c,c++,fortran,lto --prefix=/opt/rh/devtoolset-8/root/usr --mandir=/opt/rh/devtoolset-8/root/usr/share/man --infodir=/opt/rh/devtoolset-8/root/usr/share/info --with-bugurl=http://bugzilla.redhat.com/bugzilla --enable-shared --enable-threads=posix --enable-checking=release --enable-multilib --with-system-zlib --enable-__cxa_atexit --disable-libunwind-exceptions --enable-gnu-unique-object --enable-linker-build-id --with-gcc-major-version-only --with-linker-hash-style=gnu --with-default-libstdcxx-abi=gcc4-compatible --enable-plugin --enable-initfini-array --with-isl=/builddir/build/BUILD/gcc-8.3.1-20190311/obj-i686-redhat-linux/isl-install --disable-libmpx --with-mpc=/builddir/build/BUILD/gcc-8.3.1-20190311/obj-i686-redhat-linux/mpc-install --with-tune=generic --with-arch=i686 --build=i686-redhat-linux]
  ignore line: [Thread model: posix]
  ignore line: [gcc version 8.3.1 20190311 (Red Hat 8.3.1-3) (GCC) ]
  ignore line: [COMPILER_PATH=/opt/rh/devtoolset-8/root/usr/libexec/gcc/i686-redhat-linux/8/:/opt/rh/devtoolset-8/root/usr/libexec/gcc/i686-redhat-linux/8/:/opt/rh/devtoolset-8/root/usr/libexec/gcc/i686-redhat-linux/:/opt/rh/devtoolset-8/root/usr/lib/gcc/i686-redhat-linux/8/:/opt/rh/devtoolset-8/root/usr/lib/gcc/i686-redhat-linux/]
  ignore line: [LIBRARY_PATH=/opt/rh/devtoolset-8/root/usr/lib/gcc/i686-redhat-linux/8/:/opt/rh/devtoolset-8/root/usr/lib/gcc/i686-redhat-linux/8/../../../:/lib/:/usr/lib/]
  ignore line: [COLLECT_GCC_OPTIONS='-v' '-o' 'cmTryCompileExec1131797847' '-rdynamic' '-mtune=generic' '-march=i686']
  link line: [ /opt/rh/devtoolset-8/root/usr/libexec/gcc/i686-redhat-linux/8/collect2 -plugin /opt/rh/devtoolset-8/root/usr/libexec/gcc/i686-redhat-linux/8/liblto_plugin.so -plugin-opt=/opt/rh/devtoolset-8/root/usr/libexec/gcc/i686-redhat-linux/8/lto-wrapper -plugin-opt=-fresolution=/tmp/cc40xE9C.res -plugin-opt=-pass-through=-lgcc -plugin-opt=-pass-through=-lgcc_s -plugin-opt=-pass-through=-lc -plugin-opt=-pass-through=-lgcc -plugin-opt=-pass-through=-lgcc_s --build-id --no-add-needed --eh-frame-hdr --hash-style=gnu -m elf_i386 -export-dynamic -dynamic-linker /lib/ld-linux.so.2 -o cmTryCompileExec1131797847 /usr/lib/crt1.o /usr/lib/crti.o /opt/rh/devtoolset-8/root/usr/lib/gcc/i686-redhat-linux/8/crtbegin.o -L/opt/rh/devtoolset-8/root/usr/lib/gcc/i686-redhat-linux/8 -L/opt/rh/devtoolset-8/root/usr/lib/gcc/i686-redhat-linux/8/../../.. CMakeFiles/cmTryCompileExec1131797847.dir/CMakeCCompilerABI.c.o -lgcc --as-needed -lgcc_s --no-as-needed -lc -lgcc --as-needed -lgcc_s --no-as-needed /opt/rh/devtoolset-8/root/usr/lib/gcc/i686-redhat-linux/8/crtend.o /usr/lib/crtn.o]
    arg [/opt/rh/devtoolset-8/root/usr/libexec/gcc/i686-redhat-linux/8/collect2] ==> ignore
    arg [-plugin] ==> ignore
    arg [/opt/rh/devtoolset-8/root/usr/libexec/gcc/i686-redhat-linux/8/liblto_plugin.so] ==> ignore
    arg [-plugin-opt=/opt/rh/devtoolset-8/root/usr/libexec/gcc/i686-redhat-linux/8/lto-wrapper] ==> ignore
    arg [-plugin-opt=-fresolution=/tmp/cc40xE9C.res] ==> ignore
    arg [-plugin-opt=-pass-through=-lgcc] ==> ignore
    arg [-plugin-opt=-pass-through=-lgcc_s] ==> ignore
    arg [-plugin-opt=-pass-through=-lc] ==> ignore
    arg [-plugin-opt=-pass-through=-lgcc] ==> ignore
    arg [-plugin-opt=-pass-through=-lgcc_s] ==> ignore
    arg [--build-id] ==> ignore
    arg [--no-add-needed] ==> ignore
    arg [--eh-frame-hdr] ==> ignore
    arg [--hash-style=gnu] ==> ignore
    arg [-m] ==> ignore
    arg [elf_i386] ==> ignore
    arg [-export-dynamic] ==> ignore
    arg [-dynamic-linker] ==> ignore
    arg [/lib/ld-linux.so.2] ==> ignore
    arg [-o] ==> ignore
    arg [cmTryCompileExec1131797847] ==> ignore
    arg [/usr/lib/crt1.o] ==> ignore
    arg [/usr/lib/crti.o] ==> ignore
    arg [/opt/rh/devtoolset-8/root/usr/lib/gcc/i686-redhat-linux/8/crtbegin.o] ==> ignore
    arg [-L/opt/rh/devtoolset-8/root/usr/lib/gcc/i686-redhat-linux/8] ==> dir [/opt/rh/devtoolset-8/root/usr/lib/gcc/i686-redhat-linux/8]
    arg [-L/opt/rh/devtoolset-8/root/usr/lib/gcc/i686-redhat-linux/8/../../..] ==> dir [/opt/rh/devtoolset-8/root/usr/lib/gcc/i686-redhat-linux/8/../../..]
    arg [CMakeFiles/cmTryCompileExec1131797847.dir/CMakeCCompilerABI.c.o] ==> ignore
    arg [-lgcc] ==> lib [gcc]
    arg [--as-needed] ==> ignore
    arg [-lgcc_s] ==> lib [gcc_s]
    arg [--no-as-needed] ==> ignore
    arg [-lc] ==> lib [c]
    arg [-lgcc] ==> lib [gcc]
    arg [--as-needed] ==> ignore
    arg [-lgcc_s] ==> lib [gcc_s]
    arg [--no-as-needed] ==> ignore
    arg [/opt/rh/devtoolset-8/root/usr/lib/gcc/i686-redhat-linux/8/crtend.o] ==> ignore
    arg [/usr/lib/crtn.o] ==> ignore
  remove lib [gcc]
  remove lib [gcc_s]
  remove lib [gcc]
  remove lib [gcc_s]
  collapse library dir [/opt/rh/devtoolset-8/root/usr/lib/gcc/i686-redhat-linux/8] ==> [/opt/rh/devtoolset-8/root/usr/lib/gcc/i686-redhat-linux/8]
  collapse library dir [/opt/rh/devtoolset-8/root/usr/lib/gcc/i686-redhat-linux/8/../../..] ==> [/opt/rh/devtoolset-8/root/usr/lib]
  implicit libs: [c]
  implicit dirs: [/opt/rh/devtoolset-8/root/usr/lib/gcc/i686-redhat-linux/8;/opt/rh/devtoolset-8/root/usr/lib]
  implicit fwks: []


Determining if the CXX compiler works passed with the following output:
Change Dir: /tmp/pip-req-build-_kvnkoc1/openjpeg/src/openjpeg/build/CMakeFiles/CMakeTmp

Run Build Command:/usr/bin/gmake "cmTryCompileExec357130278/fast"
/usr/bin/gmake -f CMakeFiles/cmTryCompileExec357130278.dir/build.make CMakeFiles/cmTryCompileExec357130278.dir/build
gmake[1]: Entering directory `/tmp/pip-req-build-_kvnkoc1/openjpeg/src/openjpeg/build/CMakeFiles/CMakeTmp'
/usr/bin/cmake -E cmake_progress_report /tmp/pip-req-build-_kvnkoc1/openjpeg/src/openjpeg/build/CMakeFiles/CMakeTmp/CMakeFiles 1
Building CXX object CMakeFiles/cmTryCompileExec357130278.dir/testCXXCompiler.cxx.o
/opt/rh/devtoolset-8/root/usr/bin/c++     -o CMakeFiles/cmTryCompileExec357130278.dir/testCXXCompiler.cxx.o -c /tmp/pip-req-build-_kvnkoc1/openjpeg/src/openjpeg/build/CMakeFiles/CMakeTmp/testCXXCompiler.cxx
Linking CXX executable cmTryCompileExec357130278
/usr/bin/cmake -E cmake_link_script CMakeFiles/cmTryCompileExec357130278.dir/link.txt --verbose=1
/opt/rh/devtoolset-8/root/usr/bin/c++        CMakeFiles/cmTryCompileExec357130278.dir/testCXXCompiler.cxx.o  -o cmTryCompileExec357130278 -rdynamic 
gmake[1]: Leaving directory `/tmp/pip-req-build-_kvnkoc1/openjpeg/src/openjpeg/build/CMakeFiles/CMakeTmp'


Detecting CXX compiler ABI info compiled with the following output:
Change Dir: /tmp/pip-req-build-_kvnkoc1/openjpeg/src/openjpeg/build/CMakeFiles/CMakeTmp

Run Build Command:/usr/bin/gmake "cmTryCompileExec3573944916/fast"
/usr/bin/gmake -f CMakeFiles/cmTryCompileExec3573944916.dir/build.make CMakeFiles/cmTryCompileExec3573944916.dir/build
gmake[1]: Entering directory `/tmp/pip-req-build-_kvnkoc1/openjpeg/src/openjpeg/build/CMakeFiles/CMakeTmp'
/usr/bin/cmake -E cmake_progress_report /tmp/pip-req-build-_kvnkoc1/openjpeg/src/openjpeg/build/CMakeFiles/CMakeTmp/CMakeFiles 1
Building CXX object CMakeFiles/cmTryCompileExec3573944916.dir/CMakeCXXCompilerABI.cpp.o
/opt/rh/devtoolset-8/root/usr/bin/c++     -o CMakeFiles/cmTryCompileExec3573944916.dir/CMakeCXXCompilerABI.cpp.o -c /usr/share/cmake/Modules/CMakeCXXCompilerABI.cpp
Linking CXX executable cmTryCompileExec3573944916
/usr/bin/cmake -E cmake_link_script CMakeFiles/cmTryCompileExec3573944916.dir/link.txt --verbose=1
/opt/rh/devtoolset-8/root/usr/bin/c++      -v CMakeFiles/cmTryCompileExec3573944916.dir/CMakeCXXCompilerABI.cpp.o  -o cmTryCompileExec3573944916 -rdynamic  
Using built-in specs.
COLLECT_GCC=/opt/rh/devtoolset-8/root/usr/bin/c++
COLLECT_LTO_WRAPPER=/opt/rh/devtoolset-8/root/usr/libexec/gcc/i686-redhat-linux/8/lto-wrapper
Target: i686-redhat-linux
Configured with: ../configure --enable-bootstrap --enable-languages=c,c++,fortran,lto --prefix=/opt/rh/devtoolset-8/root/usr --mandir=/opt/rh/devtoolset-8/root/usr/share/man --infodir=/opt/rh/devtoolset-8/root/usr/share/info --with-bugurl=http://bugzilla.redhat.com/bugzilla --enable-shared --enable-threads=posix --enable-checking=release --enable-multilib --with-system-zlib --enable-__cxa_atexit --disable-libunwind-exceptions --enable-gnu-unique-object --enable-linker-build-id --with-gcc-major-version-only --with-linker-hash-style=gnu --with-default-libstdcxx-abi=gcc4-compatible --enable-plugin --enable-initfini-array --with-isl=/builddir/build/BUILD/gcc-8.3.1-20190311/obj-i686-redhat-linux/isl-install --disable-libmpx --with-mpc=/builddir/build/BUILD/gcc-8.3.1-20190311/obj-i686-redhat-linux/mpc-install --with-tune=generic --with-arch=i686 --build=i686-redhat-linux
Thread model: posix
gcc version 8.3.1 20190311 (Red Hat 8.3.1-3) (GCC) 
COMPILER_PATH=/opt/rh/devtoolset-8/root/usr/libexec/gcc/i686-redhat-linux/8/:/opt/rh/devtoolset-8/root/usr/libexec/gcc/i686-redhat-linux/8/:/opt/rh/devtoolset-8/root/usr/libexec/gcc/i686-redhat-linux/:/opt/rh/devtoolset-8/root/usr/lib/gcc/i686-redhat-linux/8/:/opt/rh/devtoolset-8/root/usr/lib/gcc/i686-redhat-linux/
LIBRARY_PATH=/opt/rh/devtoolset-8/root/usr/lib/gcc/i686-redhat-linux/8/:/opt/rh/devtoolset-8/root/usr/lib/gcc/i686-redhat-linux/8/../../../:/lib/:/usr/lib/
COLLECT_GCC_OPTIONS='-v' '-o' 'cmTryCompileExec3573944916' '-rdynamic' '-shared-libgcc' '-mtune=generic' '-march=i686'
 /opt/rh/devtoolset-8/root/usr/libexec/gcc/i686-redhat-linux/8/collect2 -plugin /opt/rh/devtoolset-8/root/usr/libexec/gcc/i686-redhat-linux/8/liblto_plugin.so -plugin-opt=/opt/rh/devtoolset-8/root/usr/libexec/gcc/i686-redhat-linux/8/lto-wrapper -plugin-opt=-fresolution=/tmp/ccEhJTJQ.res -plugin-opt=-pass-through=-lgcc_s -plugin-opt=-pass-through=-lgcc -plugin-opt=-pass-through=-lc -plugin-opt=-pass-through=-lgcc_s -plugin-opt=-pass-through=-lgcc --build-id --no-add-needed --eh-frame-hdr --hash-style=gnu -m elf_i386 -export-dynamic -dynamic-linker /lib/ld-linux.so.2 -o cmTryCompileExec3573944916 /usr/lib/crt1.o /usr/lib/crti.o /opt/rh/devtoolset-8/root/usr/lib/gcc/i686-redhat-linux/8/crtbegin.o -L/opt/rh/devtoolset-8/root/usr/lib/gcc/i686-redhat-linux/8 -L/opt/rh/devtoolset-8/root/usr/lib/gcc/i686-redhat-linux/8/../../.. CMakeFiles/cmTryCompileExec3573944916.dir/CMakeCXXCompilerABI.cpp.o -lstdc++ -lm -lgcc_s -lgcc -lc -lgcc_s -lgcc /opt/rh/devtoolset-8/root/usr/lib/gcc/i686-redhat-linux/8/crtend.o /usr/lib/crtn.o
COLLECT_GCC_OPTIONS='-v' '-o' 'cmTryCompileExec3573944916' '-rdynamic' '-shared-libgcc' '-mtune=generic' '-march=i686'
gmake[1]: Leaving directory `/tmp/pip-req-build-_kvnkoc1/openjpeg/src/openjpeg/build/CMakeFiles/CMakeTmp'


Parsed CXX implicit link information from above output:
  link line regex: [^( *|.*[/\])(ld|([^/\]+-)?ld|collect2)[^/\]*( |$)]
  ignore line: [Change Dir: /tmp/pip-req-build-_kvnkoc1/openjpeg/src/openjpeg/build/CMakeFiles/CMakeTmp]
  ignore line: []
  ignore line: [Run Build Command:/usr/bin/gmake "cmTryCompileExec3573944916/fast"]
  ignore line: [/usr/bin/gmake -f CMakeFiles/cmTryCompileExec3573944916.dir/build.make CMakeFiles/cmTryCompileExec3573944916.dir/build]
  ignore line: [gmake[1]: Entering directory `/tmp/pip-req-build-_kvnkoc1/openjpeg/src/openjpeg/build/CMakeFiles/CMakeTmp']
  ignore line: [/usr/bin/cmake -E cmake_progress_report /tmp/pip-req-build-_kvnkoc1/openjpeg/src/openjpeg/build/CMakeFiles/CMakeTmp/CMakeFiles 1]
  ignore line: [Building CXX object CMakeFiles/cmTryCompileExec3573944916.dir/CMakeCXXCompilerABI.cpp.o]
  ignore line: [/opt/rh/devtoolset-8/root/usr/bin/c++     -o CMakeFiles/cmTryCompileExec3573944916.dir/CMakeCXXCompilerABI.cpp.o -c /usr/share/cmake/Modules/CMakeCXXCompilerABI.cpp]
  ignore line: [Linking CXX executable cmTryCompileExec3573944916]
  ignore line: [/usr/bin/cmake -E cmake_link_script CMakeFiles/cmTryCompileExec3573944916.dir/link.txt --verbose=1]
  ignore line: [/opt/rh/devtoolset-8/root/usr/bin/c++      -v CMakeFiles/cmTryCompileExec3573944916.dir/CMakeCXXCompilerABI.cpp.o  -o cmTryCompileExec3573944916 -rdynamic  ]
  ignore line: [Using built-in specs.]
  ignore line: [COLLECT_GCC=/opt/rh/devtoolset-8/root/usr/bin/c++]
  ignore line: [COLLECT_LTO_WRAPPER=/opt/rh/devtoolset-8/root/usr/libexec/gcc/i686-redhat-linux/8/lto-wrapper]
  ignore line: [Target: i686-redhat-linux]
  ignore line: [Configured with: ../configure --enable-bootstrap --enable-languages=c,c++,fortran,lto --prefix=/opt/rh/devtoolset-8/root/usr --mandir=/opt/rh/devtoolset-8/root/usr/share/man --infodir=/opt/rh/devtoolset-8/root/usr/share/info --with-bugurl=http://bugzilla.redhat.com/bugzilla --enable-shared --enable-threads=posix --enable-checking=release --enable-multilib --with-system-zlib --enable-__cxa_atexit --disable-libunwind-exceptions --enable-gnu-unique-object --enable-linker-build-id --with-gcc-major-version-only --with-linker-hash-style=gnu --with-default-libstdcxx-abi=gcc4-compatible --enable-plugin --enable-initfini-array --with-isl=/builddir/build/BUILD/gcc-8.3.1-20190311/obj-i686-redhat-linux/isl-install --disable-libmpx --with-mpc=/builddir/build/BUILD/gcc-8.3.1-20190311/obj-i686-redhat-linux/mpc-install --with-tune=generic --with-arch=i686 --build=i686-redhat-linux]
  ignore line: [Thread model: posix]
  ignore line: [gcc version 8.3.1 20190311 (Red Hat 8.3.1-3) (GCC) ]
  ignore line: [COMPILER_PATH=/opt/rh/devtoolset-8/root/usr/libexec/gcc/i686-redhat-linux/8/:/opt/rh/devtoolset-8/root/usr/libexec/gcc/i686-redhat-linux/8/:/opt/rh/devtoolset-8/root/usr/libexec/gcc/i686-redhat-linux/:/opt/rh/devtoolset-8/root/usr/lib/gcc/i686-redhat-linux/8/:/opt/rh/devtoolset-8/root/usr/lib/gcc/i686-redhat-linux/]
  ignore line: [LIBRARY_PATH=/opt/rh/devtoolset-8/root/usr/lib/gcc/i686-redhat-linux/8/:/opt/rh/devtoolset-8/root/usr/lib/gcc/i686-redhat-linux/8/../../../:/lib/:/usr/lib/]
  ignore line: [COLLECT_GCC_OPTIONS='-v' '-o' 'cmTryCompileExec3573944916' '-rdynamic' '-shared-libgcc' '-mtune=generic' '-march=i686']
  link line: [ /opt/rh/devtoolset-8/root/usr/libexec/gcc/i686-redhat-linux/8/collect2 -plugin /opt/rh/devtoolset-8/root/usr/libexec/gcc/i686-redhat-linux/8/liblto_plugin.so -plugin-opt=/opt/rh/devtoolset-8/root/usr/libexec/gcc/i686-redhat-linux/8/lto-wrapper -plugin-opt=-fresolution=/tmp/ccEhJTJQ.res -plugin-opt=-pass-through=-lgcc_s -plugin-opt=-pass-through=-lgcc -plugin-opt=-pass-through=-lc -plugin-opt=-pass-through=-lgcc_s -plugin-opt=-pass-through=-lgcc --build-id --no-add-needed --eh-frame-hdr --hash-style=gnu -m elf_i386 -export-dynamic -dynamic-linker /lib/ld-linux.so.2 -o cmTryCompileExec3573944916 /usr/lib/crt1.o /usr/lib/crti.o /opt/rh/devtoolset-8/root/usr/lib/gcc/i686-redhat-linux/8/crtbegin.o -L/opt/rh/devtoolset-8/root/usr/lib/gcc/i686-redhat-linux/8 -L/opt/rh/devtoolset-8/root/usr/lib/gcc/i686-redhat-linux/8/../../.. CMakeFiles/cmTryCompileExec3573944916.dir/CMakeCXXCompilerABI.cpp.o -lstdc++ -lm -lgcc_s -lgcc -lc -lgcc_s -lgcc /opt/rh/devtoolset-8/root/usr/lib/gcc/i686-redhat-linux/8/crtend.o /usr/lib/crtn.o]
    arg [/opt/rh/devtoolset-8/root/usr/libexec/gcc/i686-redhat-linux/8/collect2] ==> ignore
    arg [-plugin] ==> ignore
    arg [/opt/rh/devtoolset-8/root/usr/libexec/gcc/i686-redhat-linux/8/liblto_plugin.so] ==> ignore
    arg [-plugin-opt=/opt/rh/devtoolset-8/root/usr/libexec/gcc/i686-redhat-linux/8/lto-wrapper] ==> ignore
    arg [-plugin-opt=-fresolution=/tmp/ccEhJTJQ.res] ==> ignore
    arg [-plugin-opt=-pass-through=-lgcc_s] ==> ignore
    arg [-plugin-opt=-pass-through=-lgcc] ==> ignore
    arg [-plugin-opt=-pass-through=-lc] ==> ignore
    arg [-plugin-opt=-pass-through=-lgcc_s] ==> ignore
    arg [-plugin-opt=-pass-through=-lgcc] ==> ignore
    arg [--build-id] ==> ignore
    arg [--no-add-needed] ==> ignore
    arg [--eh-frame-hdr] ==> ignore
    arg [--hash-style=gnu] ==> ignore
    arg [-m] ==> ignore
    arg [elf_i386] ==> ignore
    arg [-export-dynamic] ==> ignore
    arg [-dynamic-linker] ==> ignore
    arg [/lib/ld-linux.so.2] ==> ignore
    arg [-o] ==> ignore
    arg [cmTryCompileExec3573944916] ==> ignore
    arg [/usr/lib/crt1.o] ==> ignore
    arg [/usr/lib/crti.o] ==> ignore
    arg [/opt/rh/devtoolset-8/root/usr/lib/gcc/i686-redhat-linux/8/crtbegin.o] ==> ignore
    arg [-L/opt/rh/devtoolset-8/root/usr/lib/gcc/i686-redhat-linux/8] ==> dir [/opt/rh/devtoolset-8/root/usr/lib/gcc/i686-redhat-linux/8]
    arg [-L/opt/rh/devtoolset-8/root/usr/lib/gcc/i686-redhat-linux/8/../../..] ==> dir [/opt/rh/devtoolset-8/root/usr/lib/gcc/i686-redhat-linux/8/../../..]
    arg [CMakeFiles/cmTryCompileExec3573944916.dir/CMakeCXXCompilerABI.cpp.o] ==> ignore
    arg [-lstdc++] ==> lib [stdc++]
    arg [-lm] ==> lib [m]
    arg [-lgcc_s] ==> lib [gcc_s]
    arg [-lgcc] ==> lib [gcc]
    arg [-lc] ==> lib [c]
    arg [-lgcc_s] ==> lib [gcc_s]
    arg [-lgcc] ==> lib [gcc]
    arg [/opt/rh/devtoolset-8/root/usr/lib/gcc/i686-redhat-linux/8/crtend.o] ==> ignore
    arg [/usr/lib/crtn.o] ==> ignore
  remove lib [gcc_s]
  remove lib [gcc]
  remove lib [gcc_s]
  remove lib [gcc]
  collapse library dir [/opt/rh/devtoolset-8/root/usr/lib/gcc/i686-redhat-linux/8] ==> [/opt/rh/devtoolset-8/root/usr/lib/gcc/i686-redhat-linux/8]
  collapse library dir [/opt/rh/devtoolset-8/root/usr/lib/gcc/i686-redhat-linux/8/../../..] ==> [/opt/rh/devtoolset-8/root/usr/lib]
  implicit libs: [stdc++;m;c]
  implicit dirs: [/opt/rh/devtoolset-8/root/usr/lib/gcc/i686-redhat-linux/8;/opt/rh/devtoolset-8/root/usr/lib]
  implicit fwks: []


Determining if the include file sys/types.h exists passed with the following output:
Change Dir: /tmp/pip-req-build-_kvnkoc1/openjpeg/src/openjpeg/build/CMakeFiles/CMakeTmp

Run Build Command:/usr/bin/gmake "cmTryCompileExec1779294937/fast"
/usr/bin/gmake -f CMakeFiles/cmTryCompileExec1779294937.dir/build.make CMakeFiles/cmTryCompileExec1779294937.dir/build
gmake[1]: Entering directory `/tmp/pip-req-build-_kvnkoc1/openjpeg/src/openjpeg/build/CMakeFiles/CMakeTmp'
/usr/bin/cmake -E cmake_progress_report /tmp/pip-req-build-_kvnkoc1/openjpeg/src/openjpeg/build/CMakeFiles/CMakeTmp/CMakeFiles 1
Building C object CMakeFiles/cmTryCompileExec1779294937.dir/CheckIncludeFile.c.o
/opt/rh/devtoolset-8/root/usr/bin/cc    -o CMakeFiles/cmTryCompileExec1779294937.dir/CheckIncludeFile.c.o   -c /tmp/pip-req-build-_kvnkoc1/openjpeg/src/openjpeg/build/CMakeFiles/CMakeTmp/CheckIncludeFile.c
Linking C executable cmTryCompileExec1779294937
/usr/bin/cmake -E cmake_link_script CMakeFiles/cmTryCompileExec1779294937.dir/link.txt --verbose=1
/opt/rh/devtoolset-8/root/usr/bin/cc       CMakeFiles/cmTryCompileExec1779294937.dir/CheckIncludeFile.c.o  -o cmTryCompileExec1779294937 -rdynamic 
gmake[1]: Leaving directory `/tmp/pip-req-build-_kvnkoc1/openjpeg/src/openjpeg/build/CMakeFiles/CMakeTmp'


Determining if the include file stdint.h exists passed with the following output:
Change Dir: /tmp/pip-req-build-_kvnkoc1/openjpeg/src/openjpeg/build/CMakeFiles/CMakeTmp

Run Build Command:/usr/bin/gmake "cmTryCompileExec667653455/fast"
/usr/bin/gmake -f CMakeFiles/cmTryCompileExec667653455.dir/build.make CMakeFiles/cmTryCompileExec667653455.dir/build
gmake[1]: Entering directory `/tmp/pip-req-build-_kvnkoc1/openjpeg/src/openjpeg/build/CMakeFiles/CMakeTmp'
/usr/bin/cmake -E cmake_progress_report /tmp/pip-req-build-_kvnkoc1/openjpeg/src/openjpeg/build/CMakeFiles/CMakeTmp/CMakeFiles 1
Building C object CMakeFiles/cmTryCompileExec667653455.dir/CheckIncludeFile.c.o
/opt/rh/devtoolset-8/root/usr/bin/cc    -o CMakeFiles/cmTryCompileExec667653455.dir/CheckIncludeFile.c.o   -c /tmp/pip-req-build-_kvnkoc1/openjpeg/src/openjpeg/build/CMakeFiles/CMakeTmp/CheckIncludeFile.c
Linking C executable cmTryCompileExec667653455
/usr/bin/cmake -E cmake_link_script CMakeFiles/cmTryCompileExec667653455.dir/link.txt --verbose=1
/opt/rh/devtoolset-8/root/usr/bin/cc       CMakeFiles/cmTryCompileExec667653455.dir/CheckIncludeFile.c.o  -o cmTryCompileExec667653455 -rdynamic 
gmake[1]: Leaving directory `/tmp/pip-req-build-_kvnkoc1/openjpeg/src/openjpeg/build/CMakeFiles/CMakeTmp'


Determining if the include file stddef.h exists passed with the following output:
Change Dir: /tmp/pip-req-build-_kvnkoc1/openjpeg/src/openjpeg/build/CMakeFiles/CMakeTmp

Run Build Command:/usr/bin/gmake "cmTryCompileExec2485458006/fast"
/usr/bin/gmake -f CMakeFiles/cmTryCompileExec2485458006.dir/build.make CMakeFiles/cmTryCompileExec2485458006.dir/build
gmake[1]: Entering directory `/tmp/pip-req-build-_kvnkoc1/openjpeg/src/openjpeg/build/CMakeFiles/CMakeTmp'
/usr/bin/cmake -E cmake_progress_report /tmp/pip-req-build-_kvnkoc1/openjpeg/src/openjpeg/build/CMakeFiles/CMakeTmp/CMakeFiles 1
Building C object CMakeFiles/cmTryCompileExec2485458006.dir/CheckIncludeFile.c.o
/opt/rh/devtoolset-8/root/usr/bin/cc    -o CMakeFiles/cmTryCompileExec2485458006.dir/CheckIncludeFile.c.o   -c /tmp/pip-req-build-_kvnkoc1/openjpeg/src/openjpeg/build/CMakeFiles/CMakeTmp/CheckIncludeFile.c
Linking C executable cmTryCompileExec2485458006
/usr/bin/cmake -E cmake_link_script CMakeFiles/cmTryCompileExec2485458006.dir/link.txt --verbose=1
/opt/rh/devtoolset-8/root/usr/bin/cc       CMakeFiles/cmTryCompileExec2485458006.dir/CheckIncludeFile.c.o  -o cmTryCompileExec2485458006 -rdynamic 
gmake[1]: Leaving directory `/tmp/pip-req-build-_kvnkoc1/openjpeg/src/openjpeg/build/CMakeFiles/CMakeTmp'


Determining size of unsigned short passed with the following output:
Change Dir: /tmp/pip-req-build-_kvnkoc1/openjpeg/src/openjpeg/build/CMakeFiles/CMakeTmp

Run Build Command:/usr/bin/gmake "cmTryCompileExec4182333148/fast"
/usr/bin/gmake -f CMakeFiles/cmTryCompileExec4182333148.dir/build.make CMakeFiles/cmTryCompileExec4182333148.dir/build
gmake[1]: Entering directory `/tmp/pip-req-build-_kvnkoc1/openjpeg/src/openjpeg/build/CMakeFiles/CMakeTmp'
/usr/bin/cmake -E cmake_progress_report /tmp/pip-req-build-_kvnkoc1/openjpeg/src/openjpeg/build/CMakeFiles/CMakeTmp/CMakeFiles 1
Building C object CMakeFiles/cmTryCompileExec4182333148.dir/CMAKE_SIZEOF_UNSIGNED_SHORT.c.o
/opt/rh/devtoolset-8/root/usr/bin/cc    -o CMakeFiles/cmTryCompileExec4182333148.dir/CMAKE_SIZEOF_UNSIGNED_SHORT.c.o   -c /tmp/pip-req-build-_kvnkoc1/openjpeg/src/openjpeg/build/CMakeFiles/CheckTypeSize/CMAKE_SIZEOF_UNSIGNED_SHORT.c
Linking C executable cmTryCompileExec4182333148
/usr/bin/cmake -E cmake_link_script CMakeFiles/cmTryCompileExec4182333148.dir/link.txt --verbose=1
/opt/rh/devtoolset-8/root/usr/bin/cc       CMakeFiles/cmTryCompileExec4182333148.dir/CMAKE_SIZEOF_UNSIGNED_SHORT.c.o  -o cmTryCompileExec4182333148 -rdynamic 
gmake[1]: Leaving directory `/tmp/pip-req-build-_kvnkoc1/openjpeg/src/openjpeg/build/CMakeFiles/CMakeTmp'


Determining if the include file string.h exists passed with the following output:
Change Dir: /tmp/pip-req-build-_kvnkoc1/openjpeg/src/openjpeg/build/CMakeFiles/CMakeTmp

Run Build Command:/usr/bin/gmake "cmTryCompileExec2346155862/fast"
/usr/bin/gmake -f CMakeFiles/cmTryCompileExec2346155862.dir/build.make CMakeFiles/cmTryCompileExec2346155862.dir/build
gmake[1]: Entering directory `/tmp/pip-req-build-_kvnkoc1/openjpeg/src/openjpeg/build/CMakeFiles/CMakeTmp'
/usr/bin/cmake -E cmake_progress_report /tmp/pip-req-build-_kvnkoc1/openjpeg/src/openjpeg/build/CMakeFiles/CMakeTmp/CMakeFiles 1
Building C object CMakeFiles/cmTryCompileExec2346155862.dir/CheckIncludeFile.c.o
/opt/rh/devtoolset-8/root/usr/bin/cc    -o CMakeFiles/cmTryCompileExec2346155862.dir/CheckIncludeFile.c.o   -c /tmp/pip-req-build-_kvnkoc1/openjpeg/src/openjpeg/build/CMakeFiles/CMakeTmp/CheckIncludeFile.c
Linking C executable cmTryCompileExec2346155862
/usr/bin/cmake -E cmake_link_script CMakeFiles/cmTryCompileExec2346155862.dir/link.txt --verbose=1
/opt/rh/devtoolset-8/root/usr/bin/cc       CMakeFiles/cmTryCompileExec2346155862.dir/CheckIncludeFile.c.o  -o cmTryCompileExec2346155862 -rdynamic 
gmake[1]: Leaving directory `/tmp/pip-req-build-_kvnkoc1/openjpeg/src/openjpeg/build/CMakeFiles/CMakeTmp'


Determining if the include file memory.h exists passed with the following output:
Change Dir: /tmp/pip-req-build-_kvnkoc1/openjpeg/src/openjpeg/build/CMakeFiles/CMakeTmp

Run Build Command:/usr/bin/gmake "cmTryCompileExec2955904379/fast"
/usr/bin/gmake -f CMakeFiles/cmTryCompileExec2955904379.dir/build.make CMakeFiles/cmTryCompileExec2955904379.dir/build
gmake[1]: Entering directory `/tmp/pip-req-build-_kvnkoc1/openjpeg/src/openjpeg/build/CMakeFiles/CMakeTmp'
/usr/bin/cmake -E cmake_progress_report /tmp/pip-req-build-_kvnkoc1/openjpeg/src/openjpeg/build/CMakeFiles/CMakeTmp/CMakeFiles 1
Building C object CMakeFiles/cmTryCompileExec2955904379.dir/CheckIncludeFile.c.o
/opt/rh/devtoolset-8/root/usr/bin/cc    -o CMakeFiles/cmTryCompileExec2955904379.dir/CheckIncludeFile.c.o   -c /tmp/pip-req-build-_kvnkoc1/openjpeg/src/openjpeg/build/CMakeFiles/CMakeTmp/CheckIncludeFile.c
Linking C executable cmTryCompileExec2955904379
/usr/bin/cmake -E cmake_link_script CMakeFiles/cmTryCompileExec2955904379.dir/link.txt --verbose=1
/opt/rh/devtoolset-8/root/usr/bin/cc       CMakeFiles/cmTryCompileExec2955904379.dir/CheckIncludeFile.c.o  -o cmTryCompileExec2955904379 -rdynamic 
gmake[1]: Leaving directory `/tmp/pip-req-build-_kvnkoc1/openjpeg/src/openjpeg/build/CMakeFiles/CMakeTmp'


Determining if the include file stdlib.h exists passed with the following output:
Change Dir: /tmp/pip-req-build-_kvnkoc1/openjpeg/src/openjpeg/build/CMakeFiles/CMakeTmp

Run Build Command:/usr/bin/gmake "cmTryCompileExec239874743/fast"
/usr/bin/gmake -f CMakeFiles/cmTryCompileExec239874743.dir/build.make CMakeFiles/cmTryCompileExec239874743.dir/build
gmake[1]: Entering directory `/tmp/pip-req-build-_kvnkoc1/openjpeg/src/openjpeg/build/CMakeFiles/CMakeTmp'
/usr/bin/cmake -E cmake_progress_report /tmp/pip-req-build-_kvnkoc1/openjpeg/src/openjpeg/build/CMakeFiles/CMakeTmp/CMakeFiles 1
Building C object CMakeFiles/cmTryCompileExec239874743.dir/CheckIncludeFile.c.o
/opt/rh/devtoolset-8/root/usr/bin/cc    -o CMakeFiles/cmTryCompileExec239874743.dir/CheckIncludeFile.c.o   -c /tmp/pip-req-build-_kvnkoc1/openjpeg/src/openjpeg/build/CMakeFiles/CMakeTmp/CheckIncludeFile.c
Linking C executable cmTryCompileExec239874743
/usr/bin/cmake -E cmake_link_script CMakeFiles/cmTryCompileExec239874743.dir/link.txt --verbose=1
/opt/rh/devtoolset-8/root/usr/bin/cc       CMakeFiles/cmTryCompileExec239874743.dir/CheckIncludeFile.c.o  -o cmTryCompileExec239874743 -rdynamic 
gmake[1]: Leaving directory `/tmp/pip-req-build-_kvnkoc1/openjpeg/src/openjpeg/build/CMakeFiles/CMakeTmp'


Determining if the include file stdio.h exists passed with the following output:
Change Dir: /tmp/pip-req-build-_kvnkoc1/openjpeg/src/openjpeg/build/CMakeFiles/CMakeTmp

Run Build Command:/usr/bin/gmake "cmTryCompileExec3854464996/fast"
/usr/bin/gmake -f CMakeFiles/cmTryCompileExec3854464996.dir/build.make CMakeFiles/cmTryCompileExec3854464996.dir/build
gmake[1]: Entering directory `/tmp/pip-req-build-_kvnkoc1/openjpeg/src/openjpeg/build/CMakeFiles/CMakeTmp'
/usr/bin/cmake -E cmake_progress_report /tmp/pip-req-build-_kvnkoc1/openjpeg/src/openjpeg/build/CMakeFiles/CMakeTmp/CMakeFiles 1
Building C object CMakeFiles/cmTryCompileExec3854464996.dir/CheckIncludeFile.c.o
/opt/rh/devtoolset-8/root/usr/bin/cc    -o CMakeFiles/cmTryCompileExec3854464996.dir/CheckIncludeFile.c.o   -c /tmp/pip-req-build-_kvnkoc1/openjpeg/src/openjpeg/build/CMakeFiles/CMakeTmp/CheckIncludeFile.c
Linking C executable cmTryCompileExec3854464996
/usr/bin/cmake -E cmake_link_script CMakeFiles/cmTryCompileExec3854464996.dir/link.txt --verbose=1
/opt/rh/devtoolset-8/root/usr/bin/cc       CMakeFiles/cmTryCompileExec3854464996.dir/CheckIncludeFile.c.o  -o cmTryCompileExec3854464996 -rdynamic 
gmake[1]: Leaving directory `/tmp/pip-req-build-_kvnkoc1/openjpeg/src/openjpeg/build/CMakeFiles/CMakeTmp'


Determining if the include file math.h exists passed with the following output:
Change Dir: /tmp/pip-req-build-_kvnkoc1/openjpeg/src/openjpeg/build/CMakeFiles/CMakeTmp

Run Build Command:/usr/bin/gmake "cmTryCompileExec82608619/fast"
/usr/bin/gmake -f CMakeFiles/cmTryCompileExec82608619.dir/build.make CMakeFiles/cmTryCompileExec82608619.dir/build
gmake[1]: Entering directory `/tmp/pip-req-build-_kvnkoc1/openjpeg/src/openjpeg/build/CMakeFiles/CMakeTmp'
/usr/bin/cmake -E cmake_progress_report /tmp/pip-req-build-_kvnkoc1/openjpeg/src/openjpeg/build/CMakeFiles/CMakeTmp/CMakeFiles 1
Building C object CMakeFiles/cmTryCompileExec82608619.dir/CheckIncludeFile.c.o
/opt/rh/devtoolset-8/root/usr/bin/cc    -o CMakeFiles/cmTryCompileExec82608619.dir/CheckIncludeFile.c.o   -c /tmp/pip-req-build-_kvnkoc1/openjpeg/src/openjpeg/build/CMakeFiles/CMakeTmp/CheckIncludeFile.c
Linking C executable cmTryCompileExec82608619
/usr/bin/cmake -E cmake_link_script CMakeFiles/cmTryCompileExec82608619.dir/link.txt --verbose=1
/opt/rh/devtoolset-8/root/usr/bin/cc       CMakeFiles/cmTryCompileExec82608619.dir/CheckIncludeFile.c.o  -o cmTryCompileExec82608619 -rdynamic 
gmake[1]: Leaving directory `/tmp/pip-req-build-_kvnkoc1/openjpeg/src/openjpeg/build/CMakeFiles/CMakeTmp'


Determining if the include file float.h exists passed with the following output:
Change Dir: /tmp/pip-req-build-_kvnkoc1/openjpeg/src/openjpeg/build/CMakeFiles/CMakeTmp

Run Build Command:/usr/bin/gmake "cmTryCompileExec2899268031/fast"
/usr/bin/gmake -f CMakeFiles/cmTryCompileExec2899268031.dir/build.make CMakeFiles/cmTryCompileExec2899268031.dir/build
gmake[1]: Entering directory `/tmp/pip-req-build-_kvnkoc1/openjpeg/src/openjpeg/build/CMakeFiles/CMakeTmp'
/usr/bin/cmake -E cmake_progress_report /tmp/pip-req-build-_kvnkoc1/openjpeg/src/openjpeg/build/CMakeFiles/CMakeTmp/CMakeFiles 1
Building C object CMakeFiles/cmTryCompileExec2899268031.dir/CheckIncludeFile.c.o
/opt/rh/devtoolset-8/root/usr/bin/cc    -o CMakeFiles/cmTryCompileExec2899268031.dir/CheckIncludeFile.c.o   -c /tmp/pip-req-build-_kvnkoc1/openjpeg/src/openjpeg/build/CMakeFiles/CMakeTmp/CheckIncludeFile.c
Linking C executable cmTryCompileExec2899268031
/usr/bin/cmake -E cmake_link_script CMakeFiles/cmTryCompileExec2899268031.dir/link.txt --verbose=1
/opt/rh/devtoolset-8/root/usr/bin/cc       CMakeFiles/cmTryCompileExec2899268031.dir/CheckIncludeFile.c.o  -o cmTryCompileExec2899268031 -rdynamic 
gmake[1]: Leaving directory `/tmp/pip-req-build-_kvnkoc1/openjpeg/src/openjpeg/build/CMakeFiles/CMakeTmp'


Determining if the include file time.h exists passed with the following output:
Change Dir: /tmp/pip-req-build-_kvnkoc1/openjpeg/src/openjpeg/build/CMakeFiles/CMakeTmp

Run Build Command:/usr/bin/gmake "cmTryCompileExec313134753/fast"
/usr/bin/gmake -f CMakeFiles/cmTryCompileExec313134753.dir/build.make CMakeFiles/cmTryCompileExec313134753.dir/build
gmake[1]: Entering directory `/tmp/pip-req-build-_kvnkoc1/openjpeg/src/openjpeg/build/CMakeFiles/CMakeTmp'
/usr/bin/cmake -E cmake_progress_report /tmp/pip-req-build-_kvnkoc1/openjpeg/src/openjpeg/build/CMakeFiles/CMakeTmp/CMakeFiles 1
Building C object CMakeFiles/cmTryCompileExec313134753.dir/CheckIncludeFile.c.o
/opt/rh/devtoolset-8/root/usr/bin/cc    -o CMakeFiles/cmTryCompileExec313134753.dir/CheckIncludeFile.c.o   -c /tmp/pip-req-build-_kvnkoc1/openjpeg/src/openjpeg/build/CMakeFiles/CMakeTmp/CheckIncludeFile.c
Linking C executable cmTryCompileExec313134753
/usr/bin/cmake -E cmake_link_script CMakeFiles/cmTryCompileExec313134753.dir/link.txt --verbose=1
/opt/rh/devtoolset-8/root/usr/bin/cc       CMakeFiles/cmTryCompileExec313134753.dir/CheckIncludeFile.c.o  -o cmTryCompileExec313134753 -rdynamic 
gmake[1]: Leaving directory `/tmp/pip-req-build-_kvnkoc1/openjpeg/src/openjpeg/build/CMakeFiles/CMakeTmp'


Determining if the include file stdarg.h exists passed with the following output:
Change Dir: /tmp/pip-req-build-_kvnkoc1/openjpeg/src/openjpeg/build/CMakeFiles/CMakeTmp

Run Build Command:/usr/bin/gmake "cmTryCompileExec1985908758/fast"
/usr/bin/gmake -f CMakeFiles/cmTryCompileExec1985908758.dir/build.make CMakeFiles/cmTryCompileExec1985908758.dir/build
gmake[1]: Entering directory `/tmp/pip-req-build-_kvnkoc1/openjpeg/src/openjpeg/build/CMakeFiles/CMakeTmp'
/usr/bin/cmake -E cmake_progress_report /tmp/pip-req-build-_kvnkoc1/openjpeg/src/openjpeg/build/CMakeFiles/CMakeTmp/CMakeFiles 1
Building C object CMakeFiles/cmTryCompileExec1985908758.dir/CheckIncludeFile.c.o
/opt/rh/devtoolset-8/root/usr/bin/cc    -o CMakeFiles/cmTryCompileExec1985908758.dir/CheckIncludeFile.c.o   -c /tmp/pip-req-build-_kvnkoc1/openjpeg/src/openjpeg/build/CMakeFiles/CMakeTmp/CheckIncludeFile.c
Linking C executable cmTryCompileExec1985908758
/usr/bin/cmake -E cmake_link_script CMakeFiles/cmTryCompileExec1985908758.dir/link.txt --verbose=1
/opt/rh/devtoolset-8/root/usr/bin/cc       CMakeFiles/cmTryCompileExec1985908758.dir/CheckIncludeFile.c.o  -o cmTryCompileExec1985908758 -rdynamic 
gmake[1]: Leaving directory `/tmp/pip-req-build-_kvnkoc1/openjpeg/src/openjpeg/build/CMakeFiles/CMakeTmp'


Determining if the include file ctype.h exists passed with the following output:
Change Dir: /tmp/pip-req-build-_kvnkoc1/openjpeg/src/openjpeg/build/CMakeFiles/CMakeTmp

Run Build Command:/usr/bin/gmake "cmTryCompileExec3621440630/fast"
/usr/bin/gmake -f CMakeFiles/cmTryCompileExec3621440630.dir/build.make CMakeFiles/cmTryCompileExec3621440630.dir/build
gmake[1]: Entering directory `/tmp/pip-req-build-_kvnkoc1/openjpeg/src/openjpeg/build/CMakeFiles/CMakeTmp'
/usr/bin/cmake -E cmake_progress_report /tmp/pip-req-build-_kvnkoc1/openjpeg/src/openjpeg/build/CMakeFiles/CMakeTmp/CMakeFiles 1
Building C object CMakeFiles/cmTryCompileExec3621440630.dir/CheckIncludeFile.c.o
/opt/rh/devtoolset-8/root/usr/bin/cc    -o CMakeFiles/cmTryCompileExec3621440630.dir/CheckIncludeFile.c.o   -c /tmp/pip-req-build-_kvnkoc1/openjpeg/src/openjpeg/build/CMakeFiles/CMakeTmp/CheckIncludeFile.c
Linking C executable cmTryCompileExec3621440630
/usr/bin/cmake -E cmake_link_script CMakeFiles/cmTryCompileExec3621440630.dir/link.txt --verbose=1
/opt/rh/devtoolset-8/root/usr/bin/cc       CMakeFiles/cmTryCompileExec3621440630.dir/CheckIncludeFile.c.o  -o cmTryCompileExec3621440630 -rdynamic 
gmake[1]: Leaving directory `/tmp/pip-req-build-_kvnkoc1/openjpeg/src/openjpeg/build/CMakeFiles/CMakeTmp'


Determining if the include file assert.h exists passed with the following output:
Change Dir: /tmp/pip-req-build-_kvnkoc1/openjpeg/src/openjpeg/build/CMakeFiles/CMakeTmp

Run Build Command:/usr/bin/gmake "cmTryCompileExec1688575982/fast"
/usr/bin/gmake -f CMakeFiles/cmTryCompileExec1688575982.dir/build.make CMakeFiles/cmTryCompileExec1688575982.dir/build
gmake[1]: Entering directory `/tmp/pip-req-build-_kvnkoc1/openjpeg/src/openjpeg/build/CMakeFiles/CMakeTmp'
/usr/bin/cmake -E cmake_progress_report /tmp/pip-req-build-_kvnkoc1/openjpeg/src/openjpeg/build/CMakeFiles/CMakeTmp/CMakeFiles 1
Building C object CMakeFiles/cmTryCompileExec1688575982.dir/CheckIncludeFile.c.o
/opt/rh/devtoolset-8/root/usr/bin/cc    -o CMakeFiles/cmTryCompileExec1688575982.dir/CheckIncludeFile.c.o   -c /tmp/pip-req-build-_kvnkoc1/openjpeg/src/openjpeg/build/CMakeFiles/CMakeTmp/CheckIncludeFile.c
Linking C executable cmTryCompileExec1688575982
/usr/bin/cmake -E cmake_link_script CMakeFiles/cmTryCompileExec1688575982.dir/link.txt --verbose=1
/opt/rh/devtoolset-8/root/usr/bin/cc       CMakeFiles/cmTryCompileExec1688575982.dir/CheckIncludeFile.c.o  -o cmTryCompileExec1688575982 -rdynamic 
gmake[1]: Leaving directory `/tmp/pip-req-build-_kvnkoc1/openjpeg/src/openjpeg/build/CMakeFiles/CMakeTmp'


Determining if the include file stdint.h exists passed with the following output:
Change Dir: /tmp/pip-req-build-_kvnkoc1/openjpeg/src/openjpeg/build/CMakeFiles/CMakeTmp

Run Build Command:/usr/bin/gmake "cmTryCompileExec780061442/fast"
/usr/bin/gmake -f CMakeFiles/cmTryCompileExec780061442.dir/build.make CMakeFiles/cmTryCompileExec780061442.dir/build
gmake[1]: Entering directory `/tmp/pip-req-build-_kvnkoc1/openjpeg/src/openjpeg/build/CMakeFiles/CMakeTmp'
/usr/bin/cmake -E cmake_progress_report /tmp/pip-req-build-_kvnkoc1/openjpeg/src/openjpeg/build/CMakeFiles/CMakeTmp/CMakeFiles 1
Building C object CMakeFiles/cmTryCompileExec780061442.dir/CheckIncludeFile.c.o
/opt/rh/devtoolset-8/root/usr/bin/cc    -o CMakeFiles/cmTryCompileExec780061442.dir/CheckIncludeFile.c.o   -c /tmp/pip-req-build-_kvnkoc1/openjpeg/src/openjpeg/build/CMakeFiles/CMakeTmp/CheckIncludeFile.c
Linking C executable cmTryCompileExec780061442
/usr/bin/cmake -E cmake_link_script CMakeFiles/cmTryCompileExec780061442.dir/link.txt --verbose=1
/opt/rh/devtoolset-8/root/usr/bin/cc       CMakeFiles/cmTryCompileExec780061442.dir/CheckIncludeFile.c.o  -o cmTryCompileExec780061442 -rdynamic 
gmake[1]: Leaving directory `/tmp/pip-req-build-_kvnkoc1/openjpeg/src/openjpeg/build/CMakeFiles/CMakeTmp'


Determining if the include file inttypes.h exists passed with the following output:
Change Dir: /tmp/pip-req-build-_kvnkoc1/openjpeg/src/openjpeg/build/CMakeFiles/CMakeTmp

Run Build Command:/usr/bin/gmake "cmTryCompileExec4220322871/fast"
/usr/bin/gmake -f CMakeFiles/cmTryCompileExec4220322871.dir/build.make CMakeFiles/cmTryCompileExec4220322871.dir/build
gmake[1]: Entering directory `/tmp/pip-req-build-_kvnkoc1/openjpeg/src/openjpeg/build/CMakeFiles/CMakeTmp'
/usr/bin/cmake -E cmake_progress_report /tmp/pip-req-build-_kvnkoc1/openjpeg/src/openjpeg/build/CMakeFiles/CMakeTmp/CMakeFiles 1
Building C object CMakeFiles/cmTryCompileExec4220322871.dir/CheckIncludeFile.c.o
/opt/rh/devtoolset-8/root/usr/bin/cc    -o CMakeFiles/cmTryCompileExec4220322871.dir/CheckIncludeFile.c.o   -c /tmp/pip-req-build-_kvnkoc1/openjpeg/src/openjpeg/build/CMakeFiles/CMakeTmp/CheckIncludeFile.c
Linking C executable cmTryCompileExec4220322871
/usr/bin/cmake -E cmake_link_script CMakeFiles/cmTryCompileExec4220322871.dir/link.txt --verbose=1
/opt/rh/devtoolset-8/root/usr/bin/cc       CMakeFiles/cmTryCompileExec4220322871.dir/CheckIncludeFile.c.o  -o cmTryCompileExec4220322871 -rdynamic 
gmake[1]: Leaving directory `/tmp/pip-req-build-_kvnkoc1/openjpeg/src/openjpeg/build/CMakeFiles/CMakeTmp'


Determining if the include file strings.h exists passed with the following output:
Change Dir: /tmp/pip-req-build-_kvnkoc1/openjpeg/src/openjpeg/build/CMakeFiles/CMakeTmp

Run Build Command:/usr/bin/gmake "cmTryCompileExec3894056289/fast"
/usr/bin/gmake -f CMakeFiles/cmTryCompileExec3894056289.dir/build.make CMakeFiles/cmTryCompileExec3894056289.dir/build
gmake[1]: Entering directory `/tmp/pip-req-build-_kvnkoc1/openjpeg/src/openjpeg/build/CMakeFiles/CMakeTmp'
/usr/bin/cmake -E cmake_progress_report /tmp/pip-req-build-_kvnkoc1/openjpeg/src/openjpeg/build/CMakeFiles/CMakeTmp/CMakeFiles 1
Building C object CMakeFiles/cmTryCompileExec3894056289.dir/CheckIncludeFile.c.o
/opt/rh/devtoolset-8/root/usr/bin/cc    -o CMakeFiles/cmTryCompileExec3894056289.dir/CheckIncludeFile.c.o   -c /tmp/pip-req-build-_kvnkoc1/openjpeg/src/openjpeg/build/CMakeFiles/CMakeTmp/CheckIncludeFile.c
Linking C executable cmTryCompileExec3894056289
/usr/bin/cmake -E cmake_link_script CMakeFiles/cmTryCompileExec3894056289.dir/link.txt --verbose=1
/opt/rh/devtoolset-8/root/usr/bin/cc       CMakeFiles/cmTryCompileExec3894056289.dir/CheckIncludeFile.c.o  -o cmTryCompileExec3894056289 -rdynamic 
gmake[1]: Leaving directory `/tmp/pip-req-build-_kvnkoc1/openjpeg/src/openjpeg/build/CMakeFiles/CMakeTmp'


Determining if the include file sys/stat.h exists passed with the following output:
Change Dir: /tmp/pip-req-build-_kvnkoc1/openjpeg/src/openjpeg/build/CMakeFiles/CMakeTmp

Run Build Command:/usr/bin/gmake "cmTryCompileExec1314370626/fast"
/usr/bin/gmake -f CMakeFiles/cmTryCompileExec1314370626.dir/build.make CMakeFiles/cmTryCompileExec1314370626.dir/build
gmake[1]: Entering directory `/tmp/pip-req-build-_kvnkoc1/openjpeg/src/openjpeg/build/CMakeFiles/CMakeTmp'
/usr/bin/cmake -E cmake_progress_report /tmp/pip-req-build-_kvnkoc1/openjpeg/src/openjpeg/build/CMakeFiles/CMakeTmp/CMakeFiles 1
Building C object CMakeFiles/cmTryCompileExec1314370626.dir/CheckIncludeFile.c.o
/opt/rh/devtoolset-8/root/usr/bin/cc    -o CMakeFiles/cmTryCompileExec1314370626.dir/CheckIncludeFile.c.o   -c /tmp/pip-req-build-_kvnkoc1/openjpeg/src/openjpeg/build/CMakeFiles/CMakeTmp/CheckIncludeFile.c
Linking C executable cmTryCompileExec1314370626
/usr/bin/cmake -E cmake_link_script CMakeFiles/cmTryCompileExec1314370626.dir/link.txt --verbose=1
/opt/rh/devtoolset-8/root/usr/bin/cc       CMakeFiles/cmTryCompileExec1314370626.dir/CheckIncludeFile.c.o  -o cmTryCompileExec1314370626 -rdynamic 
gmake[1]: Leaving directory `/tmp/pip-req-build-_kvnkoc1/openjpeg/src/openjpeg/build/CMakeFiles/CMakeTmp'


Determining if the include file unistd.h exists passed with the following output:
Change Dir: /tmp/pip-req-build-_kvnkoc1/openjpeg/src/openjpeg/build/CMakeFiles/CMakeTmp

Run Build Command:/usr/bin/gmake "cmTryCompileExec1198113180/fast"
/usr/bin/gmake -f CMakeFiles/cmTryCompileExec1198113180.dir/build.make CMakeFiles/cmTryCompileExec1198113180.dir/build
gmake[1]: Entering directory `/tmp/pip-req-build-_kvnkoc1/openjpeg/src/openjpeg/build/CMakeFiles/CMakeTmp'
/usr/bin/cmake -E cmake_progress_report /tmp/pip-req-build-_kvnkoc1/openjpeg/src/openjpeg/build/CMakeFiles/CMakeTmp/CMakeFiles 1
Building C object CMakeFiles/cmTryCompileExec1198113180.dir/CheckIncludeFile.c.o
/opt/rh/devtoolset-8/root/usr/bin/cc    -o CMakeFiles/cmTryCompileExec1198113180.dir/CheckIncludeFile.c.o   -c /tmp/pip-req-build-_kvnkoc1/openjpeg/src/openjpeg/build/CMakeFiles/CMakeTmp/CheckIncludeFile.c
Linking C executable cmTryCompileExec1198113180
/usr/bin/cmake -E cmake_link_script CMakeFiles/cmTryCompileExec1198113180.dir/link.txt --verbose=1
/opt/rh/devtoolset-8/root/usr/bin/cc       CMakeFiles/cmTryCompileExec1198113180.dir/CheckIncludeFile.c.o  -o cmTryCompileExec1198113180 -rdynamic 
gmake[1]: Leaving directory `/tmp/pip-req-build-_kvnkoc1/openjpeg/src/openjpeg/build/CMakeFiles/CMakeTmp'


Determining if files malloc.h exist passed with the following output:
Change Dir: /tmp/pip-req-build-_kvnkoc1/openjpeg/src/openjpeg/build/CMakeFiles/CMakeTmp

Run Build Command:/usr/bin/gmake "cmTryCompileExec2878276932/fast"
/usr/bin/gmake -f CMakeFiles/cmTryCompileExec2878276932.dir/build.make CMakeFiles/cmTryCompileExec2878276932.dir/build
gmake[1]: Entering directory `/tmp/pip-req-build-_kvnkoc1/openjpeg/src/openjpeg/build/CMakeFiles/CMakeTmp'
/usr/bin/cmake -E cmake_progress_report /tmp/pip-req-build-_kvnkoc1/openjpeg/src/openjpeg/build/CMakeFiles/CMakeTmp/CMakeFiles 1
Building C object CMakeFiles/cmTryCompileExec2878276932.dir/CheckIncludeFiles.c.o
/opt/rh/devtoolset-8/root/usr/bin/cc    -o CMakeFiles/cmTryCompileExec2878276932.dir/CheckIncludeFiles.c.o   -c /tmp/pip-req-build-_kvnkoc1/openjpeg/src/openjpeg/build/CMakeFiles/CMakeTmp/CheckIncludeFiles.c
Linking C executable cmTryCompileExec2878276932
/usr/bin/cmake -E cmake_link_script CMakeFiles/cmTryCompileExec2878276932.dir/link.txt --verbose=1
/opt/rh/devtoolset-8/root/usr/bin/cc       CMakeFiles/cmTryCompileExec2878276932.dir/CheckIncludeFiles.c.o  -o cmTryCompileExec2878276932 -rdynamic 
gmake[1]: Leaving directory `/tmp/pip-req-build-_kvnkoc1/openjpeg/src/openjpeg/build/CMakeFiles/CMakeTmp'


Determining if the posix_memalign exist passed with the following output:
Change Dir: /tmp/pip-req-build-_kvnkoc1/openjpeg/src/openjpeg/build/CMakeFiles/CMakeTmp

Run Build Command:/usr/bin/gmake "cmTryCompileExec2312983417/fast"
/usr/bin/gmake -f CMakeFiles/cmTryCompileExec2312983417.dir/build.make CMakeFiles/cmTryCompileExec2312983417.dir/build
gmake[1]: Entering directory `/tmp/pip-req-build-_kvnkoc1/openjpeg/src/openjpeg/build/CMakeFiles/CMakeTmp'
/usr/bin/cmake -E cmake_progress_report /tmp/pip-req-build-_kvnkoc1/openjpeg/src/openjpeg/build/CMakeFiles/CMakeTmp/CMakeFiles 1
Building C object CMakeFiles/cmTryCompileExec2312983417.dir/CheckSymbolExists.c.o
/opt/rh/devtoolset-8/root/usr/bin/cc  -D_POSIX_C_SOURCE=200112L  -o CMakeFiles/cmTryCompileExec2312983417.dir/CheckSymbolExists.c.o   -c /tmp/pip-req-build-_kvnkoc1/openjpeg/src/openjpeg/build/CMakeFiles/CMakeTmp/CheckSymbolExists.c
Linking C executable cmTryCompileExec2312983417
/usr/bin/cmake -E cmake_link_script CMakeFiles/cmTryCompileExec2312983417.dir/link.txt --verbose=1
/opt/rh/devtoolset-8/root/usr/bin/cc       CMakeFiles/cmTryCompileExec2312983417.dir/CheckSymbolExists.c.o  -o cmTryCompileExec2312983417 -rdynamic 
gmake[1]: Leaving directory `/tmp/pip-req-build-_kvnkoc1/openjpeg/src/openjpeg/build/CMakeFiles/CMakeTmp'

File /tmp/pip-req-build-_kvnkoc1/openjpeg/src/openjpeg/build/CMakeFiles/CMakeTmp/CheckSymbolExists.c:
/* */
#include <stdlib.h>

int main(int argc, char** argv)
{
  (void)argv;
#ifndef posix_memalign
  return ((int*)(&posix_memalign))[argc];
#else
  (void)argc;
  return 0;
#endif
}

Determining if the memalign exist passed with the following output:
Change Dir: /tmp/pip-req-build-_kvnkoc1/openjpeg/src/openjpeg/build/CMakeFiles/CMakeTmp

Run Build Command:/usr/bin/gmake "cmTryCompileExec315422880/fast"
/usr/bin/gmake -f CMakeFiles/cmTryCompileExec315422880.dir/build.make CMakeFiles/cmTryCompileExec315422880.dir/build
gmake[1]: Entering directory `/tmp/pip-req-build-_kvnkoc1/openjpeg/src/openjpeg/build/CMakeFiles/CMakeTmp'
/usr/bin/cmake -E cmake_progress_report /tmp/pip-req-build-_kvnkoc1/openjpeg/src/openjpeg/build/CMakeFiles/CMakeTmp/CMakeFiles 1
Building C object CMakeFiles/cmTryCompileExec315422880.dir/CheckSymbolExists.c.o
/opt/rh/devtoolset-8/root/usr/bin/cc    -o CMakeFiles/cmTryCompileExec315422880.dir/CheckSymbolExists.c.o   -c /tmp/pip-req-build-_kvnkoc1/openjpeg/src/openjpeg/build/CMakeFiles/CMakeTmp/CheckSymbolExists.c
Linking C executable cmTryCompileExec315422880
/usr/bin/cmake -E cmake_link_script CMakeFiles/cmTryCompileExec315422880.dir/link.txt --verbose=1
/opt/rh/devtoolset-8/root/usr/bin/cc       CMakeFiles/cmTryCompileExec315422880.dir/CheckSymbolExists.c.o  -o cmTryCompileExec315422880 -rdynamic 
gmake[1]: Leaving directory `/tmp/pip-req-build-_kvnkoc1/openjpeg/src/openjpeg/build/CMakeFiles/CMakeTmp'

File /tmp/pip-req-build-_kvnkoc1/openjpeg/src/openjpeg/build/CMakeFiles/CMakeTmp/CheckSymbolExists.c:
/* */
#include <malloc.h>

int main(int argc, char** argv)
{
  (void)argv;
#ifndef memalign
  return ((int*)(&memalign))[argc];
#else
  (void)argc;
  return 0;
#endif
}

