The system is: Darwin - 19.6.0 - x86_64
Compiling the C compiler identification source file "CMakeCCompilerId.c" succeeded.
Compiler: /Applications/Xcode_12.4.app/Contents/Developer/Toolchains/XcodeDefault.xctoolchain/usr/bin/cc 
Build flags: 
Id flags:  

The output was:
0


Compilation of the C compiler identification source "CMakeCCompilerId.c" produced "a.out"

The C compiler identification is AppleClang, found in "/private/var/folders/24/8k48jl6d249_n_qfxwsl6xvm0000gn/T/pip-req-build-s3brdksc/openjpeg/src/openjpeg/build/CMakeFiles/3.20.0/CompilerIdC/a.out"

Compiling the CXX compiler identification source file "CMakeCXXCompilerId.cpp" succeeded.
Compiler: /Applications/Xcode_12.4.app/Contents/Developer/Toolchains/XcodeDefault.xctoolchain/usr/bin/c++ 
Build flags: 
Id flags:  

The output was:
0


Compilation of the CXX compiler identification source "CMakeCXXCompilerId.cpp" produced "a.out"

The CXX compiler identification is AppleClang, found in "/private/var/folders/24/8k48jl6d249_n_qfxwsl6xvm0000gn/T/pip-req-build-s3brdksc/openjpeg/src/openjpeg/build/CMakeFiles/3.20.0/CompilerIdCXX/a.out"

Detecting C compiler ABI info compiled with the following output:
Change Dir: /private/var/folders/24/8k48jl6d249_n_qfxwsl6xvm0000gn/T/pip-req-build-s3brdksc/openjpeg/src/openjpeg/build/CMakeFiles/CMakeTmp

Run Build Command(s):/usr/bin/make -f Makefile cmTC_ba158/fast && /Applications/Xcode_12.4.app/Contents/Developer/usr/bin/make  -f CMakeFiles/cmTC_ba158.dir/build.make CMakeFiles/cmTC_ba158.dir/build
Building C object CMakeFiles/cmTC_ba158.dir/CMakeCCompilerABI.c.o
/Applications/Xcode_12.4.app/Contents/Developer/Toolchains/XcodeDefault.xctoolchain/usr/bin/cc   -isysroot /Applications/Xcode_12.4.app/Contents/Developer/Platforms/MacOSX.platform/Developer/SDKs/MacOSX11.1.sdk -mmacosx-version-min=10.9   -v -Wl,-v -MD -MT CMakeFiles/cmTC_ba158.dir/CMakeCCompilerABI.c.o -MF CMakeFiles/cmTC_ba158.dir/CMakeCCompilerABI.c.o.d -o CMakeFiles/cmTC_ba158.dir/CMakeCCompilerABI.c.o -c /usr/local/Cellar/cmake/3.20.0/share/cmake/Modules/CMakeCCompilerABI.c
Apple clang version 12.0.0 (clang-1200.0.32.29)
Target: x86_64-apple-darwin19.6.0
Thread model: posix
InstalledDir: /Applications/Xcode_12.4.app/Contents/Developer/Toolchains/XcodeDefault.xctoolchain/usr/bin
clang: warning: -Wl,-v: 'linker' input unused [-Wunused-command-line-argument]
 "/Applications/Xcode_12.4.app/Contents/Developer/Toolchains/XcodeDefault.xctoolchain/usr/bin/clang" -cc1 -triple x86_64-apple-macosx10.9.0 -Wdeprecated-objc-isa-usage -Werror=deprecated-objc-isa-usage -Werror=implicit-function-declaration -emit-obj -mrelax-all -disable-free -disable-llvm-verifier -discard-value-names -main-file-name CMakeCCompilerABI.c -mrelocation-model pic -pic-level 2 -mthread-model posix -mframe-pointer=all -fno-strict-return -masm-verbose -munwind-tables -faligned-alloc-unavailable -target-sdk-version=11.1 -target-cpu core2 -dwarf-column-info -debugger-tuning=lldb -target-linker-version 609.8 -v -resource-dir /Applications/Xcode_12.4.app/Contents/Developer/Toolchains/XcodeDefault.xctoolchain/usr/lib/clang/12.0.0 -dependency-file CMakeFiles/cmTC_ba158.dir/CMakeCCompilerABI.c.o.d -skip-unused-modulemap-deps -MT CMakeFiles/cmTC_ba158.dir/CMakeCCompilerABI.c.o -sys-header-deps -isysroot /Applications/Xcode_12.4.app/Contents/Developer/Platforms/MacOSX.platform/Developer/SDKs/MacOSX11.1.sdk -internal-isystem /Applications/Xcode_12.4.app/Contents/Developer/Platforms/MacOSX.platform/Developer/SDKs/MacOSX11.1.sdk/usr/local/include -internal-isystem /Applications/Xcode_12.4.app/Contents/Developer/Toolchains/XcodeDefault.xctoolchain/usr/lib/clang/12.0.0/include -internal-externc-isystem /Applications/Xcode_12.4.app/Contents/Developer/Platforms/MacOSX.platform/Developer/SDKs/MacOSX11.1.sdk/usr/include -internal-externc-isystem /Applications/Xcode_12.4.app/Contents/Developer/Toolchains/XcodeDefault.xctoolchain/usr/include -Wno-reorder-init-list -Wno-implicit-int-float-conversion -Wno-c99-designator -Wno-final-dtor-non-final-class -Wno-extra-semi-stmt -Wno-misleading-indentation -Wno-quoted-include-in-framework-header -Wno-implicit-fallthrough -Wno-enum-enum-conversion -Wno-enum-float-conversion -fdebug-compilation-dir /private/var/folders/24/8k48jl6d249_n_qfxwsl6xvm0000gn/T/pip-req-build-s3brdksc/openjpeg/src/openjpeg/build/CMakeFiles/CMakeTmp -ferror-limit 19 -fmessage-length 0 -stack-protector 1 -mdarwin-stkchk-strong-link -fblocks -fencode-extended-block-signature -fregister-global-dtors-with-atexit -fgnuc-version=4.2.1 -fobjc-runtime=macosx-10.9.0 -fmax-type-align=16 -fdiagnostics-show-option -o CMakeFiles/cmTC_ba158.dir/CMakeCCompilerABI.c.o -x c /usr/local/Cellar/cmake/3.20.0/share/cmake/Modules/CMakeCCompilerABI.c
clang -cc1 version 12.0.0 (clang-1200.0.32.29) default target x86_64-apple-darwin19.6.0
ignoring nonexistent directory "/Applications/Xcode_12.4.app/Contents/Developer/Platforms/MacOSX.platform/Developer/SDKs/MacOSX11.1.sdk/usr/local/include"
ignoring nonexistent directory "/Applications/Xcode_12.4.app/Contents/Developer/Platforms/MacOSX.platform/Developer/SDKs/MacOSX11.1.sdk/Library/Frameworks"
#include "..." search starts here:
#include <...> search starts here:
 /Applications/Xcode_12.4.app/Contents/Developer/Toolchains/XcodeDefault.xctoolchain/usr/lib/clang/12.0.0/include
 /Applications/Xcode_12.4.app/Contents/Developer/Platforms/MacOSX.platform/Developer/SDKs/MacOSX11.1.sdk/usr/include
 /Applications/Xcode_12.4.app/Contents/Developer/Toolchains/XcodeDefault.xctoolchain/usr/include
 /Applications/Xcode_12.4.app/Contents/Developer/Platforms/MacOSX.platform/Developer/SDKs/MacOSX11.1.sdk/System/Library/Frameworks (framework directory)
End of search list.
Linking C executable cmTC_ba158
/usr/local/Cellar/cmake/3.20.0/bin/cmake -E cmake_link_script CMakeFiles/cmTC_ba158.dir/link.txt --verbose=1
/Applications/Xcode_12.4.app/Contents/Developer/Toolchains/XcodeDefault.xctoolchain/usr/bin/cc  -isysroot /Applications/Xcode_12.4.app/Contents/Developer/Platforms/MacOSX.platform/Developer/SDKs/MacOSX11.1.sdk -mmacosx-version-min=10.9 -Wl,-search_paths_first -Wl,-headerpad_max_install_names  -v -Wl,-v CMakeFiles/cmTC_ba158.dir/CMakeCCompilerABI.c.o -o cmTC_ba158 
Apple clang version 12.0.0 (clang-1200.0.32.29)
Target: x86_64-apple-darwin19.6.0
Thread model: posix
InstalledDir: /Applications/Xcode_12.4.app/Contents/Developer/Toolchains/XcodeDefault.xctoolchain/usr/bin
 "/Applications/Xcode_12.4.app/Contents/Developer/Toolchains/XcodeDefault.xctoolchain/usr/bin/ld" -demangle -lto_library /Applications/Xcode_12.4.app/Contents/Developer/Toolchains/XcodeDefault.xctoolchain/usr/lib/libLTO.dylib -dynamic -arch x86_64 -platform_version macos 10.9.0 11.1 -syslibroot /Applications/Xcode_12.4.app/Contents/Developer/Platforms/MacOSX.platform/Developer/SDKs/MacOSX11.1.sdk -o cmTC_ba158 -search_paths_first -headerpad_max_install_names -v CMakeFiles/cmTC_ba158.dir/CMakeCCompilerABI.c.o -lSystem /Applications/Xcode_12.4.app/Contents/Developer/Toolchains/XcodeDefault.xctoolchain/usr/lib/clang/12.0.0/lib/darwin/libclang_rt.osx.a
@(#)PROGRAM:ld  PROJECT:ld64-609.8
BUILD 15:07:46 Dec 18 2020
configured to support archs: armv6 armv7 armv7s arm64 arm64e arm64_32 i386 x86_64 x86_64h armv6m armv7k armv7m armv7em
Library search paths:
	/Applications/Xcode_12.4.app/Contents/Developer/Platforms/MacOSX.platform/Developer/SDKs/MacOSX11.1.sdk/usr/lib
Framework search paths:
	/Applications/Xcode_12.4.app/Contents/Developer/Platforms/MacOSX.platform/Developer/SDKs/MacOSX11.1.sdk/System/Library/Frameworks/



Parsed C implicit include dir info from above output: rv=done
  found start of include info
  found start of implicit include info
    add: [/Applications/Xcode_12.4.app/Contents/Developer/Toolchains/XcodeDefault.xctoolchain/usr/lib/clang/12.0.0/include]
    add: [/Applications/Xcode_12.4.app/Contents/Developer/Platforms/MacOSX.platform/Developer/SDKs/MacOSX11.1.sdk/usr/include]
    add: [/Applications/Xcode_12.4.app/Contents/Developer/Toolchains/XcodeDefault.xctoolchain/usr/include]
  end of search list found
  collapse include dir [/Applications/Xcode_12.4.app/Contents/Developer/Toolchains/XcodeDefault.xctoolchain/usr/lib/clang/12.0.0/include] ==> [/Applications/Xcode_12.4.app/Contents/Developer/Toolchains/XcodeDefault.xctoolchain/usr/lib/clang/12.0.0/include]
  collapse include dir [/Applications/Xcode_12.4.app/Contents/Developer/Platforms/MacOSX.platform/Developer/SDKs/MacOSX11.1.sdk/usr/include] ==> [/Applications/Xcode_12.4.app/Contents/Developer/Platforms/MacOSX.platform/Developer/SDKs/MacOSX11.1.sdk/usr/include]
  collapse include dir [/Applications/Xcode_12.4.app/Contents/Developer/Toolchains/XcodeDefault.xctoolchain/usr/include] ==> [/Applications/Xcode_12.4.app/Contents/Developer/Toolchains/XcodeDefault.xctoolchain/usr/include]
  implicit include dirs: [/Applications/Xcode_12.4.app/Contents/Developer/Toolchains/XcodeDefault.xctoolchain/usr/lib/clang/12.0.0/include;/Applications/Xcode_12.4.app/Contents/Developer/Platforms/MacOSX.platform/Developer/SDKs/MacOSX11.1.sdk/usr/include;/Applications/Xcode_12.4.app/Contents/Developer/Toolchains/XcodeDefault.xctoolchain/usr/include]


Parsed C implicit link information from above output:
  link line regex: [^( *|.*[/\])(ld|CMAKE_LINK_STARTFILE-NOTFOUND|([^/\]+-)?ld|collect2)[^/\]*( |$)]
  ignore line: [Change Dir: /private/var/folders/24/8k48jl6d249_n_qfxwsl6xvm0000gn/T/pip-req-build-s3brdksc/openjpeg/src/openjpeg/build/CMakeFiles/CMakeTmp]
  ignore line: []
  ignore line: [Run Build Command(s):/usr/bin/make -f Makefile cmTC_ba158/fast && /Applications/Xcode_12.4.app/Contents/Developer/usr/bin/make  -f CMakeFiles/cmTC_ba158.dir/build.make CMakeFiles/cmTC_ba158.dir/build]
  ignore line: [Building C object CMakeFiles/cmTC_ba158.dir/CMakeCCompilerABI.c.o]
  ignore line: [/Applications/Xcode_12.4.app/Contents/Developer/Toolchains/XcodeDefault.xctoolchain/usr/bin/cc   -isysroot /Applications/Xcode_12.4.app/Contents/Developer/Platforms/MacOSX.platform/Developer/SDKs/MacOSX11.1.sdk -mmacosx-version-min=10.9   -v -Wl -v -MD -MT CMakeFiles/cmTC_ba158.dir/CMakeCCompilerABI.c.o -MF CMakeFiles/cmTC_ba158.dir/CMakeCCompilerABI.c.o.d -o CMakeFiles/cmTC_ba158.dir/CMakeCCompilerABI.c.o -c /usr/local/Cellar/cmake/3.20.0/share/cmake/Modules/CMakeCCompilerABI.c]
  ignore line: [Apple clang version 12.0.0 (clang-1200.0.32.29)]
  ignore line: [Target: x86_64-apple-darwin19.6.0]
  ignore line: [Thread model: posix]
  ignore line: [InstalledDir: /Applications/Xcode_12.4.app/Contents/Developer/Toolchains/XcodeDefault.xctoolchain/usr/bin]
  ignore line: [clang: warning: -Wl -v: 'linker' input unused [-Wunused-command-line-argument]]
  ignore line: [ "/Applications/Xcode_12.4.app/Contents/Developer/Toolchains/XcodeDefault.xctoolchain/usr/bin/clang" -cc1 -triple x86_64-apple-macosx10.9.0 -Wdeprecated-objc-isa-usage -Werror=deprecated-objc-isa-usage -Werror=implicit-function-declaration -emit-obj -mrelax-all -disable-free -disable-llvm-verifier -discard-value-names -main-file-name CMakeCCompilerABI.c -mrelocation-model pic -pic-level 2 -mthread-model posix -mframe-pointer=all -fno-strict-return -masm-verbose -munwind-tables -faligned-alloc-unavailable -target-sdk-version=11.1 -target-cpu core2 -dwarf-column-info -debugger-tuning=lldb -target-linker-version 609.8 -v -resource-dir /Applications/Xcode_12.4.app/Contents/Developer/Toolchains/XcodeDefault.xctoolchain/usr/lib/clang/12.0.0 -dependency-file CMakeFiles/cmTC_ba158.dir/CMakeCCompilerABI.c.o.d -skip-unused-modulemap-deps -MT CMakeFiles/cmTC_ba158.dir/CMakeCCompilerABI.c.o -sys-header-deps -isysroot /Applications/Xcode_12.4.app/Contents/Developer/Platforms/MacOSX.platform/Developer/SDKs/MacOSX11.1.sdk -internal-isystem /Applications/Xcode_12.4.app/Contents/Developer/Platforms/MacOSX.platform/Developer/SDKs/MacOSX11.1.sdk/usr/local/include -internal-isystem /Applications/Xcode_12.4.app/Contents/Developer/Toolchains/XcodeDefault.xctoolchain/usr/lib/clang/12.0.0/include -internal-externc-isystem /Applications/Xcode_12.4.app/Contents/Developer/Platforms/MacOSX.platform/Developer/SDKs/MacOSX11.1.sdk/usr/include -internal-externc-isystem /Applications/Xcode_12.4.app/Contents/Developer/Toolchains/XcodeDefault.xctoolchain/usr/include -Wno-reorder-init-list -Wno-implicit-int-float-conversion -Wno-c99-designator -Wno-final-dtor-non-final-class -Wno-extra-semi-stmt -Wno-misleading-indentation -Wno-quoted-include-in-framework-header -Wno-implicit-fallthrough -Wno-enum-enum-conversion -Wno-enum-float-conversion -fdebug-compilation-dir /private/var/folders/24/8k48jl6d249_n_qfxwsl6xvm0000gn/T/pip-req-build-s3brdksc/openjpeg/src/openjpeg/build/CMakeFiles/CMakeTmp -ferror-limit 19 -fmessage-length 0 -stack-protector 1 -mdarwin-stkchk-strong-link -fblocks -fencode-extended-block-signature -fregister-global-dtors-with-atexit -fgnuc-version=4.2.1 -fobjc-runtime=macosx-10.9.0 -fmax-type-align=16 -fdiagnostics-show-option -o CMakeFiles/cmTC_ba158.dir/CMakeCCompilerABI.c.o -x c /usr/local/Cellar/cmake/3.20.0/share/cmake/Modules/CMakeCCompilerABI.c]
  ignore line: [clang -cc1 version 12.0.0 (clang-1200.0.32.29) default target x86_64-apple-darwin19.6.0]
  ignore line: [ignoring nonexistent directory "/Applications/Xcode_12.4.app/Contents/Developer/Platforms/MacOSX.platform/Developer/SDKs/MacOSX11.1.sdk/usr/local/include"]
  ignore line: [ignoring nonexistent directory "/Applications/Xcode_12.4.app/Contents/Developer/Platforms/MacOSX.platform/Developer/SDKs/MacOSX11.1.sdk/Library/Frameworks"]
  ignore line: [#include "..." search starts here:]
  ignore line: [#include <...> search starts here:]
  ignore line: [ /Applications/Xcode_12.4.app/Contents/Developer/Toolchains/XcodeDefault.xctoolchain/usr/lib/clang/12.0.0/include]
  ignore line: [ /Applications/Xcode_12.4.app/Contents/Developer/Platforms/MacOSX.platform/Developer/SDKs/MacOSX11.1.sdk/usr/include]
  ignore line: [ /Applications/Xcode_12.4.app/Contents/Developer/Toolchains/XcodeDefault.xctoolchain/usr/include]
  ignore line: [ /Applications/Xcode_12.4.app/Contents/Developer/Platforms/MacOSX.platform/Developer/SDKs/MacOSX11.1.sdk/System/Library/Frameworks (framework directory)]
  ignore line: [End of search list.]
  ignore line: [Linking C executable cmTC_ba158]
  ignore line: [/usr/local/Cellar/cmake/3.20.0/bin/cmake -E cmake_link_script CMakeFiles/cmTC_ba158.dir/link.txt --verbose=1]
  ignore line: [/Applications/Xcode_12.4.app/Contents/Developer/Toolchains/XcodeDefault.xctoolchain/usr/bin/cc  -isysroot /Applications/Xcode_12.4.app/Contents/Developer/Platforms/MacOSX.platform/Developer/SDKs/MacOSX11.1.sdk -mmacosx-version-min=10.9 -Wl -search_paths_first -Wl -headerpad_max_install_names  -v -Wl -v CMakeFiles/cmTC_ba158.dir/CMakeCCompilerABI.c.o -o cmTC_ba158 ]
  ignore line: [Apple clang version 12.0.0 (clang-1200.0.32.29)]
  ignore line: [Target: x86_64-apple-darwin19.6.0]
  ignore line: [Thread model: posix]
  ignore line: [InstalledDir: /Applications/Xcode_12.4.app/Contents/Developer/Toolchains/XcodeDefault.xctoolchain/usr/bin]
  link line: [ "/Applications/Xcode_12.4.app/Contents/Developer/Toolchains/XcodeDefault.xctoolchain/usr/bin/ld" -demangle -lto_library /Applications/Xcode_12.4.app/Contents/Developer/Toolchains/XcodeDefault.xctoolchain/usr/lib/libLTO.dylib -dynamic -arch x86_64 -platform_version macos 10.9.0 11.1 -syslibroot /Applications/Xcode_12.4.app/Contents/Developer/Platforms/MacOSX.platform/Developer/SDKs/MacOSX11.1.sdk -o cmTC_ba158 -search_paths_first -headerpad_max_install_names -v CMakeFiles/cmTC_ba158.dir/CMakeCCompilerABI.c.o -lSystem /Applications/Xcode_12.4.app/Contents/Developer/Toolchains/XcodeDefault.xctoolchain/usr/lib/clang/12.0.0/lib/darwin/libclang_rt.osx.a]
    arg [/Applications/Xcode_12.4.app/Contents/Developer/Toolchains/XcodeDefault.xctoolchain/usr/bin/ld] ==> ignore
    arg [-demangle] ==> ignore
    arg [-lto_library] ==> ignore, skip following value
    arg [/Applications/Xcode_12.4.app/Contents/Developer/Toolchains/XcodeDefault.xctoolchain/usr/lib/libLTO.dylib] ==> skip value of -lto_library
    arg [-dynamic] ==> ignore
    arg [-arch] ==> ignore
    arg [x86_64] ==> ignore
    arg [-platform_version] ==> ignore
    arg [macos] ==> ignore
    arg [10.9.0] ==> ignore
    arg [11.1] ==> ignore
    arg [-syslibroot] ==> ignore
    arg [/Applications/Xcode_12.4.app/Contents/Developer/Platforms/MacOSX.platform/Developer/SDKs/MacOSX11.1.sdk] ==> ignore
    arg [-o] ==> ignore
    arg [cmTC_ba158] ==> ignore
    arg [-search_paths_first] ==> ignore
    arg [-headerpad_max_install_names] ==> ignore
    arg [-v] ==> ignore
    arg [CMakeFiles/cmTC_ba158.dir/CMakeCCompilerABI.c.o] ==> ignore
    arg [-lSystem] ==> lib [System]
    arg [/Applications/Xcode_12.4.app/Contents/Developer/Toolchains/XcodeDefault.xctoolchain/usr/lib/clang/12.0.0/lib/darwin/libclang_rt.osx.a] ==> lib [/Applications/Xcode_12.4.app/Contents/Developer/Toolchains/XcodeDefault.xctoolchain/usr/lib/clang/12.0.0/lib/darwin/libclang_rt.osx.a]
  Library search paths: [;/Applications/Xcode_12.4.app/Contents/Developer/Platforms/MacOSX.platform/Developer/SDKs/MacOSX11.1.sdk/usr/lib]
  Framework search paths: [;/Applications/Xcode_12.4.app/Contents/Developer/Platforms/MacOSX.platform/Developer/SDKs/MacOSX11.1.sdk/System/Library/Frameworks/]
  remove lib [System]
  remove lib [/Applications/Xcode_12.4.app/Contents/Developer/Toolchains/XcodeDefault.xctoolchain/usr/lib/clang/12.0.0/lib/darwin/libclang_rt.osx.a]
  collapse library dir [/Applications/Xcode_12.4.app/Contents/Developer/Platforms/MacOSX.platform/Developer/SDKs/MacOSX11.1.sdk/usr/lib] ==> [/Applications/Xcode_12.4.app/Contents/Developer/Platforms/MacOSX.platform/Developer/SDKs/MacOSX11.1.sdk/usr/lib]
  collapse framework dir [/Applications/Xcode_12.4.app/Contents/Developer/Platforms/MacOSX.platform/Developer/SDKs/MacOSX11.1.sdk/System/Library/Frameworks/] ==> [/Applications/Xcode_12.4.app/Contents/Developer/Platforms/MacOSX.platform/Developer/SDKs/MacOSX11.1.sdk/System/Library/Frameworks]
  implicit libs: []
  implicit dirs: [/Applications/Xcode_12.4.app/Contents/Developer/Platforms/MacOSX.platform/Developer/SDKs/MacOSX11.1.sdk/usr/lib]
  implicit fwks: [/Applications/Xcode_12.4.app/Contents/Developer/Platforms/MacOSX.platform/Developer/SDKs/MacOSX11.1.sdk/System/Library/Frameworks]


Detecting CXX compiler ABI info compiled with the following output:
Change Dir: /private/var/folders/24/8k48jl6d249_n_qfxwsl6xvm0000gn/T/pip-req-build-s3brdksc/openjpeg/src/openjpeg/build/CMakeFiles/CMakeTmp

Run Build Command(s):/usr/bin/make -f Makefile cmTC_0fa99/fast && /Applications/Xcode_12.4.app/Contents/Developer/usr/bin/make  -f CMakeFiles/cmTC_0fa99.dir/build.make CMakeFiles/cmTC_0fa99.dir/build
Building CXX object CMakeFiles/cmTC_0fa99.dir/CMakeCXXCompilerABI.cpp.o
/Applications/Xcode_12.4.app/Contents/Developer/Toolchains/XcodeDefault.xctoolchain/usr/bin/c++   -isysroot /Applications/Xcode_12.4.app/Contents/Developer/Platforms/MacOSX.platform/Developer/SDKs/MacOSX11.1.sdk -mmacosx-version-min=10.9   -v -Wl,-v -MD -MT CMakeFiles/cmTC_0fa99.dir/CMakeCXXCompilerABI.cpp.o -MF CMakeFiles/cmTC_0fa99.dir/CMakeCXXCompilerABI.cpp.o.d -o CMakeFiles/cmTC_0fa99.dir/CMakeCXXCompilerABI.cpp.o -c /usr/local/Cellar/cmake/3.20.0/share/cmake/Modules/CMakeCXXCompilerABI.cpp
Apple clang version 12.0.0 (clang-1200.0.32.29)
Target: x86_64-apple-darwin19.6.0
Thread model: posix
InstalledDir: /Applications/Xcode_12.4.app/Contents/Developer/Toolchains/XcodeDefault.xctoolchain/usr/bin
clang: warning: -Wl,-v: 'linker' input unused [-Wunused-command-line-argument]
ignoring nonexistent directory "/Applications/Xcode_12.4.app/Contents/Developer/Platforms/MacOSX.platform/Developer/SDKs/MacOSX11.1.sdk/usr/include/c++/v1"
 "/Applications/Xcode_12.4.app/Contents/Developer/Toolchains/XcodeDefault.xctoolchain/usr/bin/clang" -cc1 -triple x86_64-apple-macosx10.9.0 -Wdeprecated-objc-isa-usage -Werror=deprecated-objc-isa-usage -Werror=implicit-function-declaration -emit-obj -mrelax-all -disable-free -disable-llvm-verifier -discard-value-names -main-file-name CMakeCXXCompilerABI.cpp -mrelocation-model pic -pic-level 2 -mthread-model posix -mframe-pointer=all -fno-strict-return -masm-verbose -munwind-tables -faligned-alloc-unavailable -target-sdk-version=11.1 -target-cpu core2 -dwarf-column-info -debugger-tuning=lldb -target-linker-version 609.8 -v -resource-dir /Applications/Xcode_12.4.app/Contents/Developer/Toolchains/XcodeDefault.xctoolchain/usr/lib/clang/12.0.0 -dependency-file CMakeFiles/cmTC_0fa99.dir/CMakeCXXCompilerABI.cpp.o.d -skip-unused-modulemap-deps -MT CMakeFiles/cmTC_0fa99.dir/CMakeCXXCompilerABI.cpp.o -sys-header-deps -isysroot /Applications/Xcode_12.4.app/Contents/Developer/Platforms/MacOSX.platform/Developer/SDKs/MacOSX11.1.sdk -stdlib=libc++ -internal-isystem /Applications/Xcode_12.4.app/Contents/Developer/Toolchains/XcodeDefault.xctoolchain/usr/bin/../include/c++/v1 -internal-isystem /Applications/Xcode_12.4.app/Contents/Developer/Platforms/MacOSX.platform/Developer/SDKs/MacOSX11.1.sdk/usr/local/include -internal-isystem /Applications/Xcode_12.4.app/Contents/Developer/Toolchains/XcodeDefault.xctoolchain/usr/lib/clang/12.0.0/include -internal-externc-isystem /Applications/Xcode_12.4.app/Contents/Developer/Platforms/MacOSX.platform/Developer/SDKs/MacOSX11.1.sdk/usr/include -internal-externc-isystem /Applications/Xcode_12.4.app/Contents/Developer/Toolchains/XcodeDefault.xctoolchain/usr/include -Wno-reorder-init-list -Wno-implicit-int-float-conversion -Wno-c99-designator -Wno-final-dtor-non-final-class -Wno-extra-semi-stmt -Wno-misleading-indentation -Wno-quoted-include-in-framework-header -Wno-implicit-fallthrough -Wno-enum-enum-conversion -Wno-enum-float-conversion -fdeprecated-macro -fdebug-compilation-dir /private/var/folders/24/8k48jl6d249_n_qfxwsl6xvm0000gn/T/pip-req-build-s3brdksc/openjpeg/src/openjpeg/build/CMakeFiles/CMakeTmp -ferror-limit 19 -fmessage-length 0 -stack-protector 1 -mdarwin-stkchk-strong-link -fblocks -fencode-extended-block-signature -fregister-global-dtors-with-atexit -fgnuc-version=4.2.1 -fobjc-runtime=macosx-10.9.0 -fcxx-exceptions -fexceptions -fmax-type-align=16 -fdiagnostics-show-option -o CMakeFiles/cmTC_0fa99.dir/CMakeCXXCompilerABI.cpp.o -x c++ /usr/local/Cellar/cmake/3.20.0/share/cmake/Modules/CMakeCXXCompilerABI.cpp
clang -cc1 version 12.0.0 (clang-1200.0.32.29) default target x86_64-apple-darwin19.6.0
ignoring nonexistent directory "/Applications/Xcode_12.4.app/Contents/Developer/Platforms/MacOSX.platform/Developer/SDKs/MacOSX11.1.sdk/usr/local/include"
ignoring nonexistent directory "/Applications/Xcode_12.4.app/Contents/Developer/Platforms/MacOSX.platform/Developer/SDKs/MacOSX11.1.sdk/Library/Frameworks"
#include "..." search starts here:
#include <...> search starts here:
 /Applications/Xcode_12.4.app/Contents/Developer/Toolchains/XcodeDefault.xctoolchain/usr/bin/../include/c++/v1
 /Applications/Xcode_12.4.app/Contents/Developer/Toolchains/XcodeDefault.xctoolchain/usr/lib/clang/12.0.0/include
 /Applications/Xcode_12.4.app/Contents/Developer/Platforms/MacOSX.platform/Developer/SDKs/MacOSX11.1.sdk/usr/include
 /Applications/Xcode_12.4.app/Contents/Developer/Toolchains/XcodeDefault.xctoolchain/usr/include
 /Applications/Xcode_12.4.app/Contents/Developer/Platforms/MacOSX.platform/Developer/SDKs/MacOSX11.1.sdk/System/Library/Frameworks (framework directory)
End of search list.
Linking CXX executable cmTC_0fa99
/usr/local/Cellar/cmake/3.20.0/bin/cmake -E cmake_link_script CMakeFiles/cmTC_0fa99.dir/link.txt --verbose=1
/Applications/Xcode_12.4.app/Contents/Developer/Toolchains/XcodeDefault.xctoolchain/usr/bin/c++  -isysroot /Applications/Xcode_12.4.app/Contents/Developer/Platforms/MacOSX.platform/Developer/SDKs/MacOSX11.1.sdk -mmacosx-version-min=10.9 -Wl,-search_paths_first -Wl,-headerpad_max_install_names  -v -Wl,-v CMakeFiles/cmTC_0fa99.dir/CMakeCXXCompilerABI.cpp.o -o cmTC_0fa99 
Apple clang version 12.0.0 (clang-1200.0.32.29)
Target: x86_64-apple-darwin19.6.0
Thread model: posix
InstalledDir: /Applications/Xcode_12.4.app/Contents/Developer/Toolchains/XcodeDefault.xctoolchain/usr/bin
 "/Applications/Xcode_12.4.app/Contents/Developer/Toolchains/XcodeDefault.xctoolchain/usr/bin/ld" -demangle -lto_library /Applications/Xcode_12.4.app/Contents/Developer/Toolchains/XcodeDefault.xctoolchain/usr/lib/libLTO.dylib -dynamic -arch x86_64 -platform_version macos 10.9.0 11.1 -syslibroot /Applications/Xcode_12.4.app/Contents/Developer/Platforms/MacOSX.platform/Developer/SDKs/MacOSX11.1.sdk -o cmTC_0fa99 -search_paths_first -headerpad_max_install_names -v CMakeFiles/cmTC_0fa99.dir/CMakeCXXCompilerABI.cpp.o -lc++ -lSystem /Applications/Xcode_12.4.app/Contents/Developer/Toolchains/XcodeDefault.xctoolchain/usr/lib/clang/12.0.0/lib/darwin/libclang_rt.osx.a
@(#)PROGRAM:ld  PROJECT:ld64-609.8
BUILD 15:07:46 Dec 18 2020
configured to support archs: armv6 armv7 armv7s arm64 arm64e arm64_32 i386 x86_64 x86_64h armv6m armv7k armv7m armv7em
Library search paths:
	/Applications/Xcode_12.4.app/Contents/Developer/Platforms/MacOSX.platform/Developer/SDKs/MacOSX11.1.sdk/usr/lib
Framework search paths:
	/Applications/Xcode_12.4.app/Contents/Developer/Platforms/MacOSX.platform/Developer/SDKs/MacOSX11.1.sdk/System/Library/Frameworks/



Parsed CXX implicit include dir info from above output: rv=done
  found start of include info
  found start of implicit include info
    add: [/Applications/Xcode_12.4.app/Contents/Developer/Toolchains/XcodeDefault.xctoolchain/usr/bin/../include/c++/v1]
    add: [/Applications/Xcode_12.4.app/Contents/Developer/Toolchains/XcodeDefault.xctoolchain/usr/lib/clang/12.0.0/include]
    add: [/Applications/Xcode_12.4.app/Contents/Developer/Platforms/MacOSX.platform/Developer/SDKs/MacOSX11.1.sdk/usr/include]
    add: [/Applications/Xcode_12.4.app/Contents/Developer/Toolchains/XcodeDefault.xctoolchain/usr/include]
  end of search list found
  collapse include dir [/Applications/Xcode_12.4.app/Contents/Developer/Toolchains/XcodeDefault.xctoolchain/usr/bin/../include/c++/v1] ==> [/Applications/Xcode_12.4.app/Contents/Developer/Toolchains/XcodeDefault.xctoolchain/usr/include/c++/v1]
  collapse include dir [/Applications/Xcode_12.4.app/Contents/Developer/Toolchains/XcodeDefault.xctoolchain/usr/lib/clang/12.0.0/include] ==> [/Applications/Xcode_12.4.app/Contents/Developer/Toolchains/XcodeDefault.xctoolchain/usr/lib/clang/12.0.0/include]
  collapse include dir [/Applications/Xcode_12.4.app/Contents/Developer/Platforms/MacOSX.platform/Developer/SDKs/MacOSX11.1.sdk/usr/include] ==> [/Applications/Xcode_12.4.app/Contents/Developer/Platforms/MacOSX.platform/Developer/SDKs/MacOSX11.1.sdk/usr/include]
  collapse include dir [/Applications/Xcode_12.4.app/Contents/Developer/Toolchains/XcodeDefault.xctoolchain/usr/include] ==> [/Applications/Xcode_12.4.app/Contents/Developer/Toolchains/XcodeDefault.xctoolchain/usr/include]
  implicit include dirs: [/Applications/Xcode_12.4.app/Contents/Developer/Toolchains/XcodeDefault.xctoolchain/usr/include/c++/v1;/Applications/Xcode_12.4.app/Contents/Developer/Toolchains/XcodeDefault.xctoolchain/usr/lib/clang/12.0.0/include;/Applications/Xcode_12.4.app/Contents/Developer/Platforms/MacOSX.platform/Developer/SDKs/MacOSX11.1.sdk/usr/include;/Applications/Xcode_12.4.app/Contents/Developer/Toolchains/XcodeDefault.xctoolchain/usr/include]


Parsed CXX implicit link information from above output:
  link line regex: [^( *|.*[/\])(ld|CMAKE_LINK_STARTFILE-NOTFOUND|([^/\]+-)?ld|collect2)[^/\]*( |$)]
  ignore line: [Change Dir: /private/var/folders/24/8k48jl6d249_n_qfxwsl6xvm0000gn/T/pip-req-build-s3brdksc/openjpeg/src/openjpeg/build/CMakeFiles/CMakeTmp]
  ignore line: []
  ignore line: [Run Build Command(s):/usr/bin/make -f Makefile cmTC_0fa99/fast && /Applications/Xcode_12.4.app/Contents/Developer/usr/bin/make  -f CMakeFiles/cmTC_0fa99.dir/build.make CMakeFiles/cmTC_0fa99.dir/build]
  ignore line: [Building CXX object CMakeFiles/cmTC_0fa99.dir/CMakeCXXCompilerABI.cpp.o]
  ignore line: [/Applications/Xcode_12.4.app/Contents/Developer/Toolchains/XcodeDefault.xctoolchain/usr/bin/c++   -isysroot /Applications/Xcode_12.4.app/Contents/Developer/Platforms/MacOSX.platform/Developer/SDKs/MacOSX11.1.sdk -mmacosx-version-min=10.9   -v -Wl -v -MD -MT CMakeFiles/cmTC_0fa99.dir/CMakeCXXCompilerABI.cpp.o -MF CMakeFiles/cmTC_0fa99.dir/CMakeCXXCompilerABI.cpp.o.d -o CMakeFiles/cmTC_0fa99.dir/CMakeCXXCompilerABI.cpp.o -c /usr/local/Cellar/cmake/3.20.0/share/cmake/Modules/CMakeCXXCompilerABI.cpp]
  ignore line: [Apple clang version 12.0.0 (clang-1200.0.32.29)]
  ignore line: [Target: x86_64-apple-darwin19.6.0]
  ignore line: [Thread model: posix]
  ignore line: [InstalledDir: /Applications/Xcode_12.4.app/Contents/Developer/Toolchains/XcodeDefault.xctoolchain/usr/bin]
  ignore line: [clang: warning: -Wl -v: 'linker' input unused [-Wunused-command-line-argument]]
  ignore line: [ignoring nonexistent directory "/Applications/Xcode_12.4.app/Contents/Developer/Platforms/MacOSX.platform/Developer/SDKs/MacOSX11.1.sdk/usr/include/c++/v1"]
  ignore line: [ "/Applications/Xcode_12.4.app/Contents/Developer/Toolchains/XcodeDefault.xctoolchain/usr/bin/clang" -cc1 -triple x86_64-apple-macosx10.9.0 -Wdeprecated-objc-isa-usage -Werror=deprecated-objc-isa-usage -Werror=implicit-function-declaration -emit-obj -mrelax-all -disable-free -disable-llvm-verifier -discard-value-names -main-file-name CMakeCXXCompilerABI.cpp -mrelocation-model pic -pic-level 2 -mthread-model posix -mframe-pointer=all -fno-strict-return -masm-verbose -munwind-tables -faligned-alloc-unavailable -target-sdk-version=11.1 -target-cpu core2 -dwarf-column-info -debugger-tuning=lldb -target-linker-version 609.8 -v -resource-dir /Applications/Xcode_12.4.app/Contents/Developer/Toolchains/XcodeDefault.xctoolchain/usr/lib/clang/12.0.0 -dependency-file CMakeFiles/cmTC_0fa99.dir/CMakeCXXCompilerABI.cpp.o.d -skip-unused-modulemap-deps -MT CMakeFiles/cmTC_0fa99.dir/CMakeCXXCompilerABI.cpp.o -sys-header-deps -isysroot /Applications/Xcode_12.4.app/Contents/Developer/Platforms/MacOSX.platform/Developer/SDKs/MacOSX11.1.sdk -stdlib=libc++ -internal-isystem /Applications/Xcode_12.4.app/Contents/Developer/Toolchains/XcodeDefault.xctoolchain/usr/bin/../include/c++/v1 -internal-isystem /Applications/Xcode_12.4.app/Contents/Developer/Platforms/MacOSX.platform/Developer/SDKs/MacOSX11.1.sdk/usr/local/include -internal-isystem /Applications/Xcode_12.4.app/Contents/Developer/Toolchains/XcodeDefault.xctoolchain/usr/lib/clang/12.0.0/include -internal-externc-isystem /Applications/Xcode_12.4.app/Contents/Developer/Platforms/MacOSX.platform/Developer/SDKs/MacOSX11.1.sdk/usr/include -internal-externc-isystem /Applications/Xcode_12.4.app/Contents/Developer/Toolchains/XcodeDefault.xctoolchain/usr/include -Wno-reorder-init-list -Wno-implicit-int-float-conversion -Wno-c99-designator -Wno-final-dtor-non-final-class -Wno-extra-semi-stmt -Wno-misleading-indentation -Wno-quoted-include-in-framework-header -Wno-implicit-fallthrough -Wno-enum-enum-conversion -Wno-enum-float-conversion -fdeprecated-macro -fdebug-compilation-dir /private/var/folders/24/8k48jl6d249_n_qfxwsl6xvm0000gn/T/pip-req-build-s3brdksc/openjpeg/src/openjpeg/build/CMakeFiles/CMakeTmp -ferror-limit 19 -fmessage-length 0 -stack-protector 1 -mdarwin-stkchk-strong-link -fblocks -fencode-extended-block-signature -fregister-global-dtors-with-atexit -fgnuc-version=4.2.1 -fobjc-runtime=macosx-10.9.0 -fcxx-exceptions -fexceptions -fmax-type-align=16 -fdiagnostics-show-option -o CMakeFiles/cmTC_0fa99.dir/CMakeCXXCompilerABI.cpp.o -x c++ /usr/local/Cellar/cmake/3.20.0/share/cmake/Modules/CMakeCXXCompilerABI.cpp]
  ignore line: [clang -cc1 version 12.0.0 (clang-1200.0.32.29) default target x86_64-apple-darwin19.6.0]
  ignore line: [ignoring nonexistent directory "/Applications/Xcode_12.4.app/Contents/Developer/Platforms/MacOSX.platform/Developer/SDKs/MacOSX11.1.sdk/usr/local/include"]
  ignore line: [ignoring nonexistent directory "/Applications/Xcode_12.4.app/Contents/Developer/Platforms/MacOSX.platform/Developer/SDKs/MacOSX11.1.sdk/Library/Frameworks"]
  ignore line: [#include "..." search starts here:]
  ignore line: [#include <...> search starts here:]
  ignore line: [ /Applications/Xcode_12.4.app/Contents/Developer/Toolchains/XcodeDefault.xctoolchain/usr/bin/../include/c++/v1]
  ignore line: [ /Applications/Xcode_12.4.app/Contents/Developer/Toolchains/XcodeDefault.xctoolchain/usr/lib/clang/12.0.0/include]
  ignore line: [ /Applications/Xcode_12.4.app/Contents/Developer/Platforms/MacOSX.platform/Developer/SDKs/MacOSX11.1.sdk/usr/include]
  ignore line: [ /Applications/Xcode_12.4.app/Contents/Developer/Toolchains/XcodeDefault.xctoolchain/usr/include]
  ignore line: [ /Applications/Xcode_12.4.app/Contents/Developer/Platforms/MacOSX.platform/Developer/SDKs/MacOSX11.1.sdk/System/Library/Frameworks (framework directory)]
  ignore line: [End of search list.]
  ignore line: [Linking CXX executable cmTC_0fa99]
  ignore line: [/usr/local/Cellar/cmake/3.20.0/bin/cmake -E cmake_link_script CMakeFiles/cmTC_0fa99.dir/link.txt --verbose=1]
  ignore line: [/Applications/Xcode_12.4.app/Contents/Developer/Toolchains/XcodeDefault.xctoolchain/usr/bin/c++  -isysroot /Applications/Xcode_12.4.app/Contents/Developer/Platforms/MacOSX.platform/Developer/SDKs/MacOSX11.1.sdk -mmacosx-version-min=10.9 -Wl -search_paths_first -Wl -headerpad_max_install_names  -v -Wl -v CMakeFiles/cmTC_0fa99.dir/CMakeCXXCompilerABI.cpp.o -o cmTC_0fa99 ]
  ignore line: [Apple clang version 12.0.0 (clang-1200.0.32.29)]
  ignore line: [Target: x86_64-apple-darwin19.6.0]
  ignore line: [Thread model: posix]
  ignore line: [InstalledDir: /Applications/Xcode_12.4.app/Contents/Developer/Toolchains/XcodeDefault.xctoolchain/usr/bin]
  link line: [ "/Applications/Xcode_12.4.app/Contents/Developer/Toolchains/XcodeDefault.xctoolchain/usr/bin/ld" -demangle -lto_library /Applications/Xcode_12.4.app/Contents/Developer/Toolchains/XcodeDefault.xctoolchain/usr/lib/libLTO.dylib -dynamic -arch x86_64 -platform_version macos 10.9.0 11.1 -syslibroot /Applications/Xcode_12.4.app/Contents/Developer/Platforms/MacOSX.platform/Developer/SDKs/MacOSX11.1.sdk -o cmTC_0fa99 -search_paths_first -headerpad_max_install_names -v CMakeFiles/cmTC_0fa99.dir/CMakeCXXCompilerABI.cpp.o -lc++ -lSystem /Applications/Xcode_12.4.app/Contents/Developer/Toolchains/XcodeDefault.xctoolchain/usr/lib/clang/12.0.0/lib/darwin/libclang_rt.osx.a]
    arg [/Applications/Xcode_12.4.app/Contents/Developer/Toolchains/XcodeDefault.xctoolchain/usr/bin/ld] ==> ignore
    arg [-demangle] ==> ignore
    arg [-lto_library] ==> ignore, skip following value
    arg [/Applications/Xcode_12.4.app/Contents/Developer/Toolchains/XcodeDefault.xctoolchain/usr/lib/libLTO.dylib] ==> skip value of -lto_library
    arg [-dynamic] ==> ignore
    arg [-arch] ==> ignore
    arg [x86_64] ==> ignore
    arg [-platform_version] ==> ignore
    arg [macos] ==> ignore
    arg [10.9.0] ==> ignore
    arg [11.1] ==> ignore
    arg [-syslibroot] ==> ignore
    arg [/Applications/Xcode_12.4.app/Contents/Developer/Platforms/MacOSX.platform/Developer/SDKs/MacOSX11.1.sdk] ==> ignore
    arg [-o] ==> ignore
    arg [cmTC_0fa99] ==> ignore
    arg [-search_paths_first] ==> ignore
    arg [-headerpad_max_install_names] ==> ignore
    arg [-v] ==> ignore
    arg [CMakeFiles/cmTC_0fa99.dir/CMakeCXXCompilerABI.cpp.o] ==> ignore
    arg [-lc++] ==> lib [c++]
    arg [-lSystem] ==> lib [System]
    arg [/Applications/Xcode_12.4.app/Contents/Developer/Toolchains/XcodeDefault.xctoolchain/usr/lib/clang/12.0.0/lib/darwin/libclang_rt.osx.a] ==> lib [/Applications/Xcode_12.4.app/Contents/Developer/Toolchains/XcodeDefault.xctoolchain/usr/lib/clang/12.0.0/lib/darwin/libclang_rt.osx.a]
  Library search paths: [;/Applications/Xcode_12.4.app/Contents/Developer/Platforms/MacOSX.platform/Developer/SDKs/MacOSX11.1.sdk/usr/lib]
  Framework search paths: [;/Applications/Xcode_12.4.app/Contents/Developer/Platforms/MacOSX.platform/Developer/SDKs/MacOSX11.1.sdk/System/Library/Frameworks/]
  remove lib [System]
  remove lib [/Applications/Xcode_12.4.app/Contents/Developer/Toolchains/XcodeDefault.xctoolchain/usr/lib/clang/12.0.0/lib/darwin/libclang_rt.osx.a]
  collapse library dir [/Applications/Xcode_12.4.app/Contents/Developer/Platforms/MacOSX.platform/Developer/SDKs/MacOSX11.1.sdk/usr/lib] ==> [/Applications/Xcode_12.4.app/Contents/Developer/Platforms/MacOSX.platform/Developer/SDKs/MacOSX11.1.sdk/usr/lib]
  collapse framework dir [/Applications/Xcode_12.4.app/Contents/Developer/Platforms/MacOSX.platform/Developer/SDKs/MacOSX11.1.sdk/System/Library/Frameworks/] ==> [/Applications/Xcode_12.4.app/Contents/Developer/Platforms/MacOSX.platform/Developer/SDKs/MacOSX11.1.sdk/System/Library/Frameworks]
  implicit libs: [c++]
  implicit dirs: [/Applications/Xcode_12.4.app/Contents/Developer/Platforms/MacOSX.platform/Developer/SDKs/MacOSX11.1.sdk/usr/lib]
  implicit fwks: [/Applications/Xcode_12.4.app/Contents/Developer/Platforms/MacOSX.platform/Developer/SDKs/MacOSX11.1.sdk/System/Library/Frameworks]


Determining if the include file string.h exists passed with the following output:
Change Dir: /private/var/folders/24/8k48jl6d249_n_qfxwsl6xvm0000gn/T/pip-req-build-s3brdksc/openjpeg/src/openjpeg/build/CMakeFiles/CMakeTmp

Run Build Command(s):/usr/bin/make -f Makefile cmTC_c0d6e/fast && /Applications/Xcode_12.4.app/Contents/Developer/usr/bin/make  -f CMakeFiles/cmTC_c0d6e.dir/build.make CMakeFiles/cmTC_c0d6e.dir/build
Building C object CMakeFiles/cmTC_c0d6e.dir/CheckIncludeFile.c.o
/Applications/Xcode_12.4.app/Contents/Developer/Toolchains/XcodeDefault.xctoolchain/usr/bin/cc   -isysroot /Applications/Xcode_12.4.app/Contents/Developer/Platforms/MacOSX.platform/Developer/SDKs/MacOSX11.1.sdk -mmacosx-version-min=10.9 -MD -MT CMakeFiles/cmTC_c0d6e.dir/CheckIncludeFile.c.o -MF CMakeFiles/cmTC_c0d6e.dir/CheckIncludeFile.c.o.d -o CMakeFiles/cmTC_c0d6e.dir/CheckIncludeFile.c.o -c /private/var/folders/24/8k48jl6d249_n_qfxwsl6xvm0000gn/T/pip-req-build-s3brdksc/openjpeg/src/openjpeg/build/CMakeFiles/CMakeTmp/CheckIncludeFile.c
Linking C executable cmTC_c0d6e
/usr/local/Cellar/cmake/3.20.0/bin/cmake -E cmake_link_script CMakeFiles/cmTC_c0d6e.dir/link.txt --verbose=1
/Applications/Xcode_12.4.app/Contents/Developer/Toolchains/XcodeDefault.xctoolchain/usr/bin/cc  -isysroot /Applications/Xcode_12.4.app/Contents/Developer/Platforms/MacOSX.platform/Developer/SDKs/MacOSX11.1.sdk -mmacosx-version-min=10.9 -Wl,-search_paths_first -Wl,-headerpad_max_install_names CMakeFiles/cmTC_c0d6e.dir/CheckIncludeFile.c.o -o cmTC_c0d6e 



Determining if the include file memory.h exists passed with the following output:
Change Dir: /private/var/folders/24/8k48jl6d249_n_qfxwsl6xvm0000gn/T/pip-req-build-s3brdksc/openjpeg/src/openjpeg/build/CMakeFiles/CMakeTmp

Run Build Command(s):/usr/bin/make -f Makefile cmTC_2fbcf/fast && /Applications/Xcode_12.4.app/Contents/Developer/usr/bin/make  -f CMakeFiles/cmTC_2fbcf.dir/build.make CMakeFiles/cmTC_2fbcf.dir/build
Building C object CMakeFiles/cmTC_2fbcf.dir/CheckIncludeFile.c.o
/Applications/Xcode_12.4.app/Contents/Developer/Toolchains/XcodeDefault.xctoolchain/usr/bin/cc   -isysroot /Applications/Xcode_12.4.app/Contents/Developer/Platforms/MacOSX.platform/Developer/SDKs/MacOSX11.1.sdk -mmacosx-version-min=10.9 -MD -MT CMakeFiles/cmTC_2fbcf.dir/CheckIncludeFile.c.o -MF CMakeFiles/cmTC_2fbcf.dir/CheckIncludeFile.c.o.d -o CMakeFiles/cmTC_2fbcf.dir/CheckIncludeFile.c.o -c /private/var/folders/24/8k48jl6d249_n_qfxwsl6xvm0000gn/T/pip-req-build-s3brdksc/openjpeg/src/openjpeg/build/CMakeFiles/CMakeTmp/CheckIncludeFile.c
Linking C executable cmTC_2fbcf
/usr/local/Cellar/cmake/3.20.0/bin/cmake -E cmake_link_script CMakeFiles/cmTC_2fbcf.dir/link.txt --verbose=1
/Applications/Xcode_12.4.app/Contents/Developer/Toolchains/XcodeDefault.xctoolchain/usr/bin/cc  -isysroot /Applications/Xcode_12.4.app/Contents/Developer/Platforms/MacOSX.platform/Developer/SDKs/MacOSX11.1.sdk -mmacosx-version-min=10.9 -Wl,-search_paths_first -Wl,-headerpad_max_install_names CMakeFiles/cmTC_2fbcf.dir/CheckIncludeFile.c.o -o cmTC_2fbcf 



Determining if the include file stdlib.h exists passed with the following output:
Change Dir: /private/var/folders/24/8k48jl6d249_n_qfxwsl6xvm0000gn/T/pip-req-build-s3brdksc/openjpeg/src/openjpeg/build/CMakeFiles/CMakeTmp

Run Build Command(s):/usr/bin/make -f Makefile cmTC_38890/fast && /Applications/Xcode_12.4.app/Contents/Developer/usr/bin/make  -f CMakeFiles/cmTC_38890.dir/build.make CMakeFiles/cmTC_38890.dir/build
Building C object CMakeFiles/cmTC_38890.dir/CheckIncludeFile.c.o
/Applications/Xcode_12.4.app/Contents/Developer/Toolchains/XcodeDefault.xctoolchain/usr/bin/cc   -isysroot /Applications/Xcode_12.4.app/Contents/Developer/Platforms/MacOSX.platform/Developer/SDKs/MacOSX11.1.sdk -mmacosx-version-min=10.9 -MD -MT CMakeFiles/cmTC_38890.dir/CheckIncludeFile.c.o -MF CMakeFiles/cmTC_38890.dir/CheckIncludeFile.c.o.d -o CMakeFiles/cmTC_38890.dir/CheckIncludeFile.c.o -c /private/var/folders/24/8k48jl6d249_n_qfxwsl6xvm0000gn/T/pip-req-build-s3brdksc/openjpeg/src/openjpeg/build/CMakeFiles/CMakeTmp/CheckIncludeFile.c
Linking C executable cmTC_38890
/usr/local/Cellar/cmake/3.20.0/bin/cmake -E cmake_link_script CMakeFiles/cmTC_38890.dir/link.txt --verbose=1
/Applications/Xcode_12.4.app/Contents/Developer/Toolchains/XcodeDefault.xctoolchain/usr/bin/cc  -isysroot /Applications/Xcode_12.4.app/Contents/Developer/Platforms/MacOSX.platform/Developer/SDKs/MacOSX11.1.sdk -mmacosx-version-min=10.9 -Wl,-search_paths_first -Wl,-headerpad_max_install_names CMakeFiles/cmTC_38890.dir/CheckIncludeFile.c.o -o cmTC_38890 



Determining if the include file stdio.h exists passed with the following output:
Change Dir: /private/var/folders/24/8k48jl6d249_n_qfxwsl6xvm0000gn/T/pip-req-build-s3brdksc/openjpeg/src/openjpeg/build/CMakeFiles/CMakeTmp

Run Build Command(s):/usr/bin/make -f Makefile cmTC_bb77f/fast && /Applications/Xcode_12.4.app/Contents/Developer/usr/bin/make  -f CMakeFiles/cmTC_bb77f.dir/build.make CMakeFiles/cmTC_bb77f.dir/build
Building C object CMakeFiles/cmTC_bb77f.dir/CheckIncludeFile.c.o
/Applications/Xcode_12.4.app/Contents/Developer/Toolchains/XcodeDefault.xctoolchain/usr/bin/cc   -isysroot /Applications/Xcode_12.4.app/Contents/Developer/Platforms/MacOSX.platform/Developer/SDKs/MacOSX11.1.sdk -mmacosx-version-min=10.9 -MD -MT CMakeFiles/cmTC_bb77f.dir/CheckIncludeFile.c.o -MF CMakeFiles/cmTC_bb77f.dir/CheckIncludeFile.c.o.d -o CMakeFiles/cmTC_bb77f.dir/CheckIncludeFile.c.o -c /private/var/folders/24/8k48jl6d249_n_qfxwsl6xvm0000gn/T/pip-req-build-s3brdksc/openjpeg/src/openjpeg/build/CMakeFiles/CMakeTmp/CheckIncludeFile.c
Linking C executable cmTC_bb77f
/usr/local/Cellar/cmake/3.20.0/bin/cmake -E cmake_link_script CMakeFiles/cmTC_bb77f.dir/link.txt --verbose=1
/Applications/Xcode_12.4.app/Contents/Developer/Toolchains/XcodeDefault.xctoolchain/usr/bin/cc  -isysroot /Applications/Xcode_12.4.app/Contents/Developer/Platforms/MacOSX.platform/Developer/SDKs/MacOSX11.1.sdk -mmacosx-version-min=10.9 -Wl,-search_paths_first -Wl,-headerpad_max_install_names CMakeFiles/cmTC_bb77f.dir/CheckIncludeFile.c.o -o cmTC_bb77f 



Determining if the include file math.h exists passed with the following output:
Change Dir: /private/var/folders/24/8k48jl6d249_n_qfxwsl6xvm0000gn/T/pip-req-build-s3brdksc/openjpeg/src/openjpeg/build/CMakeFiles/CMakeTmp

Run Build Command(s):/usr/bin/make -f Makefile cmTC_1e379/fast && /Applications/Xcode_12.4.app/Contents/Developer/usr/bin/make  -f CMakeFiles/cmTC_1e379.dir/build.make CMakeFiles/cmTC_1e379.dir/build
Building C object CMakeFiles/cmTC_1e379.dir/CheckIncludeFile.c.o
/Applications/Xcode_12.4.app/Contents/Developer/Toolchains/XcodeDefault.xctoolchain/usr/bin/cc   -isysroot /Applications/Xcode_12.4.app/Contents/Developer/Platforms/MacOSX.platform/Developer/SDKs/MacOSX11.1.sdk -mmacosx-version-min=10.9 -MD -MT CMakeFiles/cmTC_1e379.dir/CheckIncludeFile.c.o -MF CMakeFiles/cmTC_1e379.dir/CheckIncludeFile.c.o.d -o CMakeFiles/cmTC_1e379.dir/CheckIncludeFile.c.o -c /private/var/folders/24/8k48jl6d249_n_qfxwsl6xvm0000gn/T/pip-req-build-s3brdksc/openjpeg/src/openjpeg/build/CMakeFiles/CMakeTmp/CheckIncludeFile.c
Linking C executable cmTC_1e379
/usr/local/Cellar/cmake/3.20.0/bin/cmake -E cmake_link_script CMakeFiles/cmTC_1e379.dir/link.txt --verbose=1
/Applications/Xcode_12.4.app/Contents/Developer/Toolchains/XcodeDefault.xctoolchain/usr/bin/cc  -isysroot /Applications/Xcode_12.4.app/Contents/Developer/Platforms/MacOSX.platform/Developer/SDKs/MacOSX11.1.sdk -mmacosx-version-min=10.9 -Wl,-search_paths_first -Wl,-headerpad_max_install_names CMakeFiles/cmTC_1e379.dir/CheckIncludeFile.c.o -o cmTC_1e379 



Determining if the include file float.h exists passed with the following output:
Change Dir: /private/var/folders/24/8k48jl6d249_n_qfxwsl6xvm0000gn/T/pip-req-build-s3brdksc/openjpeg/src/openjpeg/build/CMakeFiles/CMakeTmp

Run Build Command(s):/usr/bin/make -f Makefile cmTC_13173/fast && /Applications/Xcode_12.4.app/Contents/Developer/usr/bin/make  -f CMakeFiles/cmTC_13173.dir/build.make CMakeFiles/cmTC_13173.dir/build
Building C object CMakeFiles/cmTC_13173.dir/CheckIncludeFile.c.o
/Applications/Xcode_12.4.app/Contents/Developer/Toolchains/XcodeDefault.xctoolchain/usr/bin/cc   -isysroot /Applications/Xcode_12.4.app/Contents/Developer/Platforms/MacOSX.platform/Developer/SDKs/MacOSX11.1.sdk -mmacosx-version-min=10.9 -MD -MT CMakeFiles/cmTC_13173.dir/CheckIncludeFile.c.o -MF CMakeFiles/cmTC_13173.dir/CheckIncludeFile.c.o.d -o CMakeFiles/cmTC_13173.dir/CheckIncludeFile.c.o -c /private/var/folders/24/8k48jl6d249_n_qfxwsl6xvm0000gn/T/pip-req-build-s3brdksc/openjpeg/src/openjpeg/build/CMakeFiles/CMakeTmp/CheckIncludeFile.c
Linking C executable cmTC_13173
/usr/local/Cellar/cmake/3.20.0/bin/cmake -E cmake_link_script CMakeFiles/cmTC_13173.dir/link.txt --verbose=1
/Applications/Xcode_12.4.app/Contents/Developer/Toolchains/XcodeDefault.xctoolchain/usr/bin/cc  -isysroot /Applications/Xcode_12.4.app/Contents/Developer/Platforms/MacOSX.platform/Developer/SDKs/MacOSX11.1.sdk -mmacosx-version-min=10.9 -Wl,-search_paths_first -Wl,-headerpad_max_install_names CMakeFiles/cmTC_13173.dir/CheckIncludeFile.c.o -o cmTC_13173 



Determining if the include file time.h exists passed with the following output:
Change Dir: /private/var/folders/24/8k48jl6d249_n_qfxwsl6xvm0000gn/T/pip-req-build-s3brdksc/openjpeg/src/openjpeg/build/CMakeFiles/CMakeTmp

Run Build Command(s):/usr/bin/make -f Makefile cmTC_67e88/fast && /Applications/Xcode_12.4.app/Contents/Developer/usr/bin/make  -f CMakeFiles/cmTC_67e88.dir/build.make CMakeFiles/cmTC_67e88.dir/build
Building C object CMakeFiles/cmTC_67e88.dir/CheckIncludeFile.c.o
/Applications/Xcode_12.4.app/Contents/Developer/Toolchains/XcodeDefault.xctoolchain/usr/bin/cc   -isysroot /Applications/Xcode_12.4.app/Contents/Developer/Platforms/MacOSX.platform/Developer/SDKs/MacOSX11.1.sdk -mmacosx-version-min=10.9 -MD -MT CMakeFiles/cmTC_67e88.dir/CheckIncludeFile.c.o -MF CMakeFiles/cmTC_67e88.dir/CheckIncludeFile.c.o.d -o CMakeFiles/cmTC_67e88.dir/CheckIncludeFile.c.o -c /private/var/folders/24/8k48jl6d249_n_qfxwsl6xvm0000gn/T/pip-req-build-s3brdksc/openjpeg/src/openjpeg/build/CMakeFiles/CMakeTmp/CheckIncludeFile.c
Linking C executable cmTC_67e88
/usr/local/Cellar/cmake/3.20.0/bin/cmake -E cmake_link_script CMakeFiles/cmTC_67e88.dir/link.txt --verbose=1
/Applications/Xcode_12.4.app/Contents/Developer/Toolchains/XcodeDefault.xctoolchain/usr/bin/cc  -isysroot /Applications/Xcode_12.4.app/Contents/Developer/Platforms/MacOSX.platform/Developer/SDKs/MacOSX11.1.sdk -mmacosx-version-min=10.9 -Wl,-search_paths_first -Wl,-headerpad_max_install_names CMakeFiles/cmTC_67e88.dir/CheckIncludeFile.c.o -o cmTC_67e88 



Determining if the include file stdarg.h exists passed with the following output:
Change Dir: /private/var/folders/24/8k48jl6d249_n_qfxwsl6xvm0000gn/T/pip-req-build-s3brdksc/openjpeg/src/openjpeg/build/CMakeFiles/CMakeTmp

Run Build Command(s):/usr/bin/make -f Makefile cmTC_2a0fc/fast && /Applications/Xcode_12.4.app/Contents/Developer/usr/bin/make  -f CMakeFiles/cmTC_2a0fc.dir/build.make CMakeFiles/cmTC_2a0fc.dir/build
Building C object CMakeFiles/cmTC_2a0fc.dir/CheckIncludeFile.c.o
/Applications/Xcode_12.4.app/Contents/Developer/Toolchains/XcodeDefault.xctoolchain/usr/bin/cc   -isysroot /Applications/Xcode_12.4.app/Contents/Developer/Platforms/MacOSX.platform/Developer/SDKs/MacOSX11.1.sdk -mmacosx-version-min=10.9 -MD -MT CMakeFiles/cmTC_2a0fc.dir/CheckIncludeFile.c.o -MF CMakeFiles/cmTC_2a0fc.dir/CheckIncludeFile.c.o.d -o CMakeFiles/cmTC_2a0fc.dir/CheckIncludeFile.c.o -c /private/var/folders/24/8k48jl6d249_n_qfxwsl6xvm0000gn/T/pip-req-build-s3brdksc/openjpeg/src/openjpeg/build/CMakeFiles/CMakeTmp/CheckIncludeFile.c
Linking C executable cmTC_2a0fc
/usr/local/Cellar/cmake/3.20.0/bin/cmake -E cmake_link_script CMakeFiles/cmTC_2a0fc.dir/link.txt --verbose=1
/Applications/Xcode_12.4.app/Contents/Developer/Toolchains/XcodeDefault.xctoolchain/usr/bin/cc  -isysroot /Applications/Xcode_12.4.app/Contents/Developer/Platforms/MacOSX.platform/Developer/SDKs/MacOSX11.1.sdk -mmacosx-version-min=10.9 -Wl,-search_paths_first -Wl,-headerpad_max_install_names CMakeFiles/cmTC_2a0fc.dir/CheckIncludeFile.c.o -o cmTC_2a0fc 



Determining if the include file ctype.h exists passed with the following output:
Change Dir: /private/var/folders/24/8k48jl6d249_n_qfxwsl6xvm0000gn/T/pip-req-build-s3brdksc/openjpeg/src/openjpeg/build/CMakeFiles/CMakeTmp

Run Build Command(s):/usr/bin/make -f Makefile cmTC_05289/fast && /Applications/Xcode_12.4.app/Contents/Developer/usr/bin/make  -f CMakeFiles/cmTC_05289.dir/build.make CMakeFiles/cmTC_05289.dir/build
Building C object CMakeFiles/cmTC_05289.dir/CheckIncludeFile.c.o
/Applications/Xcode_12.4.app/Contents/Developer/Toolchains/XcodeDefault.xctoolchain/usr/bin/cc   -isysroot /Applications/Xcode_12.4.app/Contents/Developer/Platforms/MacOSX.platform/Developer/SDKs/MacOSX11.1.sdk -mmacosx-version-min=10.9 -MD -MT CMakeFiles/cmTC_05289.dir/CheckIncludeFile.c.o -MF CMakeFiles/cmTC_05289.dir/CheckIncludeFile.c.o.d -o CMakeFiles/cmTC_05289.dir/CheckIncludeFile.c.o -c /private/var/folders/24/8k48jl6d249_n_qfxwsl6xvm0000gn/T/pip-req-build-s3brdksc/openjpeg/src/openjpeg/build/CMakeFiles/CMakeTmp/CheckIncludeFile.c
Linking C executable cmTC_05289
/usr/local/Cellar/cmake/3.20.0/bin/cmake -E cmake_link_script CMakeFiles/cmTC_05289.dir/link.txt --verbose=1
/Applications/Xcode_12.4.app/Contents/Developer/Toolchains/XcodeDefault.xctoolchain/usr/bin/cc  -isysroot /Applications/Xcode_12.4.app/Contents/Developer/Platforms/MacOSX.platform/Developer/SDKs/MacOSX11.1.sdk -mmacosx-version-min=10.9 -Wl,-search_paths_first -Wl,-headerpad_max_install_names CMakeFiles/cmTC_05289.dir/CheckIncludeFile.c.o -o cmTC_05289 



Determining if the include file assert.h exists passed with the following output:
Change Dir: /private/var/folders/24/8k48jl6d249_n_qfxwsl6xvm0000gn/T/pip-req-build-s3brdksc/openjpeg/src/openjpeg/build/CMakeFiles/CMakeTmp

Run Build Command(s):/usr/bin/make -f Makefile cmTC_8569b/fast && /Applications/Xcode_12.4.app/Contents/Developer/usr/bin/make  -f CMakeFiles/cmTC_8569b.dir/build.make CMakeFiles/cmTC_8569b.dir/build
Building C object CMakeFiles/cmTC_8569b.dir/CheckIncludeFile.c.o
/Applications/Xcode_12.4.app/Contents/Developer/Toolchains/XcodeDefault.xctoolchain/usr/bin/cc   -isysroot /Applications/Xcode_12.4.app/Contents/Developer/Platforms/MacOSX.platform/Developer/SDKs/MacOSX11.1.sdk -mmacosx-version-min=10.9 -MD -MT CMakeFiles/cmTC_8569b.dir/CheckIncludeFile.c.o -MF CMakeFiles/cmTC_8569b.dir/CheckIncludeFile.c.o.d -o CMakeFiles/cmTC_8569b.dir/CheckIncludeFile.c.o -c /private/var/folders/24/8k48jl6d249_n_qfxwsl6xvm0000gn/T/pip-req-build-s3brdksc/openjpeg/src/openjpeg/build/CMakeFiles/CMakeTmp/CheckIncludeFile.c
Linking C executable cmTC_8569b
/usr/local/Cellar/cmake/3.20.0/bin/cmake -E cmake_link_script CMakeFiles/cmTC_8569b.dir/link.txt --verbose=1
/Applications/Xcode_12.4.app/Contents/Developer/Toolchains/XcodeDefault.xctoolchain/usr/bin/cc  -isysroot /Applications/Xcode_12.4.app/Contents/Developer/Platforms/MacOSX.platform/Developer/SDKs/MacOSX11.1.sdk -mmacosx-version-min=10.9 -Wl,-search_paths_first -Wl,-headerpad_max_install_names CMakeFiles/cmTC_8569b.dir/CheckIncludeFile.c.o -o cmTC_8569b 



Determining if the include file stdint.h exists passed with the following output:
Change Dir: /private/var/folders/24/8k48jl6d249_n_qfxwsl6xvm0000gn/T/pip-req-build-s3brdksc/openjpeg/src/openjpeg/build/CMakeFiles/CMakeTmp

Run Build Command(s):/usr/bin/make -f Makefile cmTC_dfd07/fast && /Applications/Xcode_12.4.app/Contents/Developer/usr/bin/make  -f CMakeFiles/cmTC_dfd07.dir/build.make CMakeFiles/cmTC_dfd07.dir/build
Building C object CMakeFiles/cmTC_dfd07.dir/CheckIncludeFile.c.o
/Applications/Xcode_12.4.app/Contents/Developer/Toolchains/XcodeDefault.xctoolchain/usr/bin/cc   -isysroot /Applications/Xcode_12.4.app/Contents/Developer/Platforms/MacOSX.platform/Developer/SDKs/MacOSX11.1.sdk -mmacosx-version-min=10.9 -MD -MT CMakeFiles/cmTC_dfd07.dir/CheckIncludeFile.c.o -MF CMakeFiles/cmTC_dfd07.dir/CheckIncludeFile.c.o.d -o CMakeFiles/cmTC_dfd07.dir/CheckIncludeFile.c.o -c /private/var/folders/24/8k48jl6d249_n_qfxwsl6xvm0000gn/T/pip-req-build-s3brdksc/openjpeg/src/openjpeg/build/CMakeFiles/CMakeTmp/CheckIncludeFile.c
Linking C executable cmTC_dfd07
/usr/local/Cellar/cmake/3.20.0/bin/cmake -E cmake_link_script CMakeFiles/cmTC_dfd07.dir/link.txt --verbose=1
/Applications/Xcode_12.4.app/Contents/Developer/Toolchains/XcodeDefault.xctoolchain/usr/bin/cc  -isysroot /Applications/Xcode_12.4.app/Contents/Developer/Platforms/MacOSX.platform/Developer/SDKs/MacOSX11.1.sdk -mmacosx-version-min=10.9 -Wl,-search_paths_first -Wl,-headerpad_max_install_names CMakeFiles/cmTC_dfd07.dir/CheckIncludeFile.c.o -o cmTC_dfd07 



Determining if the include file inttypes.h exists passed with the following output:
Change Dir: /private/var/folders/24/8k48jl6d249_n_qfxwsl6xvm0000gn/T/pip-req-build-s3brdksc/openjpeg/src/openjpeg/build/CMakeFiles/CMakeTmp

Run Build Command(s):/usr/bin/make -f Makefile cmTC_44b70/fast && /Applications/Xcode_12.4.app/Contents/Developer/usr/bin/make  -f CMakeFiles/cmTC_44b70.dir/build.make CMakeFiles/cmTC_44b70.dir/build
Building C object CMakeFiles/cmTC_44b70.dir/CheckIncludeFile.c.o
/Applications/Xcode_12.4.app/Contents/Developer/Toolchains/XcodeDefault.xctoolchain/usr/bin/cc   -isysroot /Applications/Xcode_12.4.app/Contents/Developer/Platforms/MacOSX.platform/Developer/SDKs/MacOSX11.1.sdk -mmacosx-version-min=10.9 -MD -MT CMakeFiles/cmTC_44b70.dir/CheckIncludeFile.c.o -MF CMakeFiles/cmTC_44b70.dir/CheckIncludeFile.c.o.d -o CMakeFiles/cmTC_44b70.dir/CheckIncludeFile.c.o -c /private/var/folders/24/8k48jl6d249_n_qfxwsl6xvm0000gn/T/pip-req-build-s3brdksc/openjpeg/src/openjpeg/build/CMakeFiles/CMakeTmp/CheckIncludeFile.c
Linking C executable cmTC_44b70
/usr/local/Cellar/cmake/3.20.0/bin/cmake -E cmake_link_script CMakeFiles/cmTC_44b70.dir/link.txt --verbose=1
/Applications/Xcode_12.4.app/Contents/Developer/Toolchains/XcodeDefault.xctoolchain/usr/bin/cc  -isysroot /Applications/Xcode_12.4.app/Contents/Developer/Platforms/MacOSX.platform/Developer/SDKs/MacOSX11.1.sdk -mmacosx-version-min=10.9 -Wl,-search_paths_first -Wl,-headerpad_max_install_names CMakeFiles/cmTC_44b70.dir/CheckIncludeFile.c.o -o cmTC_44b70 



Determining if the include file strings.h exists passed with the following output:
Change Dir: /private/var/folders/24/8k48jl6d249_n_qfxwsl6xvm0000gn/T/pip-req-build-s3brdksc/openjpeg/src/openjpeg/build/CMakeFiles/CMakeTmp

Run Build Command(s):/usr/bin/make -f Makefile cmTC_fb315/fast && /Applications/Xcode_12.4.app/Contents/Developer/usr/bin/make  -f CMakeFiles/cmTC_fb315.dir/build.make CMakeFiles/cmTC_fb315.dir/build
Building C object CMakeFiles/cmTC_fb315.dir/CheckIncludeFile.c.o
/Applications/Xcode_12.4.app/Contents/Developer/Toolchains/XcodeDefault.xctoolchain/usr/bin/cc   -isysroot /Applications/Xcode_12.4.app/Contents/Developer/Platforms/MacOSX.platform/Developer/SDKs/MacOSX11.1.sdk -mmacosx-version-min=10.9 -MD -MT CMakeFiles/cmTC_fb315.dir/CheckIncludeFile.c.o -MF CMakeFiles/cmTC_fb315.dir/CheckIncludeFile.c.o.d -o CMakeFiles/cmTC_fb315.dir/CheckIncludeFile.c.o -c /private/var/folders/24/8k48jl6d249_n_qfxwsl6xvm0000gn/T/pip-req-build-s3brdksc/openjpeg/src/openjpeg/build/CMakeFiles/CMakeTmp/CheckIncludeFile.c
Linking C executable cmTC_fb315
/usr/local/Cellar/cmake/3.20.0/bin/cmake -E cmake_link_script CMakeFiles/cmTC_fb315.dir/link.txt --verbose=1
/Applications/Xcode_12.4.app/Contents/Developer/Toolchains/XcodeDefault.xctoolchain/usr/bin/cc  -isysroot /Applications/Xcode_12.4.app/Contents/Developer/Platforms/MacOSX.platform/Developer/SDKs/MacOSX11.1.sdk -mmacosx-version-min=10.9 -Wl,-search_paths_first -Wl,-headerpad_max_install_names CMakeFiles/cmTC_fb315.dir/CheckIncludeFile.c.o -o cmTC_fb315 



Determining if the include file sys/stat.h exists passed with the following output:
Change Dir: /private/var/folders/24/8k48jl6d249_n_qfxwsl6xvm0000gn/T/pip-req-build-s3brdksc/openjpeg/src/openjpeg/build/CMakeFiles/CMakeTmp

Run Build Command(s):/usr/bin/make -f Makefile cmTC_dbaa0/fast && /Applications/Xcode_12.4.app/Contents/Developer/usr/bin/make  -f CMakeFiles/cmTC_dbaa0.dir/build.make CMakeFiles/cmTC_dbaa0.dir/build
Building C object CMakeFiles/cmTC_dbaa0.dir/CheckIncludeFile.c.o
/Applications/Xcode_12.4.app/Contents/Developer/Toolchains/XcodeDefault.xctoolchain/usr/bin/cc   -isysroot /Applications/Xcode_12.4.app/Contents/Developer/Platforms/MacOSX.platform/Developer/SDKs/MacOSX11.1.sdk -mmacosx-version-min=10.9 -MD -MT CMakeFiles/cmTC_dbaa0.dir/CheckIncludeFile.c.o -MF CMakeFiles/cmTC_dbaa0.dir/CheckIncludeFile.c.o.d -o CMakeFiles/cmTC_dbaa0.dir/CheckIncludeFile.c.o -c /private/var/folders/24/8k48jl6d249_n_qfxwsl6xvm0000gn/T/pip-req-build-s3brdksc/openjpeg/src/openjpeg/build/CMakeFiles/CMakeTmp/CheckIncludeFile.c
Linking C executable cmTC_dbaa0
/usr/local/Cellar/cmake/3.20.0/bin/cmake -E cmake_link_script CMakeFiles/cmTC_dbaa0.dir/link.txt --verbose=1
/Applications/Xcode_12.4.app/Contents/Developer/Toolchains/XcodeDefault.xctoolchain/usr/bin/cc  -isysroot /Applications/Xcode_12.4.app/Contents/Developer/Platforms/MacOSX.platform/Developer/SDKs/MacOSX11.1.sdk -mmacosx-version-min=10.9 -Wl,-search_paths_first -Wl,-headerpad_max_install_names CMakeFiles/cmTC_dbaa0.dir/CheckIncludeFile.c.o -o cmTC_dbaa0 



Determining if the include file sys/types.h exists passed with the following output:
Change Dir: /private/var/folders/24/8k48jl6d249_n_qfxwsl6xvm0000gn/T/pip-req-build-s3brdksc/openjpeg/src/openjpeg/build/CMakeFiles/CMakeTmp

Run Build Command(s):/usr/bin/make -f Makefile cmTC_803c5/fast && /Applications/Xcode_12.4.app/Contents/Developer/usr/bin/make  -f CMakeFiles/cmTC_803c5.dir/build.make CMakeFiles/cmTC_803c5.dir/build
Building C object CMakeFiles/cmTC_803c5.dir/CheckIncludeFile.c.o
/Applications/Xcode_12.4.app/Contents/Developer/Toolchains/XcodeDefault.xctoolchain/usr/bin/cc   -isysroot /Applications/Xcode_12.4.app/Contents/Developer/Platforms/MacOSX.platform/Developer/SDKs/MacOSX11.1.sdk -mmacosx-version-min=10.9 -MD -MT CMakeFiles/cmTC_803c5.dir/CheckIncludeFile.c.o -MF CMakeFiles/cmTC_803c5.dir/CheckIncludeFile.c.o.d -o CMakeFiles/cmTC_803c5.dir/CheckIncludeFile.c.o -c /private/var/folders/24/8k48jl6d249_n_qfxwsl6xvm0000gn/T/pip-req-build-s3brdksc/openjpeg/src/openjpeg/build/CMakeFiles/CMakeTmp/CheckIncludeFile.c
Linking C executable cmTC_803c5
/usr/local/Cellar/cmake/3.20.0/bin/cmake -E cmake_link_script CMakeFiles/cmTC_803c5.dir/link.txt --verbose=1
/Applications/Xcode_12.4.app/Contents/Developer/Toolchains/XcodeDefault.xctoolchain/usr/bin/cc  -isysroot /Applications/Xcode_12.4.app/Contents/Developer/Platforms/MacOSX.platform/Developer/SDKs/MacOSX11.1.sdk -mmacosx-version-min=10.9 -Wl,-search_paths_first -Wl,-headerpad_max_install_names CMakeFiles/cmTC_803c5.dir/CheckIncludeFile.c.o -o cmTC_803c5 



Determining if the include file unistd.h exists passed with the following output:
Change Dir: /private/var/folders/24/8k48jl6d249_n_qfxwsl6xvm0000gn/T/pip-req-build-s3brdksc/openjpeg/src/openjpeg/build/CMakeFiles/CMakeTmp

Run Build Command(s):/usr/bin/make -f Makefile cmTC_4a6de/fast && /Applications/Xcode_12.4.app/Contents/Developer/usr/bin/make  -f CMakeFiles/cmTC_4a6de.dir/build.make CMakeFiles/cmTC_4a6de.dir/build
Building C object CMakeFiles/cmTC_4a6de.dir/CheckIncludeFile.c.o
/Applications/Xcode_12.4.app/Contents/Developer/Toolchains/XcodeDefault.xctoolchain/usr/bin/cc   -isysroot /Applications/Xcode_12.4.app/Contents/Developer/Platforms/MacOSX.platform/Developer/SDKs/MacOSX11.1.sdk -mmacosx-version-min=10.9 -MD -MT CMakeFiles/cmTC_4a6de.dir/CheckIncludeFile.c.o -MF CMakeFiles/cmTC_4a6de.dir/CheckIncludeFile.c.o.d -o CMakeFiles/cmTC_4a6de.dir/CheckIncludeFile.c.o -c /private/var/folders/24/8k48jl6d249_n_qfxwsl6xvm0000gn/T/pip-req-build-s3brdksc/openjpeg/src/openjpeg/build/CMakeFiles/CMakeTmp/CheckIncludeFile.c
Linking C executable cmTC_4a6de
/usr/local/Cellar/cmake/3.20.0/bin/cmake -E cmake_link_script CMakeFiles/cmTC_4a6de.dir/link.txt --verbose=1
/Applications/Xcode_12.4.app/Contents/Developer/Toolchains/XcodeDefault.xctoolchain/usr/bin/cc  -isysroot /Applications/Xcode_12.4.app/Contents/Developer/Platforms/MacOSX.platform/Developer/SDKs/MacOSX11.1.sdk -mmacosx-version-min=10.9 -Wl,-search_paths_first -Wl,-headerpad_max_install_names CMakeFiles/cmTC_4a6de.dir/CheckIncludeFile.c.o -o cmTC_4a6de 



Determining if the posix_memalign exist passed with the following output:
Change Dir: /private/var/folders/24/8k48jl6d249_n_qfxwsl6xvm0000gn/T/pip-req-build-s3brdksc/openjpeg/src/openjpeg/build/CMakeFiles/CMakeTmp

Run Build Command(s):/usr/bin/make -f Makefile cmTC_5172c/fast && /Applications/Xcode_12.4.app/Contents/Developer/usr/bin/make  -f CMakeFiles/cmTC_5172c.dir/build.make CMakeFiles/cmTC_5172c.dir/build
Building C object CMakeFiles/cmTC_5172c.dir/CheckSymbolExists.c.o
/Applications/Xcode_12.4.app/Contents/Developer/Toolchains/XcodeDefault.xctoolchain/usr/bin/cc -D_POSIX_C_SOURCE=200112L  -isysroot /Applications/Xcode_12.4.app/Contents/Developer/Platforms/MacOSX.platform/Developer/SDKs/MacOSX11.1.sdk -mmacosx-version-min=10.9 -MD -MT CMakeFiles/cmTC_5172c.dir/CheckSymbolExists.c.o -MF CMakeFiles/cmTC_5172c.dir/CheckSymbolExists.c.o.d -o CMakeFiles/cmTC_5172c.dir/CheckSymbolExists.c.o -c /private/var/folders/24/8k48jl6d249_n_qfxwsl6xvm0000gn/T/pip-req-build-s3brdksc/openjpeg/src/openjpeg/build/CMakeFiles/CMakeTmp/CheckSymbolExists.c
Linking C executable cmTC_5172c
/usr/local/Cellar/cmake/3.20.0/bin/cmake -E cmake_link_script CMakeFiles/cmTC_5172c.dir/link.txt --verbose=1
/Applications/Xcode_12.4.app/Contents/Developer/Toolchains/XcodeDefault.xctoolchain/usr/bin/cc  -isysroot /Applications/Xcode_12.4.app/Contents/Developer/Platforms/MacOSX.platform/Developer/SDKs/MacOSX11.1.sdk -mmacosx-version-min=10.9 -Wl,-search_paths_first -Wl,-headerpad_max_install_names CMakeFiles/cmTC_5172c.dir/CheckSymbolExists.c.o -o cmTC_5172c 


File /private/var/folders/24/8k48jl6d249_n_qfxwsl6xvm0000gn/T/pip-req-build-s3brdksc/openjpeg/src/openjpeg/build/CMakeFiles/CMakeTmp/CheckSymbolExists.c:
/* */
#include <stdlib.h>

int main(int argc, char** argv)
{
  (void)argv;
#ifndef posix_memalign
  return ((int*)(&posix_memalign))[argc];
#else
  (void)argc;
  return 0;
#endif
}
