The system is: Darwin - 19.6.0 - x86_64
Compiling the C compiler identification source file "CMakeCCompilerId.c" succeeded.
Compiler: /Applications/Xcode_12.4.app/Contents/Developer/Toolchains/XcodeDefault.xctoolchain/usr/bin/cc 
Build flags: 
Id flags:  

The output was:
0


Compilation of the C compiler identification source "CMakeCCompilerId.c" produced "a.out"

The C compiler identification is AppleClang, found in "/private/var/folders/24/8k48jl6d249_n_qfxwsl6xvm0000gn/T/pip-req-build-giuoku0s/openjpeg/src/openjpeg/build/CMakeFiles/3.20.0/CompilerIdC/a.out"

Compiling the CXX compiler identification source file "CMakeCXXCompilerId.cpp" succeeded.
Compiler: /Applications/Xcode_12.4.app/Contents/Developer/Toolchains/XcodeDefault.xctoolchain/usr/bin/c++ 
Build flags: 
Id flags:  

The output was:
0


Compilation of the CXX compiler identification source "CMakeCXXCompilerId.cpp" produced "a.out"

The CXX compiler identification is AppleClang, found in "/private/var/folders/24/8k48jl6d249_n_qfxwsl6xvm0000gn/T/pip-req-build-giuoku0s/openjpeg/src/openjpeg/build/CMakeFiles/3.20.0/CompilerIdCXX/a.out"

Detecting C compiler ABI info compiled with the following output:
Change Dir: /private/var/folders/24/8k48jl6d249_n_qfxwsl6xvm0000gn/T/pip-req-build-giuoku0s/openjpeg/src/openjpeg/build/CMakeFiles/CMakeTmp

Run Build Command(s):/usr/bin/make -f Makefile cmTC_3f918/fast && /Applications/Xcode_12.4.app/Contents/Developer/usr/bin/make  -f CMakeFiles/cmTC_3f918.dir/build.make CMakeFiles/cmTC_3f918.dir/build
Building C object CMakeFiles/cmTC_3f918.dir/CMakeCCompilerABI.c.o
/Applications/Xcode_12.4.app/Contents/Developer/Toolchains/XcodeDefault.xctoolchain/usr/bin/cc   -isysroot /Applications/Xcode_12.4.app/Contents/Developer/Platforms/MacOSX.platform/Developer/SDKs/MacOSX11.1.sdk -mmacosx-version-min=10.9   -v -Wl,-v -MD -MT CMakeFiles/cmTC_3f918.dir/CMakeCCompilerABI.c.o -MF CMakeFiles/cmTC_3f918.dir/CMakeCCompilerABI.c.o.d -o CMakeFiles/cmTC_3f918.dir/CMakeCCompilerABI.c.o -c /usr/local/Cellar/cmake/3.20.0/share/cmake/Modules/CMakeCCompilerABI.c
Apple clang version 12.0.0 (clang-1200.0.32.29)
Target: x86_64-apple-darwin19.6.0
Thread model: posix
InstalledDir: /Applications/Xcode_12.4.app/Contents/Developer/Toolchains/XcodeDefault.xctoolchain/usr/bin
clang: warning: -Wl,-v: 'linker' input unused [-Wunused-command-line-argument]
 "/Applications/Xcode_12.4.app/Contents/Developer/Toolchains/XcodeDefault.xctoolchain/usr/bin/clang" -cc1 -triple x86_64-apple-macosx10.9.0 -Wdeprecated-objc-isa-usage -Werror=deprecated-objc-isa-usage -Werror=implicit-function-declaration -emit-obj -mrelax-all -disable-free -disable-llvm-verifier -discard-value-names -main-file-name CMakeCCompilerABI.c -mrelocation-model pic -pic-level 2 -mthread-model posix -mframe-pointer=all -fno-strict-return -masm-verbose -munwind-tables -faligned-alloc-unavailable -target-sdk-version=11.1 -target-cpu core2 -dwarf-column-info -debugger-tuning=lldb -target-linker-version 609.8 -v -resource-dir /Applications/Xcode_12.4.app/Contents/Developer/Toolchains/XcodeDefault.xctoolchain/usr/lib/clang/12.0.0 -dependency-file CMakeFiles/cmTC_3f918.dir/CMakeCCompilerABI.c.o.d -skip-unused-modulemap-deps -MT CMakeFiles/cmTC_3f918.dir/CMakeCCompilerABI.c.o -sys-header-deps -isysroot /Applications/Xcode_12.4.app/Contents/Developer/Platforms/MacOSX.platform/Developer/SDKs/MacOSX11.1.sdk -internal-isystem /Applications/Xcode_12.4.app/Contents/Developer/Platforms/MacOSX.platform/Developer/SDKs/MacOSX11.1.sdk/usr/local/include -internal-isystem /Applications/Xcode_12.4.app/Contents/Developer/Toolchains/XcodeDefault.xctoolchain/usr/lib/clang/12.0.0/include -internal-externc-isystem /Applications/Xcode_12.4.app/Contents/Developer/Platforms/MacOSX.platform/Developer/SDKs/MacOSX11.1.sdk/usr/include -internal-externc-isystem /Applications/Xcode_12.4.app/Contents/Developer/Toolchains/XcodeDefault.xctoolchain/usr/include -Wno-reorder-init-list -Wno-implicit-int-float-conversion -Wno-c99-designator -Wno-final-dtor-non-final-class -Wno-extra-semi-stmt -Wno-misleading-indentation -Wno-quoted-include-in-framework-header -Wno-implicit-fallthrough -Wno-enum-enum-conversion -Wno-enum-float-conversion -fdebug-compilation-dir /private/var/folders/24/8k48jl6d249_n_qfxwsl6xvm0000gn/T/pip-req-build-giuoku0s/openjpeg/src/openjpeg/build/CMakeFiles/CMakeTmp -ferror-limit 19 -fmessage-length 0 -stack-protector 1 -mdarwin-stkchk-strong-link -fblocks -fencode-extended-block-signature -fregister-global-dtors-with-atexit -fgnuc-version=4.2.1 -fobjc-runtime=macosx-10.9.0 -fmax-type-align=16 -fdiagnostics-show-option -o CMakeFiles/cmTC_3f918.dir/CMakeCCompilerABI.c.o -x c /usr/local/Cellar/cmake/3.20.0/share/cmake/Modules/CMakeCCompilerABI.c
clang -cc1 version 12.0.0 (clang-1200.0.32.29) default target x86_64-apple-darwin19.6.0
ignoring nonexistent directory "/Applications/Xcode_12.4.app/Contents/Developer/Platforms/MacOSX.platform/Developer/SDKs/MacOSX11.1.sdk/usr/local/include"
ignoring nonexistent directory "/Applications/Xcode_12.4.app/Contents/Developer/Platforms/MacOSX.platform/Developer/SDKs/MacOSX11.1.sdk/Library/Frameworks"
#include "..." search starts here:
#include <...> search starts here:
 /Applications/Xcode_12.4.app/Contents/Developer/Toolchains/XcodeDefault.xctoolchain/usr/lib/clang/12.0.0/include
 /Applications/Xcode_12.4.app/Contents/Developer/Platforms/MacOSX.platform/Developer/SDKs/MacOSX11.1.sdk/usr/include
 /Applications/Xcode_12.4.app/Contents/Developer/Toolchains/XcodeDefault.xctoolchain/usr/include
 /Applications/Xcode_12.4.app/Contents/Developer/Platforms/MacOSX.platform/Developer/SDKs/MacOSX11.1.sdk/System/Library/Frameworks (framework directory)
End of search list.
Linking C executable cmTC_3f918
/usr/local/Cellar/cmake/3.20.0/bin/cmake -E cmake_link_script CMakeFiles/cmTC_3f918.dir/link.txt --verbose=1
/Applications/Xcode_12.4.app/Contents/Developer/Toolchains/XcodeDefault.xctoolchain/usr/bin/cc  -isysroot /Applications/Xcode_12.4.app/Contents/Developer/Platforms/MacOSX.platform/Developer/SDKs/MacOSX11.1.sdk -mmacosx-version-min=10.9 -Wl,-search_paths_first -Wl,-headerpad_max_install_names  -v -Wl,-v CMakeFiles/cmTC_3f918.dir/CMakeCCompilerABI.c.o -o cmTC_3f918 
Apple clang version 12.0.0 (clang-1200.0.32.29)
Target: x86_64-apple-darwin19.6.0
Thread model: posix
InstalledDir: /Applications/Xcode_12.4.app/Contents/Developer/Toolchains/XcodeDefault.xctoolchain/usr/bin
 "/Applications/Xcode_12.4.app/Contents/Developer/Toolchains/XcodeDefault.xctoolchain/usr/bin/ld" -demangle -lto_library /Applications/Xcode_12.4.app/Contents/Developer/Toolchains/XcodeDefault.xctoolchain/usr/lib/libLTO.dylib -dynamic -arch x86_64 -platform_version macos 10.9.0 11.1 -syslibroot /Applications/Xcode_12.4.app/Contents/Developer/Platforms/MacOSX.platform/Developer/SDKs/MacOSX11.1.sdk -o cmTC_3f918 -search_paths_first -headerpad_max_install_names -v CMakeFiles/cmTC_3f918.dir/CMakeCCompilerABI.c.o -lSystem /Applications/Xcode_12.4.app/Contents/Developer/Toolchains/XcodeDefault.xctoolchain/usr/lib/clang/12.0.0/lib/darwin/libclang_rt.osx.a
@(#)PROGRAM:ld  PROJECT:ld64-609.8
BUILD 15:07:46 Dec 18 2020
configured to support archs: armv6 armv7 armv7s arm64 arm64e arm64_32 i386 x86_64 x86_64h armv6m armv7k armv7m armv7em
Library search paths:
	/Applications/Xcode_12.4.app/Contents/Developer/Platforms/MacOSX.platform/Developer/SDKs/MacOSX11.1.sdk/usr/lib
Framework search paths:
	/Applications/Xcode_12.4.app/Contents/Developer/Platforms/MacOSX.platform/Developer/SDKs/MacOSX11.1.sdk/System/Library/Frameworks/



Parsed C implicit include dir info from above output: rv=done
  found start of include info
  found start of implicit include info
    add: [/Applications/Xcode_12.4.app/Contents/Developer/Toolchains/XcodeDefault.xctoolchain/usr/lib/clang/12.0.0/include]
    add: [/Applications/Xcode_12.4.app/Contents/Developer/Platforms/MacOSX.platform/Developer/SDKs/MacOSX11.1.sdk/usr/include]
    add: [/Applications/Xcode_12.4.app/Contents/Developer/Toolchains/XcodeDefault.xctoolchain/usr/include]
  end of search list found
  collapse include dir [/Applications/Xcode_12.4.app/Contents/Developer/Toolchains/XcodeDefault.xctoolchain/usr/lib/clang/12.0.0/include] ==> [/Applications/Xcode_12.4.app/Contents/Developer/Toolchains/XcodeDefault.xctoolchain/usr/lib/clang/12.0.0/include]
  collapse include dir [/Applications/Xcode_12.4.app/Contents/Developer/Platforms/MacOSX.platform/Developer/SDKs/MacOSX11.1.sdk/usr/include] ==> [/Applications/Xcode_12.4.app/Contents/Developer/Platforms/MacOSX.platform/Developer/SDKs/MacOSX11.1.sdk/usr/include]
  collapse include dir [/Applications/Xcode_12.4.app/Contents/Developer/Toolchains/XcodeDefault.xctoolchain/usr/include] ==> [/Applications/Xcode_12.4.app/Contents/Developer/Toolchains/XcodeDefault.xctoolchain/usr/include]
  implicit include dirs: [/Applications/Xcode_12.4.app/Contents/Developer/Toolchains/XcodeDefault.xctoolchain/usr/lib/clang/12.0.0/include;/Applications/Xcode_12.4.app/Contents/Developer/Platforms/MacOSX.platform/Developer/SDKs/MacOSX11.1.sdk/usr/include;/Applications/Xcode_12.4.app/Contents/Developer/Toolchains/XcodeDefault.xctoolchain/usr/include]


Parsed C implicit link information from above output:
  link line regex: [^( *|.*[/\])(ld|CMAKE_LINK_STARTFILE-NOTFOUND|([^/\]+-)?ld|collect2)[^/\]*( |$)]
  ignore line: [Change Dir: /private/var/folders/24/8k48jl6d249_n_qfxwsl6xvm0000gn/T/pip-req-build-giuoku0s/openjpeg/src/openjpeg/build/CMakeFiles/CMakeTmp]
  ignore line: []
  ignore line: [Run Build Command(s):/usr/bin/make -f Makefile cmTC_3f918/fast && /Applications/Xcode_12.4.app/Contents/Developer/usr/bin/make  -f CMakeFiles/cmTC_3f918.dir/build.make CMakeFiles/cmTC_3f918.dir/build]
  ignore line: [Building C object CMakeFiles/cmTC_3f918.dir/CMakeCCompilerABI.c.o]
  ignore line: [/Applications/Xcode_12.4.app/Contents/Developer/Toolchains/XcodeDefault.xctoolchain/usr/bin/cc   -isysroot /Applications/Xcode_12.4.app/Contents/Developer/Platforms/MacOSX.platform/Developer/SDKs/MacOSX11.1.sdk -mmacosx-version-min=10.9   -v -Wl -v -MD -MT CMakeFiles/cmTC_3f918.dir/CMakeCCompilerABI.c.o -MF CMakeFiles/cmTC_3f918.dir/CMakeCCompilerABI.c.o.d -o CMakeFiles/cmTC_3f918.dir/CMakeCCompilerABI.c.o -c /usr/local/Cellar/cmake/3.20.0/share/cmake/Modules/CMakeCCompilerABI.c]
  ignore line: [Apple clang version 12.0.0 (clang-1200.0.32.29)]
  ignore line: [Target: x86_64-apple-darwin19.6.0]
  ignore line: [Thread model: posix]
  ignore line: [InstalledDir: /Applications/Xcode_12.4.app/Contents/Developer/Toolchains/XcodeDefault.xctoolchain/usr/bin]
  ignore line: [clang: warning: -Wl -v: 'linker' input unused [-Wunused-command-line-argument]]
  ignore line: [ "/Applications/Xcode_12.4.app/Contents/Developer/Toolchains/XcodeDefault.xctoolchain/usr/bin/clang" -cc1 -triple x86_64-apple-macosx10.9.0 -Wdeprecated-objc-isa-usage -Werror=deprecated-objc-isa-usage -Werror=implicit-function-declaration -emit-obj -mrelax-all -disable-free -disable-llvm-verifier -discard-value-names -main-file-name CMakeCCompilerABI.c -mrelocation-model pic -pic-level 2 -mthread-model posix -mframe-pointer=all -fno-strict-return -masm-verbose -munwind-tables -faligned-alloc-unavailable -target-sdk-version=11.1 -target-cpu core2 -dwarf-column-info -debugger-tuning=lldb -target-linker-version 609.8 -v -resource-dir /Applications/Xcode_12.4.app/Contents/Developer/Toolchains/XcodeDefault.xctoolchain/usr/lib/clang/12.0.0 -dependency-file CMakeFiles/cmTC_3f918.dir/CMakeCCompilerABI.c.o.d -skip-unused-modulemap-deps -MT CMakeFiles/cmTC_3f918.dir/CMakeCCompilerABI.c.o -sys-header-deps -isysroot /Applications/Xcode_12.4.app/Contents/Developer/Platforms/MacOSX.platform/Developer/SDKs/MacOSX11.1.sdk -internal-isystem /Applications/Xcode_12.4.app/Contents/Developer/Platforms/MacOSX.platform/Developer/SDKs/MacOSX11.1.sdk/usr/local/include -internal-isystem /Applications/Xcode_12.4.app/Contents/Developer/Toolchains/XcodeDefault.xctoolchain/usr/lib/clang/12.0.0/include -internal-externc-isystem /Applications/Xcode_12.4.app/Contents/Developer/Platforms/MacOSX.platform/Developer/SDKs/MacOSX11.1.sdk/usr/include -internal-externc-isystem /Applications/Xcode_12.4.app/Contents/Developer/Toolchains/XcodeDefault.xctoolchain/usr/include -Wno-reorder-init-list -Wno-implicit-int-float-conversion -Wno-c99-designator -Wno-final-dtor-non-final-class -Wno-extra-semi-stmt -Wno-misleading-indentation -Wno-quoted-include-in-framework-header -Wno-implicit-fallthrough -Wno-enum-enum-conversion -Wno-enum-float-conversion -fdebug-compilation-dir /private/var/folders/24/8k48jl6d249_n_qfxwsl6xvm0000gn/T/pip-req-build-giuoku0s/openjpeg/src/openjpeg/build/CMakeFiles/CMakeTmp -ferror-limit 19 -fmessage-length 0 -stack-protector 1 -mdarwin-stkchk-strong-link -fblocks -fencode-extended-block-signature -fregister-global-dtors-with-atexit -fgnuc-version=4.2.1 -fobjc-runtime=macosx-10.9.0 -fmax-type-align=16 -fdiagnostics-show-option -o CMakeFiles/cmTC_3f918.dir/CMakeCCompilerABI.c.o -x c /usr/local/Cellar/cmake/3.20.0/share/cmake/Modules/CMakeCCompilerABI.c]
  ignore line: [clang -cc1 version 12.0.0 (clang-1200.0.32.29) default target x86_64-apple-darwin19.6.0]
  ignore line: [ignoring nonexistent directory "/Applications/Xcode_12.4.app/Contents/Developer/Platforms/MacOSX.platform/Developer/SDKs/MacOSX11.1.sdk/usr/local/include"]
  ignore line: [ignoring nonexistent directory "/Applications/Xcode_12.4.app/Contents/Developer/Platforms/MacOSX.platform/Developer/SDKs/MacOSX11.1.sdk/Library/Frameworks"]
  ignore line: [#include "..." search starts here:]
  ignore line: [#include <...> search starts here:]
  ignore line: [ /Applications/Xcode_12.4.app/Contents/Developer/Toolchains/XcodeDefault.xctoolchain/usr/lib/clang/12.0.0/include]
  ignore line: [ /Applications/Xcode_12.4.app/Contents/Developer/Platforms/MacOSX.platform/Developer/SDKs/MacOSX11.1.sdk/usr/include]
  ignore line: [ /Applications/Xcode_12.4.app/Contents/Developer/Toolchains/XcodeDefault.xctoolchain/usr/include]
  ignore line: [ /Applications/Xcode_12.4.app/Contents/Developer/Platforms/MacOSX.platform/Developer/SDKs/MacOSX11.1.sdk/System/Library/Frameworks (framework directory)]
  ignore line: [End of search list.]
  ignore line: [Linking C executable cmTC_3f918]
  ignore line: [/usr/local/Cellar/cmake/3.20.0/bin/cmake -E cmake_link_script CMakeFiles/cmTC_3f918.dir/link.txt --verbose=1]
  ignore line: [/Applications/Xcode_12.4.app/Contents/Developer/Toolchains/XcodeDefault.xctoolchain/usr/bin/cc  -isysroot /Applications/Xcode_12.4.app/Contents/Developer/Platforms/MacOSX.platform/Developer/SDKs/MacOSX11.1.sdk -mmacosx-version-min=10.9 -Wl -search_paths_first -Wl -headerpad_max_install_names  -v -Wl -v CMakeFiles/cmTC_3f918.dir/CMakeCCompilerABI.c.o -o cmTC_3f918 ]
  ignore line: [Apple clang version 12.0.0 (clang-1200.0.32.29)]
  ignore line: [Target: x86_64-apple-darwin19.6.0]
  ignore line: [Thread model: posix]
  ignore line: [InstalledDir: /Applications/Xcode_12.4.app/Contents/Developer/Toolchains/XcodeDefault.xctoolchain/usr/bin]
  link line: [ "/Applications/Xcode_12.4.app/Contents/Developer/Toolchains/XcodeDefault.xctoolchain/usr/bin/ld" -demangle -lto_library /Applications/Xcode_12.4.app/Contents/Developer/Toolchains/XcodeDefault.xctoolchain/usr/lib/libLTO.dylib -dynamic -arch x86_64 -platform_version macos 10.9.0 11.1 -syslibroot /Applications/Xcode_12.4.app/Contents/Developer/Platforms/MacOSX.platform/Developer/SDKs/MacOSX11.1.sdk -o cmTC_3f918 -search_paths_first -headerpad_max_install_names -v CMakeFiles/cmTC_3f918.dir/CMakeCCompilerABI.c.o -lSystem /Applications/Xcode_12.4.app/Contents/Developer/Toolchains/XcodeDefault.xctoolchain/usr/lib/clang/12.0.0/lib/darwin/libclang_rt.osx.a]
    arg [/Applications/Xcode_12.4.app/Contents/Developer/Toolchains/XcodeDefault.xctoolchain/usr/bin/ld] ==> ignore
    arg [-demangle] ==> ignore
    arg [-lto_library] ==> ignore, skip following value
    arg [/Applications/Xcode_12.4.app/Contents/Developer/Toolchains/XcodeDefault.xctoolchain/usr/lib/libLTO.dylib] ==> skip value of -lto_library
    arg [-dynamic] ==> ignore
    arg [-arch] ==> ignore
    arg [x86_64] ==> ignore
    arg [-platform_version] ==> ignore
    arg [macos] ==> ignore
    arg [10.9.0] ==> ignore
    arg [11.1] ==> ignore
    arg [-syslibroot] ==> ignore
    arg [/Applications/Xcode_12.4.app/Contents/Developer/Platforms/MacOSX.platform/Developer/SDKs/MacOSX11.1.sdk] ==> ignore
    arg [-o] ==> ignore
    arg [cmTC_3f918] ==> ignore
    arg [-search_paths_first] ==> ignore
    arg [-headerpad_max_install_names] ==> ignore
    arg [-v] ==> ignore
    arg [CMakeFiles/cmTC_3f918.dir/CMakeCCompilerABI.c.o] ==> ignore
    arg [-lSystem] ==> lib [System]
    arg [/Applications/Xcode_12.4.app/Contents/Developer/Toolchains/XcodeDefault.xctoolchain/usr/lib/clang/12.0.0/lib/darwin/libclang_rt.osx.a] ==> lib [/Applications/Xcode_12.4.app/Contents/Developer/Toolchains/XcodeDefault.xctoolchain/usr/lib/clang/12.0.0/lib/darwin/libclang_rt.osx.a]
  Library search paths: [;/Applications/Xcode_12.4.app/Contents/Developer/Platforms/MacOSX.platform/Developer/SDKs/MacOSX11.1.sdk/usr/lib]
  Framework search paths: [;/Applications/Xcode_12.4.app/Contents/Developer/Platforms/MacOSX.platform/Developer/SDKs/MacOSX11.1.sdk/System/Library/Frameworks/]
  remove lib [System]
  remove lib [/Applications/Xcode_12.4.app/Contents/Developer/Toolchains/XcodeDefault.xctoolchain/usr/lib/clang/12.0.0/lib/darwin/libclang_rt.osx.a]
  collapse library dir [/Applications/Xcode_12.4.app/Contents/Developer/Platforms/MacOSX.platform/Developer/SDKs/MacOSX11.1.sdk/usr/lib] ==> [/Applications/Xcode_12.4.app/Contents/Developer/Platforms/MacOSX.platform/Developer/SDKs/MacOSX11.1.sdk/usr/lib]
  collapse framework dir [/Applications/Xcode_12.4.app/Contents/Developer/Platforms/MacOSX.platform/Developer/SDKs/MacOSX11.1.sdk/System/Library/Frameworks/] ==> [/Applications/Xcode_12.4.app/Contents/Developer/Platforms/MacOSX.platform/Developer/SDKs/MacOSX11.1.sdk/System/Library/Frameworks]
  implicit libs: []
  implicit dirs: [/Applications/Xcode_12.4.app/Contents/Developer/Platforms/MacOSX.platform/Developer/SDKs/MacOSX11.1.sdk/usr/lib]
  implicit fwks: [/Applications/Xcode_12.4.app/Contents/Developer/Platforms/MacOSX.platform/Developer/SDKs/MacOSX11.1.sdk/System/Library/Frameworks]


Detecting CXX compiler ABI info compiled with the following output:
Change Dir: /private/var/folders/24/8k48jl6d249_n_qfxwsl6xvm0000gn/T/pip-req-build-giuoku0s/openjpeg/src/openjpeg/build/CMakeFiles/CMakeTmp

Run Build Command(s):/usr/bin/make -f Makefile cmTC_47647/fast && /Applications/Xcode_12.4.app/Contents/Developer/usr/bin/make  -f CMakeFiles/cmTC_47647.dir/build.make CMakeFiles/cmTC_47647.dir/build
Building CXX object CMakeFiles/cmTC_47647.dir/CMakeCXXCompilerABI.cpp.o
/Applications/Xcode_12.4.app/Contents/Developer/Toolchains/XcodeDefault.xctoolchain/usr/bin/c++   -isysroot /Applications/Xcode_12.4.app/Contents/Developer/Platforms/MacOSX.platform/Developer/SDKs/MacOSX11.1.sdk -mmacosx-version-min=10.9   -v -Wl,-v -MD -MT CMakeFiles/cmTC_47647.dir/CMakeCXXCompilerABI.cpp.o -MF CMakeFiles/cmTC_47647.dir/CMakeCXXCompilerABI.cpp.o.d -o CMakeFiles/cmTC_47647.dir/CMakeCXXCompilerABI.cpp.o -c /usr/local/Cellar/cmake/3.20.0/share/cmake/Modules/CMakeCXXCompilerABI.cpp
Apple clang version 12.0.0 (clang-1200.0.32.29)
Target: x86_64-apple-darwin19.6.0
Thread model: posix
InstalledDir: /Applications/Xcode_12.4.app/Contents/Developer/Toolchains/XcodeDefault.xctoolchain/usr/bin
clang: warning: -Wl,-v: 'linker' input unused [-Wunused-command-line-argument]
ignoring nonexistent directory "/Applications/Xcode_12.4.app/Contents/Developer/Platforms/MacOSX.platform/Developer/SDKs/MacOSX11.1.sdk/usr/include/c++/v1"
 "/Applications/Xcode_12.4.app/Contents/Developer/Toolchains/XcodeDefault.xctoolchain/usr/bin/clang" -cc1 -triple x86_64-apple-macosx10.9.0 -Wdeprecated-objc-isa-usage -Werror=deprecated-objc-isa-usage -Werror=implicit-function-declaration -emit-obj -mrelax-all -disable-free -disable-llvm-verifier -discard-value-names -main-file-name CMakeCXXCompilerABI.cpp -mrelocation-model pic -pic-level 2 -mthread-model posix -mframe-pointer=all -fno-strict-return -masm-verbose -munwind-tables -faligned-alloc-unavailable -target-sdk-version=11.1 -target-cpu core2 -dwarf-column-info -debugger-tuning=lldb -target-linker-version 609.8 -v -resource-dir /Applications/Xcode_12.4.app/Contents/Developer/Toolchains/XcodeDefault.xctoolchain/usr/lib/clang/12.0.0 -dependency-file CMakeFiles/cmTC_47647.dir/CMakeCXXCompilerABI.cpp.o.d -skip-unused-modulemap-deps -MT CMakeFiles/cmTC_47647.dir/CMakeCXXCompilerABI.cpp.o -sys-header-deps -isysroot /Applications/Xcode_12.4.app/Contents/Developer/Platforms/MacOSX.platform/Developer/SDKs/MacOSX11.1.sdk -stdlib=libc++ -internal-isystem /Applications/Xcode_12.4.app/Contents/Developer/Toolchains/XcodeDefault.xctoolchain/usr/bin/../include/c++/v1 -internal-isystem /Applications/Xcode_12.4.app/Contents/Developer/Platforms/MacOSX.platform/Developer/SDKs/MacOSX11.1.sdk/usr/local/include -internal-isystem /Applications/Xcode_12.4.app/Contents/Developer/Toolchains/XcodeDefault.xctoolchain/usr/lib/clang/12.0.0/include -internal-externc-isystem /Applications/Xcode_12.4.app/Contents/Developer/Platforms/MacOSX.platform/Developer/SDKs/MacOSX11.1.sdk/usr/include -internal-externc-isystem /Applications/Xcode_12.4.app/Contents/Developer/Toolchains/XcodeDefault.xctoolchain/usr/include -Wno-reorder-init-list -Wno-implicit-int-float-conversion -Wno-c99-designator -Wno-final-dtor-non-final-class -Wno-extra-semi-stmt -Wno-misleading-indentation -Wno-quoted-include-in-framework-header -Wno-implicit-fallthrough -Wno-enum-enum-conversion -Wno-enum-float-conversion -fdeprecated-macro -fdebug-compilation-dir /private/var/folders/24/8k48jl6d249_n_qfxwsl6xvm0000gn/T/pip-req-build-giuoku0s/openjpeg/src/openjpeg/build/CMakeFiles/CMakeTmp -ferror-limit 19 -fmessage-length 0 -stack-protector 1 -mdarwin-stkchk-strong-link -fblocks -fencode-extended-block-signature -fregister-global-dtors-with-atexit -fgnuc-version=4.2.1 -fobjc-runtime=macosx-10.9.0 -fcxx-exceptions -fexceptions -fmax-type-align=16 -fdiagnostics-show-option -o CMakeFiles/cmTC_47647.dir/CMakeCXXCompilerABI.cpp.o -x c++ /usr/local/Cellar/cmake/3.20.0/share/cmake/Modules/CMakeCXXCompilerABI.cpp
clang -cc1 version 12.0.0 (clang-1200.0.32.29) default target x86_64-apple-darwin19.6.0
ignoring nonexistent directory "/Applications/Xcode_12.4.app/Contents/Developer/Platforms/MacOSX.platform/Developer/SDKs/MacOSX11.1.sdk/usr/local/include"
ignoring nonexistent directory "/Applications/Xcode_12.4.app/Contents/Developer/Platforms/MacOSX.platform/Developer/SDKs/MacOSX11.1.sdk/Library/Frameworks"
#include "..." search starts here:
#include <...> search starts here:
 /Applications/Xcode_12.4.app/Contents/Developer/Toolchains/XcodeDefault.xctoolchain/usr/bin/../include/c++/v1
 /Applications/Xcode_12.4.app/Contents/Developer/Toolchains/XcodeDefault.xctoolchain/usr/lib/clang/12.0.0/include
 /Applications/Xcode_12.4.app/Contents/Developer/Platforms/MacOSX.platform/Developer/SDKs/MacOSX11.1.sdk/usr/include
 /Applications/Xcode_12.4.app/Contents/Developer/Toolchains/XcodeDefault.xctoolchain/usr/include
 /Applications/Xcode_12.4.app/Contents/Developer/Platforms/MacOSX.platform/Developer/SDKs/MacOSX11.1.sdk/System/Library/Frameworks (framework directory)
End of search list.
Linking CXX executable cmTC_47647
/usr/local/Cellar/cmake/3.20.0/bin/cmake -E cmake_link_script CMakeFiles/cmTC_47647.dir/link.txt --verbose=1
/Applications/Xcode_12.4.app/Contents/Developer/Toolchains/XcodeDefault.xctoolchain/usr/bin/c++  -isysroot /Applications/Xcode_12.4.app/Contents/Developer/Platforms/MacOSX.platform/Developer/SDKs/MacOSX11.1.sdk -mmacosx-version-min=10.9 -Wl,-search_paths_first -Wl,-headerpad_max_install_names  -v -Wl,-v CMakeFiles/cmTC_47647.dir/CMakeCXXCompilerABI.cpp.o -o cmTC_47647 
Apple clang version 12.0.0 (clang-1200.0.32.29)
Target: x86_64-apple-darwin19.6.0
Thread model: posix
InstalledDir: /Applications/Xcode_12.4.app/Contents/Developer/Toolchains/XcodeDefault.xctoolchain/usr/bin
 "/Applications/Xcode_12.4.app/Contents/Developer/Toolchains/XcodeDefault.xctoolchain/usr/bin/ld" -demangle -lto_library /Applications/Xcode_12.4.app/Contents/Developer/Toolchains/XcodeDefault.xctoolchain/usr/lib/libLTO.dylib -dynamic -arch x86_64 -platform_version macos 10.9.0 11.1 -syslibroot /Applications/Xcode_12.4.app/Contents/Developer/Platforms/MacOSX.platform/Developer/SDKs/MacOSX11.1.sdk -o cmTC_47647 -search_paths_first -headerpad_max_install_names -v CMakeFiles/cmTC_47647.dir/CMakeCXXCompilerABI.cpp.o -lc++ -lSystem /Applications/Xcode_12.4.app/Contents/Developer/Toolchains/XcodeDefault.xctoolchain/usr/lib/clang/12.0.0/lib/darwin/libclang_rt.osx.a
@(#)PROGRAM:ld  PROJECT:ld64-609.8
BUILD 15:07:46 Dec 18 2020
configured to support archs: armv6 armv7 armv7s arm64 arm64e arm64_32 i386 x86_64 x86_64h armv6m armv7k armv7m armv7em
Library search paths:
	/Applications/Xcode_12.4.app/Contents/Developer/Platforms/MacOSX.platform/Developer/SDKs/MacOSX11.1.sdk/usr/lib
Framework search paths:
	/Applications/Xcode_12.4.app/Contents/Developer/Platforms/MacOSX.platform/Developer/SDKs/MacOSX11.1.sdk/System/Library/Frameworks/



Parsed CXX implicit include dir info from above output: rv=done
  found start of include info
  found start of implicit include info
    add: [/Applications/Xcode_12.4.app/Contents/Developer/Toolchains/XcodeDefault.xctoolchain/usr/bin/../include/c++/v1]
    add: [/Applications/Xcode_12.4.app/Contents/Developer/Toolchains/XcodeDefault.xctoolchain/usr/lib/clang/12.0.0/include]
    add: [/Applications/Xcode_12.4.app/Contents/Developer/Platforms/MacOSX.platform/Developer/SDKs/MacOSX11.1.sdk/usr/include]
    add: [/Applications/Xcode_12.4.app/Contents/Developer/Toolchains/XcodeDefault.xctoolchain/usr/include]
  end of search list found
  collapse include dir [/Applications/Xcode_12.4.app/Contents/Developer/Toolchains/XcodeDefault.xctoolchain/usr/bin/../include/c++/v1] ==> [/Applications/Xcode_12.4.app/Contents/Developer/Toolchains/XcodeDefault.xctoolchain/usr/include/c++/v1]
  collapse include dir [/Applications/Xcode_12.4.app/Contents/Developer/Toolchains/XcodeDefault.xctoolchain/usr/lib/clang/12.0.0/include] ==> [/Applications/Xcode_12.4.app/Contents/Developer/Toolchains/XcodeDefault.xctoolchain/usr/lib/clang/12.0.0/include]
  collapse include dir [/Applications/Xcode_12.4.app/Contents/Developer/Platforms/MacOSX.platform/Developer/SDKs/MacOSX11.1.sdk/usr/include] ==> [/Applications/Xcode_12.4.app/Contents/Developer/Platforms/MacOSX.platform/Developer/SDKs/MacOSX11.1.sdk/usr/include]
  collapse include dir [/Applications/Xcode_12.4.app/Contents/Developer/Toolchains/XcodeDefault.xctoolchain/usr/include] ==> [/Applications/Xcode_12.4.app/Contents/Developer/Toolchains/XcodeDefault.xctoolchain/usr/include]
  implicit include dirs: [/Applications/Xcode_12.4.app/Contents/Developer/Toolchains/XcodeDefault.xctoolchain/usr/include/c++/v1;/Applications/Xcode_12.4.app/Contents/Developer/Toolchains/XcodeDefault.xctoolchain/usr/lib/clang/12.0.0/include;/Applications/Xcode_12.4.app/Contents/Developer/Platforms/MacOSX.platform/Developer/SDKs/MacOSX11.1.sdk/usr/include;/Applications/Xcode_12.4.app/Contents/Developer/Toolchains/XcodeDefault.xctoolchain/usr/include]


Parsed CXX implicit link information from above output:
  link line regex: [^( *|.*[/\])(ld|CMAKE_LINK_STARTFILE-NOTFOUND|([^/\]+-)?ld|collect2)[^/\]*( |$)]
  ignore line: [Change Dir: /private/var/folders/24/8k48jl6d249_n_qfxwsl6xvm0000gn/T/pip-req-build-giuoku0s/openjpeg/src/openjpeg/build/CMakeFiles/CMakeTmp]
  ignore line: []
  ignore line: [Run Build Command(s):/usr/bin/make -f Makefile cmTC_47647/fast && /Applications/Xcode_12.4.app/Contents/Developer/usr/bin/make  -f CMakeFiles/cmTC_47647.dir/build.make CMakeFiles/cmTC_47647.dir/build]
  ignore line: [Building CXX object CMakeFiles/cmTC_47647.dir/CMakeCXXCompilerABI.cpp.o]
  ignore line: [/Applications/Xcode_12.4.app/Contents/Developer/Toolchains/XcodeDefault.xctoolchain/usr/bin/c++   -isysroot /Applications/Xcode_12.4.app/Contents/Developer/Platforms/MacOSX.platform/Developer/SDKs/MacOSX11.1.sdk -mmacosx-version-min=10.9   -v -Wl -v -MD -MT CMakeFiles/cmTC_47647.dir/CMakeCXXCompilerABI.cpp.o -MF CMakeFiles/cmTC_47647.dir/CMakeCXXCompilerABI.cpp.o.d -o CMakeFiles/cmTC_47647.dir/CMakeCXXCompilerABI.cpp.o -c /usr/local/Cellar/cmake/3.20.0/share/cmake/Modules/CMakeCXXCompilerABI.cpp]
  ignore line: [Apple clang version 12.0.0 (clang-1200.0.32.29)]
  ignore line: [Target: x86_64-apple-darwin19.6.0]
  ignore line: [Thread model: posix]
  ignore line: [InstalledDir: /Applications/Xcode_12.4.app/Contents/Developer/Toolchains/XcodeDefault.xctoolchain/usr/bin]
  ignore line: [clang: warning: -Wl -v: 'linker' input unused [-Wunused-command-line-argument]]
  ignore line: [ignoring nonexistent directory "/Applications/Xcode_12.4.app/Contents/Developer/Platforms/MacOSX.platform/Developer/SDKs/MacOSX11.1.sdk/usr/include/c++/v1"]
  ignore line: [ "/Applications/Xcode_12.4.app/Contents/Developer/Toolchains/XcodeDefault.xctoolchain/usr/bin/clang" -cc1 -triple x86_64-apple-macosx10.9.0 -Wdeprecated-objc-isa-usage -Werror=deprecated-objc-isa-usage -Werror=implicit-function-declaration -emit-obj -mrelax-all -disable-free -disable-llvm-verifier -discard-value-names -main-file-name CMakeCXXCompilerABI.cpp -mrelocation-model pic -pic-level 2 -mthread-model posix -mframe-pointer=all -fno-strict-return -masm-verbose -munwind-tables -faligned-alloc-unavailable -target-sdk-version=11.1 -target-cpu core2 -dwarf-column-info -debugger-tuning=lldb -target-linker-version 609.8 -v -resource-dir /Applications/Xcode_12.4.app/Contents/Developer/Toolchains/XcodeDefault.xctoolchain/usr/lib/clang/12.0.0 -dependency-file CMakeFiles/cmTC_47647.dir/CMakeCXXCompilerABI.cpp.o.d -skip-unused-modulemap-deps -MT CMakeFiles/cmTC_47647.dir/CMakeCXXCompilerABI.cpp.o -sys-header-deps -isysroot /Applications/Xcode_12.4.app/Contents/Developer/Platforms/MacOSX.platform/Developer/SDKs/MacOSX11.1.sdk -stdlib=libc++ -internal-isystem /Applications/Xcode_12.4.app/Contents/Developer/Toolchains/XcodeDefault.xctoolchain/usr/bin/../include/c++/v1 -internal-isystem /Applications/Xcode_12.4.app/Contents/Developer/Platforms/MacOSX.platform/Developer/SDKs/MacOSX11.1.sdk/usr/local/include -internal-isystem /Applications/Xcode_12.4.app/Contents/Developer/Toolchains/XcodeDefault.xctoolchain/usr/lib/clang/12.0.0/include -internal-externc-isystem /Applications/Xcode_12.4.app/Contents/Developer/Platforms/MacOSX.platform/Developer/SDKs/MacOSX11.1.sdk/usr/include -internal-externc-isystem /Applications/Xcode_12.4.app/Contents/Developer/Toolchains/XcodeDefault.xctoolchain/usr/include -Wno-reorder-init-list -Wno-implicit-int-float-conversion -Wno-c99-designator -Wno-final-dtor-non-final-class -Wno-extra-semi-stmt -Wno-misleading-indentation -Wno-quoted-include-in-framework-header -Wno-implicit-fallthrough -Wno-enum-enum-conversion -Wno-enum-float-conversion -fdeprecated-macro -fdebug-compilation-dir /private/var/folders/24/8k48jl6d249_n_qfxwsl6xvm0000gn/T/pip-req-build-giuoku0s/openjpeg/src/openjpeg/build/CMakeFiles/CMakeTmp -ferror-limit 19 -fmessage-length 0 -stack-protector 1 -mdarwin-stkchk-strong-link -fblocks -fencode-extended-block-signature -fregister-global-dtors-with-atexit -fgnuc-version=4.2.1 -fobjc-runtime=macosx-10.9.0 -fcxx-exceptions -fexceptions -fmax-type-align=16 -fdiagnostics-show-option -o CMakeFiles/cmTC_47647.dir/CMakeCXXCompilerABI.cpp.o -x c++ /usr/local/Cellar/cmake/3.20.0/share/cmake/Modules/CMakeCXXCompilerABI.cpp]
  ignore line: [clang -cc1 version 12.0.0 (clang-1200.0.32.29) default target x86_64-apple-darwin19.6.0]
  ignore line: [ignoring nonexistent directory "/Applications/Xcode_12.4.app/Contents/Developer/Platforms/MacOSX.platform/Developer/SDKs/MacOSX11.1.sdk/usr/local/include"]
  ignore line: [ignoring nonexistent directory "/Applications/Xcode_12.4.app/Contents/Developer/Platforms/MacOSX.platform/Developer/SDKs/MacOSX11.1.sdk/Library/Frameworks"]
  ignore line: [#include "..." search starts here:]
  ignore line: [#include <...> search starts here:]
  ignore line: [ /Applications/Xcode_12.4.app/Contents/Developer/Toolchains/XcodeDefault.xctoolchain/usr/bin/../include/c++/v1]
  ignore line: [ /Applications/Xcode_12.4.app/Contents/Developer/Toolchains/XcodeDefault.xctoolchain/usr/lib/clang/12.0.0/include]
  ignore line: [ /Applications/Xcode_12.4.app/Contents/Developer/Platforms/MacOSX.platform/Developer/SDKs/MacOSX11.1.sdk/usr/include]
  ignore line: [ /Applications/Xcode_12.4.app/Contents/Developer/Toolchains/XcodeDefault.xctoolchain/usr/include]
  ignore line: [ /Applications/Xcode_12.4.app/Contents/Developer/Platforms/MacOSX.platform/Developer/SDKs/MacOSX11.1.sdk/System/Library/Frameworks (framework directory)]
  ignore line: [End of search list.]
  ignore line: [Linking CXX executable cmTC_47647]
  ignore line: [/usr/local/Cellar/cmake/3.20.0/bin/cmake -E cmake_link_script CMakeFiles/cmTC_47647.dir/link.txt --verbose=1]
  ignore line: [/Applications/Xcode_12.4.app/Contents/Developer/Toolchains/XcodeDefault.xctoolchain/usr/bin/c++  -isysroot /Applications/Xcode_12.4.app/Contents/Developer/Platforms/MacOSX.platform/Developer/SDKs/MacOSX11.1.sdk -mmacosx-version-min=10.9 -Wl -search_paths_first -Wl -headerpad_max_install_names  -v -Wl -v CMakeFiles/cmTC_47647.dir/CMakeCXXCompilerABI.cpp.o -o cmTC_47647 ]
  ignore line: [Apple clang version 12.0.0 (clang-1200.0.32.29)]
  ignore line: [Target: x86_64-apple-darwin19.6.0]
  ignore line: [Thread model: posix]
  ignore line: [InstalledDir: /Applications/Xcode_12.4.app/Contents/Developer/Toolchains/XcodeDefault.xctoolchain/usr/bin]
  link line: [ "/Applications/Xcode_12.4.app/Contents/Developer/Toolchains/XcodeDefault.xctoolchain/usr/bin/ld" -demangle -lto_library /Applications/Xcode_12.4.app/Contents/Developer/Toolchains/XcodeDefault.xctoolchain/usr/lib/libLTO.dylib -dynamic -arch x86_64 -platform_version macos 10.9.0 11.1 -syslibroot /Applications/Xcode_12.4.app/Contents/Developer/Platforms/MacOSX.platform/Developer/SDKs/MacOSX11.1.sdk -o cmTC_47647 -search_paths_first -headerpad_max_install_names -v CMakeFiles/cmTC_47647.dir/CMakeCXXCompilerABI.cpp.o -lc++ -lSystem /Applications/Xcode_12.4.app/Contents/Developer/Toolchains/XcodeDefault.xctoolchain/usr/lib/clang/12.0.0/lib/darwin/libclang_rt.osx.a]
    arg [/Applications/Xcode_12.4.app/Contents/Developer/Toolchains/XcodeDefault.xctoolchain/usr/bin/ld] ==> ignore
    arg [-demangle] ==> ignore
    arg [-lto_library] ==> ignore, skip following value
    arg [/Applications/Xcode_12.4.app/Contents/Developer/Toolchains/XcodeDefault.xctoolchain/usr/lib/libLTO.dylib] ==> skip value of -lto_library
    arg [-dynamic] ==> ignore
    arg [-arch] ==> ignore
    arg [x86_64] ==> ignore
    arg [-platform_version] ==> ignore
    arg [macos] ==> ignore
    arg [10.9.0] ==> ignore
    arg [11.1] ==> ignore
    arg [-syslibroot] ==> ignore
    arg [/Applications/Xcode_12.4.app/Contents/Developer/Platforms/MacOSX.platform/Developer/SDKs/MacOSX11.1.sdk] ==> ignore
    arg [-o] ==> ignore
    arg [cmTC_47647] ==> ignore
    arg [-search_paths_first] ==> ignore
    arg [-headerpad_max_install_names] ==> ignore
    arg [-v] ==> ignore
    arg [CMakeFiles/cmTC_47647.dir/CMakeCXXCompilerABI.cpp.o] ==> ignore
    arg [-lc++] ==> lib [c++]
    arg [-lSystem] ==> lib [System]
    arg [/Applications/Xcode_12.4.app/Contents/Developer/Toolchains/XcodeDefault.xctoolchain/usr/lib/clang/12.0.0/lib/darwin/libclang_rt.osx.a] ==> lib [/Applications/Xcode_12.4.app/Contents/Developer/Toolchains/XcodeDefault.xctoolchain/usr/lib/clang/12.0.0/lib/darwin/libclang_rt.osx.a]
  Library search paths: [;/Applications/Xcode_12.4.app/Contents/Developer/Platforms/MacOSX.platform/Developer/SDKs/MacOSX11.1.sdk/usr/lib]
  Framework search paths: [;/Applications/Xcode_12.4.app/Contents/Developer/Platforms/MacOSX.platform/Developer/SDKs/MacOSX11.1.sdk/System/Library/Frameworks/]
  remove lib [System]
  remove lib [/Applications/Xcode_12.4.app/Contents/Developer/Toolchains/XcodeDefault.xctoolchain/usr/lib/clang/12.0.0/lib/darwin/libclang_rt.osx.a]
  collapse library dir [/Applications/Xcode_12.4.app/Contents/Developer/Platforms/MacOSX.platform/Developer/SDKs/MacOSX11.1.sdk/usr/lib] ==> [/Applications/Xcode_12.4.app/Contents/Developer/Platforms/MacOSX.platform/Developer/SDKs/MacOSX11.1.sdk/usr/lib]
  collapse framework dir [/Applications/Xcode_12.4.app/Contents/Developer/Platforms/MacOSX.platform/Developer/SDKs/MacOSX11.1.sdk/System/Library/Frameworks/] ==> [/Applications/Xcode_12.4.app/Contents/Developer/Platforms/MacOSX.platform/Developer/SDKs/MacOSX11.1.sdk/System/Library/Frameworks]
  implicit libs: [c++]
  implicit dirs: [/Applications/Xcode_12.4.app/Contents/Developer/Platforms/MacOSX.platform/Developer/SDKs/MacOSX11.1.sdk/usr/lib]
  implicit fwks: [/Applications/Xcode_12.4.app/Contents/Developer/Platforms/MacOSX.platform/Developer/SDKs/MacOSX11.1.sdk/System/Library/Frameworks]


Determining if the include file string.h exists passed with the following output:
Change Dir: /private/var/folders/24/8k48jl6d249_n_qfxwsl6xvm0000gn/T/pip-req-build-giuoku0s/openjpeg/src/openjpeg/build/CMakeFiles/CMakeTmp

Run Build Command(s):/usr/bin/make -f Makefile cmTC_f6190/fast && /Applications/Xcode_12.4.app/Contents/Developer/usr/bin/make  -f CMakeFiles/cmTC_f6190.dir/build.make CMakeFiles/cmTC_f6190.dir/build
Building C object CMakeFiles/cmTC_f6190.dir/CheckIncludeFile.c.o
/Applications/Xcode_12.4.app/Contents/Developer/Toolchains/XcodeDefault.xctoolchain/usr/bin/cc   -isysroot /Applications/Xcode_12.4.app/Contents/Developer/Platforms/MacOSX.platform/Developer/SDKs/MacOSX11.1.sdk -mmacosx-version-min=10.9 -MD -MT CMakeFiles/cmTC_f6190.dir/CheckIncludeFile.c.o -MF CMakeFiles/cmTC_f6190.dir/CheckIncludeFile.c.o.d -o CMakeFiles/cmTC_f6190.dir/CheckIncludeFile.c.o -c /private/var/folders/24/8k48jl6d249_n_qfxwsl6xvm0000gn/T/pip-req-build-giuoku0s/openjpeg/src/openjpeg/build/CMakeFiles/CMakeTmp/CheckIncludeFile.c
Linking C executable cmTC_f6190
/usr/local/Cellar/cmake/3.20.0/bin/cmake -E cmake_link_script CMakeFiles/cmTC_f6190.dir/link.txt --verbose=1
/Applications/Xcode_12.4.app/Contents/Developer/Toolchains/XcodeDefault.xctoolchain/usr/bin/cc  -isysroot /Applications/Xcode_12.4.app/Contents/Developer/Platforms/MacOSX.platform/Developer/SDKs/MacOSX11.1.sdk -mmacosx-version-min=10.9 -Wl,-search_paths_first -Wl,-headerpad_max_install_names CMakeFiles/cmTC_f6190.dir/CheckIncludeFile.c.o -o cmTC_f6190 



Determining if the include file memory.h exists passed with the following output:
Change Dir: /private/var/folders/24/8k48jl6d249_n_qfxwsl6xvm0000gn/T/pip-req-build-giuoku0s/openjpeg/src/openjpeg/build/CMakeFiles/CMakeTmp

Run Build Command(s):/usr/bin/make -f Makefile cmTC_7f046/fast && /Applications/Xcode_12.4.app/Contents/Developer/usr/bin/make  -f CMakeFiles/cmTC_7f046.dir/build.make CMakeFiles/cmTC_7f046.dir/build
Building C object CMakeFiles/cmTC_7f046.dir/CheckIncludeFile.c.o
/Applications/Xcode_12.4.app/Contents/Developer/Toolchains/XcodeDefault.xctoolchain/usr/bin/cc   -isysroot /Applications/Xcode_12.4.app/Contents/Developer/Platforms/MacOSX.platform/Developer/SDKs/MacOSX11.1.sdk -mmacosx-version-min=10.9 -MD -MT CMakeFiles/cmTC_7f046.dir/CheckIncludeFile.c.o -MF CMakeFiles/cmTC_7f046.dir/CheckIncludeFile.c.o.d -o CMakeFiles/cmTC_7f046.dir/CheckIncludeFile.c.o -c /private/var/folders/24/8k48jl6d249_n_qfxwsl6xvm0000gn/T/pip-req-build-giuoku0s/openjpeg/src/openjpeg/build/CMakeFiles/CMakeTmp/CheckIncludeFile.c
Linking C executable cmTC_7f046
/usr/local/Cellar/cmake/3.20.0/bin/cmake -E cmake_link_script CMakeFiles/cmTC_7f046.dir/link.txt --verbose=1
/Applications/Xcode_12.4.app/Contents/Developer/Toolchains/XcodeDefault.xctoolchain/usr/bin/cc  -isysroot /Applications/Xcode_12.4.app/Contents/Developer/Platforms/MacOSX.platform/Developer/SDKs/MacOSX11.1.sdk -mmacosx-version-min=10.9 -Wl,-search_paths_first -Wl,-headerpad_max_install_names CMakeFiles/cmTC_7f046.dir/CheckIncludeFile.c.o -o cmTC_7f046 



Determining if the include file stdlib.h exists passed with the following output:
Change Dir: /private/var/folders/24/8k48jl6d249_n_qfxwsl6xvm0000gn/T/pip-req-build-giuoku0s/openjpeg/src/openjpeg/build/CMakeFiles/CMakeTmp

Run Build Command(s):/usr/bin/make -f Makefile cmTC_5faad/fast && /Applications/Xcode_12.4.app/Contents/Developer/usr/bin/make  -f CMakeFiles/cmTC_5faad.dir/build.make CMakeFiles/cmTC_5faad.dir/build
Building C object CMakeFiles/cmTC_5faad.dir/CheckIncludeFile.c.o
/Applications/Xcode_12.4.app/Contents/Developer/Toolchains/XcodeDefault.xctoolchain/usr/bin/cc   -isysroot /Applications/Xcode_12.4.app/Contents/Developer/Platforms/MacOSX.platform/Developer/SDKs/MacOSX11.1.sdk -mmacosx-version-min=10.9 -MD -MT CMakeFiles/cmTC_5faad.dir/CheckIncludeFile.c.o -MF CMakeFiles/cmTC_5faad.dir/CheckIncludeFile.c.o.d -o CMakeFiles/cmTC_5faad.dir/CheckIncludeFile.c.o -c /private/var/folders/24/8k48jl6d249_n_qfxwsl6xvm0000gn/T/pip-req-build-giuoku0s/openjpeg/src/openjpeg/build/CMakeFiles/CMakeTmp/CheckIncludeFile.c
Linking C executable cmTC_5faad
/usr/local/Cellar/cmake/3.20.0/bin/cmake -E cmake_link_script CMakeFiles/cmTC_5faad.dir/link.txt --verbose=1
/Applications/Xcode_12.4.app/Contents/Developer/Toolchains/XcodeDefault.xctoolchain/usr/bin/cc  -isysroot /Applications/Xcode_12.4.app/Contents/Developer/Platforms/MacOSX.platform/Developer/SDKs/MacOSX11.1.sdk -mmacosx-version-min=10.9 -Wl,-search_paths_first -Wl,-headerpad_max_install_names CMakeFiles/cmTC_5faad.dir/CheckIncludeFile.c.o -o cmTC_5faad 



Determining if the include file stdio.h exists passed with the following output:
Change Dir: /private/var/folders/24/8k48jl6d249_n_qfxwsl6xvm0000gn/T/pip-req-build-giuoku0s/openjpeg/src/openjpeg/build/CMakeFiles/CMakeTmp

Run Build Command(s):/usr/bin/make -f Makefile cmTC_94b2e/fast && /Applications/Xcode_12.4.app/Contents/Developer/usr/bin/make  -f CMakeFiles/cmTC_94b2e.dir/build.make CMakeFiles/cmTC_94b2e.dir/build
Building C object CMakeFiles/cmTC_94b2e.dir/CheckIncludeFile.c.o
/Applications/Xcode_12.4.app/Contents/Developer/Toolchains/XcodeDefault.xctoolchain/usr/bin/cc   -isysroot /Applications/Xcode_12.4.app/Contents/Developer/Platforms/MacOSX.platform/Developer/SDKs/MacOSX11.1.sdk -mmacosx-version-min=10.9 -MD -MT CMakeFiles/cmTC_94b2e.dir/CheckIncludeFile.c.o -MF CMakeFiles/cmTC_94b2e.dir/CheckIncludeFile.c.o.d -o CMakeFiles/cmTC_94b2e.dir/CheckIncludeFile.c.o -c /private/var/folders/24/8k48jl6d249_n_qfxwsl6xvm0000gn/T/pip-req-build-giuoku0s/openjpeg/src/openjpeg/build/CMakeFiles/CMakeTmp/CheckIncludeFile.c
Linking C executable cmTC_94b2e
/usr/local/Cellar/cmake/3.20.0/bin/cmake -E cmake_link_script CMakeFiles/cmTC_94b2e.dir/link.txt --verbose=1
/Applications/Xcode_12.4.app/Contents/Developer/Toolchains/XcodeDefault.xctoolchain/usr/bin/cc  -isysroot /Applications/Xcode_12.4.app/Contents/Developer/Platforms/MacOSX.platform/Developer/SDKs/MacOSX11.1.sdk -mmacosx-version-min=10.9 -Wl,-search_paths_first -Wl,-headerpad_max_install_names CMakeFiles/cmTC_94b2e.dir/CheckIncludeFile.c.o -o cmTC_94b2e 



Determining if the include file math.h exists passed with the following output:
Change Dir: /private/var/folders/24/8k48jl6d249_n_qfxwsl6xvm0000gn/T/pip-req-build-giuoku0s/openjpeg/src/openjpeg/build/CMakeFiles/CMakeTmp

Run Build Command(s):/usr/bin/make -f Makefile cmTC_e49a4/fast && /Applications/Xcode_12.4.app/Contents/Developer/usr/bin/make  -f CMakeFiles/cmTC_e49a4.dir/build.make CMakeFiles/cmTC_e49a4.dir/build
Building C object CMakeFiles/cmTC_e49a4.dir/CheckIncludeFile.c.o
/Applications/Xcode_12.4.app/Contents/Developer/Toolchains/XcodeDefault.xctoolchain/usr/bin/cc   -isysroot /Applications/Xcode_12.4.app/Contents/Developer/Platforms/MacOSX.platform/Developer/SDKs/MacOSX11.1.sdk -mmacosx-version-min=10.9 -MD -MT CMakeFiles/cmTC_e49a4.dir/CheckIncludeFile.c.o -MF CMakeFiles/cmTC_e49a4.dir/CheckIncludeFile.c.o.d -o CMakeFiles/cmTC_e49a4.dir/CheckIncludeFile.c.o -c /private/var/folders/24/8k48jl6d249_n_qfxwsl6xvm0000gn/T/pip-req-build-giuoku0s/openjpeg/src/openjpeg/build/CMakeFiles/CMakeTmp/CheckIncludeFile.c
Linking C executable cmTC_e49a4
/usr/local/Cellar/cmake/3.20.0/bin/cmake -E cmake_link_script CMakeFiles/cmTC_e49a4.dir/link.txt --verbose=1
/Applications/Xcode_12.4.app/Contents/Developer/Toolchains/XcodeDefault.xctoolchain/usr/bin/cc  -isysroot /Applications/Xcode_12.4.app/Contents/Developer/Platforms/MacOSX.platform/Developer/SDKs/MacOSX11.1.sdk -mmacosx-version-min=10.9 -Wl,-search_paths_first -Wl,-headerpad_max_install_names CMakeFiles/cmTC_e49a4.dir/CheckIncludeFile.c.o -o cmTC_e49a4 



Determining if the include file float.h exists passed with the following output:
Change Dir: /private/var/folders/24/8k48jl6d249_n_qfxwsl6xvm0000gn/T/pip-req-build-giuoku0s/openjpeg/src/openjpeg/build/CMakeFiles/CMakeTmp

Run Build Command(s):/usr/bin/make -f Makefile cmTC_150b0/fast && /Applications/Xcode_12.4.app/Contents/Developer/usr/bin/make  -f CMakeFiles/cmTC_150b0.dir/build.make CMakeFiles/cmTC_150b0.dir/build
Building C object CMakeFiles/cmTC_150b0.dir/CheckIncludeFile.c.o
/Applications/Xcode_12.4.app/Contents/Developer/Toolchains/XcodeDefault.xctoolchain/usr/bin/cc   -isysroot /Applications/Xcode_12.4.app/Contents/Developer/Platforms/MacOSX.platform/Developer/SDKs/MacOSX11.1.sdk -mmacosx-version-min=10.9 -MD -MT CMakeFiles/cmTC_150b0.dir/CheckIncludeFile.c.o -MF CMakeFiles/cmTC_150b0.dir/CheckIncludeFile.c.o.d -o CMakeFiles/cmTC_150b0.dir/CheckIncludeFile.c.o -c /private/var/folders/24/8k48jl6d249_n_qfxwsl6xvm0000gn/T/pip-req-build-giuoku0s/openjpeg/src/openjpeg/build/CMakeFiles/CMakeTmp/CheckIncludeFile.c
Linking C executable cmTC_150b0
/usr/local/Cellar/cmake/3.20.0/bin/cmake -E cmake_link_script CMakeFiles/cmTC_150b0.dir/link.txt --verbose=1
/Applications/Xcode_12.4.app/Contents/Developer/Toolchains/XcodeDefault.xctoolchain/usr/bin/cc  -isysroot /Applications/Xcode_12.4.app/Contents/Developer/Platforms/MacOSX.platform/Developer/SDKs/MacOSX11.1.sdk -mmacosx-version-min=10.9 -Wl,-search_paths_first -Wl,-headerpad_max_install_names CMakeFiles/cmTC_150b0.dir/CheckIncludeFile.c.o -o cmTC_150b0 



Determining if the include file time.h exists passed with the following output:
Change Dir: /private/var/folders/24/8k48jl6d249_n_qfxwsl6xvm0000gn/T/pip-req-build-giuoku0s/openjpeg/src/openjpeg/build/CMakeFiles/CMakeTmp

Run Build Command(s):/usr/bin/make -f Makefile cmTC_db8e4/fast && /Applications/Xcode_12.4.app/Contents/Developer/usr/bin/make  -f CMakeFiles/cmTC_db8e4.dir/build.make CMakeFiles/cmTC_db8e4.dir/build
Building C object CMakeFiles/cmTC_db8e4.dir/CheckIncludeFile.c.o
/Applications/Xcode_12.4.app/Contents/Developer/Toolchains/XcodeDefault.xctoolchain/usr/bin/cc   -isysroot /Applications/Xcode_12.4.app/Contents/Developer/Platforms/MacOSX.platform/Developer/SDKs/MacOSX11.1.sdk -mmacosx-version-min=10.9 -MD -MT CMakeFiles/cmTC_db8e4.dir/CheckIncludeFile.c.o -MF CMakeFiles/cmTC_db8e4.dir/CheckIncludeFile.c.o.d -o CMakeFiles/cmTC_db8e4.dir/CheckIncludeFile.c.o -c /private/var/folders/24/8k48jl6d249_n_qfxwsl6xvm0000gn/T/pip-req-build-giuoku0s/openjpeg/src/openjpeg/build/CMakeFiles/CMakeTmp/CheckIncludeFile.c
Linking C executable cmTC_db8e4
/usr/local/Cellar/cmake/3.20.0/bin/cmake -E cmake_link_script CMakeFiles/cmTC_db8e4.dir/link.txt --verbose=1
/Applications/Xcode_12.4.app/Contents/Developer/Toolchains/XcodeDefault.xctoolchain/usr/bin/cc  -isysroot /Applications/Xcode_12.4.app/Contents/Developer/Platforms/MacOSX.platform/Developer/SDKs/MacOSX11.1.sdk -mmacosx-version-min=10.9 -Wl,-search_paths_first -Wl,-headerpad_max_install_names CMakeFiles/cmTC_db8e4.dir/CheckIncludeFile.c.o -o cmTC_db8e4 



Determining if the include file stdarg.h exists passed with the following output:
Change Dir: /private/var/folders/24/8k48jl6d249_n_qfxwsl6xvm0000gn/T/pip-req-build-giuoku0s/openjpeg/src/openjpeg/build/CMakeFiles/CMakeTmp

Run Build Command(s):/usr/bin/make -f Makefile cmTC_a5587/fast && /Applications/Xcode_12.4.app/Contents/Developer/usr/bin/make  -f CMakeFiles/cmTC_a5587.dir/build.make CMakeFiles/cmTC_a5587.dir/build
Building C object CMakeFiles/cmTC_a5587.dir/CheckIncludeFile.c.o
/Applications/Xcode_12.4.app/Contents/Developer/Toolchains/XcodeDefault.xctoolchain/usr/bin/cc   -isysroot /Applications/Xcode_12.4.app/Contents/Developer/Platforms/MacOSX.platform/Developer/SDKs/MacOSX11.1.sdk -mmacosx-version-min=10.9 -MD -MT CMakeFiles/cmTC_a5587.dir/CheckIncludeFile.c.o -MF CMakeFiles/cmTC_a5587.dir/CheckIncludeFile.c.o.d -o CMakeFiles/cmTC_a5587.dir/CheckIncludeFile.c.o -c /private/var/folders/24/8k48jl6d249_n_qfxwsl6xvm0000gn/T/pip-req-build-giuoku0s/openjpeg/src/openjpeg/build/CMakeFiles/CMakeTmp/CheckIncludeFile.c
Linking C executable cmTC_a5587
/usr/local/Cellar/cmake/3.20.0/bin/cmake -E cmake_link_script CMakeFiles/cmTC_a5587.dir/link.txt --verbose=1
/Applications/Xcode_12.4.app/Contents/Developer/Toolchains/XcodeDefault.xctoolchain/usr/bin/cc  -isysroot /Applications/Xcode_12.4.app/Contents/Developer/Platforms/MacOSX.platform/Developer/SDKs/MacOSX11.1.sdk -mmacosx-version-min=10.9 -Wl,-search_paths_first -Wl,-headerpad_max_install_names CMakeFiles/cmTC_a5587.dir/CheckIncludeFile.c.o -o cmTC_a5587 



Determining if the include file ctype.h exists passed with the following output:
Change Dir: /private/var/folders/24/8k48jl6d249_n_qfxwsl6xvm0000gn/T/pip-req-build-giuoku0s/openjpeg/src/openjpeg/build/CMakeFiles/CMakeTmp

Run Build Command(s):/usr/bin/make -f Makefile cmTC_8c99f/fast && /Applications/Xcode_12.4.app/Contents/Developer/usr/bin/make  -f CMakeFiles/cmTC_8c99f.dir/build.make CMakeFiles/cmTC_8c99f.dir/build
Building C object CMakeFiles/cmTC_8c99f.dir/CheckIncludeFile.c.o
/Applications/Xcode_12.4.app/Contents/Developer/Toolchains/XcodeDefault.xctoolchain/usr/bin/cc   -isysroot /Applications/Xcode_12.4.app/Contents/Developer/Platforms/MacOSX.platform/Developer/SDKs/MacOSX11.1.sdk -mmacosx-version-min=10.9 -MD -MT CMakeFiles/cmTC_8c99f.dir/CheckIncludeFile.c.o -MF CMakeFiles/cmTC_8c99f.dir/CheckIncludeFile.c.o.d -o CMakeFiles/cmTC_8c99f.dir/CheckIncludeFile.c.o -c /private/var/folders/24/8k48jl6d249_n_qfxwsl6xvm0000gn/T/pip-req-build-giuoku0s/openjpeg/src/openjpeg/build/CMakeFiles/CMakeTmp/CheckIncludeFile.c
Linking C executable cmTC_8c99f
/usr/local/Cellar/cmake/3.20.0/bin/cmake -E cmake_link_script CMakeFiles/cmTC_8c99f.dir/link.txt --verbose=1
/Applications/Xcode_12.4.app/Contents/Developer/Toolchains/XcodeDefault.xctoolchain/usr/bin/cc  -isysroot /Applications/Xcode_12.4.app/Contents/Developer/Platforms/MacOSX.platform/Developer/SDKs/MacOSX11.1.sdk -mmacosx-version-min=10.9 -Wl,-search_paths_first -Wl,-headerpad_max_install_names CMakeFiles/cmTC_8c99f.dir/CheckIncludeFile.c.o -o cmTC_8c99f 



Determining if the include file assert.h exists passed with the following output:
Change Dir: /private/var/folders/24/8k48jl6d249_n_qfxwsl6xvm0000gn/T/pip-req-build-giuoku0s/openjpeg/src/openjpeg/build/CMakeFiles/CMakeTmp

Run Build Command(s):/usr/bin/make -f Makefile cmTC_2db0e/fast && /Applications/Xcode_12.4.app/Contents/Developer/usr/bin/make  -f CMakeFiles/cmTC_2db0e.dir/build.make CMakeFiles/cmTC_2db0e.dir/build
Building C object CMakeFiles/cmTC_2db0e.dir/CheckIncludeFile.c.o
/Applications/Xcode_12.4.app/Contents/Developer/Toolchains/XcodeDefault.xctoolchain/usr/bin/cc   -isysroot /Applications/Xcode_12.4.app/Contents/Developer/Platforms/MacOSX.platform/Developer/SDKs/MacOSX11.1.sdk -mmacosx-version-min=10.9 -MD -MT CMakeFiles/cmTC_2db0e.dir/CheckIncludeFile.c.o -MF CMakeFiles/cmTC_2db0e.dir/CheckIncludeFile.c.o.d -o CMakeFiles/cmTC_2db0e.dir/CheckIncludeFile.c.o -c /private/var/folders/24/8k48jl6d249_n_qfxwsl6xvm0000gn/T/pip-req-build-giuoku0s/openjpeg/src/openjpeg/build/CMakeFiles/CMakeTmp/CheckIncludeFile.c
Linking C executable cmTC_2db0e
/usr/local/Cellar/cmake/3.20.0/bin/cmake -E cmake_link_script CMakeFiles/cmTC_2db0e.dir/link.txt --verbose=1
/Applications/Xcode_12.4.app/Contents/Developer/Toolchains/XcodeDefault.xctoolchain/usr/bin/cc  -isysroot /Applications/Xcode_12.4.app/Contents/Developer/Platforms/MacOSX.platform/Developer/SDKs/MacOSX11.1.sdk -mmacosx-version-min=10.9 -Wl,-search_paths_first -Wl,-headerpad_max_install_names CMakeFiles/cmTC_2db0e.dir/CheckIncludeFile.c.o -o cmTC_2db0e 



Determining if the include file stdint.h exists passed with the following output:
Change Dir: /private/var/folders/24/8k48jl6d249_n_qfxwsl6xvm0000gn/T/pip-req-build-giuoku0s/openjpeg/src/openjpeg/build/CMakeFiles/CMakeTmp

Run Build Command(s):/usr/bin/make -f Makefile cmTC_fa98f/fast && /Applications/Xcode_12.4.app/Contents/Developer/usr/bin/make  -f CMakeFiles/cmTC_fa98f.dir/build.make CMakeFiles/cmTC_fa98f.dir/build
Building C object CMakeFiles/cmTC_fa98f.dir/CheckIncludeFile.c.o
/Applications/Xcode_12.4.app/Contents/Developer/Toolchains/XcodeDefault.xctoolchain/usr/bin/cc   -isysroot /Applications/Xcode_12.4.app/Contents/Developer/Platforms/MacOSX.platform/Developer/SDKs/MacOSX11.1.sdk -mmacosx-version-min=10.9 -MD -MT CMakeFiles/cmTC_fa98f.dir/CheckIncludeFile.c.o -MF CMakeFiles/cmTC_fa98f.dir/CheckIncludeFile.c.o.d -o CMakeFiles/cmTC_fa98f.dir/CheckIncludeFile.c.o -c /private/var/folders/24/8k48jl6d249_n_qfxwsl6xvm0000gn/T/pip-req-build-giuoku0s/openjpeg/src/openjpeg/build/CMakeFiles/CMakeTmp/CheckIncludeFile.c
Linking C executable cmTC_fa98f
/usr/local/Cellar/cmake/3.20.0/bin/cmake -E cmake_link_script CMakeFiles/cmTC_fa98f.dir/link.txt --verbose=1
/Applications/Xcode_12.4.app/Contents/Developer/Toolchains/XcodeDefault.xctoolchain/usr/bin/cc  -isysroot /Applications/Xcode_12.4.app/Contents/Developer/Platforms/MacOSX.platform/Developer/SDKs/MacOSX11.1.sdk -mmacosx-version-min=10.9 -Wl,-search_paths_first -Wl,-headerpad_max_install_names CMakeFiles/cmTC_fa98f.dir/CheckIncludeFile.c.o -o cmTC_fa98f 



Determining if the include file inttypes.h exists passed with the following output:
Change Dir: /private/var/folders/24/8k48jl6d249_n_qfxwsl6xvm0000gn/T/pip-req-build-giuoku0s/openjpeg/src/openjpeg/build/CMakeFiles/CMakeTmp

Run Build Command(s):/usr/bin/make -f Makefile cmTC_0b343/fast && /Applications/Xcode_12.4.app/Contents/Developer/usr/bin/make  -f CMakeFiles/cmTC_0b343.dir/build.make CMakeFiles/cmTC_0b343.dir/build
Building C object CMakeFiles/cmTC_0b343.dir/CheckIncludeFile.c.o
/Applications/Xcode_12.4.app/Contents/Developer/Toolchains/XcodeDefault.xctoolchain/usr/bin/cc   -isysroot /Applications/Xcode_12.4.app/Contents/Developer/Platforms/MacOSX.platform/Developer/SDKs/MacOSX11.1.sdk -mmacosx-version-min=10.9 -MD -MT CMakeFiles/cmTC_0b343.dir/CheckIncludeFile.c.o -MF CMakeFiles/cmTC_0b343.dir/CheckIncludeFile.c.o.d -o CMakeFiles/cmTC_0b343.dir/CheckIncludeFile.c.o -c /private/var/folders/24/8k48jl6d249_n_qfxwsl6xvm0000gn/T/pip-req-build-giuoku0s/openjpeg/src/openjpeg/build/CMakeFiles/CMakeTmp/CheckIncludeFile.c
Linking C executable cmTC_0b343
/usr/local/Cellar/cmake/3.20.0/bin/cmake -E cmake_link_script CMakeFiles/cmTC_0b343.dir/link.txt --verbose=1
/Applications/Xcode_12.4.app/Contents/Developer/Toolchains/XcodeDefault.xctoolchain/usr/bin/cc  -isysroot /Applications/Xcode_12.4.app/Contents/Developer/Platforms/MacOSX.platform/Developer/SDKs/MacOSX11.1.sdk -mmacosx-version-min=10.9 -Wl,-search_paths_first -Wl,-headerpad_max_install_names CMakeFiles/cmTC_0b343.dir/CheckIncludeFile.c.o -o cmTC_0b343 



Determining if the include file strings.h exists passed with the following output:
Change Dir: /private/var/folders/24/8k48jl6d249_n_qfxwsl6xvm0000gn/T/pip-req-build-giuoku0s/openjpeg/src/openjpeg/build/CMakeFiles/CMakeTmp

Run Build Command(s):/usr/bin/make -f Makefile cmTC_25b1f/fast && /Applications/Xcode_12.4.app/Contents/Developer/usr/bin/make  -f CMakeFiles/cmTC_25b1f.dir/build.make CMakeFiles/cmTC_25b1f.dir/build
Building C object CMakeFiles/cmTC_25b1f.dir/CheckIncludeFile.c.o
/Applications/Xcode_12.4.app/Contents/Developer/Toolchains/XcodeDefault.xctoolchain/usr/bin/cc   -isysroot /Applications/Xcode_12.4.app/Contents/Developer/Platforms/MacOSX.platform/Developer/SDKs/MacOSX11.1.sdk -mmacosx-version-min=10.9 -MD -MT CMakeFiles/cmTC_25b1f.dir/CheckIncludeFile.c.o -MF CMakeFiles/cmTC_25b1f.dir/CheckIncludeFile.c.o.d -o CMakeFiles/cmTC_25b1f.dir/CheckIncludeFile.c.o -c /private/var/folders/24/8k48jl6d249_n_qfxwsl6xvm0000gn/T/pip-req-build-giuoku0s/openjpeg/src/openjpeg/build/CMakeFiles/CMakeTmp/CheckIncludeFile.c
Linking C executable cmTC_25b1f
/usr/local/Cellar/cmake/3.20.0/bin/cmake -E cmake_link_script CMakeFiles/cmTC_25b1f.dir/link.txt --verbose=1
/Applications/Xcode_12.4.app/Contents/Developer/Toolchains/XcodeDefault.xctoolchain/usr/bin/cc  -isysroot /Applications/Xcode_12.4.app/Contents/Developer/Platforms/MacOSX.platform/Developer/SDKs/MacOSX11.1.sdk -mmacosx-version-min=10.9 -Wl,-search_paths_first -Wl,-headerpad_max_install_names CMakeFiles/cmTC_25b1f.dir/CheckIncludeFile.c.o -o cmTC_25b1f 



Determining if the include file sys/stat.h exists passed with the following output:
Change Dir: /private/var/folders/24/8k48jl6d249_n_qfxwsl6xvm0000gn/T/pip-req-build-giuoku0s/openjpeg/src/openjpeg/build/CMakeFiles/CMakeTmp

Run Build Command(s):/usr/bin/make -f Makefile cmTC_b4dd3/fast && /Applications/Xcode_12.4.app/Contents/Developer/usr/bin/make  -f CMakeFiles/cmTC_b4dd3.dir/build.make CMakeFiles/cmTC_b4dd3.dir/build
Building C object CMakeFiles/cmTC_b4dd3.dir/CheckIncludeFile.c.o
/Applications/Xcode_12.4.app/Contents/Developer/Toolchains/XcodeDefault.xctoolchain/usr/bin/cc   -isysroot /Applications/Xcode_12.4.app/Contents/Developer/Platforms/MacOSX.platform/Developer/SDKs/MacOSX11.1.sdk -mmacosx-version-min=10.9 -MD -MT CMakeFiles/cmTC_b4dd3.dir/CheckIncludeFile.c.o -MF CMakeFiles/cmTC_b4dd3.dir/CheckIncludeFile.c.o.d -o CMakeFiles/cmTC_b4dd3.dir/CheckIncludeFile.c.o -c /private/var/folders/24/8k48jl6d249_n_qfxwsl6xvm0000gn/T/pip-req-build-giuoku0s/openjpeg/src/openjpeg/build/CMakeFiles/CMakeTmp/CheckIncludeFile.c
Linking C executable cmTC_b4dd3
/usr/local/Cellar/cmake/3.20.0/bin/cmake -E cmake_link_script CMakeFiles/cmTC_b4dd3.dir/link.txt --verbose=1
/Applications/Xcode_12.4.app/Contents/Developer/Toolchains/XcodeDefault.xctoolchain/usr/bin/cc  -isysroot /Applications/Xcode_12.4.app/Contents/Developer/Platforms/MacOSX.platform/Developer/SDKs/MacOSX11.1.sdk -mmacosx-version-min=10.9 -Wl,-search_paths_first -Wl,-headerpad_max_install_names CMakeFiles/cmTC_b4dd3.dir/CheckIncludeFile.c.o -o cmTC_b4dd3 



Determining if the include file sys/types.h exists passed with the following output:
Change Dir: /private/var/folders/24/8k48jl6d249_n_qfxwsl6xvm0000gn/T/pip-req-build-giuoku0s/openjpeg/src/openjpeg/build/CMakeFiles/CMakeTmp

Run Build Command(s):/usr/bin/make -f Makefile cmTC_e9b85/fast && /Applications/Xcode_12.4.app/Contents/Developer/usr/bin/make  -f CMakeFiles/cmTC_e9b85.dir/build.make CMakeFiles/cmTC_e9b85.dir/build
Building C object CMakeFiles/cmTC_e9b85.dir/CheckIncludeFile.c.o
/Applications/Xcode_12.4.app/Contents/Developer/Toolchains/XcodeDefault.xctoolchain/usr/bin/cc   -isysroot /Applications/Xcode_12.4.app/Contents/Developer/Platforms/MacOSX.platform/Developer/SDKs/MacOSX11.1.sdk -mmacosx-version-min=10.9 -MD -MT CMakeFiles/cmTC_e9b85.dir/CheckIncludeFile.c.o -MF CMakeFiles/cmTC_e9b85.dir/CheckIncludeFile.c.o.d -o CMakeFiles/cmTC_e9b85.dir/CheckIncludeFile.c.o -c /private/var/folders/24/8k48jl6d249_n_qfxwsl6xvm0000gn/T/pip-req-build-giuoku0s/openjpeg/src/openjpeg/build/CMakeFiles/CMakeTmp/CheckIncludeFile.c
Linking C executable cmTC_e9b85
/usr/local/Cellar/cmake/3.20.0/bin/cmake -E cmake_link_script CMakeFiles/cmTC_e9b85.dir/link.txt --verbose=1
/Applications/Xcode_12.4.app/Contents/Developer/Toolchains/XcodeDefault.xctoolchain/usr/bin/cc  -isysroot /Applications/Xcode_12.4.app/Contents/Developer/Platforms/MacOSX.platform/Developer/SDKs/MacOSX11.1.sdk -mmacosx-version-min=10.9 -Wl,-search_paths_first -Wl,-headerpad_max_install_names CMakeFiles/cmTC_e9b85.dir/CheckIncludeFile.c.o -o cmTC_e9b85 



Determining if the include file unistd.h exists passed with the following output:
Change Dir: /private/var/folders/24/8k48jl6d249_n_qfxwsl6xvm0000gn/T/pip-req-build-giuoku0s/openjpeg/src/openjpeg/build/CMakeFiles/CMakeTmp

Run Build Command(s):/usr/bin/make -f Makefile cmTC_92f7b/fast && /Applications/Xcode_12.4.app/Contents/Developer/usr/bin/make  -f CMakeFiles/cmTC_92f7b.dir/build.make CMakeFiles/cmTC_92f7b.dir/build
Building C object CMakeFiles/cmTC_92f7b.dir/CheckIncludeFile.c.o
/Applications/Xcode_12.4.app/Contents/Developer/Toolchains/XcodeDefault.xctoolchain/usr/bin/cc   -isysroot /Applications/Xcode_12.4.app/Contents/Developer/Platforms/MacOSX.platform/Developer/SDKs/MacOSX11.1.sdk -mmacosx-version-min=10.9 -MD -MT CMakeFiles/cmTC_92f7b.dir/CheckIncludeFile.c.o -MF CMakeFiles/cmTC_92f7b.dir/CheckIncludeFile.c.o.d -o CMakeFiles/cmTC_92f7b.dir/CheckIncludeFile.c.o -c /private/var/folders/24/8k48jl6d249_n_qfxwsl6xvm0000gn/T/pip-req-build-giuoku0s/openjpeg/src/openjpeg/build/CMakeFiles/CMakeTmp/CheckIncludeFile.c
Linking C executable cmTC_92f7b
/usr/local/Cellar/cmake/3.20.0/bin/cmake -E cmake_link_script CMakeFiles/cmTC_92f7b.dir/link.txt --verbose=1
/Applications/Xcode_12.4.app/Contents/Developer/Toolchains/XcodeDefault.xctoolchain/usr/bin/cc  -isysroot /Applications/Xcode_12.4.app/Contents/Developer/Platforms/MacOSX.platform/Developer/SDKs/MacOSX11.1.sdk -mmacosx-version-min=10.9 -Wl,-search_paths_first -Wl,-headerpad_max_install_names CMakeFiles/cmTC_92f7b.dir/CheckIncludeFile.c.o -o cmTC_92f7b 



Determining if the posix_memalign exist passed with the following output:
Change Dir: /private/var/folders/24/8k48jl6d249_n_qfxwsl6xvm0000gn/T/pip-req-build-giuoku0s/openjpeg/src/openjpeg/build/CMakeFiles/CMakeTmp

Run Build Command(s):/usr/bin/make -f Makefile cmTC_d4037/fast && /Applications/Xcode_12.4.app/Contents/Developer/usr/bin/make  -f CMakeFiles/cmTC_d4037.dir/build.make CMakeFiles/cmTC_d4037.dir/build
Building C object CMakeFiles/cmTC_d4037.dir/CheckSymbolExists.c.o
/Applications/Xcode_12.4.app/Contents/Developer/Toolchains/XcodeDefault.xctoolchain/usr/bin/cc -D_POSIX_C_SOURCE=200112L  -isysroot /Applications/Xcode_12.4.app/Contents/Developer/Platforms/MacOSX.platform/Developer/SDKs/MacOSX11.1.sdk -mmacosx-version-min=10.9 -MD -MT CMakeFiles/cmTC_d4037.dir/CheckSymbolExists.c.o -MF CMakeFiles/cmTC_d4037.dir/CheckSymbolExists.c.o.d -o CMakeFiles/cmTC_d4037.dir/CheckSymbolExists.c.o -c /private/var/folders/24/8k48jl6d249_n_qfxwsl6xvm0000gn/T/pip-req-build-giuoku0s/openjpeg/src/openjpeg/build/CMakeFiles/CMakeTmp/CheckSymbolExists.c
Linking C executable cmTC_d4037
/usr/local/Cellar/cmake/3.20.0/bin/cmake -E cmake_link_script CMakeFiles/cmTC_d4037.dir/link.txt --verbose=1
/Applications/Xcode_12.4.app/Contents/Developer/Toolchains/XcodeDefault.xctoolchain/usr/bin/cc  -isysroot /Applications/Xcode_12.4.app/Contents/Developer/Platforms/MacOSX.platform/Developer/SDKs/MacOSX11.1.sdk -mmacosx-version-min=10.9 -Wl,-search_paths_first -Wl,-headerpad_max_install_names CMakeFiles/cmTC_d4037.dir/CheckSymbolExists.c.o -o cmTC_d4037 


File /private/var/folders/24/8k48jl6d249_n_qfxwsl6xvm0000gn/T/pip-req-build-giuoku0s/openjpeg/src/openjpeg/build/CMakeFiles/CMakeTmp/CheckSymbolExists.c:
/* */
#include <stdlib.h>

int main(int argc, char** argv)
{
  (void)argv;
#ifndef posix_memalign
  return ((int*)(&posix_memalign))[argc];
#else
  (void)argc;
  return 0;
#endif
}
