The system is: Linux - 5.4.0-1043-azure - i686
Compiling the C compiler identification source file "CMakeCCompilerId.c" succeeded.
Compiler: /opt/rh/devtoolset-8/root/usr/bin/cc 
Build flags: 
Id flags: 

The output was:
0


Compilation of the C compiler identification source "CMakeCCompilerId.c" produced "a.out"

The C compiler identification is GNU, found in "/tmp/pip-req-build-74wj2aa6/openjpeg/src/openjpeg/build/CMakeFiles/2.8.12.2/CompilerIdC/a.out"

Compiling the CXX compiler identification source file "CMakeCXXCompilerId.cpp" succeeded.
Compiler: /opt/rh/devtoolset-8/root/usr/bin/c++ 
Build flags: 
Id flags: 

The output was:
0


Compilation of the CXX compiler identification source "CMakeCXXCompilerId.cpp" produced "a.out"

The CXX compiler identification is GNU, found in "/tmp/pip-req-build-74wj2aa6/openjpeg/src/openjpeg/build/CMakeFiles/2.8.12.2/CompilerIdCXX/a.out"

Determining if the C compiler works passed with the following output:
Change Dir: /tmp/pip-req-build-74wj2aa6/openjpeg/src/openjpeg/build/CMakeFiles/CMakeTmp

Run Build Command:/usr/bin/gmake "cmTryCompileExec4186265761/fast"
/usr/bin/gmake -f CMakeFiles/cmTryCompileExec4186265761.dir/build.make CMakeFiles/cmTryCompileExec4186265761.dir/build
gmake[1]: Entering directory `/tmp/pip-req-build-74wj2aa6/openjpeg/src/openjpeg/build/CMakeFiles/CMakeTmp'
/usr/bin/cmake -E cmake_progress_report /tmp/pip-req-build-74wj2aa6/openjpeg/src/openjpeg/build/CMakeFiles/CMakeTmp/CMakeFiles 1
Building C object CMakeFiles/cmTryCompileExec4186265761.dir/testCCompiler.c.o
/opt/rh/devtoolset-8/root/usr/bin/cc    -o CMakeFiles/cmTryCompileExec4186265761.dir/testCCompiler.c.o   -c /tmp/pip-req-build-74wj2aa6/openjpeg/src/openjpeg/build/CMakeFiles/CMakeTmp/testCCompiler.c
Linking C executable cmTryCompileExec4186265761
/usr/bin/cmake -E cmake_link_script CMakeFiles/cmTryCompileExec4186265761.dir/link.txt --verbose=1
/opt/rh/devtoolset-8/root/usr/bin/cc       CMakeFiles/cmTryCompileExec4186265761.dir/testCCompiler.c.o  -o cmTryCompileExec4186265761 -rdynamic 
gmake[1]: Leaving directory `/tmp/pip-req-build-74wj2aa6/openjpeg/src/openjpeg/build/CMakeFiles/CMakeTmp'


Detecting C compiler ABI info compiled with the following output:
Change Dir: /tmp/pip-req-build-74wj2aa6/openjpeg/src/openjpeg/build/CMakeFiles/CMakeTmp

Run Build Command:/usr/bin/gmake "cmTryCompileExec4292662305/fast"
/usr/bin/gmake -f CMakeFiles/cmTryCompileExec4292662305.dir/build.make CMakeFiles/cmTryCompileExec4292662305.dir/build
gmake[1]: Entering directory `/tmp/pip-req-build-74wj2aa6/openjpeg/src/openjpeg/build/CMakeFiles/CMakeTmp'
/usr/bin/cmake -E cmake_progress_report /tmp/pip-req-build-74wj2aa6/openjpeg/src/openjpeg/build/CMakeFiles/CMakeTmp/CMakeFiles 1
Building C object CMakeFiles/cmTryCompileExec4292662305.dir/CMakeCCompilerABI.c.o
/opt/rh/devtoolset-8/root/usr/bin/cc    -o CMakeFiles/cmTryCompileExec4292662305.dir/CMakeCCompilerABI.c.o   -c /usr/share/cmake/Modules/CMakeCCompilerABI.c
Linking C executable cmTryCompileExec4292662305
/usr/bin/cmake -E cmake_link_script CMakeFiles/cmTryCompileExec4292662305.dir/link.txt --verbose=1
/opt/rh/devtoolset-8/root/usr/bin/cc     -v CMakeFiles/cmTryCompileExec4292662305.dir/CMakeCCompilerABI.c.o  -o cmTryCompileExec4292662305 -rdynamic  
Using built-in specs.
COLLECT_GCC=/opt/rh/devtoolset-8/root/usr/bin/cc
COLLECT_LTO_WRAPPER=/opt/rh/devtoolset-8/root/usr/libexec/gcc/i686-redhat-linux/8/lto-wrapper
Target: i686-redhat-linux
Configured with: ../configure --enable-bootstrap --enable-languages=c,c++,fortran,lto --prefix=/opt/rh/devtoolset-8/root/usr --mandir=/opt/rh/devtoolset-8/root/usr/share/man --infodir=/opt/rh/devtoolset-8/root/usr/share/info --with-bugurl=http://bugzilla.redhat.com/bugzilla --enable-shared --enable-threads=posix --enable-checking=release --enable-multilib --with-system-zlib --enable-__cxa_atexit --disable-libunwind-exceptions --enable-gnu-unique-object --enable-linker-build-id --with-gcc-major-version-only --with-linker-hash-style=gnu --with-default-libstdcxx-abi=gcc4-compatible --enable-plugin --enable-initfini-array --with-isl=/builddir/build/BUILD/gcc-8.3.1-20190311/obj-i686-redhat-linux/isl-install --disable-libmpx --with-mpc=/builddir/build/BUILD/gcc-8.3.1-20190311/obj-i686-redhat-linux/mpc-install --with-tune=generic --with-arch=i686 --build=i686-redhat-linux
Thread model: posix
gcc version 8.3.1 20190311 (Red Hat 8.3.1-3) (GCC) 
COMPILER_PATH=/opt/rh/devtoolset-8/root/usr/libexec/gcc/i686-redhat-linux/8/:/opt/rh/devtoolset-8/root/usr/libexec/gcc/i686-redhat-linux/8/:/opt/rh/devtoolset-8/root/usr/libexec/gcc/i686-redhat-linux/:/opt/rh/devtoolset-8/root/usr/lib/gcc/i686-redhat-linux/8/:/opt/rh/devtoolset-8/root/usr/lib/gcc/i686-redhat-linux/
LIBRARY_PATH=/opt/rh/devtoolset-8/root/usr/lib/gcc/i686-redhat-linux/8/:/opt/rh/devtoolset-8/root/usr/lib/gcc/i686-redhat-linux/8/../../../:/lib/:/usr/lib/
COLLECT_GCC_OPTIONS='-v' '-o' 'cmTryCompileExec4292662305' '-rdynamic' '-mtune=generic' '-march=i686'
 /opt/rh/devtoolset-8/root/usr/libexec/gcc/i686-redhat-linux/8/collect2 -plugin /opt/rh/devtoolset-8/root/usr/libexec/gcc/i686-redhat-linux/8/liblto_plugin.so -plugin-opt=/opt/rh/devtoolset-8/root/usr/libexec/gcc/i686-redhat-linux/8/lto-wrapper -plugin-opt=-fresolution=/tmp/cc2nlZ76.res -plugin-opt=-pass-through=-lgcc -plugin-opt=-pass-through=-lgcc_s -plugin-opt=-pass-through=-lc -plugin-opt=-pass-through=-lgcc -plugin-opt=-pass-through=-lgcc_s --build-id --no-add-needed --eh-frame-hdr --hash-style=gnu -m elf_i386 -export-dynamic -dynamic-linker /lib/ld-linux.so.2 -o cmTryCompileExec4292662305 /usr/lib/crt1.o /usr/lib/crti.o /opt/rh/devtoolset-8/root/usr/lib/gcc/i686-redhat-linux/8/crtbegin.o -L/opt/rh/devtoolset-8/root/usr/lib/gcc/i686-redhat-linux/8 -L/opt/rh/devtoolset-8/root/usr/lib/gcc/i686-redhat-linux/8/../../.. CMakeFiles/cmTryCompileExec4292662305.dir/CMakeCCompilerABI.c.o -lgcc --as-needed -lgcc_s --no-as-needed -lc -lgcc --as-needed -lgcc_s --no-as-needed /opt/rh/devtoolset-8/root/usr/lib/gcc/i686-redhat-linux/8/crtend.o /usr/lib/crtn.o
COLLECT_GCC_OPTIONS='-v' '-o' 'cmTryCompileExec4292662305' '-rdynamic' '-mtune=generic' '-march=i686'
gmake[1]: Leaving directory `/tmp/pip-req-build-74wj2aa6/openjpeg/src/openjpeg/build/CMakeFiles/CMakeTmp'


Parsed C implicit link information from above output:
  link line regex: [^( *|.*[/\])(ld|([^/\]+-)?ld|collect2)[^/\]*( |$)]
  ignore line: [Change Dir: /tmp/pip-req-build-74wj2aa6/openjpeg/src/openjpeg/build/CMakeFiles/CMakeTmp]
  ignore line: []
  ignore line: [Run Build Command:/usr/bin/gmake "cmTryCompileExec4292662305/fast"]
  ignore line: [/usr/bin/gmake -f CMakeFiles/cmTryCompileExec4292662305.dir/build.make CMakeFiles/cmTryCompileExec4292662305.dir/build]
  ignore line: [gmake[1]: Entering directory `/tmp/pip-req-build-74wj2aa6/openjpeg/src/openjpeg/build/CMakeFiles/CMakeTmp']
  ignore line: [/usr/bin/cmake -E cmake_progress_report /tmp/pip-req-build-74wj2aa6/openjpeg/src/openjpeg/build/CMakeFiles/CMakeTmp/CMakeFiles 1]
  ignore line: [Building C object CMakeFiles/cmTryCompileExec4292662305.dir/CMakeCCompilerABI.c.o]
  ignore line: [/opt/rh/devtoolset-8/root/usr/bin/cc    -o CMakeFiles/cmTryCompileExec4292662305.dir/CMakeCCompilerABI.c.o   -c /usr/share/cmake/Modules/CMakeCCompilerABI.c]
  ignore line: [Linking C executable cmTryCompileExec4292662305]
  ignore line: [/usr/bin/cmake -E cmake_link_script CMakeFiles/cmTryCompileExec4292662305.dir/link.txt --verbose=1]
  ignore line: [/opt/rh/devtoolset-8/root/usr/bin/cc     -v CMakeFiles/cmTryCompileExec4292662305.dir/CMakeCCompilerABI.c.o  -o cmTryCompileExec4292662305 -rdynamic  ]
  ignore line: [Using built-in specs.]
  ignore line: [COLLECT_GCC=/opt/rh/devtoolset-8/root/usr/bin/cc]
  ignore line: [COLLECT_LTO_WRAPPER=/opt/rh/devtoolset-8/root/usr/libexec/gcc/i686-redhat-linux/8/lto-wrapper]
  ignore line: [Target: i686-redhat-linux]
  ignore line: [Configured with: ../configure --enable-bootstrap --enable-languages=c,c++,fortran,lto --prefix=/opt/rh/devtoolset-8/root/usr --mandir=/opt/rh/devtoolset-8/root/usr/share/man --infodir=/opt/rh/devtoolset-8/root/usr/share/info --with-bugurl=http://bugzilla.redhat.com/bugzilla --enable-shared --enable-threads=posix --enable-checking=release --enable-multilib --with-system-zlib --enable-__cxa_atexit --disable-libunwind-exceptions --enable-gnu-unique-object --enable-linker-build-id --with-gcc-major-version-only --with-linker-hash-style=gnu --with-default-libstdcxx-abi=gcc4-compatible --enable-plugin --enable-initfini-array --with-isl=/builddir/build/BUILD/gcc-8.3.1-20190311/obj-i686-redhat-linux/isl-install --disable-libmpx --with-mpc=/builddir/build/BUILD/gcc-8.3.1-20190311/obj-i686-redhat-linux/mpc-install --with-tune=generic --with-arch=i686 --build=i686-redhat-linux]
  ignore line: [Thread model: posix]
  ignore line: [gcc version 8.3.1 20190311 (Red Hat 8.3.1-3) (GCC) ]
  ignore line: [COMPILER_PATH=/opt/rh/devtoolset-8/root/usr/libexec/gcc/i686-redhat-linux/8/:/opt/rh/devtoolset-8/root/usr/libexec/gcc/i686-redhat-linux/8/:/opt/rh/devtoolset-8/root/usr/libexec/gcc/i686-redhat-linux/:/opt/rh/devtoolset-8/root/usr/lib/gcc/i686-redhat-linux/8/:/opt/rh/devtoolset-8/root/usr/lib/gcc/i686-redhat-linux/]
  ignore line: [LIBRARY_PATH=/opt/rh/devtoolset-8/root/usr/lib/gcc/i686-redhat-linux/8/:/opt/rh/devtoolset-8/root/usr/lib/gcc/i686-redhat-linux/8/../../../:/lib/:/usr/lib/]
  ignore line: [COLLECT_GCC_OPTIONS='-v' '-o' 'cmTryCompileExec4292662305' '-rdynamic' '-mtune=generic' '-march=i686']
  link line: [ /opt/rh/devtoolset-8/root/usr/libexec/gcc/i686-redhat-linux/8/collect2 -plugin /opt/rh/devtoolset-8/root/usr/libexec/gcc/i686-redhat-linux/8/liblto_plugin.so -plugin-opt=/opt/rh/devtoolset-8/root/usr/libexec/gcc/i686-redhat-linux/8/lto-wrapper -plugin-opt=-fresolution=/tmp/cc2nlZ76.res -plugin-opt=-pass-through=-lgcc -plugin-opt=-pass-through=-lgcc_s -plugin-opt=-pass-through=-lc -plugin-opt=-pass-through=-lgcc -plugin-opt=-pass-through=-lgcc_s --build-id --no-add-needed --eh-frame-hdr --hash-style=gnu -m elf_i386 -export-dynamic -dynamic-linker /lib/ld-linux.so.2 -o cmTryCompileExec4292662305 /usr/lib/crt1.o /usr/lib/crti.o /opt/rh/devtoolset-8/root/usr/lib/gcc/i686-redhat-linux/8/crtbegin.o -L/opt/rh/devtoolset-8/root/usr/lib/gcc/i686-redhat-linux/8 -L/opt/rh/devtoolset-8/root/usr/lib/gcc/i686-redhat-linux/8/../../.. CMakeFiles/cmTryCompileExec4292662305.dir/CMakeCCompilerABI.c.o -lgcc --as-needed -lgcc_s --no-as-needed -lc -lgcc --as-needed -lgcc_s --no-as-needed /opt/rh/devtoolset-8/root/usr/lib/gcc/i686-redhat-linux/8/crtend.o /usr/lib/crtn.o]
    arg [/opt/rh/devtoolset-8/root/usr/libexec/gcc/i686-redhat-linux/8/collect2] ==> ignore
    arg [-plugin] ==> ignore
    arg [/opt/rh/devtoolset-8/root/usr/libexec/gcc/i686-redhat-linux/8/liblto_plugin.so] ==> ignore
    arg [-plugin-opt=/opt/rh/devtoolset-8/root/usr/libexec/gcc/i686-redhat-linux/8/lto-wrapper] ==> ignore
    arg [-plugin-opt=-fresolution=/tmp/cc2nlZ76.res] ==> ignore
    arg [-plugin-opt=-pass-through=-lgcc] ==> ignore
    arg [-plugin-opt=-pass-through=-lgcc_s] ==> ignore
    arg [-plugin-opt=-pass-through=-lc] ==> ignore
    arg [-plugin-opt=-pass-through=-lgcc] ==> ignore
    arg [-plugin-opt=-pass-through=-lgcc_s] ==> ignore
    arg [--build-id] ==> ignore
    arg [--no-add-needed] ==> ignore
    arg [--eh-frame-hdr] ==> ignore
    arg [--hash-style=gnu] ==> ignore
    arg [-m] ==> ignore
    arg [elf_i386] ==> ignore
    arg [-export-dynamic] ==> ignore
    arg [-dynamic-linker] ==> ignore
    arg [/lib/ld-linux.so.2] ==> ignore
    arg [-o] ==> ignore
    arg [cmTryCompileExec4292662305] ==> ignore
    arg [/usr/lib/crt1.o] ==> ignore
    arg [/usr/lib/crti.o] ==> ignore
    arg [/opt/rh/devtoolset-8/root/usr/lib/gcc/i686-redhat-linux/8/crtbegin.o] ==> ignore
    arg [-L/opt/rh/devtoolset-8/root/usr/lib/gcc/i686-redhat-linux/8] ==> dir [/opt/rh/devtoolset-8/root/usr/lib/gcc/i686-redhat-linux/8]
    arg [-L/opt/rh/devtoolset-8/root/usr/lib/gcc/i686-redhat-linux/8/../../..] ==> dir [/opt/rh/devtoolset-8/root/usr/lib/gcc/i686-redhat-linux/8/../../..]
    arg [CMakeFiles/cmTryCompileExec4292662305.dir/CMakeCCompilerABI.c.o] ==> ignore
    arg [-lgcc] ==> lib [gcc]
    arg [--as-needed] ==> ignore
    arg [-lgcc_s] ==> lib [gcc_s]
    arg [--no-as-needed] ==> ignore
    arg [-lc] ==> lib [c]
    arg [-lgcc] ==> lib [gcc]
    arg [--as-needed] ==> ignore
    arg [-lgcc_s] ==> lib [gcc_s]
    arg [--no-as-needed] ==> ignore
    arg [/opt/rh/devtoolset-8/root/usr/lib/gcc/i686-redhat-linux/8/crtend.o] ==> ignore
    arg [/usr/lib/crtn.o] ==> ignore
  remove lib [gcc]
  remove lib [gcc_s]
  remove lib [gcc]
  remove lib [gcc_s]
  collapse library dir [/opt/rh/devtoolset-8/root/usr/lib/gcc/i686-redhat-linux/8] ==> [/opt/rh/devtoolset-8/root/usr/lib/gcc/i686-redhat-linux/8]
  collapse library dir [/opt/rh/devtoolset-8/root/usr/lib/gcc/i686-redhat-linux/8/../../..] ==> [/opt/rh/devtoolset-8/root/usr/lib]
  implicit libs: [c]
  implicit dirs: [/opt/rh/devtoolset-8/root/usr/lib/gcc/i686-redhat-linux/8;/opt/rh/devtoolset-8/root/usr/lib]
  implicit fwks: []


Determining if the CXX compiler works passed with the following output:
Change Dir: /tmp/pip-req-build-74wj2aa6/openjpeg/src/openjpeg/build/CMakeFiles/CMakeTmp

Run Build Command:/usr/bin/gmake "cmTryCompileExec2080852543/fast"
/usr/bin/gmake -f CMakeFiles/cmTryCompileExec2080852543.dir/build.make CMakeFiles/cmTryCompileExec2080852543.dir/build
gmake[1]: Entering directory `/tmp/pip-req-build-74wj2aa6/openjpeg/src/openjpeg/build/CMakeFiles/CMakeTmp'
/usr/bin/cmake -E cmake_progress_report /tmp/pip-req-build-74wj2aa6/openjpeg/src/openjpeg/build/CMakeFiles/CMakeTmp/CMakeFiles 1
Building CXX object CMakeFiles/cmTryCompileExec2080852543.dir/testCXXCompiler.cxx.o
/opt/rh/devtoolset-8/root/usr/bin/c++     -o CMakeFiles/cmTryCompileExec2080852543.dir/testCXXCompiler.cxx.o -c /tmp/pip-req-build-74wj2aa6/openjpeg/src/openjpeg/build/CMakeFiles/CMakeTmp/testCXXCompiler.cxx
Linking CXX executable cmTryCompileExec2080852543
/usr/bin/cmake -E cmake_link_script CMakeFiles/cmTryCompileExec2080852543.dir/link.txt --verbose=1
/opt/rh/devtoolset-8/root/usr/bin/c++        CMakeFiles/cmTryCompileExec2080852543.dir/testCXXCompiler.cxx.o  -o cmTryCompileExec2080852543 -rdynamic 
gmake[1]: Leaving directory `/tmp/pip-req-build-74wj2aa6/openjpeg/src/openjpeg/build/CMakeFiles/CMakeTmp'


Detecting CXX compiler ABI info compiled with the following output:
Change Dir: /tmp/pip-req-build-74wj2aa6/openjpeg/src/openjpeg/build/CMakeFiles/CMakeTmp

Run Build Command:/usr/bin/gmake "cmTryCompileExec1102891578/fast"
/usr/bin/gmake -f CMakeFiles/cmTryCompileExec1102891578.dir/build.make CMakeFiles/cmTryCompileExec1102891578.dir/build
gmake[1]: Entering directory `/tmp/pip-req-build-74wj2aa6/openjpeg/src/openjpeg/build/CMakeFiles/CMakeTmp'
/usr/bin/cmake -E cmake_progress_report /tmp/pip-req-build-74wj2aa6/openjpeg/src/openjpeg/build/CMakeFiles/CMakeTmp/CMakeFiles 1
Building CXX object CMakeFiles/cmTryCompileExec1102891578.dir/CMakeCXXCompilerABI.cpp.o
/opt/rh/devtoolset-8/root/usr/bin/c++     -o CMakeFiles/cmTryCompileExec1102891578.dir/CMakeCXXCompilerABI.cpp.o -c /usr/share/cmake/Modules/CMakeCXXCompilerABI.cpp
Linking CXX executable cmTryCompileExec1102891578
/usr/bin/cmake -E cmake_link_script CMakeFiles/cmTryCompileExec1102891578.dir/link.txt --verbose=1
/opt/rh/devtoolset-8/root/usr/bin/c++      -v CMakeFiles/cmTryCompileExec1102891578.dir/CMakeCXXCompilerABI.cpp.o  -o cmTryCompileExec1102891578 -rdynamic  
Using built-in specs.
COLLECT_GCC=/opt/rh/devtoolset-8/root/usr/bin/c++
COLLECT_LTO_WRAPPER=/opt/rh/devtoolset-8/root/usr/libexec/gcc/i686-redhat-linux/8/lto-wrapper
Target: i686-redhat-linux
Configured with: ../configure --enable-bootstrap --enable-languages=c,c++,fortran,lto --prefix=/opt/rh/devtoolset-8/root/usr --mandir=/opt/rh/devtoolset-8/root/usr/share/man --infodir=/opt/rh/devtoolset-8/root/usr/share/info --with-bugurl=http://bugzilla.redhat.com/bugzilla --enable-shared --enable-threads=posix --enable-checking=release --enable-multilib --with-system-zlib --enable-__cxa_atexit --disable-libunwind-exceptions --enable-gnu-unique-object --enable-linker-build-id --with-gcc-major-version-only --with-linker-hash-style=gnu --with-default-libstdcxx-abi=gcc4-compatible --enable-plugin --enable-initfini-array --with-isl=/builddir/build/BUILD/gcc-8.3.1-20190311/obj-i686-redhat-linux/isl-install --disable-libmpx --with-mpc=/builddir/build/BUILD/gcc-8.3.1-20190311/obj-i686-redhat-linux/mpc-install --with-tune=generic --with-arch=i686 --build=i686-redhat-linux
Thread model: posix
gcc version 8.3.1 20190311 (Red Hat 8.3.1-3) (GCC) 
COMPILER_PATH=/opt/rh/devtoolset-8/root/usr/libexec/gcc/i686-redhat-linux/8/:/opt/rh/devtoolset-8/root/usr/libexec/gcc/i686-redhat-linux/8/:/opt/rh/devtoolset-8/root/usr/libexec/gcc/i686-redhat-linux/:/opt/rh/devtoolset-8/root/usr/lib/gcc/i686-redhat-linux/8/:/opt/rh/devtoolset-8/root/usr/lib/gcc/i686-redhat-linux/
LIBRARY_PATH=/opt/rh/devtoolset-8/root/usr/lib/gcc/i686-redhat-linux/8/:/opt/rh/devtoolset-8/root/usr/lib/gcc/i686-redhat-linux/8/../../../:/lib/:/usr/lib/
COLLECT_GCC_OPTIONS='-v' '-o' 'cmTryCompileExec1102891578' '-rdynamic' '-shared-libgcc' '-mtune=generic' '-march=i686'
 /opt/rh/devtoolset-8/root/usr/libexec/gcc/i686-redhat-linux/8/collect2 -plugin /opt/rh/devtoolset-8/root/usr/libexec/gcc/i686-redhat-linux/8/liblto_plugin.so -plugin-opt=/opt/rh/devtoolset-8/root/usr/libexec/gcc/i686-redhat-linux/8/lto-wrapper -plugin-opt=-fresolution=/tmp/ccqEKywk.res -plugin-opt=-pass-through=-lgcc_s -plugin-opt=-pass-through=-lgcc -plugin-opt=-pass-through=-lc -plugin-opt=-pass-through=-lgcc_s -plugin-opt=-pass-through=-lgcc --build-id --no-add-needed --eh-frame-hdr --hash-style=gnu -m elf_i386 -export-dynamic -dynamic-linker /lib/ld-linux.so.2 -o cmTryCompileExec1102891578 /usr/lib/crt1.o /usr/lib/crti.o /opt/rh/devtoolset-8/root/usr/lib/gcc/i686-redhat-linux/8/crtbegin.o -L/opt/rh/devtoolset-8/root/usr/lib/gcc/i686-redhat-linux/8 -L/opt/rh/devtoolset-8/root/usr/lib/gcc/i686-redhat-linux/8/../../.. CMakeFiles/cmTryCompileExec1102891578.dir/CMakeCXXCompilerABI.cpp.o -lstdc++ -lm -lgcc_s -lgcc -lc -lgcc_s -lgcc /opt/rh/devtoolset-8/root/usr/lib/gcc/i686-redhat-linux/8/crtend.o /usr/lib/crtn.o
COLLECT_GCC_OPTIONS='-v' '-o' 'cmTryCompileExec1102891578' '-rdynamic' '-shared-libgcc' '-mtune=generic' '-march=i686'
gmake[1]: Leaving directory `/tmp/pip-req-build-74wj2aa6/openjpeg/src/openjpeg/build/CMakeFiles/CMakeTmp'


Parsed CXX implicit link information from above output:
  link line regex: [^( *|.*[/\])(ld|([^/\]+-)?ld|collect2)[^/\]*( |$)]
  ignore line: [Change Dir: /tmp/pip-req-build-74wj2aa6/openjpeg/src/openjpeg/build/CMakeFiles/CMakeTmp]
  ignore line: []
  ignore line: [Run Build Command:/usr/bin/gmake "cmTryCompileExec1102891578/fast"]
  ignore line: [/usr/bin/gmake -f CMakeFiles/cmTryCompileExec1102891578.dir/build.make CMakeFiles/cmTryCompileExec1102891578.dir/build]
  ignore line: [gmake[1]: Entering directory `/tmp/pip-req-build-74wj2aa6/openjpeg/src/openjpeg/build/CMakeFiles/CMakeTmp']
  ignore line: [/usr/bin/cmake -E cmake_progress_report /tmp/pip-req-build-74wj2aa6/openjpeg/src/openjpeg/build/CMakeFiles/CMakeTmp/CMakeFiles 1]
  ignore line: [Building CXX object CMakeFiles/cmTryCompileExec1102891578.dir/CMakeCXXCompilerABI.cpp.o]
  ignore line: [/opt/rh/devtoolset-8/root/usr/bin/c++     -o CMakeFiles/cmTryCompileExec1102891578.dir/CMakeCXXCompilerABI.cpp.o -c /usr/share/cmake/Modules/CMakeCXXCompilerABI.cpp]
  ignore line: [Linking CXX executable cmTryCompileExec1102891578]
  ignore line: [/usr/bin/cmake -E cmake_link_script CMakeFiles/cmTryCompileExec1102891578.dir/link.txt --verbose=1]
  ignore line: [/opt/rh/devtoolset-8/root/usr/bin/c++      -v CMakeFiles/cmTryCompileExec1102891578.dir/CMakeCXXCompilerABI.cpp.o  -o cmTryCompileExec1102891578 -rdynamic  ]
  ignore line: [Using built-in specs.]
  ignore line: [COLLECT_GCC=/opt/rh/devtoolset-8/root/usr/bin/c++]
  ignore line: [COLLECT_LTO_WRAPPER=/opt/rh/devtoolset-8/root/usr/libexec/gcc/i686-redhat-linux/8/lto-wrapper]
  ignore line: [Target: i686-redhat-linux]
  ignore line: [Configured with: ../configure --enable-bootstrap --enable-languages=c,c++,fortran,lto --prefix=/opt/rh/devtoolset-8/root/usr --mandir=/opt/rh/devtoolset-8/root/usr/share/man --infodir=/opt/rh/devtoolset-8/root/usr/share/info --with-bugurl=http://bugzilla.redhat.com/bugzilla --enable-shared --enable-threads=posix --enable-checking=release --enable-multilib --with-system-zlib --enable-__cxa_atexit --disable-libunwind-exceptions --enable-gnu-unique-object --enable-linker-build-id --with-gcc-major-version-only --with-linker-hash-style=gnu --with-default-libstdcxx-abi=gcc4-compatible --enable-plugin --enable-initfini-array --with-isl=/builddir/build/BUILD/gcc-8.3.1-20190311/obj-i686-redhat-linux/isl-install --disable-libmpx --with-mpc=/builddir/build/BUILD/gcc-8.3.1-20190311/obj-i686-redhat-linux/mpc-install --with-tune=generic --with-arch=i686 --build=i686-redhat-linux]
  ignore line: [Thread model: posix]
  ignore line: [gcc version 8.3.1 20190311 (Red Hat 8.3.1-3) (GCC) ]
  ignore line: [COMPILER_PATH=/opt/rh/devtoolset-8/root/usr/libexec/gcc/i686-redhat-linux/8/:/opt/rh/devtoolset-8/root/usr/libexec/gcc/i686-redhat-linux/8/:/opt/rh/devtoolset-8/root/usr/libexec/gcc/i686-redhat-linux/:/opt/rh/devtoolset-8/root/usr/lib/gcc/i686-redhat-linux/8/:/opt/rh/devtoolset-8/root/usr/lib/gcc/i686-redhat-linux/]
  ignore line: [LIBRARY_PATH=/opt/rh/devtoolset-8/root/usr/lib/gcc/i686-redhat-linux/8/:/opt/rh/devtoolset-8/root/usr/lib/gcc/i686-redhat-linux/8/../../../:/lib/:/usr/lib/]
  ignore line: [COLLECT_GCC_OPTIONS='-v' '-o' 'cmTryCompileExec1102891578' '-rdynamic' '-shared-libgcc' '-mtune=generic' '-march=i686']
  link line: [ /opt/rh/devtoolset-8/root/usr/libexec/gcc/i686-redhat-linux/8/collect2 -plugin /opt/rh/devtoolset-8/root/usr/libexec/gcc/i686-redhat-linux/8/liblto_plugin.so -plugin-opt=/opt/rh/devtoolset-8/root/usr/libexec/gcc/i686-redhat-linux/8/lto-wrapper -plugin-opt=-fresolution=/tmp/ccqEKywk.res -plugin-opt=-pass-through=-lgcc_s -plugin-opt=-pass-through=-lgcc -plugin-opt=-pass-through=-lc -plugin-opt=-pass-through=-lgcc_s -plugin-opt=-pass-through=-lgcc --build-id --no-add-needed --eh-frame-hdr --hash-style=gnu -m elf_i386 -export-dynamic -dynamic-linker /lib/ld-linux.so.2 -o cmTryCompileExec1102891578 /usr/lib/crt1.o /usr/lib/crti.o /opt/rh/devtoolset-8/root/usr/lib/gcc/i686-redhat-linux/8/crtbegin.o -L/opt/rh/devtoolset-8/root/usr/lib/gcc/i686-redhat-linux/8 -L/opt/rh/devtoolset-8/root/usr/lib/gcc/i686-redhat-linux/8/../../.. CMakeFiles/cmTryCompileExec1102891578.dir/CMakeCXXCompilerABI.cpp.o -lstdc++ -lm -lgcc_s -lgcc -lc -lgcc_s -lgcc /opt/rh/devtoolset-8/root/usr/lib/gcc/i686-redhat-linux/8/crtend.o /usr/lib/crtn.o]
    arg [/opt/rh/devtoolset-8/root/usr/libexec/gcc/i686-redhat-linux/8/collect2] ==> ignore
    arg [-plugin] ==> ignore
    arg [/opt/rh/devtoolset-8/root/usr/libexec/gcc/i686-redhat-linux/8/liblto_plugin.so] ==> ignore
    arg [-plugin-opt=/opt/rh/devtoolset-8/root/usr/libexec/gcc/i686-redhat-linux/8/lto-wrapper] ==> ignore
    arg [-plugin-opt=-fresolution=/tmp/ccqEKywk.res] ==> ignore
    arg [-plugin-opt=-pass-through=-lgcc_s] ==> ignore
    arg [-plugin-opt=-pass-through=-lgcc] ==> ignore
    arg [-plugin-opt=-pass-through=-lc] ==> ignore
    arg [-plugin-opt=-pass-through=-lgcc_s] ==> ignore
    arg [-plugin-opt=-pass-through=-lgcc] ==> ignore
    arg [--build-id] ==> ignore
    arg [--no-add-needed] ==> ignore
    arg [--eh-frame-hdr] ==> ignore
    arg [--hash-style=gnu] ==> ignore
    arg [-m] ==> ignore
    arg [elf_i386] ==> ignore
    arg [-export-dynamic] ==> ignore
    arg [-dynamic-linker] ==> ignore
    arg [/lib/ld-linux.so.2] ==> ignore
    arg [-o] ==> ignore
    arg [cmTryCompileExec1102891578] ==> ignore
    arg [/usr/lib/crt1.o] ==> ignore
    arg [/usr/lib/crti.o] ==> ignore
    arg [/opt/rh/devtoolset-8/root/usr/lib/gcc/i686-redhat-linux/8/crtbegin.o] ==> ignore
    arg [-L/opt/rh/devtoolset-8/root/usr/lib/gcc/i686-redhat-linux/8] ==> dir [/opt/rh/devtoolset-8/root/usr/lib/gcc/i686-redhat-linux/8]
    arg [-L/opt/rh/devtoolset-8/root/usr/lib/gcc/i686-redhat-linux/8/../../..] ==> dir [/opt/rh/devtoolset-8/root/usr/lib/gcc/i686-redhat-linux/8/../../..]
    arg [CMakeFiles/cmTryCompileExec1102891578.dir/CMakeCXXCompilerABI.cpp.o] ==> ignore
    arg [-lstdc++] ==> lib [stdc++]
    arg [-lm] ==> lib [m]
    arg [-lgcc_s] ==> lib [gcc_s]
    arg [-lgcc] ==> lib [gcc]
    arg [-lc] ==> lib [c]
    arg [-lgcc_s] ==> lib [gcc_s]
    arg [-lgcc] ==> lib [gcc]
    arg [/opt/rh/devtoolset-8/root/usr/lib/gcc/i686-redhat-linux/8/crtend.o] ==> ignore
    arg [/usr/lib/crtn.o] ==> ignore
  remove lib [gcc_s]
  remove lib [gcc]
  remove lib [gcc_s]
  remove lib [gcc]
  collapse library dir [/opt/rh/devtoolset-8/root/usr/lib/gcc/i686-redhat-linux/8] ==> [/opt/rh/devtoolset-8/root/usr/lib/gcc/i686-redhat-linux/8]
  collapse library dir [/opt/rh/devtoolset-8/root/usr/lib/gcc/i686-redhat-linux/8/../../..] ==> [/opt/rh/devtoolset-8/root/usr/lib]
  implicit libs: [stdc++;m;c]
  implicit dirs: [/opt/rh/devtoolset-8/root/usr/lib/gcc/i686-redhat-linux/8;/opt/rh/devtoolset-8/root/usr/lib]
  implicit fwks: []


Determining if the include file sys/types.h exists passed with the following output:
Change Dir: /tmp/pip-req-build-74wj2aa6/openjpeg/src/openjpeg/build/CMakeFiles/CMakeTmp

Run Build Command:/usr/bin/gmake "cmTryCompileExec31990950/fast"
/usr/bin/gmake -f CMakeFiles/cmTryCompileExec31990950.dir/build.make CMakeFiles/cmTryCompileExec31990950.dir/build
gmake[1]: Entering directory `/tmp/pip-req-build-74wj2aa6/openjpeg/src/openjpeg/build/CMakeFiles/CMakeTmp'
/usr/bin/cmake -E cmake_progress_report /tmp/pip-req-build-74wj2aa6/openjpeg/src/openjpeg/build/CMakeFiles/CMakeTmp/CMakeFiles 1
Building C object CMakeFiles/cmTryCompileExec31990950.dir/CheckIncludeFile.c.o
/opt/rh/devtoolset-8/root/usr/bin/cc    -o CMakeFiles/cmTryCompileExec31990950.dir/CheckIncludeFile.c.o   -c /tmp/pip-req-build-74wj2aa6/openjpeg/src/openjpeg/build/CMakeFiles/CMakeTmp/CheckIncludeFile.c
Linking C executable cmTryCompileExec31990950
/usr/bin/cmake -E cmake_link_script CMakeFiles/cmTryCompileExec31990950.dir/link.txt --verbose=1
/opt/rh/devtoolset-8/root/usr/bin/cc       CMakeFiles/cmTryCompileExec31990950.dir/CheckIncludeFile.c.o  -o cmTryCompileExec31990950 -rdynamic 
gmake[1]: Leaving directory `/tmp/pip-req-build-74wj2aa6/openjpeg/src/openjpeg/build/CMakeFiles/CMakeTmp'


Determining if the include file stdint.h exists passed with the following output:
Change Dir: /tmp/pip-req-build-74wj2aa6/openjpeg/src/openjpeg/build/CMakeFiles/CMakeTmp

Run Build Command:/usr/bin/gmake "cmTryCompileExec3169027788/fast"
/usr/bin/gmake -f CMakeFiles/cmTryCompileExec3169027788.dir/build.make CMakeFiles/cmTryCompileExec3169027788.dir/build
gmake[1]: Entering directory `/tmp/pip-req-build-74wj2aa6/openjpeg/src/openjpeg/build/CMakeFiles/CMakeTmp'
/usr/bin/cmake -E cmake_progress_report /tmp/pip-req-build-74wj2aa6/openjpeg/src/openjpeg/build/CMakeFiles/CMakeTmp/CMakeFiles 1
Building C object CMakeFiles/cmTryCompileExec3169027788.dir/CheckIncludeFile.c.o
/opt/rh/devtoolset-8/root/usr/bin/cc    -o CMakeFiles/cmTryCompileExec3169027788.dir/CheckIncludeFile.c.o   -c /tmp/pip-req-build-74wj2aa6/openjpeg/src/openjpeg/build/CMakeFiles/CMakeTmp/CheckIncludeFile.c
Linking C executable cmTryCompileExec3169027788
/usr/bin/cmake -E cmake_link_script CMakeFiles/cmTryCompileExec3169027788.dir/link.txt --verbose=1
/opt/rh/devtoolset-8/root/usr/bin/cc       CMakeFiles/cmTryCompileExec3169027788.dir/CheckIncludeFile.c.o  -o cmTryCompileExec3169027788 -rdynamic 
gmake[1]: Leaving directory `/tmp/pip-req-build-74wj2aa6/openjpeg/src/openjpeg/build/CMakeFiles/CMakeTmp'


Determining if the include file stddef.h exists passed with the following output:
Change Dir: /tmp/pip-req-build-74wj2aa6/openjpeg/src/openjpeg/build/CMakeFiles/CMakeTmp

Run Build Command:/usr/bin/gmake "cmTryCompileExec2879521527/fast"
/usr/bin/gmake -f CMakeFiles/cmTryCompileExec2879521527.dir/build.make CMakeFiles/cmTryCompileExec2879521527.dir/build
gmake[1]: Entering directory `/tmp/pip-req-build-74wj2aa6/openjpeg/src/openjpeg/build/CMakeFiles/CMakeTmp'
/usr/bin/cmake -E cmake_progress_report /tmp/pip-req-build-74wj2aa6/openjpeg/src/openjpeg/build/CMakeFiles/CMakeTmp/CMakeFiles 1
Building C object CMakeFiles/cmTryCompileExec2879521527.dir/CheckIncludeFile.c.o
/opt/rh/devtoolset-8/root/usr/bin/cc    -o CMakeFiles/cmTryCompileExec2879521527.dir/CheckIncludeFile.c.o   -c /tmp/pip-req-build-74wj2aa6/openjpeg/src/openjpeg/build/CMakeFiles/CMakeTmp/CheckIncludeFile.c
Linking C executable cmTryCompileExec2879521527
/usr/bin/cmake -E cmake_link_script CMakeFiles/cmTryCompileExec2879521527.dir/link.txt --verbose=1
/opt/rh/devtoolset-8/root/usr/bin/cc       CMakeFiles/cmTryCompileExec2879521527.dir/CheckIncludeFile.c.o  -o cmTryCompileExec2879521527 -rdynamic 
gmake[1]: Leaving directory `/tmp/pip-req-build-74wj2aa6/openjpeg/src/openjpeg/build/CMakeFiles/CMakeTmp'


Determining size of unsigned short passed with the following output:
Change Dir: /tmp/pip-req-build-74wj2aa6/openjpeg/src/openjpeg/build/CMakeFiles/CMakeTmp

Run Build Command:/usr/bin/gmake "cmTryCompileExec378026426/fast"
/usr/bin/gmake -f CMakeFiles/cmTryCompileExec378026426.dir/build.make CMakeFiles/cmTryCompileExec378026426.dir/build
gmake[1]: Entering directory `/tmp/pip-req-build-74wj2aa6/openjpeg/src/openjpeg/build/CMakeFiles/CMakeTmp'
/usr/bin/cmake -E cmake_progress_report /tmp/pip-req-build-74wj2aa6/openjpeg/src/openjpeg/build/CMakeFiles/CMakeTmp/CMakeFiles 1
Building C object CMakeFiles/cmTryCompileExec378026426.dir/CMAKE_SIZEOF_UNSIGNED_SHORT.c.o
/opt/rh/devtoolset-8/root/usr/bin/cc    -o CMakeFiles/cmTryCompileExec378026426.dir/CMAKE_SIZEOF_UNSIGNED_SHORT.c.o   -c /tmp/pip-req-build-74wj2aa6/openjpeg/src/openjpeg/build/CMakeFiles/CheckTypeSize/CMAKE_SIZEOF_UNSIGNED_SHORT.c
Linking C executable cmTryCompileExec378026426
/usr/bin/cmake -E cmake_link_script CMakeFiles/cmTryCompileExec378026426.dir/link.txt --verbose=1
/opt/rh/devtoolset-8/root/usr/bin/cc       CMakeFiles/cmTryCompileExec378026426.dir/CMAKE_SIZEOF_UNSIGNED_SHORT.c.o  -o cmTryCompileExec378026426 -rdynamic 
gmake[1]: Leaving directory `/tmp/pip-req-build-74wj2aa6/openjpeg/src/openjpeg/build/CMakeFiles/CMakeTmp'


Determining if the include file string.h exists passed with the following output:
Change Dir: /tmp/pip-req-build-74wj2aa6/openjpeg/src/openjpeg/build/CMakeFiles/CMakeTmp

Run Build Command:/usr/bin/gmake "cmTryCompileExec4243425419/fast"
/usr/bin/gmake -f CMakeFiles/cmTryCompileExec4243425419.dir/build.make CMakeFiles/cmTryCompileExec4243425419.dir/build
gmake[1]: Entering directory `/tmp/pip-req-build-74wj2aa6/openjpeg/src/openjpeg/build/CMakeFiles/CMakeTmp'
/usr/bin/cmake -E cmake_progress_report /tmp/pip-req-build-74wj2aa6/openjpeg/src/openjpeg/build/CMakeFiles/CMakeTmp/CMakeFiles 1
Building C object CMakeFiles/cmTryCompileExec4243425419.dir/CheckIncludeFile.c.o
/opt/rh/devtoolset-8/root/usr/bin/cc    -o CMakeFiles/cmTryCompileExec4243425419.dir/CheckIncludeFile.c.o   -c /tmp/pip-req-build-74wj2aa6/openjpeg/src/openjpeg/build/CMakeFiles/CMakeTmp/CheckIncludeFile.c
Linking C executable cmTryCompileExec4243425419
/usr/bin/cmake -E cmake_link_script CMakeFiles/cmTryCompileExec4243425419.dir/link.txt --verbose=1
/opt/rh/devtoolset-8/root/usr/bin/cc       CMakeFiles/cmTryCompileExec4243425419.dir/CheckIncludeFile.c.o  -o cmTryCompileExec4243425419 -rdynamic 
gmake[1]: Leaving directory `/tmp/pip-req-build-74wj2aa6/openjpeg/src/openjpeg/build/CMakeFiles/CMakeTmp'


Determining if the include file memory.h exists passed with the following output:
Change Dir: /tmp/pip-req-build-74wj2aa6/openjpeg/src/openjpeg/build/CMakeFiles/CMakeTmp

Run Build Command:/usr/bin/gmake "cmTryCompileExec2352334611/fast"
/usr/bin/gmake -f CMakeFiles/cmTryCompileExec2352334611.dir/build.make CMakeFiles/cmTryCompileExec2352334611.dir/build
gmake[1]: Entering directory `/tmp/pip-req-build-74wj2aa6/openjpeg/src/openjpeg/build/CMakeFiles/CMakeTmp'
/usr/bin/cmake -E cmake_progress_report /tmp/pip-req-build-74wj2aa6/openjpeg/src/openjpeg/build/CMakeFiles/CMakeTmp/CMakeFiles 1
Building C object CMakeFiles/cmTryCompileExec2352334611.dir/CheckIncludeFile.c.o
/opt/rh/devtoolset-8/root/usr/bin/cc    -o CMakeFiles/cmTryCompileExec2352334611.dir/CheckIncludeFile.c.o   -c /tmp/pip-req-build-74wj2aa6/openjpeg/src/openjpeg/build/CMakeFiles/CMakeTmp/CheckIncludeFile.c
Linking C executable cmTryCompileExec2352334611
/usr/bin/cmake -E cmake_link_script CMakeFiles/cmTryCompileExec2352334611.dir/link.txt --verbose=1
/opt/rh/devtoolset-8/root/usr/bin/cc       CMakeFiles/cmTryCompileExec2352334611.dir/CheckIncludeFile.c.o  -o cmTryCompileExec2352334611 -rdynamic 
gmake[1]: Leaving directory `/tmp/pip-req-build-74wj2aa6/openjpeg/src/openjpeg/build/CMakeFiles/CMakeTmp'


Determining if the include file stdlib.h exists passed with the following output:
Change Dir: /tmp/pip-req-build-74wj2aa6/openjpeg/src/openjpeg/build/CMakeFiles/CMakeTmp

Run Build Command:/usr/bin/gmake "cmTryCompileExec3802133822/fast"
/usr/bin/gmake -f CMakeFiles/cmTryCompileExec3802133822.dir/build.make CMakeFiles/cmTryCompileExec3802133822.dir/build
gmake[1]: Entering directory `/tmp/pip-req-build-74wj2aa6/openjpeg/src/openjpeg/build/CMakeFiles/CMakeTmp'
/usr/bin/cmake -E cmake_progress_report /tmp/pip-req-build-74wj2aa6/openjpeg/src/openjpeg/build/CMakeFiles/CMakeTmp/CMakeFiles 1
Building C object CMakeFiles/cmTryCompileExec3802133822.dir/CheckIncludeFile.c.o
/opt/rh/devtoolset-8/root/usr/bin/cc    -o CMakeFiles/cmTryCompileExec3802133822.dir/CheckIncludeFile.c.o   -c /tmp/pip-req-build-74wj2aa6/openjpeg/src/openjpeg/build/CMakeFiles/CMakeTmp/CheckIncludeFile.c
Linking C executable cmTryCompileExec3802133822
/usr/bin/cmake -E cmake_link_script CMakeFiles/cmTryCompileExec3802133822.dir/link.txt --verbose=1
/opt/rh/devtoolset-8/root/usr/bin/cc       CMakeFiles/cmTryCompileExec3802133822.dir/CheckIncludeFile.c.o  -o cmTryCompileExec3802133822 -rdynamic 
gmake[1]: Leaving directory `/tmp/pip-req-build-74wj2aa6/openjpeg/src/openjpeg/build/CMakeFiles/CMakeTmp'


Determining if the include file stdio.h exists passed with the following output:
Change Dir: /tmp/pip-req-build-74wj2aa6/openjpeg/src/openjpeg/build/CMakeFiles/CMakeTmp

Run Build Command:/usr/bin/gmake "cmTryCompileExec461343742/fast"
/usr/bin/gmake -f CMakeFiles/cmTryCompileExec461343742.dir/build.make CMakeFiles/cmTryCompileExec461343742.dir/build
gmake[1]: Entering directory `/tmp/pip-req-build-74wj2aa6/openjpeg/src/openjpeg/build/CMakeFiles/CMakeTmp'
/usr/bin/cmake -E cmake_progress_report /tmp/pip-req-build-74wj2aa6/openjpeg/src/openjpeg/build/CMakeFiles/CMakeTmp/CMakeFiles 1
Building C object CMakeFiles/cmTryCompileExec461343742.dir/CheckIncludeFile.c.o
/opt/rh/devtoolset-8/root/usr/bin/cc    -o CMakeFiles/cmTryCompileExec461343742.dir/CheckIncludeFile.c.o   -c /tmp/pip-req-build-74wj2aa6/openjpeg/src/openjpeg/build/CMakeFiles/CMakeTmp/CheckIncludeFile.c
Linking C executable cmTryCompileExec461343742
/usr/bin/cmake -E cmake_link_script CMakeFiles/cmTryCompileExec461343742.dir/link.txt --verbose=1
/opt/rh/devtoolset-8/root/usr/bin/cc       CMakeFiles/cmTryCompileExec461343742.dir/CheckIncludeFile.c.o  -o cmTryCompileExec461343742 -rdynamic 
gmake[1]: Leaving directory `/tmp/pip-req-build-74wj2aa6/openjpeg/src/openjpeg/build/CMakeFiles/CMakeTmp'


Determining if the include file math.h exists passed with the following output:
Change Dir: /tmp/pip-req-build-74wj2aa6/openjpeg/src/openjpeg/build/CMakeFiles/CMakeTmp

Run Build Command:/usr/bin/gmake "cmTryCompileExec1491547203/fast"
/usr/bin/gmake -f CMakeFiles/cmTryCompileExec1491547203.dir/build.make CMakeFiles/cmTryCompileExec1491547203.dir/build
gmake[1]: Entering directory `/tmp/pip-req-build-74wj2aa6/openjpeg/src/openjpeg/build/CMakeFiles/CMakeTmp'
/usr/bin/cmake -E cmake_progress_report /tmp/pip-req-build-74wj2aa6/openjpeg/src/openjpeg/build/CMakeFiles/CMakeTmp/CMakeFiles 1
Building C object CMakeFiles/cmTryCompileExec1491547203.dir/CheckIncludeFile.c.o
/opt/rh/devtoolset-8/root/usr/bin/cc    -o CMakeFiles/cmTryCompileExec1491547203.dir/CheckIncludeFile.c.o   -c /tmp/pip-req-build-74wj2aa6/openjpeg/src/openjpeg/build/CMakeFiles/CMakeTmp/CheckIncludeFile.c
Linking C executable cmTryCompileExec1491547203
/usr/bin/cmake -E cmake_link_script CMakeFiles/cmTryCompileExec1491547203.dir/link.txt --verbose=1
/opt/rh/devtoolset-8/root/usr/bin/cc       CMakeFiles/cmTryCompileExec1491547203.dir/CheckIncludeFile.c.o  -o cmTryCompileExec1491547203 -rdynamic 
gmake[1]: Leaving directory `/tmp/pip-req-build-74wj2aa6/openjpeg/src/openjpeg/build/CMakeFiles/CMakeTmp'


Determining if the include file float.h exists passed with the following output:
Change Dir: /tmp/pip-req-build-74wj2aa6/openjpeg/src/openjpeg/build/CMakeFiles/CMakeTmp

Run Build Command:/usr/bin/gmake "cmTryCompileExec2510363907/fast"
/usr/bin/gmake -f CMakeFiles/cmTryCompileExec2510363907.dir/build.make CMakeFiles/cmTryCompileExec2510363907.dir/build
gmake[1]: Entering directory `/tmp/pip-req-build-74wj2aa6/openjpeg/src/openjpeg/build/CMakeFiles/CMakeTmp'
/usr/bin/cmake -E cmake_progress_report /tmp/pip-req-build-74wj2aa6/openjpeg/src/openjpeg/build/CMakeFiles/CMakeTmp/CMakeFiles 1
Building C object CMakeFiles/cmTryCompileExec2510363907.dir/CheckIncludeFile.c.o
/opt/rh/devtoolset-8/root/usr/bin/cc    -o CMakeFiles/cmTryCompileExec2510363907.dir/CheckIncludeFile.c.o   -c /tmp/pip-req-build-74wj2aa6/openjpeg/src/openjpeg/build/CMakeFiles/CMakeTmp/CheckIncludeFile.c
Linking C executable cmTryCompileExec2510363907
/usr/bin/cmake -E cmake_link_script CMakeFiles/cmTryCompileExec2510363907.dir/link.txt --verbose=1
/opt/rh/devtoolset-8/root/usr/bin/cc       CMakeFiles/cmTryCompileExec2510363907.dir/CheckIncludeFile.c.o  -o cmTryCompileExec2510363907 -rdynamic 
gmake[1]: Leaving directory `/tmp/pip-req-build-74wj2aa6/openjpeg/src/openjpeg/build/CMakeFiles/CMakeTmp'


Determining if the include file time.h exists passed with the following output:
Change Dir: /tmp/pip-req-build-74wj2aa6/openjpeg/src/openjpeg/build/CMakeFiles/CMakeTmp

Run Build Command:/usr/bin/gmake "cmTryCompileExec391809245/fast"
/usr/bin/gmake -f CMakeFiles/cmTryCompileExec391809245.dir/build.make CMakeFiles/cmTryCompileExec391809245.dir/build
gmake[1]: Entering directory `/tmp/pip-req-build-74wj2aa6/openjpeg/src/openjpeg/build/CMakeFiles/CMakeTmp'
/usr/bin/cmake -E cmake_progress_report /tmp/pip-req-build-74wj2aa6/openjpeg/src/openjpeg/build/CMakeFiles/CMakeTmp/CMakeFiles 1
Building C object CMakeFiles/cmTryCompileExec391809245.dir/CheckIncludeFile.c.o
/opt/rh/devtoolset-8/root/usr/bin/cc    -o CMakeFiles/cmTryCompileExec391809245.dir/CheckIncludeFile.c.o   -c /tmp/pip-req-build-74wj2aa6/openjpeg/src/openjpeg/build/CMakeFiles/CMakeTmp/CheckIncludeFile.c
Linking C executable cmTryCompileExec391809245
/usr/bin/cmake -E cmake_link_script CMakeFiles/cmTryCompileExec391809245.dir/link.txt --verbose=1
/opt/rh/devtoolset-8/root/usr/bin/cc       CMakeFiles/cmTryCompileExec391809245.dir/CheckIncludeFile.c.o  -o cmTryCompileExec391809245 -rdynamic 
gmake[1]: Leaving directory `/tmp/pip-req-build-74wj2aa6/openjpeg/src/openjpeg/build/CMakeFiles/CMakeTmp'


Determining if the include file stdarg.h exists passed with the following output:
Change Dir: /tmp/pip-req-build-74wj2aa6/openjpeg/src/openjpeg/build/CMakeFiles/CMakeTmp

Run Build Command:/usr/bin/gmake "cmTryCompileExec3068124743/fast"
/usr/bin/gmake -f CMakeFiles/cmTryCompileExec3068124743.dir/build.make CMakeFiles/cmTryCompileExec3068124743.dir/build
gmake[1]: Entering directory `/tmp/pip-req-build-74wj2aa6/openjpeg/src/openjpeg/build/CMakeFiles/CMakeTmp'
/usr/bin/cmake -E cmake_progress_report /tmp/pip-req-build-74wj2aa6/openjpeg/src/openjpeg/build/CMakeFiles/CMakeTmp/CMakeFiles 1
Building C object CMakeFiles/cmTryCompileExec3068124743.dir/CheckIncludeFile.c.o
/opt/rh/devtoolset-8/root/usr/bin/cc    -o CMakeFiles/cmTryCompileExec3068124743.dir/CheckIncludeFile.c.o   -c /tmp/pip-req-build-74wj2aa6/openjpeg/src/openjpeg/build/CMakeFiles/CMakeTmp/CheckIncludeFile.c
Linking C executable cmTryCompileExec3068124743
/usr/bin/cmake -E cmake_link_script CMakeFiles/cmTryCompileExec3068124743.dir/link.txt --verbose=1
/opt/rh/devtoolset-8/root/usr/bin/cc       CMakeFiles/cmTryCompileExec3068124743.dir/CheckIncludeFile.c.o  -o cmTryCompileExec3068124743 -rdynamic 
gmake[1]: Leaving directory `/tmp/pip-req-build-74wj2aa6/openjpeg/src/openjpeg/build/CMakeFiles/CMakeTmp'


Determining if the include file ctype.h exists passed with the following output:
Change Dir: /tmp/pip-req-build-74wj2aa6/openjpeg/src/openjpeg/build/CMakeFiles/CMakeTmp

Run Build Command:/usr/bin/gmake "cmTryCompileExec3066273227/fast"
/usr/bin/gmake -f CMakeFiles/cmTryCompileExec3066273227.dir/build.make CMakeFiles/cmTryCompileExec3066273227.dir/build
gmake[1]: Entering directory `/tmp/pip-req-build-74wj2aa6/openjpeg/src/openjpeg/build/CMakeFiles/CMakeTmp'
/usr/bin/cmake -E cmake_progress_report /tmp/pip-req-build-74wj2aa6/openjpeg/src/openjpeg/build/CMakeFiles/CMakeTmp/CMakeFiles 1
Building C object CMakeFiles/cmTryCompileExec3066273227.dir/CheckIncludeFile.c.o
/opt/rh/devtoolset-8/root/usr/bin/cc    -o CMakeFiles/cmTryCompileExec3066273227.dir/CheckIncludeFile.c.o   -c /tmp/pip-req-build-74wj2aa6/openjpeg/src/openjpeg/build/CMakeFiles/CMakeTmp/CheckIncludeFile.c
Linking C executable cmTryCompileExec3066273227
/usr/bin/cmake -E cmake_link_script CMakeFiles/cmTryCompileExec3066273227.dir/link.txt --verbose=1
/opt/rh/devtoolset-8/root/usr/bin/cc       CMakeFiles/cmTryCompileExec3066273227.dir/CheckIncludeFile.c.o  -o cmTryCompileExec3066273227 -rdynamic 
gmake[1]: Leaving directory `/tmp/pip-req-build-74wj2aa6/openjpeg/src/openjpeg/build/CMakeFiles/CMakeTmp'


Determining if the include file assert.h exists passed with the following output:
Change Dir: /tmp/pip-req-build-74wj2aa6/openjpeg/src/openjpeg/build/CMakeFiles/CMakeTmp

Run Build Command:/usr/bin/gmake "cmTryCompileExec3890394069/fast"
/usr/bin/gmake -f CMakeFiles/cmTryCompileExec3890394069.dir/build.make CMakeFiles/cmTryCompileExec3890394069.dir/build
gmake[1]: Entering directory `/tmp/pip-req-build-74wj2aa6/openjpeg/src/openjpeg/build/CMakeFiles/CMakeTmp'
/usr/bin/cmake -E cmake_progress_report /tmp/pip-req-build-74wj2aa6/openjpeg/src/openjpeg/build/CMakeFiles/CMakeTmp/CMakeFiles 1
Building C object CMakeFiles/cmTryCompileExec3890394069.dir/CheckIncludeFile.c.o
/opt/rh/devtoolset-8/root/usr/bin/cc    -o CMakeFiles/cmTryCompileExec3890394069.dir/CheckIncludeFile.c.o   -c /tmp/pip-req-build-74wj2aa6/openjpeg/src/openjpeg/build/CMakeFiles/CMakeTmp/CheckIncludeFile.c
Linking C executable cmTryCompileExec3890394069
/usr/bin/cmake -E cmake_link_script CMakeFiles/cmTryCompileExec3890394069.dir/link.txt --verbose=1
/opt/rh/devtoolset-8/root/usr/bin/cc       CMakeFiles/cmTryCompileExec3890394069.dir/CheckIncludeFile.c.o  -o cmTryCompileExec3890394069 -rdynamic 
gmake[1]: Leaving directory `/tmp/pip-req-build-74wj2aa6/openjpeg/src/openjpeg/build/CMakeFiles/CMakeTmp'


Determining if the include file stdint.h exists passed with the following output:
Change Dir: /tmp/pip-req-build-74wj2aa6/openjpeg/src/openjpeg/build/CMakeFiles/CMakeTmp

Run Build Command:/usr/bin/gmake "cmTryCompileExec2927930919/fast"
/usr/bin/gmake -f CMakeFiles/cmTryCompileExec2927930919.dir/build.make CMakeFiles/cmTryCompileExec2927930919.dir/build
gmake[1]: Entering directory `/tmp/pip-req-build-74wj2aa6/openjpeg/src/openjpeg/build/CMakeFiles/CMakeTmp'
/usr/bin/cmake -E cmake_progress_report /tmp/pip-req-build-74wj2aa6/openjpeg/src/openjpeg/build/CMakeFiles/CMakeTmp/CMakeFiles 1
Building C object CMakeFiles/cmTryCompileExec2927930919.dir/CheckIncludeFile.c.o
/opt/rh/devtoolset-8/root/usr/bin/cc    -o CMakeFiles/cmTryCompileExec2927930919.dir/CheckIncludeFile.c.o   -c /tmp/pip-req-build-74wj2aa6/openjpeg/src/openjpeg/build/CMakeFiles/CMakeTmp/CheckIncludeFile.c
Linking C executable cmTryCompileExec2927930919
/usr/bin/cmake -E cmake_link_script CMakeFiles/cmTryCompileExec2927930919.dir/link.txt --verbose=1
/opt/rh/devtoolset-8/root/usr/bin/cc       CMakeFiles/cmTryCompileExec2927930919.dir/CheckIncludeFile.c.o  -o cmTryCompileExec2927930919 -rdynamic 
gmake[1]: Leaving directory `/tmp/pip-req-build-74wj2aa6/openjpeg/src/openjpeg/build/CMakeFiles/CMakeTmp'


Determining if the include file inttypes.h exists passed with the following output:
Change Dir: /tmp/pip-req-build-74wj2aa6/openjpeg/src/openjpeg/build/CMakeFiles/CMakeTmp

Run Build Command:/usr/bin/gmake "cmTryCompileExec650162560/fast"
/usr/bin/gmake -f CMakeFiles/cmTryCompileExec650162560.dir/build.make CMakeFiles/cmTryCompileExec650162560.dir/build
gmake[1]: Entering directory `/tmp/pip-req-build-74wj2aa6/openjpeg/src/openjpeg/build/CMakeFiles/CMakeTmp'
/usr/bin/cmake -E cmake_progress_report /tmp/pip-req-build-74wj2aa6/openjpeg/src/openjpeg/build/CMakeFiles/CMakeTmp/CMakeFiles 1
Building C object CMakeFiles/cmTryCompileExec650162560.dir/CheckIncludeFile.c.o
/opt/rh/devtoolset-8/root/usr/bin/cc    -o CMakeFiles/cmTryCompileExec650162560.dir/CheckIncludeFile.c.o   -c /tmp/pip-req-build-74wj2aa6/openjpeg/src/openjpeg/build/CMakeFiles/CMakeTmp/CheckIncludeFile.c
Linking C executable cmTryCompileExec650162560
/usr/bin/cmake -E cmake_link_script CMakeFiles/cmTryCompileExec650162560.dir/link.txt --verbose=1
/opt/rh/devtoolset-8/root/usr/bin/cc       CMakeFiles/cmTryCompileExec650162560.dir/CheckIncludeFile.c.o  -o cmTryCompileExec650162560 -rdynamic 
gmake[1]: Leaving directory `/tmp/pip-req-build-74wj2aa6/openjpeg/src/openjpeg/build/CMakeFiles/CMakeTmp'


Determining if the include file strings.h exists passed with the following output:
Change Dir: /tmp/pip-req-build-74wj2aa6/openjpeg/src/openjpeg/build/CMakeFiles/CMakeTmp

Run Build Command:/usr/bin/gmake "cmTryCompileExec2336885465/fast"
/usr/bin/gmake -f CMakeFiles/cmTryCompileExec2336885465.dir/build.make CMakeFiles/cmTryCompileExec2336885465.dir/build
gmake[1]: Entering directory `/tmp/pip-req-build-74wj2aa6/openjpeg/src/openjpeg/build/CMakeFiles/CMakeTmp'
/usr/bin/cmake -E cmake_progress_report /tmp/pip-req-build-74wj2aa6/openjpeg/src/openjpeg/build/CMakeFiles/CMakeTmp/CMakeFiles 1
Building C object CMakeFiles/cmTryCompileExec2336885465.dir/CheckIncludeFile.c.o
/opt/rh/devtoolset-8/root/usr/bin/cc    -o CMakeFiles/cmTryCompileExec2336885465.dir/CheckIncludeFile.c.o   -c /tmp/pip-req-build-74wj2aa6/openjpeg/src/openjpeg/build/CMakeFiles/CMakeTmp/CheckIncludeFile.c
Linking C executable cmTryCompileExec2336885465
/usr/bin/cmake -E cmake_link_script CMakeFiles/cmTryCompileExec2336885465.dir/link.txt --verbose=1
/opt/rh/devtoolset-8/root/usr/bin/cc       CMakeFiles/cmTryCompileExec2336885465.dir/CheckIncludeFile.c.o  -o cmTryCompileExec2336885465 -rdynamic 
gmake[1]: Leaving directory `/tmp/pip-req-build-74wj2aa6/openjpeg/src/openjpeg/build/CMakeFiles/CMakeTmp'


Determining if the include file sys/stat.h exists passed with the following output:
Change Dir: /tmp/pip-req-build-74wj2aa6/openjpeg/src/openjpeg/build/CMakeFiles/CMakeTmp

Run Build Command:/usr/bin/gmake "cmTryCompileExec2506926520/fast"
/usr/bin/gmake -f CMakeFiles/cmTryCompileExec2506926520.dir/build.make CMakeFiles/cmTryCompileExec2506926520.dir/build
gmake[1]: Entering directory `/tmp/pip-req-build-74wj2aa6/openjpeg/src/openjpeg/build/CMakeFiles/CMakeTmp'
/usr/bin/cmake -E cmake_progress_report /tmp/pip-req-build-74wj2aa6/openjpeg/src/openjpeg/build/CMakeFiles/CMakeTmp/CMakeFiles 1
Building C object CMakeFiles/cmTryCompileExec2506926520.dir/CheckIncludeFile.c.o
/opt/rh/devtoolset-8/root/usr/bin/cc    -o CMakeFiles/cmTryCompileExec2506926520.dir/CheckIncludeFile.c.o   -c /tmp/pip-req-build-74wj2aa6/openjpeg/src/openjpeg/build/CMakeFiles/CMakeTmp/CheckIncludeFile.c
Linking C executable cmTryCompileExec2506926520
/usr/bin/cmake -E cmake_link_script CMakeFiles/cmTryCompileExec2506926520.dir/link.txt --verbose=1
/opt/rh/devtoolset-8/root/usr/bin/cc       CMakeFiles/cmTryCompileExec2506926520.dir/CheckIncludeFile.c.o  -o cmTryCompileExec2506926520 -rdynamic 
gmake[1]: Leaving directory `/tmp/pip-req-build-74wj2aa6/openjpeg/src/openjpeg/build/CMakeFiles/CMakeTmp'


Determining if the include file unistd.h exists passed with the following output:
Change Dir: /tmp/pip-req-build-74wj2aa6/openjpeg/src/openjpeg/build/CMakeFiles/CMakeTmp

Run Build Command:/usr/bin/gmake "cmTryCompileExec2484219944/fast"
/usr/bin/gmake -f CMakeFiles/cmTryCompileExec2484219944.dir/build.make CMakeFiles/cmTryCompileExec2484219944.dir/build
gmake[1]: Entering directory `/tmp/pip-req-build-74wj2aa6/openjpeg/src/openjpeg/build/CMakeFiles/CMakeTmp'
/usr/bin/cmake -E cmake_progress_report /tmp/pip-req-build-74wj2aa6/openjpeg/src/openjpeg/build/CMakeFiles/CMakeTmp/CMakeFiles 1
Building C object CMakeFiles/cmTryCompileExec2484219944.dir/CheckIncludeFile.c.o
/opt/rh/devtoolset-8/root/usr/bin/cc    -o CMakeFiles/cmTryCompileExec2484219944.dir/CheckIncludeFile.c.o   -c /tmp/pip-req-build-74wj2aa6/openjpeg/src/openjpeg/build/CMakeFiles/CMakeTmp/CheckIncludeFile.c
Linking C executable cmTryCompileExec2484219944
/usr/bin/cmake -E cmake_link_script CMakeFiles/cmTryCompileExec2484219944.dir/link.txt --verbose=1
/opt/rh/devtoolset-8/root/usr/bin/cc       CMakeFiles/cmTryCompileExec2484219944.dir/CheckIncludeFile.c.o  -o cmTryCompileExec2484219944 -rdynamic 
gmake[1]: Leaving directory `/tmp/pip-req-build-74wj2aa6/openjpeg/src/openjpeg/build/CMakeFiles/CMakeTmp'


Determining if files malloc.h exist passed with the following output:
Change Dir: /tmp/pip-req-build-74wj2aa6/openjpeg/src/openjpeg/build/CMakeFiles/CMakeTmp

Run Build Command:/usr/bin/gmake "cmTryCompileExec3328625351/fast"
/usr/bin/gmake -f CMakeFiles/cmTryCompileExec3328625351.dir/build.make CMakeFiles/cmTryCompileExec3328625351.dir/build
gmake[1]: Entering directory `/tmp/pip-req-build-74wj2aa6/openjpeg/src/openjpeg/build/CMakeFiles/CMakeTmp'
/usr/bin/cmake -E cmake_progress_report /tmp/pip-req-build-74wj2aa6/openjpeg/src/openjpeg/build/CMakeFiles/CMakeTmp/CMakeFiles 1
Building C object CMakeFiles/cmTryCompileExec3328625351.dir/CheckIncludeFiles.c.o
/opt/rh/devtoolset-8/root/usr/bin/cc    -o CMakeFiles/cmTryCompileExec3328625351.dir/CheckIncludeFiles.c.o   -c /tmp/pip-req-build-74wj2aa6/openjpeg/src/openjpeg/build/CMakeFiles/CMakeTmp/CheckIncludeFiles.c
Linking C executable cmTryCompileExec3328625351
/usr/bin/cmake -E cmake_link_script CMakeFiles/cmTryCompileExec3328625351.dir/link.txt --verbose=1
/opt/rh/devtoolset-8/root/usr/bin/cc       CMakeFiles/cmTryCompileExec3328625351.dir/CheckIncludeFiles.c.o  -o cmTryCompileExec3328625351 -rdynamic 
gmake[1]: Leaving directory `/tmp/pip-req-build-74wj2aa6/openjpeg/src/openjpeg/build/CMakeFiles/CMakeTmp'


Determining if the posix_memalign exist passed with the following output:
Change Dir: /tmp/pip-req-build-74wj2aa6/openjpeg/src/openjpeg/build/CMakeFiles/CMakeTmp

Run Build Command:/usr/bin/gmake "cmTryCompileExec2843078030/fast"
/usr/bin/gmake -f CMakeFiles/cmTryCompileExec2843078030.dir/build.make CMakeFiles/cmTryCompileExec2843078030.dir/build
gmake[1]: Entering directory `/tmp/pip-req-build-74wj2aa6/openjpeg/src/openjpeg/build/CMakeFiles/CMakeTmp'
/usr/bin/cmake -E cmake_progress_report /tmp/pip-req-build-74wj2aa6/openjpeg/src/openjpeg/build/CMakeFiles/CMakeTmp/CMakeFiles 1
Building C object CMakeFiles/cmTryCompileExec2843078030.dir/CheckSymbolExists.c.o
/opt/rh/devtoolset-8/root/usr/bin/cc  -D_POSIX_C_SOURCE=200112L  -o CMakeFiles/cmTryCompileExec2843078030.dir/CheckSymbolExists.c.o   -c /tmp/pip-req-build-74wj2aa6/openjpeg/src/openjpeg/build/CMakeFiles/CMakeTmp/CheckSymbolExists.c
Linking C executable cmTryCompileExec2843078030
/usr/bin/cmake -E cmake_link_script CMakeFiles/cmTryCompileExec2843078030.dir/link.txt --verbose=1
/opt/rh/devtoolset-8/root/usr/bin/cc       CMakeFiles/cmTryCompileExec2843078030.dir/CheckSymbolExists.c.o  -o cmTryCompileExec2843078030 -rdynamic 
gmake[1]: Leaving directory `/tmp/pip-req-build-74wj2aa6/openjpeg/src/openjpeg/build/CMakeFiles/CMakeTmp'

File /tmp/pip-req-build-74wj2aa6/openjpeg/src/openjpeg/build/CMakeFiles/CMakeTmp/CheckSymbolExists.c:
/* */
#include <stdlib.h>

int main(int argc, char** argv)
{
  (void)argv;
#ifndef posix_memalign
  return ((int*)(&posix_memalign))[argc];
#else
  (void)argc;
  return 0;
#endif
}

Determining if the memalign exist passed with the following output:
Change Dir: /tmp/pip-req-build-74wj2aa6/openjpeg/src/openjpeg/build/CMakeFiles/CMakeTmp

Run Build Command:/usr/bin/gmake "cmTryCompileExec270888085/fast"
/usr/bin/gmake -f CMakeFiles/cmTryCompileExec270888085.dir/build.make CMakeFiles/cmTryCompileExec270888085.dir/build
gmake[1]: Entering directory `/tmp/pip-req-build-74wj2aa6/openjpeg/src/openjpeg/build/CMakeFiles/CMakeTmp'
/usr/bin/cmake -E cmake_progress_report /tmp/pip-req-build-74wj2aa6/openjpeg/src/openjpeg/build/CMakeFiles/CMakeTmp/CMakeFiles 1
Building C object CMakeFiles/cmTryCompileExec270888085.dir/CheckSymbolExists.c.o
/opt/rh/devtoolset-8/root/usr/bin/cc    -o CMakeFiles/cmTryCompileExec270888085.dir/CheckSymbolExists.c.o   -c /tmp/pip-req-build-74wj2aa6/openjpeg/src/openjpeg/build/CMakeFiles/CMakeTmp/CheckSymbolExists.c
Linking C executable cmTryCompileExec270888085
/usr/bin/cmake -E cmake_link_script CMakeFiles/cmTryCompileExec270888085.dir/link.txt --verbose=1
/opt/rh/devtoolset-8/root/usr/bin/cc       CMakeFiles/cmTryCompileExec270888085.dir/CheckSymbolExists.c.o  -o cmTryCompileExec270888085 -rdynamic 
gmake[1]: Leaving directory `/tmp/pip-req-build-74wj2aa6/openjpeg/src/openjpeg/build/CMakeFiles/CMakeTmp'

File /tmp/pip-req-build-74wj2aa6/openjpeg/src/openjpeg/build/CMakeFiles/CMakeTmp/CheckSymbolExists.c:
/* */
#include <malloc.h>

int main(int argc, char** argv)
{
  (void)argv;
#ifndef memalign
  return ((int*)(&memalign))[argc];
#else
  (void)argc;
  return 0;
#endif
}

