Determining if the _aligned_malloc exist failed with the following output:
Change Dir: /home/runner/work/pylibjpeg-openjpeg/pylibjpeg-openjpeg/openjpeg/src/openjpeg/build/CMakeFiles/CMakeTmp

Run Build Command(s):/usr/bin/make -f Makefile cmTC_957fb/fast && /usr/bin/make  -f CMakeFiles/cmTC_957fb.dir/build.make CMakeFiles/cmTC_957fb.dir/build
make[1]: Entering directory '/home/runner/work/pylibjpeg-openjpeg/pylibjpeg-openjpeg/openjpeg/src/openjpeg/build/CMakeFiles/CMakeTmp'
Building C object CMakeFiles/cmTC_957fb.dir/CheckSymbolExists.c.o
/usr/bin/cc    -o CMakeFiles/cmTC_957fb.dir/CheckSymbolExists.c.o -c /home/runner/work/pylibjpeg-openjpeg/pylibjpeg-openjpeg/openjpeg/src/openjpeg/build/CMakeFiles/CMakeTmp/CheckSymbolExists.c
/home/runner/work/pylibjpeg-openjpeg/pylibjpeg-openjpeg/openjpeg/src/openjpeg/build/CMakeFiles/CMakeTmp/CheckSymbolExists.c: In function ‘main’:
/home/runner/work/pylibjpeg-openjpeg/pylibjpeg-openjpeg/openjpeg/src/openjpeg/build/CMakeFiles/CMakeTmp/CheckSymbolExists.c:8:19: error: ‘_aligned_malloc’ undeclared (first use in this function)
    8 |   return ((int*)(&_aligned_malloc))[argc];
      |                   ^~~~~~~~~~~~~~~
/home/runner/work/pylibjpeg-openjpeg/pylibjpeg-openjpeg/openjpeg/src/openjpeg/build/CMakeFiles/CMakeTmp/CheckSymbolExists.c:8:19: note: each undeclared identifier is reported only once for each function it appears in
make[1]: *** [CMakeFiles/cmTC_957fb.dir/build.make:78: CMakeFiles/cmTC_957fb.dir/CheckSymbolExists.c.o] Error 1
make[1]: Leaving directory '/home/runner/work/pylibjpeg-openjpeg/pylibjpeg-openjpeg/openjpeg/src/openjpeg/build/CMakeFiles/CMakeTmp'
make: *** [Makefile:127: cmTC_957fb/fast] Error 2


File /home/runner/work/pylibjpeg-openjpeg/pylibjpeg-openjpeg/openjpeg/src/openjpeg/build/CMakeFiles/CMakeTmp/CheckSymbolExists.c:
/* */
#include <malloc.h>

int main(int argc, char** argv)
{
  (void)argv;
#ifndef _aligned_malloc
  return ((int*)(&_aligned_malloc))[argc];
#else
  (void)argc;
  return 0;
#endif
}
