2019-12-05 22:23:55,367 [INFO](root:<module>:44): Input args: Namespace(input='input_xi.json', jit=0, logFile='despasito.log', path='.', threads=1, verbose=20)
2019-12-05 22:23:55,368 [INFO](root:<module>:45): JIT compilation: 0
2019-12-05 22:23:55,368 [INFO](despasito.main:run:36): Begin processing input file: input_xi.json
2019-12-05 22:23:55,369 [INFO](despasito.input_output.readwrite_input:extract_calc_data:97): Cross interaction parameters have been accepted
2019-12-05 22:23:55,369 [INFO](despasito.input_output.readwrite_input:extract_calc_data:103): Association sites have been accepted
2019-12-05 22:23:55,369 [INFO](despasito.input_output.readwrite_input:extract_calc_data:119): The following thermo calculation parameters have been provided: calculation_type, pressure options, mole fraction options, Tlist, xilist

2019-12-05 22:23:55,369 [INFO](despasito.main:run:47): Finish processing input file: input_xi.json
2019-12-05 22:23:55,369 [INFO](despasito.equations_of_state:eos:37): Trying default EOS, saft.gamma_mie
2019-12-05 22:23:55,382 [INFO](despasito.equations_of_state:eos:61): Created saft.gamma_mie eos object
2019-12-05 22:23:55,382 [INFO](despasito.main:run:59): Initializing thermodynamic calculation
2019-12-05 22:23:55,382 [INFO](despasito.thermodynamics.calc_types:phase_xiT:51): Using Tlist
2019-12-05 22:23:55,382 [INFO](despasito.thermodynamics.calc_types:phase_xiT:55): Using xilist
2019-12-05 22:23:55,382 [INFO](despasito.thermodynamics.calc_types:phase_xiT:109): Accepted options for P optimization
2019-12-05 22:23:55,382 [INFO](despasito.thermodynamics.calc_types:phase_xiT:114): Accepted options for mole fraction optimization
2019-12-05 22:23:55,383 [INFO](despasito.thermodynamics.calc_types:phase_xiT:130): T (K), xi: 373.0 [9.12357000e-04 9.99087643e-01], Let's Begin!
2019-12-05 22:23:57,682 [WARNING](despasito.thermodynamics.calc:calc_Psat:331): Error: One of the components is above its critical point, add an exception to setPsat
2019-12-05 22:23:57,683 [INFO](despasito.thermodynamics.calc:setPsat:1758): No beads above their critical point
2019-12-05 22:24:55,791 [INFO](despasito.thermodynamics.calc:calc_xT_phase:1968): Guess yi in calc_xT_phase with Psat: [0.99742852 0.00257148]
2019-12-05 22:25:53,983 [INFO](despasito.thermodynamics.calc:calc_rhol:621):     Liquid Density: 2615.583161270831 mol/m^3, flag 1
2019-12-05 22:25:54,015 [INFO](despasito.thermodynamics.calc:solve_yi_xiT:1120):     Solve yi: P 1000, T 373.0, xi [9.12357000e-04 9.99087643e-01], phil [1.09924074e+04 3.57411519e-03]
2019-12-05 22:25:56,391 [INFO](despasito.thermodynamics.calc:calc_rhov:511):     Vapor Density: 0.32245348917446814 mol/m^3, flag 2
2019-12-05 22:25:56,415 [INFO](despasito.thermodynamics.calc:solve_yi_xiT:1155):     yi guess [0.99742852 0.00257148], yi calc [1.00292200e+01 3.57228698e-03], phiv [0.99997805 0.99959895]
2019-12-05 22:25:56,415 [INFO](despasito.thermodynamics.calc:solve_yi_xiT:1156):     Old yi_total: 1.0, New yi_total: 10.032792335962531, Change: 9.032792335962531
2019-12-05 22:25:58,734 [INFO](despasito.thermodynamics.calc:calc_rhov:511):     Vapor Density: 0.3224532217396649 mol/m^3, flag 2
2019-12-05 22:25:58,758 [INFO](despasito.thermodynamics.calc:solve_yi_xiT:1155):     yi guess [9.99643939e-01 3.56061090e-04], yi calc [1.00292202e+01 3.57225227e-03], phiv [0.99997803 0.99960866]
2019-12-05 22:25:58,759 [INFO](despasito.thermodynamics.calc:solve_yi_xiT:1156):     Old yi_total: 10.032792335962531, New yi_total: 10.032792444912863, Change: 1.0895033142332977e-07
2019-12-05 22:26:01,081 [INFO](despasito.thermodynamics.calc:calc_rhov:511):     Vapor Density: 0.32245322173966484 mol/m^3, flag 2
2019-12-05 22:26:01,106 [INFO](despasito.thermodynamics.calc:solve_yi_xiT:1155):     yi guess [9.99643942e-01 3.56057627e-04], yi calc [1.00292202e+01 3.57225228e-03], phiv [0.99997803 0.99960866]
2019-12-05 22:26:01,106 [INFO](despasito.thermodynamics.calc:solve_yi_xiT:1156):     Old yi_total: 10.032792444912863, New yi_total: 10.032792444962604, Change: 4.9741544216885814e-11
2019-12-05 22:26:01,106 [INFO](despasito.thermodynamics.calc:solve_yi_xiT:1164):     Found yi
2019-12-05 22:26:01,107 [INFO](despasito.thermodynamics.calc:solve_yi_xiT:1188):     Inner Loop Final yi: [9.99643942e-01 3.56057627e-04], Final Error on Smallest Fraction: [2.38922666e-07]
2019-12-05 22:26:01,107 [INFO](despasito.thermodynamics.calc:calc_Prange_xi:892): Estimated Minimum Pressure: 1000,  Obj. Func: 9.032792444962604
2019-12-05 22:26:30,312 [INFO](despasito.thermodynamics.calc:calc_rhol:621):     Liquid Density: 2615.8803981096594 mol/m^3, flag 1
2019-12-05 22:26:30,344 [INFO](despasito.thermodynamics.calc:solve_yi_xiT:1120):     Solve yi: P 86889.45400118882, T 373.0, xi [9.12357000e-04 9.99087643e-01], phil [1.26695350e+02 4.15722278e-05]
2019-12-05 22:26:32,680 [INFO](despasito.thermodynamics.calc:calc_rhov:511):     Vapor Density: 28.071159027516373 mol/m^3, flag 2
2019-12-05 22:26:32,704 [INFO](despasito.thermodynamics.calc:solve_yi_xiT:1155):     yi guess [9.99643942e-01 3.56057627e-04], yi calc [1.15812398e-01 4.29761682e-05], phiv [0.99809167 0.96644957]
2019-12-05 22:26:32,704 [INFO](despasito.thermodynamics.calc:solve_yi_xiT:1156):     Old yi_total: 1.0, New yi_total: 0.11585537427978349, Change: -0.8841446257202166
2019-12-05 22:26:35,028 [INFO](despasito.thermodynamics.calc:calc_rhov:511):     Vapor Density: 28.071172567429663 mol/m^3, flag 2
2019-12-05 22:26:35,052 [INFO](despasito.thermodynamics.calc:solve_yi_xiT:1155):     yi guess [9.99629053e-01 3.70946695e-04], yi calc [1.15812398e-01 4.29764145e-05], phiv [0.99809167 0.96644403]
2019-12-05 22:26:35,053 [INFO](despasito.thermodynamics.calc:solve_yi_xiT:1156):     Old yi_total: 0.11585537427978349, New yi_total: 0.11585537428774507, Change: 7.961589720828499e-12
2019-12-05 22:26:37,384 [INFO](despasito.thermodynamics.calc:calc_rhov:511):     Vapor Density: 28.07117257011481 mol/m^3, flag 2
2019-12-05 22:26:37,409 [INFO](despasito.thermodynamics.calc:solve_yi_xiT:1155):     yi guess [9.99629051e-01 3.70948821e-04], yi calc [1.15812398e-01 4.29764145e-05], phiv [0.99809167 0.96644403]
2019-12-05 22:26:37,409 [INFO](despasito.thermodynamics.calc:solve_yi_xiT:1156):     Old yi_total: 0.11585537428774507, New yi_total: 0.11585537428589128, Change: -1.853794895367855e-12
2019-12-05 22:26:37,409 [INFO](despasito.thermodynamics.calc:solve_yi_xiT:1164):     Found yi
2019-12-05 22:26:37,410 [INFO](despasito.thermodynamics.calc:solve_yi_xiT:1188):     Inner Loop Final yi: [9.99629051e-01 3.70948821e-04], Final Error on Smallest Fraction: [1.08853791e-07]
2019-12-05 22:26:37,410 [INFO](despasito.thermodynamics.calc:calc_Prange_xi:912): Estimate Maximum Pressure: 86889.45400118882,  Obj. Func: -0.8841446257141087
2019-12-05 22:26:37,410 [INFO](despasito.thermodynamics.calc:calc_Prange_xi:927): Got the pressure range!
2019-12-05 22:26:37,410 [INFO](despasito.thermodynamics.calc:calc_Prange_xi:961): [Pmin, Pmax]: [1000, 86889.45400118882], Obj. Values: [9.032792444962604, -0.8841446257141087]
2019-12-05 22:26:37,410 [INFO](despasito.thermodynamics.calc:calc_Prange_xi:962): Initial guess in pressure: 79231.97885342242 Pa
2019-12-05 22:26:37,416 [INFO](despasito.thermodynamics.calc:calc_xT_phase:1976): Given Pguess: 24.452948213296835, Suggested: 79231.97885342242
2019-12-05 22:26:37,417 [INFO](despasito.thermodynamics.calc:solve_P_xiT:1646): P Guess: [79231.97885342] Pa
2019-12-05 22:27:06,453 [INFO](despasito.thermodynamics.calc:calc_rhol:621):     Liquid Density: 2615.8539110605475 mol/m^3, flag 1
2019-12-05 22:27:06,486 [INFO](despasito.thermodynamics.calc:solve_yi_xiT:1120):     Solve yi: P [79231.97885342], T 373.0, xi [9.12357000e-04 9.99087643e-01], phil [1.38921925e+02 4.55469825e-05]
2019-12-05 22:27:08,847 [INFO](despasito.thermodynamics.calc:calc_rhov:511):     Vapor Density: 25.592934631466488 mol/m^3, flag 2
2019-12-05 22:27:08,874 [INFO](despasito.thermodynamics.calc:solve_yi_xiT:1155):     yi guess [9.99629051e-01 3.70948821e-04], yi calc [1.26967333e-01 4.69435572e-05], phiv [0.99825985 0.9693647 ]
2019-12-05 22:27:08,874 [INFO](despasito.thermodynamics.calc:solve_yi_xiT:1156):     Old yi_total: 1.0, New yi_total: 0.12701427702161625, Change: -0.8729857229783837
2019-12-05 22:27:11,204 [INFO](despasito.thermodynamics.calc:calc_rhov:511):     Vapor Density: 25.592933606389593 mol/m^3, flag 2
2019-12-05 22:27:11,229 [INFO](despasito.thermodynamics.calc:solve_yi_xiT:1155):     yi guess [9.99630407e-01 3.69592760e-04], yi calc [1.26967333e-01 4.69435356e-05], phiv [0.99825985 0.96936515]
2019-12-05 22:27:11,229 [INFO](despasito.thermodynamics.calc:solve_yi_xiT:1156):     Old yi_total: 0.12701427702161625, New yi_total: 0.12701427702449844, Change: 2.8821944830781376e-12
2019-12-05 22:27:11,230 [INFO](despasito.thermodynamics.calc:solve_yi_xiT:1164):     Found yi
2019-12-05 22:27:11,230 [INFO](despasito.thermodynamics.calc:solve_yi_xiT:1188):     Inner Loop Final yi: [9.99630407e-01 3.69592760e-04], Final Error on Smallest Fraction: [4.59084798e-05]
2019-12-05 22:27:13,545 [INFO](despasito.thermodynamics.calc:calc_rhov:511):     Vapor Density: 25.592933606389593 mol/m^3, flag 2
2019-12-05 22:27:13,575 [INFO](despasito.thermodynamics.calc:solve_P_xiT:1659): Obj Func: -0.8729857229755016, Pset: [79231.97885342], Pcalc: 79231.97885446437
2019-12-05 22:27:13,575 [INFO](despasito.thermodynamics.calc:solve_P_xiT:1646): P Guess: [79231.97885342] Pa
2019-12-05 22:27:43,142 [INFO](despasito.thermodynamics.calc:calc_rhol:621):     Liquid Density: 2615.8539110605475 mol/m^3, flag 1
2019-12-05 22:27:43,174 [INFO](despasito.thermodynamics.calc:solve_yi_xiT:1120):     Solve yi: P [79231.97885342], T 373.0, xi [9.12357000e-04 9.99087643e-01], phil [1.38921925e+02 4.55469825e-05]
2019-12-05 22:27:45,518 [INFO](despasito.thermodynamics.calc:calc_rhov:511):     Vapor Density: 25.592933606389593 mol/m^3, flag 2
2019-12-05 22:27:45,542 [INFO](despasito.thermodynamics.calc:solve_yi_xiT:1155):     yi guess [9.99630407e-01 3.69592760e-04], yi calc [1.26967333e-01 4.69435356e-05], phiv [0.99825985 0.96936515]
2019-12-05 22:27:45,543 [INFO](despasito.thermodynamics.calc:solve_yi_xiT:1156):     Old yi_total: 1.0, New yi_total: 0.12701427702449844, Change: -0.8729857229755016
2019-12-05 22:27:47,871 [INFO](despasito.thermodynamics.calc:calc_rhov:511):     Vapor Density: 25.592933606084227 mol/m^3, flag 2
2019-12-05 22:27:47,896 [INFO](despasito.thermodynamics.calc:solve_yi_xiT:1155):     yi guess [9.99630407e-01 3.69592590e-04], yi calc [1.26967333e-01 4.69435348e-05], phiv [0.99825985 0.96936517]
2019-12-05 22:27:47,896 [INFO](despasito.thermodynamics.calc:solve_yi_xiT:1156):     Old yi_total: 0.12701427702449844, New yi_total: 0.12701427702493517, Change: 4.3673398231192095e-13
2019-12-05 22:27:47,896 [INFO](despasito.thermodynamics.calc:solve_yi_xiT:1164):     Found yi
2019-12-05 22:27:47,896 [INFO](despasito.thermodynamics.calc:solve_yi_xiT:1188):     Inner Loop Final yi: [9.99630407e-01 3.69592590e-04], Final Error on Smallest Fraction: [1.77604394e-06]
2019-12-05 22:27:50,217 [INFO](despasito.thermodynamics.calc:calc_rhov:511):     Vapor Density: 25.592933606084227 mol/m^3, flag 2
2019-12-05 22:27:50,245 [INFO](despasito.thermodynamics.calc:solve_P_xiT:1659): Obj Func: -0.8729857229750648, Pset: [79231.97885342], Pcalc: 79231.97885446518
2019-12-05 22:27:50,246 [INFO](despasito.thermodynamics.calc:solve_P_xiT:1646): P Guess: [79231.97885342] Pa
2019-12-05 22:28:19,436 [INFO](despasito.thermodynamics.calc:calc_rhol:621):     Liquid Density: 2615.8539110605475 mol/m^3, flag 1
2019-12-05 22:28:19,468 [INFO](despasito.thermodynamics.calc:solve_yi_xiT:1120):     Solve yi: P [79231.97885342], T 373.0, xi [9.12357000e-04 9.99087643e-01], phil [1.38921925e+02 4.55469825e-05]
2019-12-05 22:28:21,810 [INFO](despasito.thermodynamics.calc:calc_rhov:511):     Vapor Density: 25.592933606084227 mol/m^3, flag 2
2019-12-05 22:28:21,835 [INFO](despasito.thermodynamics.calc:solve_yi_xiT:1155):     yi guess [9.99630407e-01 3.69592590e-04], yi calc [1.26967333e-01 4.69435348e-05], phiv [0.99825985 0.96936517]
2019-12-05 22:28:21,835 [INFO](despasito.thermodynamics.calc:solve_yi_xiT:1156):     Old yi_total: 1.0, New yi_total: 0.12701427702493517, Change: -0.8729857229750648
2019-12-05 22:28:24,159 [INFO](despasito.thermodynamics.calc:calc_rhov:511):     Vapor Density: 25.592933605777258 mol/m^3, flag 2
2019-12-05 22:28:24,184 [INFO](despasito.thermodynamics.calc:solve_yi_xiT:1155):     yi guess [9.99630407e-01 3.69592584e-04], yi calc [1.26967333e-01 4.69435356e-05], phiv [0.99825985 0.96936515]
2019-12-05 22:28:24,184 [INFO](despasito.thermodynamics.calc:solve_yi_xiT:1156):     Old yi_total: 0.12701427702493517, New yi_total: 0.12701427702671553, Change: 1.780353642288901e-12
2019-12-05 22:28:24,184 [INFO](despasito.thermodynamics.calc:solve_yi_xiT:1164):     Found yi
2019-12-05 22:28:24,185 [INFO](despasito.thermodynamics.calc:solve_yi_xiT:1188):     Inner Loop Final yi: [9.99630407e-01 3.69592584e-04], Final Error on Smallest Fraction: [1.65086634e-06]
2019-12-05 22:28:26,510 [INFO](despasito.thermodynamics.calc:calc_rhov:511):     Vapor Density: 25.592933605777258 mol/m^3, flag 2
2019-12-05 22:28:26,539 [INFO](despasito.thermodynamics.calc:solve_P_xiT:1659): Obj Func: -0.8729857229732845, Pset: [79231.97885342], Pcalc: 79231.97885256866
2019-12-05 22:28:26,539 [INFO](despasito.thermodynamics.calc:solve_P_xiT:1646): P Guess: [79231.98003407] Pa
2019-12-05 22:28:55,791 [INFO](despasito.thermodynamics.calc:calc_rhol:621):     Liquid Density: 2615.853911064224 mol/m^3, flag 1
2019-12-05 22:28:55,823 [INFO](despasito.thermodynamics.calc:solve_yi_xiT:1120):     Solve yi: P [79231.98003407], T 373.0, xi [9.12357000e-04 9.99087643e-01], phil [1.38921863e+02 4.55469818e-05]
2019-12-05 22:28:58,160 [INFO](despasito.thermodynamics.calc:calc_rhov:511):     Vapor Density: 25.592933988365548 mol/m^3, flag 2
2019-12-05 22:28:58,184 [INFO](despasito.thermodynamics.calc:solve_yi_xiT:1155):     yi guess [9.99630407e-01 3.69592584e-04], yi calc [1.26967277e-01 4.69435341e-05], phiv [0.99825985 0.96936516]
2019-12-05 22:28:58,185 [INFO](despasito.thermodynamics.calc:solve_yi_xiT:1156):     Old yi_total: 1.0, New yi_total: 0.12701422074852745, Change: -0.8729857792514726
2019-12-05 22:29:00,505 [INFO](despasito.thermodynamics.calc:calc_rhov:511):     Vapor Density: 25.59293398806043 mol/m^3, flag 2
2019-12-05 22:29:00,529 [INFO](despasito.thermodynamics.calc:solve_yi_xiT:1155):     yi guess [9.99630407e-01 3.69592742e-04], yi calc [1.26967277e-01 4.69435335e-05], phiv [0.99825985 0.96936518]
2019-12-05 22:29:00,529 [INFO](despasito.thermodynamics.calc:solve_yi_xiT:1156):     Old yi_total: 0.12701422074852745, New yi_total: 0.12701422074990168, Change: 1.3742340598810188e-12
2019-12-05 22:29:00,530 [INFO](despasito.thermodynamics.calc:solve_yi_xiT:1164):     Found yi
2019-12-05 22:29:00,530 [INFO](despasito.thermodynamics.calc:solve_yi_xiT:1188):     Inner Loop Final yi: [9.99630407e-01 3.69592742e-04], Final Error on Smallest Fraction: [1.35429174e-06]
2019-12-05 22:29:02,858 [INFO](despasito.thermodynamics.calc:calc_rhov:511):     Vapor Density: 25.592933988059638 mol/m^3, flag 2
2019-12-05 22:29:02,887 [INFO](despasito.thermodynamics.calc:solve_P_xiT:1659): Obj Func: -0.8729857792498051, Pset: [79231.98003407], Pcalc: 79231.98003322046
2019-12-05 22:29:02,887 [INFO](despasito.thermodynamics.calc:solve_P_xiT:1646): P Guess: [60917.24897658] Pa
2019-12-05 22:29:32,818 [INFO](despasito.thermodynamics.calc:calc_rhol:621):     Liquid Density: 2615.790550405152 mol/m^3, flag 1
2019-12-05 22:29:32,853 [INFO](despasito.thermodynamics.calc:solve_yi_xiT:1120):     Solve yi: P [60917.24897658], T 373.0, xi [9.12357000e-04 9.99087643e-01], phil [1.80632337e+02 5.91069555e-05]
2019-12-05 22:29:35,265 [INFO](despasito.thermodynamics.calc:calc_rhov:511):     Vapor Density: 19.669044032992606 mol/m^3, flag 2
2019-12-05 22:29:35,290 [INFO](despasito.thermodynamics.calc:solve_yi_xiT:1155):     yi guess [9.99630407e-01 3.69592742e-04], yi calc [1.65021962e-01 6.04816554e-05], phiv [0.99866208 0.97637917]
2019-12-05 22:29:35,291 [INFO](despasito.thermodynamics.calc:solve_yi_xiT:1156):     Old yi_total: 1.0, New yi_total: 0.16508244410962447, Change: -0.8349175558903755
2019-12-05 22:29:37,711 [INFO](despasito.thermodynamics.calc:calc_rhov:511):     Vapor Density: 19.669042598192245 mol/m^3, flag 2
2019-12-05 22:29:37,736 [INFO](despasito.thermodynamics.calc:solve_yi_xiT:1155):     yi guess [9.99633628e-01 3.66372425e-04], yi calc [1.65021963e-01 6.04816046e-05], phiv [0.99866208 0.97638   ]
2019-12-05 22:29:37,736 [INFO](despasito.thermodynamics.calc:solve_yi_xiT:1156):     Old yi_total: 0.16508244410962447, New yi_total: 0.16508244411024156, Change: 6.170897126622776e-13
2019-12-05 22:29:37,737 [INFO](despasito.thermodynamics.calc:solve_yi_xiT:1164):     Found yi
2019-12-05 22:29:37,737 [INFO](despasito.thermodynamics.calc:solve_yi_xiT:1188):     Inner Loop Final yi: [9.99633628e-01 3.66372425e-04], Final Error on Smallest Fraction: [8.40577561e-05]
2019-12-05 22:29:40,184 [INFO](despasito.thermodynamics.calc:calc_rhov:511):     Vapor Density: 19.669042598192245 mol/m^3, flag 2
2019-12-05 22:29:40,216 [INFO](despasito.thermodynamics.calc:solve_P_xiT:1659): Obj Func: -0.8349175558897585, Pset: [60917.24897658], Pcalc: 60917.24897564114
2019-12-05 22:29:40,216 [INFO](despasito.thermodynamics.calc:solve_P_xiT:1646): P Guess: [51759.88403815] Pa
2019-12-05 22:30:11,986 [INFO](despasito.thermodynamics.calc:calc_rhol:621):     Liquid Density: 2615.7588645715887 mol/m^3, flag 1
2019-12-05 22:30:12,031 [INFO](despasito.thermodynamics.calc:solve_yi_xiT:1120):     Solve yi: P [51759.88403815], T 373.0, xi [9.12357000e-04 9.99087643e-01], phil [2.12556747e+02 6.94856218e-05]
2019-12-05 22:30:14,568 [INFO](despasito.thermodynamics.calc:calc_rhov:511):     Vapor Density: 16.70890615164499 mol/m^3, flag 2
2019-12-05 22:30:14,595 [INFO](despasito.thermodynamics.calc:solve_yi_xiT:1155):     yi guess [9.99633628e-01 3.66372425e-04], yi calc [1.94148343e-01 7.08460914e-05], phiv [0.9988632  0.97990199]
2019-12-05 22:30:14,595 [INFO](despasito.thermodynamics.calc:solve_yi_xiT:1156):     Old yi_total: 1.0, New yi_total: 0.19421918923836146, Change: -0.8057808107616385
2019-12-05 22:30:17,145 [INFO](despasito.thermodynamics.calc:calc_rhov:511):     Vapor Density: 16.7089056377547 mol/m^3, flag 2
2019-12-05 22:30:17,171 [INFO](despasito.thermodynamics.calc:solve_yi_xiT:1155):     yi guess [9.99635226e-01 3.64773901e-04], yi calc [1.94148343e-01 7.08460648e-05], phiv [0.9988632  0.97990236]
2019-12-05 22:30:17,171 [INFO](despasito.thermodynamics.calc:solve_yi_xiT:1156):     Old yi_total: 0.19421918923836146, New yi_total: 0.19421918924107892, Change: 2.71746514179938e-12
2019-12-05 22:30:17,172 [INFO](despasito.thermodynamics.calc:solve_yi_xiT:1164):     Found yi
2019-12-05 22:30:17,172 [INFO](despasito.thermodynamics.calc:solve_yi_xiT:1188):     Inner Loop Final yi: [9.99635226e-01 3.64773901e-04], Final Error on Smallest Fraction: [3.75271478e-05]
2019-12-05 22:30:19,603 [INFO](despasito.thermodynamics.calc:calc_rhov:511):     Vapor Density: 16.7089056377547 mol/m^3, flag 2
2019-12-05 22:30:19,633 [INFO](despasito.thermodynamics.calc:solve_P_xiT:1659): Obj Func: -0.805780810758921, Pset: [51759.88403815], Pcalc: 51759.88403690048
2019-12-05 22:30:19,633 [INFO](despasito.thermodynamics.calc:solve_P_xiT:1646): P Guess: [33445.1541613] Pa
2019-12-05 22:30:50,555 [INFO](despasito.thermodynamics.calc:calc_rhol:621):     Liquid Density: 2615.695481881605 mol/m^3, flag 1
2019-12-05 22:30:50,595 [INFO](despasito.thermodynamics.calc:solve_yi_xiT:1120):     Solve yi: P [33445.1541613], T 373.0, xi [9.12357000e-04 9.99087643e-01], phil [3.28851234e+02 1.07293587e-04]
2019-12-05 22:30:53,139 [INFO](despasito.thermodynamics.calc:calc_rhov:511):     Vapor Density: 10.792241424548033 mol/m^3, flag 2
2019-12-05 22:30:53,170 [INFO](despasito.thermodynamics.calc:solve_yi_xiT:1155):     yi guess [9.99635226e-01 3.64773901e-04], yi calc [3.00250276e-01 1.08610169e-04], phiv [0.99926544 0.98697661]
2019-12-05 22:30:53,170 [INFO](despasito.thermodynamics.calc:solve_yi_xiT:1156):     Old yi_total: 1.0, New yi_total: 0.3003588862403215, Change: -0.6996411137596785
2019-12-05 22:30:55,695 [INFO](despasito.thermodynamics.calc:calc_rhov:511):     Vapor Density: 10.79224100006353 mol/m^3, flag 2
2019-12-05 22:30:55,721 [INFO](despasito.thermodynamics.calc:solve_yi_xiT:1155):     yi guess [9.99638399e-01 3.61601319e-04], yi calc [3.00250276e-01 1.08610117e-04], phiv [0.99926544 0.98697709]
2019-12-05 22:30:55,722 [INFO](despasito.thermodynamics.calc:solve_yi_xiT:1156):     Old yi_total: 0.3003588862403215, New yi_total: 0.30035888623480683, Change: -5.514644296766846e-12
2019-12-05 22:30:55,722 [INFO](despasito.thermodynamics.calc:solve_yi_xiT:1164):     Found yi
2019-12-05 22:30:55,722 [INFO](despasito.thermodynamics.calc:solve_yi_xiT:1188):     Inner Loop Final yi: [9.99638399e-01 3.61601319e-04], Final Error on Smallest Fraction: [4.84410109e-05]
2019-12-05 22:30:58,287 [INFO](despasito.thermodynamics.calc:calc_rhov:511):     Vapor Density: 10.79224100006353 mol/m^3, flag 2
2019-12-05 22:30:58,318 [INFO](despasito.thermodynamics.calc:solve_P_xiT:1659): Obj Func: -0.6996411137651932, Pset: [33445.1541613], Pcalc: 33445.154161466
2019-12-05 22:30:58,318 [INFO](despasito.thermodynamics.calc:solve_P_xiT:1646): P Guess: [31049.98260871] Pa
2019-12-05 22:31:30,303 [INFO](despasito.thermodynamics.calc:calc_rhol:621):     Liquid Density: 2615.687191709359 mol/m^3, flag 1
2019-12-05 22:31:30,344 [INFO](despasito.thermodynamics.calc:solve_yi_xiT:1120):     Solve yi: P [31049.98260871], T 373.0, xi [9.12357000e-04 9.99087643e-01], phil [3.54204089e+02 1.15535986e-04]
2019-12-05 22:31:32,822 [INFO](despasito.thermodynamics.calc:calc_rhov:511):     Vapor Density: 10.01882428674556 mol/m^3, flag 2
2019-12-05 22:31:32,847 [INFO](despasito.thermodynamics.calc:solve_yi_xiT:1155):     yi guess [9.99638399e-01 3.61601319e-04], yi calc [3.23381111e-01 1.16843778e-04], phiv [0.99931805 0.9879052 ]
2019-12-05 22:31:32,848 [INFO](despasito.thermodynamics.calc:solve_yi_xiT:1156):     Old yi_total: 1.0, New yi_total: 0.3234979547540476, Change: -0.6765020452459525
2019-12-05 22:31:35,451 [INFO](despasito.thermodynamics.calc:calc_rhov:511):     Vapor Density: 10.018824239058741 mol/m^3, flag 2
2019-12-05 22:31:35,476 [INFO](despasito.thermodynamics.calc:solve_yi_xiT:1155):     yi guess [9.99638811e-01 3.61188616e-04], yi calc [3.23381111e-01 1.16843771e-04], phiv [0.99931805 0.98790526]
2019-12-05 22:31:35,477 [INFO](despasito.thermodynamics.calc:solve_yi_xiT:1156):     Old yi_total: 0.3234979547540476, New yi_total: 0.32349795475569676, Change: 1.6491807919294388e-12
2019-12-05 22:31:35,477 [INFO](despasito.thermodynamics.calc:solve_yi_xiT:1164):     Found yi
2019-12-05 22:31:35,477 [INFO](despasito.thermodynamics.calc:solve_yi_xiT:1188):     Inner Loop Final yi: [9.99638811e-01 3.61188616e-04], Final Error on Smallest Fraction: [6.76909463e-06]
2019-12-05 22:31:38,001 [INFO](despasito.thermodynamics.calc:calc_rhov:511):     Vapor Density: 10.018824239058741 mol/m^3, flag 2
2019-12-05 22:31:38,031 [INFO](despasito.thermodynamics.calc:solve_P_xiT:1659): Obj Func: -0.6765020452443032, Pset: [31049.98260871], Pcalc: 31049.982608721733
2019-12-05 22:31:38,031 [INFO](despasito.thermodynamics.calc:solve_P_xiT:1646): P Guess: [31049.98307139] Pa
2019-12-05 22:32:02,995 [WARNING](despasito.thermodynamics.calc_types:phase_xiT:134): T (K), xi: 373.0 [9.12357000e-04 9.99087643e-01], calculation did not produce a valid result.
2019-12-05 22:32:03,104 [INFO](despasito.thermodynamics.calc_types:phase_xiT:141): --- Calculation phase_xiT Complete ---
2019-12-05 22:32:03,104 [INFO](despasito.main:run:61): Finished thermodynamic calculation
